[ 2017-06-07T16:00:04+08:00 ] 127.0.0.1 /ThinkCMFX/index.php?s=/public/dologin
INFO: [ app_begin ] --START--
INFO: Run Behavior\ReadHtmlCacheBehavior [ RunTime:0.000762s ]
INFO: Run Behavior\CheckLangBehavior [ RunTime:0.001933s ]
INFO: Run Common\Behavior\UrldecodeGetBehavior [ RunTime:0.000555s ]
INFO: [ app_begin ] --END-- [ RunTime:0.003901s ]
INFO: [ admin_begin ] --START--
INFO: Run Common\Behavior\AdminDefaultLangBehavior [ RunTime:0.001614s ]
INFO: [ admin_begin ] --END-- [ RunTime:0.001657s ]
SQL: SHOW COLUMNS FROM `cmf_users` [ RunTime:0.0019s ]
SQL: SELECT * FROM `cmf_users` WHERE `user_login` = 'admin' LIMIT 1   [ RunTime:0.0007s ]
SQL: SHOW COLUMNS FROM `cmf_role_user` [ RunTime:0.0233s ]
SQL: SELECT `role_id` FROM cmf_role_user a INNER JOIN cmf_role as b on a.role_id =b.id  WHERE `user_id` = '1' AND `status` = 1  [ RunTime:0.0013s ]
SQL: UPDATE `cmf_users` SET `user_login`='admin',`user_pass`='###e9a6a1b2c468c852c57c0d86674e1f9b',`user_nicename`='admin',`user_email`='1348779449@qq.com',`user_url`='',`avatar`=NULL,`sex`='0',`birthday`='2000-01-01',`signature`=NULL,`last_login_ip`='127.0.0.1',`last_login_time`='2017-06-07 16:00:04',`create_time`='2017-04-17 01:37:17',`user_activation_key`='',`user_status`='1',`score`='0',`user_type`='1',`coin`='0',`mobile`='',`token`='',`ctime`='0',`check`='0' WHERE `id` = '1' [ RunTime:0.0548s ]

[ 2017-06-07T16:23:34+08:00 ] 127.0.0.1 /ThinkCMFX/index.php?s=/public/dologin
INFO: [ app_begin ] --START--
INFO: Run Behavior\ReadHtmlCacheBehavior [ RunTime:0.009866s ]
INFO: Run Behavior\CheckLangBehavior [ RunTime:0.004226s ]
INFO: Run Common\Behavior\UrldecodeGetBehavior [ RunTime:0.000455s ]
INFO: [ app_begin ] --END-- [ RunTime:0.015218s ]
INFO: [ admin_begin ] --START--
INFO: Run Common\Behavior\AdminDefaultLangBehavior [ RunTime:0.003593s ]
INFO: [ admin_begin ] --END-- [ RunTime:0.003640s ]
SQL: SHOW COLUMNS FROM `cmf_users` [ RunTime:0.0019s ]
SQL: SELECT * FROM `cmf_users` WHERE `user_login` = 'admin' LIMIT 1   [ RunTime:0.0007s ]
SQL: SHOW COLUMNS FROM `cmf_role_user` [ RunTime:0.0015s ]
SQL: SELECT `role_id` FROM cmf_role_user a INNER JOIN cmf_role as b on a.role_id =b.id  WHERE `user_id` = '1' AND `status` = 1  [ RunTime:0.0013s ]
SQL: UPDATE `cmf_users` SET `user_login`='admin',`user_pass`='###e9a6a1b2c468c852c57c0d86674e1f9b',`user_nicename`='admin',`user_email`='1348779449@qq.com',`user_url`='',`avatar`=NULL,`sex`='0',`birthday`='2000-01-01',`signature`=NULL,`last_login_ip`='127.0.0.1',`last_login_time`='2017-06-07 16:23:34',`create_time`='2017-04-17 01:37:17',`user_activation_key`='',`user_status`='1',`score`='0',`user_type`='1',`coin`='0',`mobile`='',`token`='',`ctime`='0',`check`='0' WHERE `id` = '1' [ RunTime:0.0278s ]

