[ 2017-06-13T08:42:29+08:00 ] 115.33.48.151 /junwei/index.php?s=/public/dologin
INFO: [ app_begin ] --START--
INFO: Run Behavior\ReadHtmlCacheBehavior [ RunTime:0.000021s ]
INFO: Run Behavior\CheckLangBehavior [ RunTime:0.000091s ]
INFO: Run Common\Behavior\UrldecodeGetBehavior [ RunTime:0.000024s ]
INFO: [ app_begin ] --END-- [ RunTime:0.000179s ]
INFO: [ admin_begin ] --START--
INFO: Run Common\Behavior\AdminDefaultLangBehavior [ RunTime:0.000056s ]
INFO: [ admin_begin ] --END-- [ RunTime:0.000071s ]
SQL: SHOW COLUMNS FROM `cmf_users` [ RunTime:0.0011s ]
SQL: SELECT * FROM `cmf_users` WHERE `user_login` = 'jiaoyan2' LIMIT 1   [ RunTime:0.0007s ]
SQL: SHOW COLUMNS FROM `cmf_role_user` [ RunTime:0.0008s ]
SQL: SELECT `role_id` FROM cmf_role_user a INNER JOIN cmf_role as b on a.role_id =b.id  WHERE `user_id` = '20' AND `status` = 1  [ RunTime:0.0007s ]
SQL: UPDATE `cmf_users` SET `user_login`='jiaoyan2',`user_pass`='###9e09f7a64f747d17e62c4f35a9713f15',`user_nicename`='',`user_email`='jun@163.com',`user_url`='',`avatar`=NULL,`sex`='0',`birthday`='2000-01-01',`signature`=NULL,`last_login_ip`='115.33.48.151',`last_login_time`='2017-06-13 08:42:29',`create_time`='2017-05-08 09:45:47',`user_activation_key`='',`user_status`='1',`score`='0',`user_type`='1',`coin`='0',`mobile`='',`token`='0',`ctime`='0',`check`='0' WHERE `id` = '20' [ RunTime:0.0007s ]

[ 2017-06-13T08:42:50+08:00 ] 115.33.48.151 /junwei/index.php?s=/Admin/Question/true
NOTIC: D方法实例化没找到模型类Common\Model\SubjectsModel
NOTIC: D方法实例化没找到模型类Common\Model\ChapterModel
NOTIC: D方法实例化没找到模型类Common\Model\AnswerModel

[ 2017-06-13T09:53:03+08:00 ] 115.33.48.151 /junwei/index.php?s=/Question/trueedit/item_id/229
NOTIC: D方法实例化没找到模型类Common\Model\SubjectsModel
NOTIC: D方法实例化没找到模型类Common\Model\ChapterModel
NOTIC: D方法实例化没找到模型类Common\Model\AnswerModel

[ 2017-06-13T09:53:32+08:00 ] 115.33.48.151 /junwei/index.php?s=/Question/trueedit_post
NOTIC: D方法实例化没找到模型类Common\Model\SubjectsModel
NOTIC: D方法实例化没找到模型类Common\Model\ChapterModel
NOTIC: D方法实例化没找到模型类Common\Model\AnswerModel

[ 2017-06-13T09:53:42+08:00 ] 115.33.48.151 /junwei/index.php?s=/Question/true
NOTIC: D方法实例化没找到模型类Common\Model\SubjectsModel
NOTIC: D方法实例化没找到模型类Common\Model\ChapterModel
NOTIC: D方法实例化没找到模型类Common\Model\AnswerModel

[ 2017-06-13T10:01:45+08:00 ] 115.33.48.151 /junwei/index.php?s=/Question/trueedit/item_id/422
NOTIC: D方法实例化没找到模型类Common\Model\SubjectsModel
NOTIC: D方法实例化没找到模型类Common\Model\ChapterModel
NOTIC: D方法实例化没找到模型类Common\Model\AnswerModel

[ 2017-06-13T10:07:16+08:00 ] 115.33.48.151 /junwei/index.php?s=/Question/trueedit_post
NOTIC: D方法实例化没找到模型类Common\Model\SubjectsModel
NOTIC: D方法实例化没找到模型类Common\Model\ChapterModel
NOTIC: D方法实例化没找到模型类Common\Model\AnswerModel

[ 2017-06-13T10:07:26+08:00 ] 115.33.48.151 /junwei/index.php?s=/Question/true
NOTIC: D方法实例化没找到模型类Common\Model\SubjectsModel
NOTIC: D方法实例化没找到模型类Common\Model\ChapterModel
NOTIC: D方法实例化没找到模型类Common\Model\AnswerModel

[ 2017-06-13T10:07:40+08:00 ] 115.33.48.151 /junwei/index.php?s=/Question/true
NOTIC: D方法实例化没找到模型类Common\Model\SubjectsModel
NOTIC: D方法实例化没找到模型类Common\Model\ChapterModel
NOTIC: D方法实例化没找到模型类Common\Model\AnswerModel

[ 2017-06-13T10:08:23+08:00 ] 115.33.48.151 /junwei/index.php?s=/Question/trueedit/item_id/422
NOTIC: D方法实例化没找到模型类Common\Model\SubjectsModel
NOTIC: D方法实例化没找到模型类Common\Model\ChapterModel
NOTIC: D方法实例化没找到模型类Common\Model\AnswerModel

[ 2017-06-13T10:08:37+08:00 ] 115.33.48.151 /junwei/index.php?s=/Question/trueedit_post
NOTIC: D方法实例化没找到模型类Common\Model\SubjectsModel
NOTIC: D方法实例化没找到模型类Common\Model\ChapterModel
NOTIC: D方法实例化没找到模型类Common\Model\AnswerModel

[ 2017-06-13T10:08:45+08:00 ] 115.33.48.151 /junwei/index.php?s=/Question/true
NOTIC: D方法实例化没找到模型类Common\Model\SubjectsModel
NOTIC: D方法实例化没找到模型类Common\Model\ChapterModel
NOTIC: D方法实例化没找到模型类Common\Model\AnswerModel

[ 2017-06-13T10:15:40+08:00 ] 115.33.48.151 /junwei/index.php?s=/Question/truedelete/item_id/1213
INFO: [ app_begin ] --START--
INFO: Run Behavior\ReadHtmlCacheBehavior [ RunTime:0.000020s ]
INFO: Run Behavior\CheckLangBehavior [ RunTime:0.000090s ]
INFO: Run Common\Behavior\UrldecodeGetBehavior [ RunTime:0.000034s ]
INFO: [ app_begin ] --END-- [ RunTime:0.000211s ]
INFO: [ admin_begin ] --START--
INFO: Run Common\Behavior\AdminDefaultLangBehavior [ RunTime:0.000057s ]
INFO: [ admin_begin ] --END-- [ RunTime:0.000071s ]
SQL: SHOW COLUMNS FROM `cmf_users` [ RunTime:0.0008s ]
SQL: SELECT * FROM `cmf_users` WHERE `id` = '20' LIMIT 1   [ RunTime:0.0005s ]
SQL: SHOW COLUMNS FROM `cmf_role_user` [ RunTime:0.0006s ]
SQL: SELECT `role_id` FROM cmf_role_user a INNER JOIN cmf_role as b on a.role_id =b.id  WHERE `user_id` = '20' AND `status` = 1  [ RunTime:0.0005s ]
SQL: SHOW COLUMNS FROM `cmf_itembank` [ RunTime:0.0006s ]
NOTIC: D方法实例化没找到模型类Common\Model\SubjectsModel
SQL: SHOW COLUMNS FROM `cmf_subjects` [ RunTime:0.0006s ]
NOTIC: D方法实例化没找到模型类Common\Model\ChapterModel
SQL: SHOW COLUMNS FROM `cmf_chapter` [ RunTime:0.0006s ]
SQL: SHOW COLUMNS FROM `cmf_option` [ RunTime:0.0006s ]
NOTIC: D方法实例化没找到模型类Common\Model\AnswerModel
SQL: SHOW COLUMNS FROM `cmf_answer` [ RunTime:0.0006s ]
SQL: DELETE FROM `cmf_itembank` WHERE ( item_id=1213 ) [ RunTime:0.0004s ]
SQL: DELETE FROM `cmf_option` WHERE ( qid=1213 ) [ RunTime:0.0045s ]
SQL: DELETE FROM `cmf_answer` WHERE ( qid=1213 ) [ RunTime:0.0006s ]

[ 2017-06-13T10:15:45+08:00 ] 115.33.48.151 /junwei/index.php?s=/Question/true
NOTIC: D方法实例化没找到模型类Common\Model\SubjectsModel
NOTIC: D方法实例化没找到模型类Common\Model\ChapterModel
NOTIC: D方法实例化没找到模型类Common\Model\AnswerModel

[ 2017-06-13T10:30:57+08:00 ] 115.33.48.151 /junwei/index.php?s=/Question/trueedit/item_id/707
NOTIC: D方法实例化没找到模型类Common\Model\SubjectsModel
NOTIC: D方法实例化没找到模型类Common\Model\ChapterModel
NOTIC: D方法实例化没找到模型类Common\Model\AnswerModel

[ 2017-06-13T10:31:04+08:00 ] 115.33.48.151 /junwei/index.php?s=/Question/trueedit_post
NOTIC: D方法实例化没找到模型类Common\Model\SubjectsModel
NOTIC: D方法实例化没找到模型类Common\Model\ChapterModel
NOTIC: D方法实例化没找到模型类Common\Model\AnswerModel

[ 2017-06-13T10:31:12+08:00 ] 115.33.48.151 /junwei/index.php?s=/Question/true
NOTIC: D方法实例化没找到模型类Common\Model\SubjectsModel
NOTIC: D方法实例化没找到模型类Common\Model\ChapterModel
NOTIC: D方法实例化没找到模型类Common\Model\AnswerModel

[ 2017-06-13T10:54:30+08:00 ] 115.33.48.151 /junwei/index.php?s=/Question/trueedit/item_id/959
NOTIC: D方法实例化没找到模型类Common\Model\SubjectsModel
NOTIC: D方法实例化没找到模型类Common\Model\ChapterModel
NOTIC: D方法实例化没找到模型类Common\Model\AnswerModel

[ 2017-06-13T10:54:40+08:00 ] 115.33.48.151 /junwei/index.php?s=/Question/trueedit_post
NOTIC: D方法实例化没找到模型类Common\Model\SubjectsModel
NOTIC: D方法实例化没找到模型类Common\Model\ChapterModel
NOTIC: D方法实例化没找到模型类Common\Model\AnswerModel

[ 2017-06-13T10:54:48+08:00 ] 115.33.48.151 /junwei/index.php?s=/Question/true
NOTIC: D方法实例化没找到模型类Common\Model\SubjectsModel
NOTIC: D方法实例化没找到模型类Common\Model\ChapterModel
NOTIC: D方法实例化没找到模型类Common\Model\AnswerModel

[ 2017-06-13T11:04:54+08:00 ] 115.33.48.151 /junwei/index.php?s=/public/dologin
INFO: [ app_begin ] --START--
INFO: Run Behavior\ReadHtmlCacheBehavior [ RunTime:0.000021s ]
INFO: Run Behavior\CheckLangBehavior [ RunTime:0.000082s ]
INFO: Run Common\Behavior\UrldecodeGetBehavior [ RunTime:0.000025s ]
INFO: [ app_begin ] --END-- [ RunTime:0.000171s ]
INFO: [ admin_begin ] --START--
INFO: Run Common\Behavior\AdminDefaultLangBehavior [ RunTime:0.000054s ]
INFO: [ admin_begin ] --END-- [ RunTime:0.000070s ]
SQL: SHOW COLUMNS FROM `cmf_users` [ RunTime:0.0010s ]
SQL: SELECT * FROM `cmf_users` WHERE `user_login` = 'admin' LIMIT 1   [ RunTime:0.0007s ]
SQL: SHOW COLUMNS FROM `cmf_role_user` [ RunTime:0.0007s ]
SQL: SELECT `role_id` FROM cmf_role_user a INNER JOIN cmf_role as b on a.role_id =b.id  WHERE `user_id` = '1' AND `status` = 1  [ RunTime:0.0007s ]
SQL: UPDATE `cmf_users` SET `user_login`='admin',`user_pass`='###e9a6a1b2c468c852c57c0d86674e1f9b',`user_nicename`='admin',`user_email`='1348779449@qq.com',`user_url`='',`avatar`=NULL,`sex`='0',`birthday`='2000-01-01',`signature`=NULL,`last_login_ip`='115.33.48.151',`last_login_time`='2017-06-13 11:04:54',`create_time`='2017-04-17 01:37:17',`user_activation_key`='',`user_status`='1',`score`='0',`user_type`='1',`coin`='0',`mobile`='',`token`='',`ctime`='0',`check`='0' WHERE `id` = '1' [ RunTime:0.0006s ]

[ 2017-06-13T11:54:22+08:00 ] 115.239.212.5 /junwei/Uploads/0
ERR: Controller can't be loaded:Uploads

[ 2017-06-13T14:15:59+08:00 ] 115.33.48.151 /junwei/index.php?s=/public/dologin
INFO: [ app_begin ] --START--
INFO: Run Behavior\ReadHtmlCacheBehavior [ RunTime:0.000033s ]
INFO: Run Behavior\CheckLangBehavior [ RunTime:0.000124s ]
INFO: Run Common\Behavior\UrldecodeGetBehavior [ RunTime:0.000041s ]
INFO: [ app_begin ] --END-- [ RunTime:0.000274s ]
INFO: [ admin_begin ] --START--
INFO: Run Common\Behavior\AdminDefaultLangBehavior [ RunTime:0.000086s ]
INFO: [ admin_begin ] --END-- [ RunTime:0.000110s ]
SQL: SHOW COLUMNS FROM `cmf_users` [ RunTime:0.0013s ]
SQL: SELECT * FROM `cmf_users` WHERE `user_login` = 'admin' LIMIT 1   [ RunTime:0.0008s ]
SQL: SHOW COLUMNS FROM `cmf_role_user` [ RunTime:0.0009s ]
SQL: SELECT `role_id` FROM cmf_role_user a INNER JOIN cmf_role as b on a.role_id =b.id  WHERE `user_id` = '1' AND `status` = 1  [ RunTime:0.0007s ]
SQL: UPDATE `cmf_users` SET `user_login`='admin',`user_pass`='###e9a6a1b2c468c852c57c0d86674e1f9b',`user_nicename`='admin',`user_email`='1348779449@qq.com',`user_url`='',`avatar`=NULL,`sex`='0',`birthday`='2000-01-01',`signature`=NULL,`last_login_ip`='115.33.48.151',`last_login_time`='2017-06-13 14:15:59',`create_time`='2017-04-17 01:37:17',`user_activation_key`='',`user_status`='1',`score`='0',`user_type`='1',`coin`='0',`mobile`='',`token`='',`ctime`='0',`check`='0' WHERE `id` = '1' [ RunTime:0.0007s ]

[ 2017-06-13T14:19:11+08:00 ] 115.33.48.151 /junwei/index.php?s=/Admin/Question/itembank
NOTIC: D方法实例化没找到模型类Common\Model\SubjectsModel
NOTIC: D方法实例化没找到模型类Common\Model\ChapterModel
NOTIC: D方法实例化没找到模型类Common\Model\AnswerModel

[ 2017-06-13T15:07:14+08:00 ] 115.33.48.151 /junwei/Question/itembankedit?item_id=2117
NOTIC: D方法实例化没找到模型类Common\Model\SubjectsModel
NOTIC: D方法实例化没找到模型类Common\Model\ChapterModel
NOTIC: D方法实例化没找到模型类Common\Model\AnswerModel

[ 2017-06-13T15:10:03+08:00 ] 115.33.48.151 /junwei/index.php?s=/Question/itembankedit_post
NOTIC: D方法实例化没找到模型类Common\Model\SubjectsModel
NOTIC: D方法实例化没找到模型类Common\Model\ChapterModel
NOTIC: D方法实例化没找到模型类Common\Model\AnswerModel

[ 2017-06-13T15:10:04+08:00 ] 115.33.48.151 /junwei/index.php?s=/Question/itembank
NOTIC: D方法实例化没找到模型类Common\Model\SubjectsModel
NOTIC: D方法实例化没找到模型类Common\Model\ChapterModel
NOTIC: D方法实例化没找到模型类Common\Model\AnswerModel

[ 2017-06-13T15:10:13+08:00 ] 115.33.48.151 /junwei/Question/itembankedit?item_id=2118
NOTIC: D方法实例化没找到模型类Common\Model\SubjectsModel
NOTIC: D方法实例化没找到模型类Common\Model\ChapterModel
NOTIC: D方法实例化没找到模型类Common\Model\AnswerModel

[ 2017-06-13T15:10:28+08:00 ] 115.33.48.151 /junwei/index.php?s=/Question/itembankedit_post
NOTIC: D方法实例化没找到模型类Common\Model\SubjectsModel
NOTIC: D方法实例化没找到模型类Common\Model\ChapterModel
NOTIC: D方法实例化没找到模型类Common\Model\AnswerModel

[ 2017-06-13T15:10:30+08:00 ] 115.33.48.151 /junwei/index.php?s=/Question/itembank
NOTIC: D方法实例化没找到模型类Common\Model\SubjectsModel
NOTIC: D方法实例化没找到模型类Common\Model\ChapterModel
NOTIC: D方法实例化没找到模型类Common\Model\AnswerModel

[ 2017-06-13T15:10:36+08:00 ] 115.33.48.151 /junwei/Question/itembankedit?item_id=2119
NOTIC: D方法实例化没找到模型类Common\Model\SubjectsModel
NOTIC: D方法实例化没找到模型类Common\Model\ChapterModel
NOTIC: D方法实例化没找到模型类Common\Model\AnswerModel

[ 2017-06-13T15:11:02+08:00 ] 115.33.48.151 /junwei/index.php?s=/Question/itembankedit_post
NOTIC: D方法实例化没找到模型类Common\Model\SubjectsModel
NOTIC: D方法实例化没找到模型类Common\Model\ChapterModel
NOTIC: D方法实例化没找到模型类Common\Model\AnswerModel

[ 2017-06-13T15:11:05+08:00 ] 115.33.48.151 /junwei/index.php?s=/Question/itembank
NOTIC: D方法实例化没找到模型类Common\Model\SubjectsModel
NOTIC: D方法实例化没找到模型类Common\Model\ChapterModel
NOTIC: D方法实例化没找到模型类Common\Model\AnswerModel

[ 2017-06-13T15:22:59+08:00 ] 114.242.249.146 /junwei/Uploads/0
ERR: 无法加载控制器:Uploads

[ 2017-06-13T15:23:01+08:00 ] 114.242.249.146 /junwei/Uploads/0
ERR: 无法加载控制器:Uploads

[ 2017-06-13T15:31:00+08:00 ] 115.33.48.151 /junwei/index.php?s=/Question/trueedit/item_id/1484
NOTIC: D方法实例化没找到模型类Common\Model\SubjectsModel
NOTIC: D方法实例化没找到模型类Common\Model\ChapterModel
NOTIC: D方法实例化没找到模型类Common\Model\AnswerModel

[ 2017-06-13T15:31:13+08:00 ] 115.33.48.151 /junwei/index.php?s=/Question/trueedit_post
NOTIC: D方法实例化没找到模型类Common\Model\SubjectsModel
NOTIC: D方法实例化没找到模型类Common\Model\ChapterModel
NOTIC: D方法实例化没找到模型类Common\Model\AnswerModel

[ 2017-06-13T15:31:21+08:00 ] 115.33.48.151 /junwei/index.php?s=/Question/true
NOTIC: D方法实例化没找到模型类Common\Model\SubjectsModel
NOTIC: D方法实例化没找到模型类Common\Model\ChapterModel
NOTIC: D方法实例化没找到模型类Common\Model\AnswerModel

[ 2017-06-13T15:38:46+08:00 ] 115.33.48.151 /junwei/index.php?s=/public/dologin
INFO: [ app_begin ] --START--
INFO: Run Behavior\ReadHtmlCacheBehavior [ RunTime:0.000025s ]
INFO: Run Behavior\CheckLangBehavior [ RunTime:0.000083s ]
INFO: Run Common\Behavior\UrldecodeGetBehavior [ RunTime:0.000026s ]
INFO: [ app_begin ] --END-- [ RunTime:0.000180s ]
INFO: [ admin_begin ] --START--
INFO: Run Common\Behavior\AdminDefaultLangBehavior [ RunTime:0.000068s ]
INFO: [ admin_begin ] --END-- [ RunTime:0.000085s ]

[ 2017-06-13T15:39:17+08:00 ] 115.33.48.151 /junwei/index.php?s=/public/dologin
INFO: [ app_begin ] --START--
INFO: Run Behavior\ReadHtmlCacheBehavior [ RunTime:0.000018s ]
INFO: Run Behavior\CheckLangBehavior [ RunTime:0.000066s ]
INFO: Run Common\Behavior\UrldecodeGetBehavior [ RunTime:0.000021s ]
INFO: [ app_begin ] --END-- [ RunTime:0.000145s ]
INFO: [ admin_begin ] --START--
INFO: Run Common\Behavior\AdminDefaultLangBehavior [ RunTime:0.000049s ]
INFO: [ admin_begin ] --END-- [ RunTime:0.000064s ]
SQL: SHOW COLUMNS FROM `cmf_users` [ RunTime:0.0010s ]
SQL: SELECT * FROM `cmf_users` WHERE `user_login` = 'admin' LIMIT 1   [ RunTime:0.0007s ]
SQL: SHOW COLUMNS FROM `cmf_role_user` [ RunTime:0.0007s ]
SQL: SELECT `role_id` FROM cmf_role_user a INNER JOIN cmf_role as b on a.role_id =b.id  WHERE `user_id` = '1' AND `status` = 1  [ RunTime:0.0006s ]
SQL: UPDATE `cmf_users` SET `user_login`='admin',`user_pass`='###e9a6a1b2c468c852c57c0d86674e1f9b',`user_nicename`='admin',`user_email`='1348779449@qq.com',`user_url`='',`avatar`=NULL,`sex`='0',`birthday`='2000-01-01',`signature`=NULL,`last_login_ip`='115.33.48.151',`last_login_time`='2017-06-13 15:39:17',`create_time`='2017-04-17 01:37:17',`user_activation_key`='',`user_status`='1',`score`='0',`user_type`='1',`coin`='0',`mobile`='',`token`='',`ctime`='0',`check`='0' WHERE `id` = '1' [ RunTime:0.0006s ]

[ 2017-06-13T15:43:47+08:00 ] 115.33.48.151 /junwei/index.php?s=/Question/truedelete/item_id/3662
INFO: [ app_begin ] --START--
INFO: Run Behavior\ReadHtmlCacheBehavior [ RunTime:0.000021s ]
INFO: Run Behavior\CheckLangBehavior [ RunTime:0.000079s ]
INFO: Run Common\Behavior\UrldecodeGetBehavior [ RunTime:0.000025s ]
INFO: [ app_begin ] --END-- [ RunTime:0.000168s ]
INFO: [ admin_begin ] --START--
INFO: Run Common\Behavior\AdminDefaultLangBehavior [ RunTime:0.000060s ]
INFO: [ admin_begin ] --END-- [ RunTime:0.000077s ]
SQL: SHOW COLUMNS FROM `cmf_users` [ RunTime:0.0010s ]
SQL: SELECT * FROM `cmf_users` WHERE `id` = '20' LIMIT 1   [ RunTime:0.0006s ]
SQL: SHOW COLUMNS FROM `cmf_role_user` [ RunTime:0.0007s ]
SQL: SELECT `role_id` FROM cmf_role_user a INNER JOIN cmf_role as b on a.role_id =b.id  WHERE `user_id` = '20' AND `status` = 1  [ RunTime:0.0006s ]
SQL: SHOW COLUMNS FROM `cmf_itembank` [ RunTime:0.0008s ]
NOTIC: D方法实例化没找到模型类Common\Model\SubjectsModel
SQL: SHOW COLUMNS FROM `cmf_subjects` [ RunTime:0.0007s ]
NOTIC: D方法实例化没找到模型类Common\Model\ChapterModel
SQL: SHOW COLUMNS FROM `cmf_chapter` [ RunTime:0.0007s ]
SQL: SHOW COLUMNS FROM `cmf_option` [ RunTime:0.0007s ]
NOTIC: D方法实例化没找到模型类Common\Model\AnswerModel
SQL: SHOW COLUMNS FROM `cmf_answer` [ RunTime:0.0007s ]
SQL: DELETE FROM `cmf_itembank` WHERE ( item_id=3662 ) [ RunTime:0.0006s ]
SQL: DELETE FROM `cmf_option` WHERE ( qid=3662 ) [ RunTime:0.0052s ]
SQL: DELETE FROM `cmf_answer` WHERE ( qid=3662 ) [ RunTime:0.0008s ]

[ 2017-06-13T15:43:54+08:00 ] 115.33.48.151 /junwei/index.php?s=/Question/true
NOTIC: D方法实例化没找到模型类Common\Model\SubjectsModel
NOTIC: D方法实例化没找到模型类Common\Model\ChapterModel
NOTIC: D方法实例化没找到模型类Common\Model\AnswerModel

[ 2017-06-13T16:25:40+08:00 ] 115.33.48.151 /junwei/Uploads/0
ERR: 无法加载控制器:Uploads

[ 2017-06-13T16:37:44+08:00 ] 114.242.249.185 /junwei/Uploads/0
ERR: 无法加载控制器:Uploads

[ 2017-06-13T16:38:11+08:00 ] 114.242.249.185 /junwei/Uploads/0
ERR: 无法加载控制器:Uploads

[ 2017-06-13T17:22:23+08:00 ] 115.33.48.151 /junwei/index.php?s=/public/dologin
INFO: [ app_begin ] --START--
INFO: Run Behavior\ReadHtmlCacheBehavior [ RunTime:0.000021s ]
INFO: Run Behavior\CheckLangBehavior [ RunTime:0.000082s ]
INFO: Run Common\Behavior\UrldecodeGetBehavior [ RunTime:0.000024s ]
INFO: [ app_begin ] --END-- [ RunTime:0.000174s ]
INFO: [ admin_begin ] --START--
INFO: Run Common\Behavior\AdminDefaultLangBehavior [ RunTime:0.000052s ]
INFO: [ admin_begin ] --END-- [ RunTime:0.000065s ]
SQL: SHOW COLUMNS FROM `cmf_users` [ RunTime:0.0010s ]
SQL: SELECT * FROM `cmf_users` WHERE `user_login` = 'jiaoyan2' LIMIT 1   [ RunTime:0.0006s ]
SQL: SHOW COLUMNS FROM `cmf_role_user` [ RunTime:0.0007s ]
SQL: SELECT `role_id` FROM cmf_role_user a INNER JOIN cmf_role as b on a.role_id =b.id  WHERE `user_id` = '20' AND `status` = 1  [ RunTime:0.0006s ]
SQL: UPDATE `cmf_users` SET `user_login`='jiaoyan2',`user_pass`='###9e09f7a64f747d17e62c4f35a9713f15',`user_nicename`='',`user_email`='jun@163.com',`user_url`='',`avatar`=NULL,`sex`='0',`birthday`='2000-01-01',`signature`=NULL,`last_login_ip`='115.33.48.151',`last_login_time`='2017-06-13 17:22:23',`create_time`='2017-05-08 09:45:47',`user_activation_key`='',`user_status`='1',`score`='0',`user_type`='1',`coin`='0',`mobile`='',`token`='0',`ctime`='0',`check`='0' WHERE `id` = '20' [ RunTime:0.0006s ]

[ 2017-06-13T17:22:35+08:00 ] 115.33.48.151 /junwei/index.php?s=/Admin/Question/true
NOTIC: D方法实例化没找到模型类Common\Model\SubjectsModel
NOTIC: D方法实例化没找到模型类Common\Model\ChapterModel
NOTIC: D方法实例化没找到模型类Common\Model\AnswerModel

[ 2017-06-13T17:23:15+08:00 ] 115.33.48.151 /junwei/index.php?s=/Question/trueedit/item_id/1365
NOTIC: D方法实例化没找到模型类Common\Model\SubjectsModel
NOTIC: D方法实例化没找到模型类Common\Model\ChapterModel
NOTIC: D方法实例化没找到模型类Common\Model\AnswerModel

[ 2017-06-13T17:23:20+08:00 ] 115.33.48.151 /junwei/index.php?s=/Question/trueedit_post
NOTIC: D方法实例化没找到模型类Common\Model\SubjectsModel
NOTIC: D方法实例化没找到模型类Common\Model\ChapterModel
NOTIC: D方法实例化没找到模型类Common\Model\AnswerModel

[ 2017-06-13T17:23:24+08:00 ] 115.33.48.151 /junwei/index.php?s=/Question/true
NOTIC: D方法实例化没找到模型类Common\Model\SubjectsModel
NOTIC: D方法实例化没找到模型类Common\Model\ChapterModel
NOTIC: D方法实例化没找到模型类Common\Model\AnswerModel

[ 2017-06-13T17:23:30+08:00 ] 115.33.48.151 /junwei/index.php?s=/Question/true
NOTIC: D方法实例化没找到模型类Common\Model\SubjectsModel
NOTIC: D方法实例化没找到模型类Common\Model\ChapterModel
NOTIC: D方法实例化没找到模型类Common\Model\AnswerModel

[ 2017-06-13T18:22:42+08:00 ] 115.33.48.151 /junwei/Uploads/0
ERR: 无法加载控制器:Uploads

[ 2017-06-13T18:25:26+08:00 ] 115.33.48.151 /junwei/index.php?s=/Course/delete
INFO: [ app_begin ] --START--
INFO: Run Behavior\ReadHtmlCacheBehavior [ RunTime:0.000023s ]
INFO: Run Behavior\CheckLangBehavior [ RunTime:0.000085s ]
INFO: Run Common\Behavior\UrldecodeGetBehavior [ RunTime:0.000024s ]
INFO: [ app_begin ] --END-- [ RunTime:0.000179s ]
NOTIC: [2] Declaration of Admin\Controller\CourseController::show() should be compatible with Think\Controller::show($content, $charset = '', $contentType = '', $prefix = '') /var/www/html/sikao/junwei/application/Admin/Controller/CourseController.class.php 第 20 行.
INFO: [ admin_begin ] --START--
INFO: Run Common\Behavior\AdminDefaultLangBehavior [ RunTime:0.000057s ]
INFO: [ admin_begin ] --END-- [ RunTime:0.000070s ]
SQL: SHOW COLUMNS FROM `cmf_users` [ RunTime:0.0010s ]
SQL: SELECT * FROM `cmf_users` WHERE `id` = '1' LIMIT 1   [ RunTime:0.0006s ]
SQL: SHOW COLUMNS FROM `cmf_course` [ RunTime:0.0008s ]
SQL: SELECT * FROM `cmf_course` WHERE ( id in (137,136) )  [ RunTime:0.0007s ]
SQL: SHOW COLUMNS FROM `cmf_junwei` [ RunTime:0.0007s ]
SQL: SELECT * FROM `cmf_junwei` LIMIT 1   [ RunTime:0.0005s ]
SQL: DELETE FROM `cmf_course` WHERE ( id in (137,136) ) [ RunTime:0.0015s ]

[ 2017-06-13T18:32:13+08:00 ] 115.33.48.151 /junwei/Uploads/0
ERR: 无法加载控制器:Uploads

[ 2017-06-13T18:32:14+08:00 ] 115.33.48.151 /junwei/Uploads/0
ERR: 无法加载控制器:Uploads

[ 2017-06-13T19:09:31+08:00 ] 61.148.243.124 /junwei/Uploads/0
ERR: 无法加载控制器:Uploads

[ 2017-06-13T19:41:47+08:00 ] 61.148.242.232 /junwei/Uploads/0
ERR: 无法加载控制器:Uploads

[ 2017-06-13T20:49:02+08:00 ] 1.202.193.89 /junwei//Uploads/0
ERR: 无法加载控制器:Uploads

[ 2017-06-13T23:16:27+08:00 ] 113.44.40.106 /junwei/Uploads/0
ERR: 无法加载控制器:Uploads

[ 2017-06-13T23:27:11+08:00 ] 113.44.40.106 /junwei/Uploads/0
ERR: 无法加载控制器:Uploads

[ 2017-06-13T23:27:12+08:00 ] 113.44.40.106 /junwei/Uploads/0
ERR: 无法加载控制器:Uploads

[ 2017-06-13T23:28:58+08:00 ] 113.44.40.106 /junwei/Uploads/0
ERR: 无法加载控制器:Uploads

[ 2017-06-13T23:33:44+08:00 ] 113.44.40.106 /junwei/Uploads/0
ERR: 无法加载控制器:Uploads

[ 2017-06-13T23:33:45+08:00 ] 113.44.40.106 /junwei/Uploads/0
ERR: 无法加载控制器:Uploads

[ 2017-06-13T23:33:46+08:00 ] 113.44.40.106 /junwei/Uploads/0
ERR: 无法加载控制器:Uploads

[ 2017-06-13T23:38:51+08:00 ] 113.44.40.106 /junwei/Uploads/0
ERR: 无法加载控制器:Uploads

[ 2017-06-13T23:54:46+08:00 ] 113.44.40.106 /junwei/Uploads/0
ERR: 无法加载控制器:Uploads

[ 2017-06-13T23:54:47+08:00 ] 113.44.40.106 /junwei/Uploads/0
ERR: 无法加载控制器:Uploads

