[ 2017-06-12T08:28:17+08:00 ] 115.33.48.151 /junwei/index.php?s=/public/dologin
INFO: [ app_begin ] --START--
INFO: Run Behavior\ReadHtmlCacheBehavior [ RunTime:0.000019s ]
INFO: Run Behavior\CheckLangBehavior [ RunTime:0.000089s ]
INFO: Run Common\Behavior\UrldecodeGetBehavior [ RunTime:0.000024s ]
INFO: [ app_begin ] --END-- [ RunTime:0.000176s ]
INFO: [ admin_begin ] --START--
INFO: Run Common\Behavior\AdminDefaultLangBehavior [ RunTime:0.000055s ]
INFO: [ admin_begin ] --END-- [ RunTime:0.000069s ]
SQL: SHOW COLUMNS FROM `cmf_users` [ RunTime:0.0010s ]
SQL: SELECT * FROM `cmf_users` WHERE `user_login` = 'jiaoyan2' LIMIT 1   [ RunTime:0.0007s ]
SQL: SHOW COLUMNS FROM `cmf_role_user` [ RunTime:0.0007s ]
SQL: SELECT `role_id` FROM cmf_role_user a INNER JOIN cmf_role as b on a.role_id =b.id  WHERE `user_id` = '20' AND `status` = 1  [ RunTime:0.0007s ]
SQL: UPDATE `cmf_users` SET `user_login`='jiaoyan2',`user_pass`='###9e09f7a64f747d17e62c4f35a9713f15',`user_nicename`='',`user_email`='jun@163.com',`user_url`='',`avatar`=NULL,`sex`='0',`birthday`='2000-01-01',`signature`=NULL,`last_login_ip`='115.33.48.151',`last_login_time`='2017-06-12 08:28:17',`create_time`='2017-05-08 09:45:47',`user_activation_key`='',`user_status`='1',`score`='0',`user_type`='1',`coin`='0',`mobile`='',`token`='0',`ctime`='0',`check`='0' WHERE `id` = '20' [ RunTime:0.0007s ]

[ 2017-06-12T08:28:27+08:00 ] 115.33.48.151 /junwei/index.php?s=/Admin/Types/classindex
NOTIC: D方法实例化没找到模型类Common\Model\TypesModel
NOTIC: D方法实例化没找到模型类Common\Model\SubjectsModel
NOTIC: D方法实例化没找到模型类Common\Model\ChapterModel

[ 2017-06-12T08:28:29+08:00 ] 115.33.48.151 /junwei/index.php?s=/Admin/Types/chapter
NOTIC: D方法实例化没找到模型类Common\Model\TypesModel
NOTIC: D方法实例化没找到模型类Common\Model\SubjectsModel
NOTIC: D方法实例化没找到模型类Common\Model\ChapterModel

[ 2017-06-12T08:28:38+08:00 ] 115.33.48.151 /junwei/index.php?s=/Admin/Question/true
NOTIC: D方法实例化没找到模型类Common\Model\SubjectsModel
NOTIC: D方法实例化没找到模型类Common\Model\ChapterModel
NOTIC: D方法实例化没找到模型类Common\Model\AnswerModel

[ 2017-06-12T08:28:44+08:00 ] 115.33.48.151 /junwei/index.php?s=/Admin/Question/true
NOTIC: D方法实例化没找到模型类Common\Model\SubjectsModel
NOTIC: D方法实例化没找到模型类Common\Model\ChapterModel
NOTIC: D方法实例化没找到模型类Common\Model\AnswerModel

[ 2017-06-12T08:28:44+08:00 ] 115.33.48.151 /junwei/index.php?s=/Question/trueadd
NOTIC: D方法实例化没找到模型类Common\Model\SubjectsModel
NOTIC: D方法实例化没找到模型类Common\Model\ChapterModel
NOTIC: D方法实例化没找到模型类Common\Model\AnswerModel

[ 2017-06-12T08:54:16+08:00 ] 115.33.48.151 /junwei/index.php?s=/Admin/Question/true
NOTIC: D方法实例化没找到模型类Common\Model\SubjectsModel
NOTIC: D方法实例化没找到模型类Common\Model\ChapterModel
NOTIC: D方法实例化没找到模型类Common\Model\AnswerModel

[ 2017-06-12T08:54:32+08:00 ] 115.33.48.151 /junwei/index.php?s=/Admin/Question/true
NOTIC: D方法实例化没找到模型类Common\Model\SubjectsModel
NOTIC: D方法实例化没找到模型类Common\Model\ChapterModel
NOTIC: D方法实例化没找到模型类Common\Model\AnswerModel

[ 2017-06-12T08:54:32+08:00 ] 115.33.48.151 /junwei/index.php?s=/Admin/Question/itembank
NOTIC: D方法实例化没找到模型类Common\Model\SubjectsModel
NOTIC: D方法实例化没找到模型类Common\Model\ChapterModel
NOTIC: D方法实例化没找到模型类Common\Model\AnswerModel

[ 2017-06-12T08:54:32+08:00 ] 115.33.48.151 /junwei/index.php?s=/Admin/Question/itembank
NOTIC: D方法实例化没找到模型类Common\Model\SubjectsModel
NOTIC: D方法实例化没找到模型类Common\Model\ChapterModel
NOTIC: D方法实例化没找到模型类Common\Model\AnswerModel

[ 2017-06-12T08:54:32+08:00 ] 115.33.48.151 /junwei/index.php?s=/Admin/Question/itembank
NOTIC: D方法实例化没找到模型类Common\Model\SubjectsModel
NOTIC: D方法实例化没找到模型类Common\Model\ChapterModel
NOTIC: D方法实例化没找到模型类Common\Model\AnswerModel

[ 2017-06-12T08:54:49+08:00 ] 115.33.48.151 /junwei/index.php?s=/Admin/Question/true
NOTIC: D方法实例化没找到模型类Common\Model\SubjectsModel
NOTIC: D方法实例化没找到模型类Common\Model\ChapterModel
NOTIC: D方法实例化没找到模型类Common\Model\AnswerModel

[ 2017-06-12T08:55:09+08:00 ] 115.33.48.151 /junwei/index.php?s=/Admin/Question/true
NOTIC: D方法实例化没找到模型类Common\Model\SubjectsModel
NOTIC: D方法实例化没找到模型类Common\Model\ChapterModel
NOTIC: D方法实例化没找到模型类Common\Model\AnswerModel

[ 2017-06-12T08:55:11+08:00 ] 115.33.48.151 /junwei/index.php?s=/Admin/Question/true
NOTIC: D方法实例化没找到模型类Common\Model\SubjectsModel
NOTIC: D方法实例化没找到模型类Common\Model\ChapterModel
NOTIC: D方法实例化没找到模型类Common\Model\AnswerModel

[ 2017-06-12T08:55:13+08:00 ] 115.33.48.151 /junwei/index.php?s=/Admin/Question/true
NOTIC: D方法实例化没找到模型类Common\Model\SubjectsModel
NOTIC: D方法实例化没找到模型类Common\Model\ChapterModel
NOTIC: D方法实例化没找到模型类Common\Model\AnswerModel

[ 2017-06-12T08:55:15+08:00 ] 115.33.48.151 /junwei/index.php?s=/Admin/Question/true
NOTIC: D方法实例化没找到模型类Common\Model\SubjectsModel
NOTIC: D方法实例化没找到模型类Common\Model\ChapterModel
NOTIC: D方法实例化没找到模型类Common\Model\AnswerModel

[ 2017-06-12T08:55:19+08:00 ] 115.33.48.151 /junwei/index.php?s=/Admin/Question/true
NOTIC: D方法实例化没找到模型类Common\Model\SubjectsModel
NOTIC: D方法实例化没找到模型类Common\Model\ChapterModel
NOTIC: D方法实例化没找到模型类Common\Model\AnswerModel

[ 2017-06-12T08:55:21+08:00 ] 115.33.48.151 /junwei/index.php?s=/Admin/Question/true
NOTIC: D方法实例化没找到模型类Common\Model\SubjectsModel
NOTIC: D方法实例化没找到模型类Common\Model\ChapterModel
NOTIC: D方法实例化没找到模型类Common\Model\AnswerModel

[ 2017-06-12T08:55:23+08:00 ] 115.33.48.151 /junwei/index.php?s=/Admin/Question/true
NOTIC: D方法实例化没找到模型类Common\Model\SubjectsModel
NOTIC: D方法实例化没找到模型类Common\Model\ChapterModel
NOTIC: D方法实例化没找到模型类Common\Model\AnswerModel

[ 2017-06-12T08:55:27+08:00 ] 115.33.48.151 /junwei/index.php?s=/Admin/Question/true
NOTIC: D方法实例化没找到模型类Common\Model\SubjectsModel
NOTIC: D方法实例化没找到模型类Common\Model\ChapterModel
NOTIC: D方法实例化没找到模型类Common\Model\AnswerModel

[ 2017-06-12T08:55:28+08:00 ] 115.33.48.151 /junwei/index.php?s=/Admin/Question/true
NOTIC: D方法实例化没找到模型类Common\Model\SubjectsModel
NOTIC: D方法实例化没找到模型类Common\Model\ChapterModel
NOTIC: D方法实例化没找到模型类Common\Model\AnswerModel

[ 2017-06-12T08:55:34+08:00 ] 115.33.48.151 /junwei/index.php?s=/Admin/Question/true
NOTIC: D方法实例化没找到模型类Common\Model\SubjectsModel
NOTIC: D方法实例化没找到模型类Common\Model\ChapterModel
NOTIC: D方法实例化没找到模型类Common\Model\AnswerModel

[ 2017-06-12T08:55:35+08:00 ] 115.33.48.151 /junwei/index.php?s=/Admin/Question/true
NOTIC: D方法实例化没找到模型类Common\Model\SubjectsModel
NOTIC: D方法实例化没找到模型类Common\Model\ChapterModel
NOTIC: D方法实例化没找到模型类Common\Model\AnswerModel

[ 2017-06-12T08:55:58+08:00 ] 115.33.48.151 /junwei/index.php?s=/Admin/Question/true
NOTIC: D方法实例化没找到模型类Common\Model\SubjectsModel
NOTIC: D方法实例化没找到模型类Common\Model\ChapterModel
NOTIC: D方法实例化没找到模型类Common\Model\AnswerModel

[ 2017-06-12T08:56:23+08:00 ] 115.33.48.151 /junwei/index.php?s=/Admin/Types/chapter
NOTIC: D方法实例化没找到模型类Common\Model\TypesModel
NOTIC: D方法实例化没找到模型类Common\Model\SubjectsModel
NOTIC: D方法实例化没找到模型类Common\Model\ChapterModel

[ 2017-06-12T08:57:24+08:00 ] 115.33.48.151 /junwei/index.php?s=/Types/chapteredit/id/13
NOTIC: D方法实例化没找到模型类Common\Model\TypesModel
NOTIC: D方法实例化没找到模型类Common\Model\SubjectsModel
NOTIC: D方法实例化没找到模型类Common\Model\ChapterModel

[ 2017-06-12T08:57:57+08:00 ] 115.33.48.151 /junwei/index.php?s=/Types/chapteredit_post
INFO: [ app_begin ] --START--
INFO: Run Behavior\ReadHtmlCacheBehavior [ RunTime:0.000023s ]
INFO: Run Behavior\CheckLangBehavior [ RunTime:0.000102s ]
INFO: Run Common\Behavior\UrldecodeGetBehavior [ RunTime:0.000029s ]
INFO: [ app_begin ] --END-- [ RunTime:0.000202s ]
INFO: [ admin_begin ] --START--
INFO: Run Common\Behavior\AdminDefaultLangBehavior [ RunTime:0.000058s ]
INFO: [ admin_begin ] --END-- [ RunTime:0.000075s ]
SQL: SHOW COLUMNS FROM `cmf_users` [ RunTime:0.0010s ]
SQL: SELECT * FROM `cmf_users` WHERE `id` = '20' LIMIT 1   [ RunTime:0.0006s ]
SQL: SHOW COLUMNS FROM `cmf_role_user` [ RunTime:0.0007s ]
SQL: SELECT `role_id` FROM cmf_role_user a INNER JOIN cmf_role as b on a.role_id =b.id  WHERE `user_id` = '20' AND `status` = 1  [ RunTime:0.0006s ]
NOTIC: D方法实例化没找到模型类Common\Model\TypesModel
SQL: SHOW COLUMNS FROM `cmf_types` [ RunTime:0.0007s ]
SQL: SHOW COLUMNS FROM `cmf_professional` [ RunTime:0.0006s ]
NOTIC: D方法实例化没找到模型类Common\Model\SubjectsModel
SQL: SHOW COLUMNS FROM `cmf_subjects` [ RunTime:0.0007s ]
NOTIC: D方法实例化没找到模型类Common\Model\ChapterModel
SQL: SHOW COLUMNS FROM `cmf_chapter` [ RunTime:0.0006s ]
NOTIC: [8] Undefined index: validate /var/www/html/sikao/junwei/simplewind/Core/Library/Think/Model.class.php 第 1185 行.
NOTIC: [8] Undefined index: auto /var/www/html/sikao/junwei/simplewind/Core/Library/Think/Model.class.php 第 1128 行.
SQL: UPDATE `cmf_chapter` SET `sid`='7',`ctitle`='第三章  法人和非法人组织' WHERE ( cid=13 ) [ RunTime:0.0010s ]

[ 2017-06-12T08:57:59+08:00 ] 115.33.48.151 /junwei/index.php?s=/Types/chapter
NOTIC: D方法实例化没找到模型类Common\Model\TypesModel
NOTIC: D方法实例化没找到模型类Common\Model\SubjectsModel
NOTIC: D方法实例化没找到模型类Common\Model\ChapterModel

[ 2017-06-12T08:59:17+08:00 ] 115.33.48.151 /junwei/index.php?s=/Types/chapteredit/id/29
NOTIC: D方法实例化没找到模型类Common\Model\TypesModel
NOTIC: D方法实例化没找到模型类Common\Model\SubjectsModel
NOTIC: D方法实例化没找到模型类Common\Model\ChapterModel

[ 2017-06-12T08:59:32+08:00 ] 115.33.48.151 /junwei/index.php?s=/Types/chapteredit_post
INFO: [ app_begin ] --START--
INFO: Run Behavior\ReadHtmlCacheBehavior [ RunTime:0.000019s ]
INFO: Run Behavior\CheckLangBehavior [ RunTime:0.000077s ]
INFO: Run Common\Behavior\UrldecodeGetBehavior [ RunTime:0.000024s ]
INFO: [ app_begin ] --END-- [ RunTime:0.000161s ]
INFO: [ admin_begin ] --START--
INFO: Run Common\Behavior\AdminDefaultLangBehavior [ RunTime:0.000062s ]
INFO: [ admin_begin ] --END-- [ RunTime:0.000076s ]
SQL: SHOW COLUMNS FROM `cmf_users` [ RunTime:0.0009s ]
SQL: SELECT * FROM `cmf_users` WHERE `id` = '20' LIMIT 1   [ RunTime:0.0006s ]
SQL: SHOW COLUMNS FROM `cmf_role_user` [ RunTime:0.0006s ]
SQL: SELECT `role_id` FROM cmf_role_user a INNER JOIN cmf_role as b on a.role_id =b.id  WHERE `user_id` = '20' AND `status` = 1  [ RunTime:0.0005s ]
NOTIC: D方法实例化没找到模型类Common\Model\TypesModel
SQL: SHOW COLUMNS FROM `cmf_types` [ RunTime:0.0006s ]
SQL: SHOW COLUMNS FROM `cmf_professional` [ RunTime:0.0006s ]
NOTIC: D方法实例化没找到模型类Common\Model\SubjectsModel
SQL: SHOW COLUMNS FROM `cmf_subjects` [ RunTime:0.0006s ]
NOTIC: D方法实例化没找到模型类Common\Model\ChapterModel
SQL: SHOW COLUMNS FROM `cmf_chapter` [ RunTime:0.0006s ]
NOTIC: [8] Undefined index: validate /var/www/html/sikao/junwei/simplewind/Core/Library/Think/Model.class.php 第 1185 行.
NOTIC: [8] Undefined index: auto /var/www/html/sikao/junwei/simplewind/Core/Library/Think/Model.class.php 第 1128 行.
SQL: UPDATE `cmf_chapter` SET `sid`='7',`ctitle`='第十九章  违约责任' WHERE ( cid=29 ) [ RunTime:0.0005s ]

[ 2017-06-12T08:59:33+08:00 ] 115.33.48.151 /junwei/index.php?s=/Types/chapter
NOTIC: D方法实例化没找到模型类Common\Model\TypesModel
NOTIC: D方法实例化没找到模型类Common\Model\SubjectsModel
NOTIC: D方法实例化没找到模型类Common\Model\ChapterModel

[ 2017-06-12T09:01:40+08:00 ] 115.33.48.151 /junwei/index.php?s=/Types/chapteredit/id/42
NOTIC: D方法实例化没找到模型类Common\Model\TypesModel
NOTIC: D方法实例化没找到模型类Common\Model\SubjectsModel
NOTIC: D方法实例化没找到模型类Common\Model\ChapterModel

[ 2017-06-12T09:01:45+08:00 ] 115.33.48.151 /junwei/index.php?s=/Types/chapteredit_post
INFO: [ app_begin ] --START--
INFO: Run Behavior\ReadHtmlCacheBehavior [ RunTime:0.000034s ]
INFO: Run Behavior\CheckLangBehavior [ RunTime:0.000082s ]
INFO: Run Common\Behavior\UrldecodeGetBehavior [ RunTime:0.000024s ]
INFO: [ app_begin ] --END-- [ RunTime:0.000195s ]
INFO: [ admin_begin ] --START--
INFO: Run Common\Behavior\AdminDefaultLangBehavior [ RunTime:0.000063s ]
INFO: [ admin_begin ] --END-- [ RunTime:0.000081s ]
SQL: SHOW COLUMNS FROM `cmf_users` [ RunTime:0.0010s ]
SQL: SELECT * FROM `cmf_users` WHERE `id` = '20' LIMIT 1   [ RunTime:0.0006s ]
SQL: SHOW COLUMNS FROM `cmf_role_user` [ RunTime:0.0007s ]
SQL: SELECT `role_id` FROM cmf_role_user a INNER JOIN cmf_role as b on a.role_id =b.id  WHERE `user_id` = '20' AND `status` = 1  [ RunTime:0.0006s ]
NOTIC: D方法实例化没找到模型类Common\Model\TypesModel
SQL: SHOW COLUMNS FROM `cmf_types` [ RunTime:0.0007s ]
SQL: SHOW COLUMNS FROM `cmf_professional` [ RunTime:0.0007s ]
NOTIC: D方法实例化没找到模型类Common\Model\SubjectsModel
SQL: SHOW COLUMNS FROM `cmf_subjects` [ RunTime:0.0007s ]
NOTIC: D方法实例化没找到模型类Common\Model\ChapterModel
SQL: SHOW COLUMNS FROM `cmf_chapter` [ RunTime:0.0006s ]
NOTIC: [8] Undefined index: validate /var/www/html/sikao/junwei/simplewind/Core/Library/Think/Model.class.php 第 1185 行.
NOTIC: [8] Undefined index: auto /var/www/html/sikao/junwei/simplewind/Core/Library/Think/Model.class.php 第 1128 行.
SQL: UPDATE `cmf_chapter` SET `sid`='7',`ctitle`='第三十二章  遗产的处理' WHERE ( cid=42 ) [ RunTime:0.0005s ]

[ 2017-06-12T09:01:46+08:00 ] 115.33.48.151 /junwei/index.php?s=/Types/chapter
NOTIC: D方法实例化没找到模型类Common\Model\TypesModel
NOTIC: D方法实例化没找到模型类Common\Model\SubjectsModel
NOTIC: D方法实例化没找到模型类Common\Model\ChapterModel

[ 2017-06-12T09:02:22+08:00 ] 115.33.48.151 /junwei/index.php?s=/Admin/Question/true
NOTIC: D方法实例化没找到模型类Common\Model\SubjectsModel
NOTIC: D方法实例化没找到模型类Common\Model\ChapterModel
NOTIC: D方法实例化没找到模型类Common\Model\AnswerModel

[ 2017-06-12T09:02:42+08:00 ] 115.33.48.151 /junwei/index.php?s=/Admin/Question/true
NOTIC: D方法实例化没找到模型类Common\Model\SubjectsModel
NOTIC: D方法实例化没找到模型类Common\Model\ChapterModel
NOTIC: D方法实例化没找到模型类Common\Model\AnswerModel

[ 2017-06-12T09:16:02+08:00 ] 115.33.48.151 /junwei/index.php?s=/public/dologin
INFO: [ app_begin ] --START--
INFO: Run Behavior\ReadHtmlCacheBehavior [ RunTime:0.000020s ]
INFO: Run Behavior\CheckLangBehavior [ RunTime:0.000090s ]
INFO: Run Common\Behavior\UrldecodeGetBehavior [ RunTime:0.000022s ]
INFO: [ app_begin ] --END-- [ RunTime:0.000174s ]
INFO: [ admin_begin ] --START--
INFO: Run Common\Behavior\AdminDefaultLangBehavior [ RunTime:0.000064s ]
INFO: [ admin_begin ] --END-- [ RunTime:0.000081s ]
SQL: SHOW COLUMNS FROM `cmf_users` [ RunTime:0.0009s ]
SQL: SELECT * FROM `cmf_users` WHERE `user_login` = 'admin' LIMIT 1   [ RunTime:0.0006s ]
SQL: SHOW COLUMNS FROM `cmf_role_user` [ RunTime:0.0006s ]
SQL: SELECT `role_id` FROM cmf_role_user a INNER JOIN cmf_role as b on a.role_id =b.id  WHERE `user_id` = '1' AND `status` = 1  [ RunTime:0.0005s ]
SQL: UPDATE `cmf_users` SET `user_login`='admin',`user_pass`='###e9a6a1b2c468c852c57c0d86674e1f9b',`user_nicename`='admin',`user_email`='1348779449@qq.com',`user_url`='',`avatar`=NULL,`sex`='0',`birthday`='2000-01-01',`signature`=NULL,`last_login_ip`='115.33.48.151',`last_login_time`='2017-06-12 09:16:02',`create_time`='2017-04-17 01:37:17',`user_activation_key`='',`user_status`='1',`score`='0',`user_type`='1',`coin`='0',`mobile`='',`token`='',`ctime`='0',`check`='0' WHERE `id` = '1' [ RunTime:0.0005s ]

[ 2017-06-12T09:20:00+08:00 ] 115.33.48.151 /junwei/index.php?s=/Question/truedelete/item_id/120
INFO: [ app_begin ] --START--
INFO: Run Behavior\ReadHtmlCacheBehavior [ RunTime:0.000021s ]
INFO: Run Behavior\CheckLangBehavior [ RunTime:0.000109s ]
INFO: Run Common\Behavior\UrldecodeGetBehavior [ RunTime:0.000039s ]
INFO: [ app_begin ] --END-- [ RunTime:0.000216s ]
INFO: [ admin_begin ] --START--
INFO: Run Common\Behavior\AdminDefaultLangBehavior [ RunTime:0.000057s ]
INFO: [ admin_begin ] --END-- [ RunTime:0.000071s ]
SQL: SHOW COLUMNS FROM `cmf_users` [ RunTime:0.0010s ]
SQL: SELECT * FROM `cmf_users` WHERE `id` = '20' LIMIT 1   [ RunTime:0.0006s ]
SQL: SHOW COLUMNS FROM `cmf_role_user` [ RunTime:0.0007s ]
SQL: SELECT `role_id` FROM cmf_role_user a INNER JOIN cmf_role as b on a.role_id =b.id  WHERE `user_id` = '20' AND `status` = 1  [ RunTime:0.0006s ]
SQL: SHOW COLUMNS FROM `cmf_itembank` [ RunTime:0.0007s ]
NOTIC: D方法实例化没找到模型类Common\Model\SubjectsModel
SQL: SHOW COLUMNS FROM `cmf_subjects` [ RunTime:0.0007s ]
NOTIC: D方法实例化没找到模型类Common\Model\ChapterModel
SQL: SHOW COLUMNS FROM `cmf_chapter` [ RunTime:0.0007s ]
SQL: SHOW COLUMNS FROM `cmf_option` [ RunTime:0.0007s ]
NOTIC: D方法实例化没找到模型类Common\Model\AnswerModel
SQL: SHOW COLUMNS FROM `cmf_answer` [ RunTime:0.0006s ]
SQL: DELETE FROM `cmf_itembank` WHERE ( item_id=120 ) [ RunTime:0.0005s ]
SQL: DELETE FROM `cmf_option` WHERE ( qid=120 ) [ RunTime:0.0047s ]
SQL: DELETE FROM `cmf_answer` WHERE ( qid=120 ) [ RunTime:0.0007s ]

[ 2017-06-12T09:20:46+08:00 ] 115.33.48.151 /junwei/index.php?s=/Admin/Question/true
NOTIC: D方法实例化没找到模型类Common\Model\SubjectsModel
NOTIC: D方法实例化没找到模型类Common\Model\ChapterModel
NOTIC: D方法实例化没找到模型类Common\Model\AnswerModel

[ 2017-06-12T09:21:28+08:00 ] 115.33.48.151 /junwei/index.php?s=/Question/turedelete
INFO: [ app_begin ] --START--
INFO: Run Behavior\ReadHtmlCacheBehavior [ RunTime:0.000020s ]
INFO: Run Behavior\CheckLangBehavior [ RunTime:0.000078s ]
INFO: Run Common\Behavior\UrldecodeGetBehavior [ RunTime:0.000023s ]
INFO: [ app_begin ] --END-- [ RunTime:0.000164s ]
INFO: [ admin_begin ] --START--
INFO: Run Common\Behavior\AdminDefaultLangBehavior [ RunTime:0.000052s ]
INFO: [ admin_begin ] --END-- [ RunTime:0.000067s ]
SQL: SHOW COLUMNS FROM `cmf_users` [ RunTime:0.0010s ]
SQL: SELECT * FROM `cmf_users` WHERE `id` = '20' LIMIT 1   [ RunTime:0.0006s ]
SQL: SHOW COLUMNS FROM `cmf_role_user` [ RunTime:0.0007s ]
SQL: SELECT `role_id` FROM cmf_role_user a INNER JOIN cmf_role as b on a.role_id =b.id  WHERE `user_id` = '20' AND `status` = 1  [ RunTime:0.0006s ]
SQL: SHOW COLUMNS FROM `cmf_itembank` [ RunTime:0.0008s ]
NOTIC: D方法实例化没找到模型类Common\Model\SubjectsModel
SQL: SHOW COLUMNS FROM `cmf_subjects` [ RunTime:0.0007s ]
NOTIC: D方法实例化没找到模型类Common\Model\ChapterModel
SQL: SHOW COLUMNS FROM `cmf_chapter` [ RunTime:0.0007s ]
SQL: SHOW COLUMNS FROM `cmf_option` [ RunTime:0.0007s ]
NOTIC: D方法实例化没找到模型类Common\Model\AnswerModel
SQL: SHOW COLUMNS FROM `cmf_answer` [ RunTime:0.0007s ]

[ 2017-06-12T09:21:35+08:00 ] 115.33.48.151 /junwei/index.php?s=/Question/trueadd
NOTIC: D方法实例化没找到模型类Common\Model\SubjectsModel
NOTIC: D方法实例化没找到模型类Common\Model\ChapterModel
NOTIC: D方法实例化没找到模型类Common\Model\AnswerModel

[ 2017-06-12T09:21:36+08:00 ] 115.33.48.151 /junwei/index.php?s=/Question/truemater
NOTIC: D方法实例化没找到模型类Common\Model\SubjectsModel
NOTIC: D方法实例化没找到模型类Common\Model\ChapterModel
NOTIC: D方法实例化没找到模型类Common\Model\AnswerModel

[ 2017-06-12T09:21:38+08:00 ] 115.33.48.151 /junwei/index.php?s=/Question/trueadd
NOTIC: D方法实例化没找到模型类Common\Model\SubjectsModel
NOTIC: D方法实例化没找到模型类Common\Model\ChapterModel
NOTIC: D方法实例化没找到模型类Common\Model\AnswerModel

[ 2017-06-12T09:21:43+08:00 ] 115.33.48.151 /junwei/index.php?s=/Question/true
NOTIC: D方法实例化没找到模型类Common\Model\SubjectsModel
NOTIC: D方法实例化没找到模型类Common\Model\ChapterModel
NOTIC: D方法实例化没找到模型类Common\Model\AnswerModel

[ 2017-06-12T09:22:17+08:00 ] 115.33.48.151 /junwei/index.php?s=/Admin/Question/true
NOTIC: D方法实例化没找到模型类Common\Model\SubjectsModel
NOTIC: D方法实例化没找到模型类Common\Model\ChapterModel
NOTIC: D方法实例化没找到模型类Common\Model\AnswerModel

[ 2017-06-12T09:22:25+08:00 ] 115.33.48.151 /junwei/index.php?s=/Question/truedelete/item_id/121
INFO: [ app_begin ] --START--
INFO: Run Behavior\ReadHtmlCacheBehavior [ RunTime:0.000021s ]
INFO: Run Behavior\CheckLangBehavior [ RunTime:0.000080s ]
INFO: Run Common\Behavior\UrldecodeGetBehavior [ RunTime:0.000035s ]
INFO: [ app_begin ] --END-- [ RunTime:0.000179s ]
INFO: [ admin_begin ] --START--
INFO: Run Common\Behavior\AdminDefaultLangBehavior [ RunTime:0.000052s ]
INFO: [ admin_begin ] --END-- [ RunTime:0.000067s ]
SQL: SHOW COLUMNS FROM `cmf_users` [ RunTime:0.0009s ]
SQL: SELECT * FROM `cmf_users` WHERE `id` = '20' LIMIT 1   [ RunTime:0.0005s ]
SQL: SHOW COLUMNS FROM `cmf_role_user` [ RunTime:0.0006s ]
SQL: SELECT `role_id` FROM cmf_role_user a INNER JOIN cmf_role as b on a.role_id =b.id  WHERE `user_id` = '20' AND `status` = 1  [ RunTime:0.0005s ]
SQL: SHOW COLUMNS FROM `cmf_itembank` [ RunTime:0.0007s ]
NOTIC: D方法实例化没找到模型类Common\Model\SubjectsModel
SQL: SHOW COLUMNS FROM `cmf_subjects` [ RunTime:0.0006s ]
NOTIC: D方法实例化没找到模型类Common\Model\ChapterModel
SQL: SHOW COLUMNS FROM `cmf_chapter` [ RunTime:0.0006s ]
SQL: SHOW COLUMNS FROM `cmf_option` [ RunTime:0.0006s ]
NOTIC: D方法实例化没找到模型类Common\Model\AnswerModel
SQL: SHOW COLUMNS FROM `cmf_answer` [ RunTime:0.0006s ]
SQL: DELETE FROM `cmf_itembank` WHERE ( item_id=121 ) [ RunTime:0.0005s ]
SQL: DELETE FROM `cmf_option` WHERE ( qid=121 ) [ RunTime:0.0045s ]
SQL: DELETE FROM `cmf_answer` WHERE ( qid=121 ) [ RunTime:0.0007s ]

[ 2017-06-12T09:22:49+08:00 ] 115.33.48.151 /junwei/index.php?s=/Admin/Question/true
NOTIC: D方法实例化没找到模型类Common\Model\SubjectsModel
NOTIC: D方法实例化没找到模型类Common\Model\ChapterModel
NOTIC: D方法实例化没找到模型类Common\Model\AnswerModel

[ 2017-06-12T09:22:50+08:00 ] 115.33.48.151 /junwei/index.php?s=/Question/truedelete/item_id/122
NOTIC: D方法实例化没找到模型类Common\Model\SubjectsModel
NOTIC: D方法实例化没找到模型类Common\Model\ChapterModel
NOTIC: D方法实例化没找到模型类Common\Model\AnswerModel

[ 2017-06-12T09:22:54+08:00 ] 115.33.48.151 /junwei/index.php?s=/Admin/Question/true
NOTIC: D方法实例化没找到模型类Common\Model\SubjectsModel
NOTIC: D方法实例化没找到模型类Common\Model\ChapterModel
NOTIC: D方法实例化没找到模型类Common\Model\AnswerModel

[ 2017-06-12T09:23:11+08:00 ] 115.33.48.151 /junwei/index.php?s=/Admin/Question/true
NOTIC: D方法实例化没找到模型类Common\Model\SubjectsModel
NOTIC: D方法实例化没找到模型类Common\Model\ChapterModel
NOTIC: D方法实例化没找到模型类Common\Model\AnswerModel

[ 2017-06-12T09:23:11+08:00 ] 115.33.48.151 /junwei/index.php?s=/Question/truedelete/item_id/123
NOTIC: D方法实例化没找到模型类Common\Model\SubjectsModel
NOTIC: D方法实例化没找到模型类Common\Model\ChapterModel
NOTIC: D方法实例化没找到模型类Common\Model\AnswerModel

[ 2017-06-12T09:23:55+08:00 ] 115.33.48.151 /junwei/index.php?s=/Admin/Question/true
NOTIC: D方法实例化没找到模型类Common\Model\SubjectsModel
NOTIC: D方法实例化没找到模型类Common\Model\ChapterModel
NOTIC: D方法实例化没找到模型类Common\Model\AnswerModel

[ 2017-06-12T09:23:58+08:00 ] 115.33.48.151 /junwei/index.php?s=/Question/truedelete/item_id/124
NOTIC: D方法实例化没找到模型类Common\Model\SubjectsModel
NOTIC: D方法实例化没找到模型类Common\Model\ChapterModel
NOTIC: D方法实例化没找到模型类Common\Model\AnswerModel

[ 2017-06-12T09:24:03+08:00 ] 115.33.48.151 /junwei/index.php?s=/Admin/Question/true
NOTIC: D方法实例化没找到模型类Common\Model\SubjectsModel
NOTIC: D方法实例化没找到模型类Common\Model\ChapterModel
NOTIC: D方法实例化没找到模型类Common\Model\AnswerModel

[ 2017-06-12T09:24:29+08:00 ] 115.33.48.151 /junwei/index.php?s=/Admin/Question/true
NOTIC: D方法实例化没找到模型类Common\Model\SubjectsModel
NOTIC: D方法实例化没找到模型类Common\Model\ChapterModel
NOTIC: D方法实例化没找到模型类Common\Model\AnswerModel

[ 2017-06-12T09:24:30+08:00 ] 115.33.48.151 /junwei/index.php?s=/Question/truedelete/item_id/127
NOTIC: D方法实例化没找到模型类Common\Model\SubjectsModel
NOTIC: D方法实例化没找到模型类Common\Model\ChapterModel
NOTIC: D方法实例化没找到模型类Common\Model\AnswerModel

[ 2017-06-12T09:24:31+08:00 ] 114.242.249.48 /junwei/Uploads/0
ERR: 无法加载控制器:Uploads

[ 2017-06-12T09:24:32+08:00 ] 114.242.249.48 /junwei/Uploads/0
ERR: 无法加载控制器:Uploads

[ 2017-06-12T09:24:52+08:00 ] 115.33.48.151 /junwei/Uploads/0
ERR: 无法加载控制器:Uploads

[ 2017-06-12T09:25:13+08:00 ] 115.33.48.151 /junwei/index.php?s=/Admin/Question/true
NOTIC: D方法实例化没找到模型类Common\Model\SubjectsModel
NOTIC: D方法实例化没找到模型类Common\Model\ChapterModel
NOTIC: D方法实例化没找到模型类Common\Model\AnswerModel

[ 2017-06-12T09:25:13+08:00 ] 115.33.48.151 /junwei/index.php?s=/Question/truedelete/item_id/128
NOTIC: D方法实例化没找到模型类Common\Model\SubjectsModel
NOTIC: D方法实例化没找到模型类Common\Model\ChapterModel
NOTIC: D方法实例化没找到模型类Common\Model\AnswerModel

[ 2017-06-12T09:25:18+08:00 ] 115.33.48.151 /junwei/Uploads/null
ERR: 无法加载控制器:Uploads

[ 2017-06-12T09:25:27+08:00 ] 115.33.48.151 /junwei/Uploads/null
ERR: 无法加载控制器:Uploads

[ 2017-06-12T09:25:47+08:00 ] 115.33.48.151 /junwei/Uploads/null
ERR: 无法加载控制器:Uploads

[ 2017-06-12T09:25:47+08:00 ] 115.33.48.151 /junwei/index.php?s=/Admin/Question/true
NOTIC: D方法实例化没找到模型类Common\Model\SubjectsModel
NOTIC: D方法实例化没找到模型类Common\Model\ChapterModel
NOTIC: D方法实例化没找到模型类Common\Model\AnswerModel

[ 2017-06-12T09:26:39+08:00 ] 115.33.48.151 /junwei/Uploads/null
ERR: 无法加载控制器:Uploads

[ 2017-06-12T09:27:00+08:00 ] 115.33.48.151 /junwei/Uploads/0
ERR: 无法加载控制器:Uploads

[ 2017-06-12T09:28:19+08:00 ] 115.33.48.151 /junwei/Uploads/0
ERR: 无法加载控制器:Uploads

[ 2017-06-12T09:28:20+08:00 ] 115.33.48.151 /junwei/Uploads/0
ERR: 无法加载控制器:Uploads

[ 2017-06-12T09:28:20+08:00 ] 115.33.48.151 /junwei/Uploads/0
ERR: 无法加载控制器:Uploads

[ 2017-06-12T09:28:33+08:00 ] 115.33.48.151 /junwei/Uploads/null
ERR: 无法加载控制器:Uploads

[ 2017-06-12T09:28:57+08:00 ] 115.33.48.151 /junwei/Uploads/null
ERR: 无法加载控制器:Uploads

[ 2017-06-12T09:30:26+08:00 ] 115.33.48.151 /junwei/Uploads/0
ERR: 无法加载控制器:Uploads

[ 2017-06-12T09:35:37+08:00 ] 115.33.48.151 /junwei/index.php?s=/public/dologin
INFO: [ app_begin ] --START--
INFO: Run Behavior\ReadHtmlCacheBehavior [ RunTime:0.000026s ]
INFO: Run Behavior\CheckLangBehavior [ RunTime:0.000091s ]
INFO: Run Common\Behavior\UrldecodeGetBehavior [ RunTime:0.000028s ]
INFO: [ app_begin ] --END-- [ RunTime:0.000222s ]
INFO: [ admin_begin ] --START--
INFO: Run Common\Behavior\AdminDefaultLangBehavior [ RunTime:0.000060s ]
INFO: [ admin_begin ] --END-- [ RunTime:0.000077s ]
SQL: SHOW COLUMNS FROM `cmf_users` [ RunTime:0.0009s ]
SQL: SELECT * FROM `cmf_users` WHERE `user_login` = 'admin' LIMIT 1   [ RunTime:0.0006s ]
SQL: SHOW COLUMNS FROM `cmf_role_user` [ RunTime:0.0006s ]
SQL: SELECT `role_id` FROM cmf_role_user a INNER JOIN cmf_role as b on a.role_id =b.id  WHERE `user_id` = '1' AND `status` = 1  [ RunTime:0.0005s ]
SQL: UPDATE `cmf_users` SET `user_login`='admin',`user_pass`='###e9a6a1b2c468c852c57c0d86674e1f9b',`user_nicename`='admin',`user_email`='1348779449@qq.com',`user_url`='',`avatar`=NULL,`sex`='0',`birthday`='2000-01-01',`signature`=NULL,`last_login_ip`='115.33.48.151',`last_login_time`='2017-06-12 09:35:37',`create_time`='2017-04-17 01:37:17',`user_activation_key`='',`user_status`='1',`score`='0',`user_type`='1',`coin`='0',`mobile`='',`token`='',`ctime`='0',`check`='0' WHERE `id` = '1' [ RunTime:0.0005s ]

[ 2017-06-12T09:41:09+08:00 ] 115.33.48.151 /junwei/index.php?s=/Admin/Question/itembank
NOTIC: D方法实例化没找到模型类Common\Model\SubjectsModel
NOTIC: D方法实例化没找到模型类Common\Model\ChapterModel
NOTIC: D方法实例化没找到模型类Common\Model\AnswerModel

[ 2017-06-12T09:41:27+08:00 ] 115.33.48.151 /junwei/Question/itembankedit?item_id=2117
NOTIC: D方法实例化没找到模型类Common\Model\SubjectsModel
NOTIC: D方法实例化没找到模型类Common\Model\ChapterModel
NOTIC: D方法实例化没找到模型类Common\Model\AnswerModel

[ 2017-06-12T09:44:40+08:00 ] 115.33.48.151 /junwei/index.php?s=/Question/truedelete/item_id/129
INFO: [ app_begin ] --START--
INFO: Run Behavior\ReadHtmlCacheBehavior [ RunTime:0.000021s ]
INFO: Run Behavior\CheckLangBehavior [ RunTime:0.000160s ]
INFO: Run Common\Behavior\UrldecodeGetBehavior [ RunTime:0.000031s ]
INFO: [ app_begin ] --END-- [ RunTime:0.000259s ]
INFO: [ admin_begin ] --START--
INFO: Run Common\Behavior\AdminDefaultLangBehavior [ RunTime:0.000063s ]
INFO: [ admin_begin ] --END-- [ RunTime:0.000081s ]
SQL: SHOW COLUMNS FROM `cmf_users` [ RunTime:0.0010s ]
SQL: SELECT * FROM `cmf_users` WHERE `id` = '20' LIMIT 1   [ RunTime:0.0007s ]
SQL: SHOW COLUMNS FROM `cmf_role_user` [ RunTime:0.0007s ]
SQL: SELECT `role_id` FROM cmf_role_user a INNER JOIN cmf_role as b on a.role_id =b.id  WHERE `user_id` = '20' AND `status` = 1  [ RunTime:0.0006s ]
SQL: SHOW COLUMNS FROM `cmf_itembank` [ RunTime:0.0008s ]
NOTIC: D方法实例化没找到模型类Common\Model\SubjectsModel
SQL: SHOW COLUMNS FROM `cmf_subjects` [ RunTime:0.0007s ]
NOTIC: D方法实例化没找到模型类Common\Model\ChapterModel
SQL: SHOW COLUMNS FROM `cmf_chapter` [ RunTime:0.0007s ]
SQL: SHOW COLUMNS FROM `cmf_option` [ RunTime:0.0009s ]
NOTIC: D方法实例化没找到模型类Common\Model\AnswerModel
SQL: SHOW COLUMNS FROM `cmf_answer` [ RunTime:0.0007s ]
SQL: DELETE FROM `cmf_itembank` WHERE ( item_id=129 ) [ RunTime:0.0006s ]
SQL: DELETE FROM `cmf_option` WHERE ( qid=129 ) [ RunTime:0.0047s ]
SQL: DELETE FROM `cmf_answer` WHERE ( qid=129 ) [ RunTime:0.0008s ]

[ 2017-06-12T09:45:10+08:00 ] 115.33.48.151 /junwei/Uploads/0
ERR: 无法加载控制器:Uploads

[ 2017-06-12T09:45:10+08:00 ] 115.33.48.151 /junwei/Uploads/0
ERR: 无法加载控制器:Uploads

[ 2017-06-12T09:45:47+08:00 ] 115.33.48.151 /junwei/index.php?s=/Admin/Question/true
NOTIC: D方法实例化没找到模型类Common\Model\SubjectsModel
NOTIC: D方法实例化没找到模型类Common\Model\ChapterModel
NOTIC: D方法实例化没找到模型类Common\Model\AnswerModel

[ 2017-06-12T09:49:44+08:00 ] 115.33.48.151 /junwei/Uploads/0
ERR: 无法加载控制器:Uploads

[ 2017-06-12T09:52:24+08:00 ] 115.33.48.151 /junwei/index.php?s=/Question/truedelete/item_id/130
INFO: [ app_begin ] --START--
INFO: Run Behavior\ReadHtmlCacheBehavior [ RunTime:0.000021s ]
INFO: Run Behavior\CheckLangBehavior [ RunTime:0.000084s ]
INFO: Run Common\Behavior\UrldecodeGetBehavior [ RunTime:0.000026s ]
INFO: [ app_begin ] --END-- [ RunTime:0.000175s ]
INFO: [ admin_begin ] --START--
INFO: Run Common\Behavior\AdminDefaultLangBehavior [ RunTime:0.000055s ]
INFO: [ admin_begin ] --END-- [ RunTime:0.000090s ]
SQL: SHOW COLUMNS FROM `cmf_users` [ RunTime:0.0009s ]
SQL: SELECT * FROM `cmf_users` WHERE `id` = '20' LIMIT 1   [ RunTime:0.0006s ]
SQL: SHOW COLUMNS FROM `cmf_role_user` [ RunTime:0.0007s ]
SQL: SELECT `role_id` FROM cmf_role_user a INNER JOIN cmf_role as b on a.role_id =b.id  WHERE `user_id` = '20' AND `status` = 1  [ RunTime:0.0006s ]
SQL: SHOW COLUMNS FROM `cmf_itembank` [ RunTime:0.0007s ]
NOTIC: D方法实例化没找到模型类Common\Model\SubjectsModel
SQL: SHOW COLUMNS FROM `cmf_subjects` [ RunTime:0.0007s ]
NOTIC: D方法实例化没找到模型类Common\Model\ChapterModel
SQL: SHOW COLUMNS FROM `cmf_chapter` [ RunTime:0.0007s ]
SQL: SHOW COLUMNS FROM `cmf_option` [ RunTime:0.0007s ]
NOTIC: D方法实例化没找到模型类Common\Model\AnswerModel
SQL: SHOW COLUMNS FROM `cmf_answer` [ RunTime:0.0006s ]
SQL: DELETE FROM `cmf_itembank` WHERE ( item_id=130 ) [ RunTime:0.0006s ]
SQL: DELETE FROM `cmf_option` WHERE ( qid=130 ) [ RunTime:0.0047s ]
SQL: DELETE FROM `cmf_answer` WHERE ( qid=130 ) [ RunTime:0.0007s ]

[ 2017-06-12T09:52:33+08:00 ] 115.33.48.151 /junwei/index.php?s=/Admin/Question/true
NOTIC: D方法实例化没找到模型类Common\Model\SubjectsModel
NOTIC: D方法实例化没找到模型类Common\Model\ChapterModel
NOTIC: D方法实例化没找到模型类Common\Model\AnswerModel

[ 2017-06-12T09:53:02+08:00 ] 115.33.48.151 /junwei/index.php?s=/Admin/Question/true
NOTIC: D方法实例化没找到模型类Common\Model\SubjectsModel
NOTIC: D方法实例化没找到模型类Common\Model\ChapterModel
NOTIC: D方法实例化没找到模型类Common\Model\AnswerModel

[ 2017-06-12T09:59:58+08:00 ] 115.33.48.151 /junwei/index.php?s=/Question/truedelete/item_id/311
INFO: [ app_begin ] --START--
INFO: Run Behavior\ReadHtmlCacheBehavior [ RunTime:0.000027s ]
INFO: Run Behavior\CheckLangBehavior [ RunTime:0.000091s ]
INFO: Run Common\Behavior\UrldecodeGetBehavior [ RunTime:0.000031s ]
INFO: [ app_begin ] --END-- [ RunTime:0.000199s ]
INFO: [ admin_begin ] --START--
INFO: Run Common\Behavior\AdminDefaultLangBehavior [ RunTime:0.000058s ]
INFO: [ admin_begin ] --END-- [ RunTime:0.000074s ]
SQL: SHOW COLUMNS FROM `cmf_users` [ RunTime:0.0010s ]
SQL: SELECT * FROM `cmf_users` WHERE `id` = '20' LIMIT 1   [ RunTime:0.0006s ]
SQL: SHOW COLUMNS FROM `cmf_role_user` [ RunTime:0.0007s ]
SQL: SELECT `role_id` FROM cmf_role_user a INNER JOIN cmf_role as b on a.role_id =b.id  WHERE `user_id` = '20' AND `status` = 1  [ RunTime:0.0006s ]
SQL: SHOW COLUMNS FROM `cmf_itembank` [ RunTime:0.0008s ]
NOTIC: D方法实例化没找到模型类Common\Model\SubjectsModel
SQL: SHOW COLUMNS FROM `cmf_subjects` [ RunTime:0.0007s ]
NOTIC: D方法实例化没找到模型类Common\Model\ChapterModel
SQL: SHOW COLUMNS FROM `cmf_chapter` [ RunTime:0.0007s ]
SQL: SHOW COLUMNS FROM `cmf_option` [ RunTime:0.0007s ]
NOTIC: D方法实例化没找到模型类Common\Model\AnswerModel
SQL: SHOW COLUMNS FROM `cmf_answer` [ RunTime:0.0007s ]
SQL: DELETE FROM `cmf_itembank` WHERE ( item_id=311 ) [ RunTime:0.0006s ]
SQL: DELETE FROM `cmf_option` WHERE ( qid=311 ) [ RunTime:0.0047s ]
SQL: DELETE FROM `cmf_answer` WHERE ( qid=311 ) [ RunTime:0.0008s ]

[ 2017-06-12T10:00:20+08:00 ] 115.33.48.151 /junwei/index.php?s=/Admin/Question/true
NOTIC: D方法实例化没找到模型类Common\Model\SubjectsModel
NOTIC: D方法实例化没找到模型类Common\Model\ChapterModel
NOTIC: D方法实例化没找到模型类Common\Model\AnswerModel

[ 2017-06-12T10:01:17+08:00 ] 115.33.48.151 /junwei/index.php?s=/Question/truedelete/item_id/309
INFO: [ app_begin ] --START--
INFO: Run Behavior\ReadHtmlCacheBehavior [ RunTime:0.000026s ]
INFO: Run Behavior\CheckLangBehavior [ RunTime:0.000091s ]
INFO: Run Common\Behavior\UrldecodeGetBehavior [ RunTime:0.000030s ]
INFO: [ app_begin ] --END-- [ RunTime:0.000199s ]
INFO: [ admin_begin ] --START--
INFO: Run Common\Behavior\AdminDefaultLangBehavior [ RunTime:0.000060s ]
INFO: [ admin_begin ] --END-- [ RunTime:0.000077s ]
SQL: SHOW COLUMNS FROM `cmf_users` [ RunTime:0.0009s ]
SQL: SELECT * FROM `cmf_users` WHERE `id` = '20' LIMIT 1   [ RunTime:0.0006s ]
SQL: SHOW COLUMNS FROM `cmf_role_user` [ RunTime:0.0006s ]
SQL: SELECT `role_id` FROM cmf_role_user a INNER JOIN cmf_role as b on a.role_id =b.id  WHERE `user_id` = '20' AND `status` = 1  [ RunTime:0.0006s ]
SQL: SHOW COLUMNS FROM `cmf_itembank` [ RunTime:0.0007s ]
NOTIC: D方法实例化没找到模型类Common\Model\SubjectsModel
SQL: SHOW COLUMNS FROM `cmf_subjects` [ RunTime:0.0006s ]
NOTIC: D方法实例化没找到模型类Common\Model\ChapterModel
SQL: SHOW COLUMNS FROM `cmf_chapter` [ RunTime:0.0006s ]
SQL: SHOW COLUMNS FROM `cmf_option` [ RunTime:0.0007s ]
NOTIC: D方法实例化没找到模型类Common\Model\AnswerModel
SQL: SHOW COLUMNS FROM `cmf_answer` [ RunTime:0.0006s ]
SQL: DELETE FROM `cmf_itembank` WHERE ( item_id=309 ) [ RunTime:0.0005s ]
SQL: DELETE FROM `cmf_option` WHERE ( qid=309 ) [ RunTime:0.0046s ]
SQL: DELETE FROM `cmf_answer` WHERE ( qid=309 ) [ RunTime:0.0007s ]

[ 2017-06-12T10:01:44+08:00 ] 115.33.48.151 /junwei/index.php?s=/Admin/Question/true
NOTIC: D方法实例化没找到模型类Common\Model\SubjectsModel
NOTIC: D方法实例化没找到模型类Common\Model\ChapterModel
NOTIC: D方法实例化没找到模型类Common\Model\AnswerModel

[ 2017-06-12T10:13:45+08:00 ] 115.33.48.151 /junwei/index.php?s=/Question/trueedit/item_id/317
NOTIC: D方法实例化没找到模型类Common\Model\SubjectsModel
NOTIC: D方法实例化没找到模型类Common\Model\ChapterModel
NOTIC: D方法实例化没找到模型类Common\Model\AnswerModel

[ 2017-06-12T10:13:56+08:00 ] 115.33.48.151 /junwei/index.php?s=/Question/trueedit_post
NOTIC: D方法实例化没找到模型类Common\Model\SubjectsModel
NOTIC: D方法实例化没找到模型类Common\Model\ChapterModel
NOTIC: D方法实例化没找到模型类Common\Model\AnswerModel

[ 2017-06-12T10:14:17+08:00 ] 115.33.48.151 /junwei/index.php?s=/Question/true
NOTIC: D方法实例化没找到模型类Common\Model\SubjectsModel
NOTIC: D方法实例化没找到模型类Common\Model\ChapterModel
NOTIC: D方法实例化没找到模型类Common\Model\AnswerModel

[ 2017-06-12T10:15:15+08:00 ] 115.33.48.151 /junwei/Uploads/0
ERR: 无法加载控制器:Uploads

[ 2017-06-12T10:17:15+08:00 ] 115.33.48.151 /junwei/Uploads/0
ERR: 无法加载控制器:Uploads

[ 2017-06-12T10:19:55+08:00 ] 115.33.48.151 /junwei/Uploads/0
ERR: 无法加载控制器:Uploads

[ 2017-06-12T10:19:55+08:00 ] 115.33.48.151 /junwei/Uploads/0
ERR: 无法加载控制器:Uploads

[ 2017-06-12T10:22:25+08:00 ] 115.33.48.151 /junwei/Uploads/0
ERR: 无法加载控制器:Uploads

[ 2017-06-12T10:22:27+08:00 ] 115.33.48.151 /junwei/Uploads/0
ERR: 无法加载控制器:Uploads

[ 2017-06-12T10:38:36+08:00 ] 115.33.48.151 /junwei/Uploads/0
ERR: 无法加载控制器:Uploads

[ 2017-06-12T10:41:49+08:00 ] 115.33.48.151 /junwei/Uploads/0
ERR: 无法加载控制器:Uploads

[ 2017-06-12T10:42:44+08:00 ] 115.33.48.151 /junwei/Uploads/0
ERR: 无法加载控制器:Uploads

[ 2017-06-12T10:55:04+08:00 ] 115.33.48.151 /junwei/index.php?s=/Question/trueadd
NOTIC: D方法实例化没找到模型类Common\Model\SubjectsModel
NOTIC: D方法实例化没找到模型类Common\Model\ChapterModel
NOTIC: D方法实例化没找到模型类Common\Model\AnswerModel

[ 2017-06-12T10:56:02+08:00 ] 115.33.48.151 /junwei/Uploads/0
ERR: 无法加载控制器:Uploads

[ 2017-06-12T10:57:23+08:00 ] 115.33.48.151 /junwei/index.php?s=/Question/trueadd_post
NOTIC: D方法实例化没找到模型类Common\Model\SubjectsModel
NOTIC: D方法实例化没找到模型类Common\Model\ChapterModel
NOTIC: D方法实例化没找到模型类Common\Model\AnswerModel

[ 2017-06-12T10:57:26+08:00 ] 115.33.48.151 /junwei/index.php?s=/Question/true
NOTIC: D方法实例化没找到模型类Common\Model\SubjectsModel
NOTIC: D方法实例化没找到模型类Common\Model\ChapterModel
NOTIC: D方法实例化没找到模型类Common\Model\AnswerModel

[ 2017-06-12T10:57:42+08:00 ] 115.33.48.151 /junwei/index.php?s=/Question/true
NOTIC: D方法实例化没找到模型类Common\Model\SubjectsModel
NOTIC: D方法实例化没找到模型类Common\Model\ChapterModel
NOTIC: D方法实例化没找到模型类Common\Model\AnswerModel

[ 2017-06-12T11:03:16+08:00 ] 115.33.48.151 /junwei/index.php?s=/Question/trueadd
NOTIC: D方法实例化没找到模型类Common\Model\SubjectsModel
NOTIC: D方法实例化没找到模型类Common\Model\ChapterModel
NOTIC: D方法实例化没找到模型类Common\Model\AnswerModel

[ 2017-06-12T11:05:03+08:00 ] 115.33.48.151 /junwei/index.php?s=/Question/trueadd_post
NOTIC: D方法实例化没找到模型类Common\Model\SubjectsModel
NOTIC: D方法实例化没找到模型类Common\Model\ChapterModel
NOTIC: D方法实例化没找到模型类Common\Model\AnswerModel

[ 2017-06-12T11:05:09+08:00 ] 115.33.48.151 /junwei/index.php?s=/Question/true
NOTIC: D方法实例化没找到模型类Common\Model\SubjectsModel
NOTIC: D方法实例化没找到模型类Common\Model\ChapterModel
NOTIC: D方法实例化没找到模型类Common\Model\AnswerModel

[ 2017-06-12T11:05:24+08:00 ] 115.33.48.151 /junwei/index.php?s=/Question/true
NOTIC: D方法实例化没找到模型类Common\Model\SubjectsModel
NOTIC: D方法实例化没找到模型类Common\Model\ChapterModel
NOTIC: D方法实例化没找到模型类Common\Model\AnswerModel

[ 2017-06-12T11:08:24+08:00 ] 115.33.48.151 /junwei/index.php?s=/Question/trueadd
NOTIC: D方法实例化没找到模型类Common\Model\SubjectsModel
NOTIC: D方法实例化没找到模型类Common\Model\ChapterModel
NOTIC: D方法实例化没找到模型类Common\Model\AnswerModel

[ 2017-06-12T11:13:08+08:00 ] 115.33.48.151 /junwei/Uploads/0
ERR: 无法加载控制器:Uploads

[ 2017-06-12T11:17:25+08:00 ] 115.33.48.151 /junwei/Uploads/0
ERR: 无法加载控制器:Uploads

[ 2017-06-12T11:18:51+08:00 ] 115.33.48.151 /junwei/index.php?s=/Admin/Question/true
NOTIC: D方法实例化没找到模型类Common\Model\SubjectsModel
NOTIC: D方法实例化没找到模型类Common\Model\ChapterModel
NOTIC: D方法实例化没找到模型类Common\Model\AnswerModel

[ 2017-06-12T11:18:51+08:00 ] 115.33.48.151 /junwei/index.php?s=/Question/trueadd
NOTIC: D方法实例化没找到模型类Common\Model\SubjectsModel
NOTIC: D方法实例化没找到模型类Common\Model\ChapterModel
NOTIC: D方法实例化没找到模型类Common\Model\AnswerModel

[ 2017-06-12T11:20:58+08:00 ] 115.33.48.151 /junwei/index.php?s=/Question/trueadd_post
NOTIC: D方法实例化没找到模型类Common\Model\SubjectsModel
NOTIC: D方法实例化没找到模型类Common\Model\ChapterModel
NOTIC: D方法实例化没找到模型类Common\Model\AnswerModel

[ 2017-06-12T11:21:09+08:00 ] 115.33.48.151 /junwei/index.php?s=/Question/true
NOTIC: D方法实例化没找到模型类Common\Model\SubjectsModel
NOTIC: D方法实例化没找到模型类Common\Model\ChapterModel
NOTIC: D方法实例化没找到模型类Common\Model\AnswerModel

[ 2017-06-12T11:21:27+08:00 ] 115.33.48.151 /junwei/index.php?s=/Question/true
NOTIC: D方法实例化没找到模型类Common\Model\SubjectsModel
NOTIC: D方法实例化没找到模型类Common\Model\ChapterModel
NOTIC: D方法实例化没找到模型类Common\Model\AnswerModel

[ 2017-06-12T11:23:42+08:00 ] 115.33.48.151 /junwei/index.php?s=/Question/trueadd
NOTIC: D方法实例化没找到模型类Common\Model\SubjectsModel
NOTIC: D方法实例化没找到模型类Common\Model\ChapterModel
NOTIC: D方法实例化没找到模型类Common\Model\AnswerModel

[ 2017-06-12T11:26:00+08:00 ] 115.33.48.151 /junwei/index.php?s=/Question/trueadd_post
NOTIC: D方法实例化没找到模型类Common\Model\SubjectsModel
NOTIC: D方法实例化没找到模型类Common\Model\ChapterModel
NOTIC: D方法实例化没找到模型类Common\Model\AnswerModel

[ 2017-06-12T11:26:12+08:00 ] 114.242.249.210 /junwei/Uploads/0
ERR: 无法加载控制器:Uploads

[ 2017-06-12T11:26:12+08:00 ] 114.242.249.210 /junwei/Uploads/0
ERR: 无法加载控制器:Uploads

[ 2017-06-12T11:26:25+08:00 ] 115.33.48.151 /junwei/index.php?s=/Question/true
NOTIC: D方法实例化没找到模型类Common\Model\SubjectsModel
NOTIC: D方法实例化没找到模型类Common\Model\ChapterModel
NOTIC: D方法实例化没找到模型类Common\Model\AnswerModel

[ 2017-06-12T11:26:50+08:00 ] 115.33.48.151 /junwei/index.php?s=/Question/trueadd
NOTIC: D方法实例化没找到模型类Common\Model\SubjectsModel
NOTIC: D方法实例化没找到模型类Common\Model\ChapterModel
NOTIC: D方法实例化没找到模型类Common\Model\AnswerModel

[ 2017-06-12T11:28:53+08:00 ] 115.33.48.151 /junwei/index.php?s=/Question/trueadd_post
NOTIC: D方法实例化没找到模型类Common\Model\SubjectsModel
NOTIC: D方法实例化没找到模型类Common\Model\ChapterModel
NOTIC: D方法实例化没找到模型类Common\Model\AnswerModel

[ 2017-06-12T11:28:56+08:00 ] 115.33.48.151 /junwei/index.php?s=/Question/true
NOTIC: D方法实例化没找到模型类Common\Model\SubjectsModel
NOTIC: D方法实例化没找到模型类Common\Model\ChapterModel
NOTIC: D方法实例化没找到模型类Common\Model\AnswerModel

[ 2017-06-12T11:28:57+08:00 ] 115.33.48.151 /junwei/index.php?s=/Question/trueadd
NOTIC: D方法实例化没找到模型类Common\Model\SubjectsModel
NOTIC: D方法实例化没找到模型类Common\Model\ChapterModel
NOTIC: D方法实例化没找到模型类Common\Model\AnswerModel

[ 2017-06-12T11:29:54+08:00 ] 114.242.249.210 /junwei/Uploads/0
ERR: 无法加载控制器:Uploads

[ 2017-06-12T11:29:54+08:00 ] 114.242.249.210 /junwei/Uploads/0
ERR: 无法加载控制器:Uploads

[ 2017-06-12T11:32:38+08:00 ] 114.242.249.210 /junwei/Uploads/0
ERR: 无法加载控制器:Uploads

[ 2017-06-12T11:35:42+08:00 ] 114.242.249.210 /junwei/Uploads/0
ERR: 无法加载控制器:Uploads

[ 2017-06-12T11:36:36+08:00 ] 115.33.48.151 /junwei/index.php?s=/Question/trueadd_post
NOTIC: D方法实例化没找到模型类Common\Model\SubjectsModel
NOTIC: D方法实例化没找到模型类Common\Model\ChapterModel
NOTIC: D方法实例化没找到模型类Common\Model\AnswerModel

[ 2017-06-12T11:36:40+08:00 ] 115.33.48.151 /junwei/index.php?s=/Question/true
NOTIC: D方法实例化没找到模型类Common\Model\SubjectsModel
NOTIC: D方法实例化没找到模型类Common\Model\ChapterModel
NOTIC: D方法实例化没找到模型类Common\Model\AnswerModel

[ 2017-06-12T11:37:23+08:00 ] 115.33.48.151 /junwei/index.php?s=/Question/true
NOTIC: D方法实例化没找到模型类Common\Model\SubjectsModel
NOTIC: D方法实例化没找到模型类Common\Model\ChapterModel
NOTIC: D方法实例化没找到模型类Common\Model\AnswerModel

[ 2017-06-12T11:37:30+08:00 ] 115.33.48.151 /junwei/index.php?s=/Question/trueedit/item_id/3660
NOTIC: D方法实例化没找到模型类Common\Model\SubjectsModel
NOTIC: D方法实例化没找到模型类Common\Model\ChapterModel
NOTIC: D方法实例化没找到模型类Common\Model\AnswerModel

[ 2017-06-12T11:37:37+08:00 ] 115.33.48.151 /junwei/index.php?s=/Question/trueedit_post
NOTIC: D方法实例化没找到模型类Common\Model\SubjectsModel
NOTIC: D方法实例化没找到模型类Common\Model\ChapterModel
NOTIC: D方法实例化没找到模型类Common\Model\AnswerModel

[ 2017-06-12T11:37:41+08:00 ] 115.33.48.151 /junwei/index.php?s=/Question/true
NOTIC: D方法实例化没找到模型类Common\Model\SubjectsModel
NOTIC: D方法实例化没找到模型类Common\Model\ChapterModel
NOTIC: D方法实例化没找到模型类Common\Model\AnswerModel

[ 2017-06-12T11:37:59+08:00 ] 115.33.48.151 /junwei/index.php?s=/Question/true
NOTIC: D方法实例化没找到模型类Common\Model\SubjectsModel
NOTIC: D方法实例化没找到模型类Common\Model\ChapterModel
NOTIC: D方法实例化没找到模型类Common\Model\AnswerModel

[ 2017-06-12T12:52:44+08:00 ] 115.33.48.151 /junwei/index.php?s=/Question/truedelete/item_id/3660
INFO: [ app_begin ] --START--
INFO: Run Behavior\ReadHtmlCacheBehavior [ RunTime:0.000024s ]
INFO: Run Behavior\CheckLangBehavior [ RunTime:0.000178s ]
INFO: Run Common\Behavior\UrldecodeGetBehavior [ RunTime:0.000035s ]
INFO: [ app_begin ] --END-- [ RunTime:0.000290s ]
INFO: [ admin_begin ] --START--
INFO: Run Common\Behavior\AdminDefaultLangBehavior [ RunTime:0.000072s ]
INFO: [ admin_begin ] --END-- [ RunTime:0.000088s ]
SQL: SHOW COLUMNS FROM `cmf_users` [ RunTime:0.0011s ]
SQL: SELECT * FROM `cmf_users` WHERE `id` = '20' LIMIT 1   [ RunTime:0.0007s ]
SQL: SHOW COLUMNS FROM `cmf_role_user` [ RunTime:0.0008s ]
SQL: SELECT `role_id` FROM cmf_role_user a INNER JOIN cmf_role as b on a.role_id =b.id  WHERE `user_id` = '20' AND `status` = 1  [ RunTime:0.0007s ]
SQL: SHOW COLUMNS FROM `cmf_itembank` [ RunTime:0.0008s ]
NOTIC: D方法实例化没找到模型类Common\Model\SubjectsModel
SQL: SHOW COLUMNS FROM `cmf_subjects` [ RunTime:0.0008s ]
NOTIC: D方法实例化没找到模型类Common\Model\ChapterModel
SQL: SHOW COLUMNS FROM `cmf_chapter` [ RunTime:0.0008s ]
SQL: SHOW COLUMNS FROM `cmf_option` [ RunTime:0.0007s ]
NOTIC: D方法实例化没找到模型类Common\Model\AnswerModel
SQL: SHOW COLUMNS FROM `cmf_answer` [ RunTime:0.0007s ]
SQL: DELETE FROM `cmf_itembank` WHERE ( item_id=3660 ) [ RunTime:0.0006s ]
SQL: DELETE FROM `cmf_option` WHERE ( qid=3660 ) [ RunTime:0.0047s ]
SQL: DELETE FROM `cmf_answer` WHERE ( qid=3660 ) [ RunTime:0.0008s ]

[ 2017-06-12T12:52:53+08:00 ] 115.33.48.151 /junwei/index.php?s=/Question/true
NOTIC: D方法实例化没找到模型类Common\Model\SubjectsModel
NOTIC: D方法实例化没找到模型类Common\Model\ChapterModel
NOTIC: D方法实例化没找到模型类Common\Model\AnswerModel

[ 2017-06-12T12:56:19+08:00 ] 115.33.48.151 /junwei/index.php?s=/Question/trueadd
NOTIC: D方法实例化没找到模型类Common\Model\SubjectsModel
NOTIC: D方法实例化没找到模型类Common\Model\ChapterModel
NOTIC: D方法实例化没找到模型类Common\Model\AnswerModel

[ 2017-06-12T12:59:49+08:00 ] 115.33.48.151 /junwei/index.php?s=/Question/trueadd_post
NOTIC: D方法实例化没找到模型类Common\Model\SubjectsModel
NOTIC: D方法实例化没找到模型类Common\Model\ChapterModel
NOTIC: D方法实例化没找到模型类Common\Model\AnswerModel

[ 2017-06-12T13:00:06+08:00 ] 115.33.48.151 /junwei/index.php?s=/Question/true
NOTIC: D方法实例化没找到模型类Common\Model\SubjectsModel
NOTIC: D方法实例化没找到模型类Common\Model\ChapterModel
NOTIC: D方法实例化没找到模型类Common\Model\AnswerModel

[ 2017-06-12T13:10:23+08:00 ] 115.33.48.151 /junwei/index.php?s=/Question/trueedit/item_id/1190
NOTIC: D方法实例化没找到模型类Common\Model\SubjectsModel
NOTIC: D方法实例化没找到模型类Common\Model\ChapterModel
NOTIC: D方法实例化没找到模型类Common\Model\AnswerModel

[ 2017-06-12T13:10:30+08:00 ] 115.33.48.151 /junwei/index.php?s=/Question/trueedit_post
NOTIC: D方法实例化没找到模型类Common\Model\SubjectsModel
NOTIC: D方法实例化没找到模型类Common\Model\ChapterModel
NOTIC: D方法实例化没找到模型类Common\Model\AnswerModel

[ 2017-06-12T13:10:42+08:00 ] 115.33.48.151 /junwei/index.php?s=/Question/true
NOTIC: D方法实例化没找到模型类Common\Model\SubjectsModel
NOTIC: D方法实例化没找到模型类Common\Model\ChapterModel
NOTIC: D方法实例化没找到模型类Common\Model\AnswerModel

[ 2017-06-12T13:17:04+08:00 ] 115.33.48.151 /junwei/index.php?s=/Question/trueadd
NOTIC: D方法实例化没找到模型类Common\Model\SubjectsModel
NOTIC: D方法实例化没找到模型类Common\Model\ChapterModel
NOTIC: D方法实例化没找到模型类Common\Model\AnswerModel

[ 2017-06-12T13:18:25+08:00 ] 115.33.48.151 /junwei/index.php?s=/Question/trueadd_post
NOTIC: D方法实例化没找到模型类Common\Model\SubjectsModel
NOTIC: D方法实例化没找到模型类Common\Model\ChapterModel
NOTIC: D方法实例化没找到模型类Common\Model\AnswerModel

[ 2017-06-12T13:18:43+08:00 ] 115.33.48.151 /junwei/index.php?s=/Question/true
NOTIC: D方法实例化没找到模型类Common\Model\SubjectsModel
NOTIC: D方法实例化没找到模型类Common\Model\ChapterModel
NOTIC: D方法实例化没找到模型类Common\Model\AnswerModel

[ 2017-06-12T13:20:05+08:00 ] 115.33.48.151 /junwei/index.php?s=/Question/trueadd
NOTIC: D方法实例化没找到模型类Common\Model\SubjectsModel
NOTIC: D方法实例化没找到模型类Common\Model\ChapterModel
NOTIC: D方法实例化没找到模型类Common\Model\AnswerModel

[ 2017-06-12T13:21:23+08:00 ] 115.33.48.151 /junwei/index.php?s=/Question/trueadd_post
NOTIC: D方法实例化没找到模型类Common\Model\SubjectsModel
NOTIC: D方法实例化没找到模型类Common\Model\ChapterModel
NOTIC: D方法实例化没找到模型类Common\Model\AnswerModel

[ 2017-06-12T13:21:27+08:00 ] 115.33.48.151 /junwei/index.php?s=/Question/true
NOTIC: D方法实例化没找到模型类Common\Model\SubjectsModel
NOTIC: D方法实例化没找到模型类Common\Model\ChapterModel
NOTIC: D方法实例化没找到模型类Common\Model\AnswerModel

[ 2017-06-12T13:21:37+08:00 ] 115.33.48.151 /junwei/index.php?s=/Question/true
NOTIC: D方法实例化没找到模型类Common\Model\SubjectsModel
NOTIC: D方法实例化没找到模型类Common\Model\ChapterModel
NOTIC: D方法实例化没找到模型类Common\Model\AnswerModel

[ 2017-06-12T13:33:05+08:00 ] 115.33.48.151 /junwei/index.php?s=/Question/trueedit/item_id/1750
NOTIC: D方法实例化没找到模型类Common\Model\SubjectsModel
NOTIC: D方法实例化没找到模型类Common\Model\ChapterModel
NOTIC: D方法实例化没找到模型类Common\Model\AnswerModel

[ 2017-06-12T13:33:12+08:00 ] 115.33.48.151 /junwei/index.php?s=/Question/trueedit_post
NOTIC: D方法实例化没找到模型类Common\Model\SubjectsModel
NOTIC: D方法实例化没找到模型类Common\Model\ChapterModel
NOTIC: D方法实例化没找到模型类Common\Model\AnswerModel

[ 2017-06-12T13:33:16+08:00 ] 115.33.48.151 /junwei/index.php?s=/Question/true
NOTIC: D方法实例化没找到模型类Common\Model\SubjectsModel
NOTIC: D方法实例化没找到模型类Common\Model\ChapterModel
NOTIC: D方法实例化没找到模型类Common\Model\AnswerModel

[ 2017-06-12T13:33:31+08:00 ] 115.33.48.151 /junwei/index.php?s=/Question/true
NOTIC: D方法实例化没找到模型类Common\Model\SubjectsModel
NOTIC: D方法实例化没找到模型类Common\Model\ChapterModel
NOTIC: D方法实例化没找到模型类Common\Model\AnswerModel

[ 2017-06-12T13:39:00+08:00 ] 115.33.48.151 /junwei/index.php?s=/Question/trueedit/item_id/1673
NOTIC: D方法实例化没找到模型类Common\Model\SubjectsModel
NOTIC: D方法实例化没找到模型类Common\Model\ChapterModel
NOTIC: D方法实例化没找到模型类Common\Model\AnswerModel

[ 2017-06-12T13:39:06+08:00 ] 115.33.48.151 /junwei/index.php?s=/Question/trueedit_post
NOTIC: D方法实例化没找到模型类Common\Model\SubjectsModel
NOTIC: D方法实例化没找到模型类Common\Model\ChapterModel
NOTIC: D方法实例化没找到模型类Common\Model\AnswerModel

[ 2017-06-12T13:39:18+08:00 ] 115.33.48.151 /junwei/index.php?s=/Question/true
NOTIC: D方法实例化没找到模型类Common\Model\SubjectsModel
NOTIC: D方法实例化没找到模型类Common\Model\ChapterModel
NOTIC: D方法实例化没找到模型类Common\Model\AnswerModel

[ 2017-06-12T14:10:11+08:00 ] 115.33.48.151 /junwei/index.php?s=/Question/truedelete/item_id/1116
INFO: [ app_begin ] --START--
INFO: Run Behavior\ReadHtmlCacheBehavior [ RunTime:0.000020s ]
INFO: Run Behavior\CheckLangBehavior [ RunTime:0.000172s ]
INFO: Run Common\Behavior\UrldecodeGetBehavior [ RunTime:0.000033s ]
INFO: [ app_begin ] --END-- [ RunTime:0.000274s ]
INFO: [ admin_begin ] --START--
INFO: Run Common\Behavior\AdminDefaultLangBehavior [ RunTime:0.000066s ]
INFO: [ admin_begin ] --END-- [ RunTime:0.000084s ]
SQL: SHOW COLUMNS FROM `cmf_users` [ RunTime:0.0010s ]
SQL: SELECT * FROM `cmf_users` WHERE `id` = '20' LIMIT 1   [ RunTime:0.0006s ]
SQL: SHOW COLUMNS FROM `cmf_role_user` [ RunTime:0.0007s ]
SQL: SELECT `role_id` FROM cmf_role_user a INNER JOIN cmf_role as b on a.role_id =b.id  WHERE `user_id` = '20' AND `status` = 1  [ RunTime:0.0006s ]
SQL: SHOW COLUMNS FROM `cmf_itembank` [ RunTime:0.0008s ]
NOTIC: D方法实例化没找到模型类Common\Model\SubjectsModel
SQL: SHOW COLUMNS FROM `cmf_subjects` [ RunTime:0.0007s ]
NOTIC: D方法实例化没找到模型类Common\Model\ChapterModel
SQL: SHOW COLUMNS FROM `cmf_chapter` [ RunTime:0.0007s ]
SQL: SHOW COLUMNS FROM `cmf_option` [ RunTime:0.0007s ]
NOTIC: D方法实例化没找到模型类Common\Model\AnswerModel
SQL: SHOW COLUMNS FROM `cmf_answer` [ RunTime:0.0007s ]
SQL: DELETE FROM `cmf_itembank` WHERE ( item_id=1116 ) [ RunTime:0.0005s ]
SQL: DELETE FROM `cmf_option` WHERE ( qid=1116 ) [ RunTime:0.0046s ]
SQL: DELETE FROM `cmf_answer` WHERE ( qid=1116 ) [ RunTime:0.0007s ]

[ 2017-06-12T14:10:21+08:00 ] 115.33.48.151 /junwei/index.php?s=/Question/true
NOTIC: D方法实例化没找到模型类Common\Model\SubjectsModel
NOTIC: D方法实例化没找到模型类Common\Model\ChapterModel
NOTIC: D方法实例化没找到模型类Common\Model\AnswerModel

[ 2017-06-12T14:20:33+08:00 ] 115.33.48.151 /junwei/index.php?s=/public/dologin
INFO: [ app_begin ] --START--
INFO: Run Behavior\ReadHtmlCacheBehavior [ RunTime:0.000017s ]
INFO: Run Behavior\CheckLangBehavior [ RunTime:0.000085s ]
INFO: Run Common\Behavior\UrldecodeGetBehavior [ RunTime:0.000023s ]
INFO: [ app_begin ] --END-- [ RunTime:0.000169s ]
INFO: [ admin_begin ] --START--
INFO: Run Common\Behavior\AdminDefaultLangBehavior [ RunTime:0.000055s ]
INFO: [ admin_begin ] --END-- [ RunTime:0.000070s ]
SQL: SHOW COLUMNS FROM `cmf_users` [ RunTime:0.0010s ]
SQL: SELECT * FROM `cmf_users` WHERE `user_login` = 'admin' LIMIT 1   [ RunTime:0.0007s ]
SQL: SHOW COLUMNS FROM `cmf_role_user` [ RunTime:0.0007s ]
SQL: SELECT `role_id` FROM cmf_role_user a INNER JOIN cmf_role as b on a.role_id =b.id  WHERE `user_id` = '1' AND `status` = 1  [ RunTime:0.0006s ]
SQL: UPDATE `cmf_users` SET `user_login`='admin',`user_pass`='###e9a6a1b2c468c852c57c0d86674e1f9b',`user_nicename`='admin',`user_email`='1348779449@qq.com',`user_url`='',`avatar`=NULL,`sex`='0',`birthday`='2000-01-01',`signature`=NULL,`last_login_ip`='115.33.48.151',`last_login_time`='2017-06-12 14:20:33',`create_time`='2017-04-17 01:37:17',`user_activation_key`='',`user_status`='1',`score`='0',`user_type`='1',`coin`='0',`mobile`='',`token`='',`ctime`='0',`check`='0' WHERE `id` = '1' [ RunTime:0.0006s ]

[ 2017-06-12T14:24:48+08:00 ] 115.33.48.151 /junwei/index.php?s=/Question/truedelete/item_id/81
INFO: [ app_begin ] --START--
INFO: Run Behavior\ReadHtmlCacheBehavior [ RunTime:0.000024s ]
INFO: Run Behavior\CheckLangBehavior [ RunTime:0.000088s ]
INFO: Run Common\Behavior\UrldecodeGetBehavior [ RunTime:0.000029s ]
INFO: [ app_begin ] --END-- [ RunTime:0.000196s ]
INFO: [ admin_begin ] --START--
INFO: Run Common\Behavior\AdminDefaultLangBehavior [ RunTime:0.000060s ]
INFO: [ admin_begin ] --END-- [ RunTime:0.000078s ]
SQL: SHOW COLUMNS FROM `cmf_users` [ RunTime:0.0010s ]
SQL: SELECT * FROM `cmf_users` WHERE `id` = '20' LIMIT 1   [ RunTime:0.0007s ]
SQL: SHOW COLUMNS FROM `cmf_role_user` [ RunTime:0.0007s ]
SQL: SELECT `role_id` FROM cmf_role_user a INNER JOIN cmf_role as b on a.role_id =b.id  WHERE `user_id` = '20' AND `status` = 1  [ RunTime:0.0007s ]
SQL: SHOW COLUMNS FROM `cmf_itembank` [ RunTime:0.0008s ]
NOTIC: D方法实例化没找到模型类Common\Model\SubjectsModel
SQL: SHOW COLUMNS FROM `cmf_subjects` [ RunTime:0.0007s ]
NOTIC: D方法实例化没找到模型类Common\Model\ChapterModel
SQL: SHOW COLUMNS FROM `cmf_chapter` [ RunTime:0.0007s ]
SQL: SHOW COLUMNS FROM `cmf_option` [ RunTime:0.0007s ]
NOTIC: D方法实例化没找到模型类Common\Model\AnswerModel
SQL: SHOW COLUMNS FROM `cmf_answer` [ RunTime:0.0007s ]
SQL: DELETE FROM `cmf_itembank` WHERE ( item_id=81 ) [ RunTime:0.0006s ]
SQL: DELETE FROM `cmf_option` WHERE ( qid=81 ) [ RunTime:0.0047s ]
SQL: DELETE FROM `cmf_answer` WHERE ( qid=81 ) [ RunTime:0.0008s ]

[ 2017-06-12T14:25:04+08:00 ] 115.33.48.151 /junwei/index.php?s=/Question/true
NOTIC: D方法实例化没找到模型类Common\Model\SubjectsModel
NOTIC: D方法实例化没找到模型类Common\Model\ChapterModel
NOTIC: D方法实例化没找到模型类Common\Model\AnswerModel

[ 2017-06-12T14:56:59+08:00 ] 115.33.48.151 /junwei/index.php?s=/Question/truedelete/item_id/581
INFO: [ app_begin ] --START--
INFO: Run Behavior\ReadHtmlCacheBehavior [ RunTime:0.000021s ]
INFO: Run Behavior\CheckLangBehavior [ RunTime:0.000088s ]
INFO: Run Common\Behavior\UrldecodeGetBehavior [ RunTime:0.000030s ]
INFO: [ app_begin ] --END-- [ RunTime:0.000184s ]
INFO: [ admin_begin ] --START--
INFO: Run Common\Behavior\AdminDefaultLangBehavior [ RunTime:0.000055s ]
INFO: [ admin_begin ] --END-- [ RunTime:0.000070s ]
SQL: SHOW COLUMNS FROM `cmf_users` [ RunTime:0.0010s ]
SQL: SELECT * FROM `cmf_users` WHERE `id` = '20' LIMIT 1   [ RunTime:0.0006s ]
SQL: SHOW COLUMNS FROM `cmf_role_user` [ RunTime:0.0007s ]
SQL: SELECT `role_id` FROM cmf_role_user a INNER JOIN cmf_role as b on a.role_id =b.id  WHERE `user_id` = '20' AND `status` = 1  [ RunTime:0.0007s ]
SQL: SHOW COLUMNS FROM `cmf_itembank` [ RunTime:0.0009s ]
NOTIC: D方法实例化没找到模型类Common\Model\SubjectsModel
SQL: SHOW COLUMNS FROM `cmf_subjects` [ RunTime:0.0008s ]
NOTIC: D方法实例化没找到模型类Common\Model\ChapterModel
SQL: SHOW COLUMNS FROM `cmf_chapter` [ RunTime:0.0007s ]
SQL: SHOW COLUMNS FROM `cmf_option` [ RunTime:0.0008s ]
NOTIC: D方法实例化没找到模型类Common\Model\AnswerModel
SQL: SHOW COLUMNS FROM `cmf_answer` [ RunTime:0.0007s ]
SQL: DELETE FROM `cmf_itembank` WHERE ( item_id=581 ) [ RunTime:0.0006s ]
SQL: DELETE FROM `cmf_option` WHERE ( qid=581 ) [ RunTime:0.0048s ]
SQL: DELETE FROM `cmf_answer` WHERE ( qid=581 ) [ RunTime:0.0008s ]

[ 2017-06-12T14:57:07+08:00 ] 115.33.48.151 /junwei/index.php?s=/Question/true
NOTIC: D方法实例化没找到模型类Common\Model\SubjectsModel
NOTIC: D方法实例化没找到模型类Common\Model\ChapterModel
NOTIC: D方法实例化没找到模型类Common\Model\AnswerModel

[ 2017-06-12T14:58:03+08:00 ] 115.33.48.151 /junwei/index.php?s=/Question/truedelete/item_id/373
INFO: [ app_begin ] --START--
INFO: Run Behavior\ReadHtmlCacheBehavior [ RunTime:0.000024s ]
INFO: Run Behavior\CheckLangBehavior [ RunTime:0.000104s ]
INFO: Run Common\Behavior\UrldecodeGetBehavior [ RunTime:0.000031s ]
INFO: [ app_begin ] --END-- [ RunTime:0.000207s ]
INFO: [ admin_begin ] --START--
INFO: Run Common\Behavior\AdminDefaultLangBehavior [ RunTime:0.000073s ]
INFO: [ admin_begin ] --END-- [ RunTime:0.000095s ]
SQL: SHOW COLUMNS FROM `cmf_users` [ RunTime:0.0010s ]
SQL: SELECT * FROM `cmf_users` WHERE `id` = '20' LIMIT 1   [ RunTime:0.0006s ]
SQL: SHOW COLUMNS FROM `cmf_role_user` [ RunTime:0.0007s ]
SQL: SELECT `role_id` FROM cmf_role_user a INNER JOIN cmf_role as b on a.role_id =b.id  WHERE `user_id` = '20' AND `status` = 1  [ RunTime:0.0006s ]
SQL: SHOW COLUMNS FROM `cmf_itembank` [ RunTime:0.0008s ]
NOTIC: D方法实例化没找到模型类Common\Model\SubjectsModel
SQL: SHOW COLUMNS FROM `cmf_subjects` [ RunTime:0.0007s ]
NOTIC: D方法实例化没找到模型类Common\Model\ChapterModel
SQL: SHOW COLUMNS FROM `cmf_chapter` [ RunTime:0.0007s ]
SQL: SHOW COLUMNS FROM `cmf_option` [ RunTime:0.0007s ]
NOTIC: D方法实例化没找到模型类Common\Model\AnswerModel
SQL: SHOW COLUMNS FROM `cmf_answer` [ RunTime:0.0007s ]
SQL: DELETE FROM `cmf_itembank` WHERE ( item_id=373 ) [ RunTime:0.0006s ]
SQL: DELETE FROM `cmf_option` WHERE ( qid=373 ) [ RunTime:0.0047s ]
SQL: DELETE FROM `cmf_answer` WHERE ( qid=373 ) [ RunTime:0.0008s ]

[ 2017-06-12T15:00:20+08:00 ] 115.33.48.151 /junwei/index.php?s=/Question/true
NOTIC: D方法实例化没找到模型类Common\Model\SubjectsModel
NOTIC: D方法实例化没找到模型类Common\Model\ChapterModel
NOTIC: D方法实例化没找到模型类Common\Model\AnswerModel

[ 2017-06-12T15:06:00+08:00 ] 115.33.48.151 /junwei/Uploads/0
ERR: 无法加载控制器:Uploads

[ 2017-06-12T15:06:02+08:00 ] 115.33.48.151 /junwei/Uploads/0
ERR: 无法加载控制器:Uploads

[ 2017-06-12T15:06:04+08:00 ] 115.33.48.151 /junwei/Uploads/0
ERR: 无法加载控制器:Uploads

[ 2017-06-12T15:09:16+08:00 ] 115.33.48.151 /junwei/index.php?s=/Question/truedelete/item_id/501
NOTIC: D方法实例化没找到模型类Common\Model\SubjectsModel
NOTIC: D方法实例化没找到模型类Common\Model\ChapterModel
NOTIC: D方法实例化没找到模型类Common\Model\AnswerModel

[ 2017-06-12T15:10:02+08:00 ] 115.33.48.151 /junwei/index.php?s=/Question/true
NOTIC: D方法实例化没找到模型类Common\Model\SubjectsModel
NOTIC: D方法实例化没找到模型类Common\Model\ChapterModel
NOTIC: D方法实例化没找到模型类Common\Model\AnswerModel

[ 2017-06-12T15:10:04+08:00 ] 115.33.48.151 /junwei/index.php?s=/Question/true
NOTIC: D方法实例化没找到模型类Common\Model\SubjectsModel
NOTIC: D方法实例化没找到模型类Common\Model\ChapterModel
NOTIC: D方法实例化没找到模型类Common\Model\AnswerModel

[ 2017-06-12T15:18:25+08:00 ] 115.33.48.151 /junwei/index.php?s=/Question/trueedit/item_id/488
NOTIC: D方法实例化没找到模型类Common\Model\SubjectsModel
NOTIC: D方法实例化没找到模型类Common\Model\ChapterModel
NOTIC: D方法实例化没找到模型类Common\Model\AnswerModel

[ 2017-06-12T15:18:35+08:00 ] 115.33.48.151 /junwei/index.php?s=/Question/trueedit_post
NOTIC: D方法实例化没找到模型类Common\Model\SubjectsModel
NOTIC: D方法实例化没找到模型类Common\Model\ChapterModel
NOTIC: D方法实例化没找到模型类Common\Model\AnswerModel

[ 2017-06-12T15:18:39+08:00 ] 115.33.48.151 /junwei/index.php?s=/Question/true
NOTIC: D方法实例化没找到模型类Common\Model\SubjectsModel
NOTIC: D方法实例化没找到模型类Common\Model\ChapterModel
NOTIC: D方法实例化没找到模型类Common\Model\AnswerModel

[ 2017-06-12T15:18:45+08:00 ] 115.33.48.151 /junwei/index.php?s=/Question/true
NOTIC: D方法实例化没找到模型类Common\Model\SubjectsModel
NOTIC: D方法实例化没找到模型类Common\Model\ChapterModel
NOTIC: D方法实例化没找到模型类Common\Model\AnswerModel

[ 2017-06-12T15:21:32+08:00 ] 115.33.48.151 /junwei/index.php?s=/Question/truedelete/item_id/3655
INFO: [ app_begin ] --START--
INFO: Run Behavior\ReadHtmlCacheBehavior [ RunTime:0.000022s ]
INFO: Run Behavior\CheckLangBehavior [ RunTime:0.000090s ]
INFO: Run Common\Behavior\UrldecodeGetBehavior [ RunTime:0.000026s ]
INFO: [ app_begin ] --END-- [ RunTime:0.000190s ]
INFO: [ admin_begin ] --START--
INFO: Run Common\Behavior\AdminDefaultLangBehavior [ RunTime:0.000076s ]
INFO: [ admin_begin ] --END-- [ RunTime:0.000093s ]
SQL: SHOW COLUMNS FROM `cmf_users` [ RunTime:0.0010s ]
SQL: SELECT * FROM `cmf_users` WHERE `id` = '20' LIMIT 1   [ RunTime:0.0006s ]
SQL: SHOW COLUMNS FROM `cmf_role_user` [ RunTime:0.0006s ]
SQL: SELECT `role_id` FROM cmf_role_user a INNER JOIN cmf_role as b on a.role_id =b.id  WHERE `user_id` = '20' AND `status` = 1  [ RunTime:0.0006s ]
SQL: SHOW COLUMNS FROM `cmf_itembank` [ RunTime:0.0007s ]
NOTIC: D方法实例化没找到模型类Common\Model\SubjectsModel
SQL: SHOW COLUMNS FROM `cmf_subjects` [ RunTime:0.0007s ]
NOTIC: D方法实例化没找到模型类Common\Model\ChapterModel
SQL: SHOW COLUMNS FROM `cmf_chapter` [ RunTime:0.0006s ]
SQL: SHOW COLUMNS FROM `cmf_option` [ RunTime:0.0007s ]
NOTIC: D方法实例化没找到模型类Common\Model\AnswerModel
SQL: SHOW COLUMNS FROM `cmf_answer` [ RunTime:0.0007s ]
SQL: DELETE FROM `cmf_itembank` WHERE ( item_id=3655 ) [ RunTime:0.0005s ]
SQL: DELETE FROM `cmf_option` WHERE ( qid=3655 ) [ RunTime:0.0046s ]
SQL: DELETE FROM `cmf_answer` WHERE ( qid=3655 ) [ RunTime:0.0007s ]

[ 2017-06-12T15:21:40+08:00 ] 115.33.48.151 /junwei/index.php?s=/Question/true
NOTIC: D方法实例化没找到模型类Common\Model\SubjectsModel
NOTIC: D方法实例化没找到模型类Common\Model\ChapterModel
NOTIC: D方法实例化没找到模型类Common\Model\AnswerModel

[ 2017-06-12T15:33:15+08:00 ] 115.33.48.151 /junwei/Uploads/0
ERR: 无法加载控制器:Uploads

[ 2017-06-12T16:06:49+08:00 ] 115.33.48.151 /junwei/index.php?s=/public/dologin
INFO: [ app_begin ] --START--
INFO: Run Behavior\ReadHtmlCacheBehavior [ RunTime:0.000020s ]
INFO: Run Behavior\CheckLangBehavior [ RunTime:0.000078s ]
INFO: Run Common\Behavior\UrldecodeGetBehavior [ RunTime:0.000023s ]
INFO: [ app_begin ] --END-- [ RunTime:0.000176s ]
INFO: [ admin_begin ] --START--
INFO: Run Common\Behavior\AdminDefaultLangBehavior [ RunTime:0.000056s ]
INFO: [ admin_begin ] --END-- [ RunTime:0.000072s ]
SQL: SHOW COLUMNS FROM `cmf_users` [ RunTime:0.0009s ]
SQL: SELECT * FROM `cmf_users` WHERE `user_login` = 'admin' LIMIT 1   [ RunTime:0.0006s ]
SQL: SHOW COLUMNS FROM `cmf_role_user` [ RunTime:0.0007s ]
SQL: SELECT `role_id` FROM cmf_role_user a INNER JOIN cmf_role as b on a.role_id =b.id  WHERE `user_id` = '1' AND `status` = 1  [ RunTime:0.0006s ]
SQL: UPDATE `cmf_users` SET `user_login`='admin',`user_pass`='###e9a6a1b2c468c852c57c0d86674e1f9b',`user_nicename`='admin',`user_email`='1348779449@qq.com',`user_url`='',`avatar`=NULL,`sex`='0',`birthday`='2000-01-01',`signature`=NULL,`last_login_ip`='115.33.48.151',`last_login_time`='2017-06-12 16:06:49',`create_time`='2017-04-17 01:37:17',`user_activation_key`='',`user_status`='1',`score`='0',`user_type`='1',`coin`='0',`mobile`='',`token`='',`ctime`='0',`check`='0' WHERE `id` = '1' [ RunTime:0.0006s ]

[ 2017-06-12T16:08:30+08:00 ] 115.33.48.151 /junwei/index.php?s=/Question/truedelete/item_id/1395
INFO: [ app_begin ] --START--
INFO: Run Behavior\ReadHtmlCacheBehavior [ RunTime:0.000027s ]
INFO: Run Behavior\CheckLangBehavior [ RunTime:0.000098s ]
INFO: Run Common\Behavior\UrldecodeGetBehavior [ RunTime:0.000032s ]
INFO: [ app_begin ] --END-- [ RunTime:0.000214s ]
INFO: [ admin_begin ] --START--
INFO: Run Common\Behavior\AdminDefaultLangBehavior [ RunTime:0.000066s ]
INFO: [ admin_begin ] --END-- [ RunTime:0.000084s ]
SQL: SHOW COLUMNS FROM `cmf_users` [ RunTime:0.0009s ]
SQL: SELECT * FROM `cmf_users` WHERE `id` = '20' LIMIT 1   [ RunTime:0.0006s ]
SQL: SHOW COLUMNS FROM `cmf_role_user` [ RunTime:0.0006s ]
SQL: SELECT `role_id` FROM cmf_role_user a INNER JOIN cmf_role as b on a.role_id =b.id  WHERE `user_id` = '20' AND `status` = 1  [ RunTime:0.0005s ]
SQL: SHOW COLUMNS FROM `cmf_itembank` [ RunTime:0.0007s ]
NOTIC: D方法实例化没找到模型类Common\Model\SubjectsModel
SQL: SHOW COLUMNS FROM `cmf_subjects` [ RunTime:0.0006s ]
NOTIC: D方法实例化没找到模型类Common\Model\ChapterModel
SQL: SHOW COLUMNS FROM `cmf_chapter` [ RunTime:0.0006s ]
SQL: SHOW COLUMNS FROM `cmf_option` [ RunTime:0.0006s ]
NOTIC: D方法实例化没找到模型类Common\Model\AnswerModel
SQL: SHOW COLUMNS FROM `cmf_answer` [ RunTime:0.0006s ]
SQL: DELETE FROM `cmf_itembank` WHERE ( item_id=1395 ) [ RunTime:0.0005s ]
SQL: DELETE FROM `cmf_option` WHERE ( qid=1395 ) [ RunTime:0.0046s ]
SQL: DELETE FROM `cmf_answer` WHERE ( qid=1395 ) [ RunTime:0.0007s ]

[ 2017-06-12T16:08:49+08:00 ] 115.33.48.151 /junwei/index.php?s=/Question/true
NOTIC: D方法实例化没找到模型类Common\Model\SubjectsModel
NOTIC: D方法实例化没找到模型类Common\Model\ChapterModel
NOTIC: D方法实例化没找到模型类Common\Model\AnswerModel

[ 2017-06-12T16:43:26+08:00 ] 115.33.48.151 /junwei/index.php?s=/Question/trueedit/item_id/1131
NOTIC: D方法实例化没找到模型类Common\Model\SubjectsModel
NOTIC: D方法实例化没找到模型类Common\Model\ChapterModel
NOTIC: D方法实例化没找到模型类Common\Model\AnswerModel

[ 2017-06-12T16:52:23+08:00 ] 115.33.48.151 /junwei/index.php?s=/Question/trueedit_post
NOTIC: D方法实例化没找到模型类Common\Model\SubjectsModel
NOTIC: D方法实例化没找到模型类Common\Model\ChapterModel
NOTIC: D方法实例化没找到模型类Common\Model\AnswerModel

[ 2017-06-12T16:52:27+08:00 ] 115.33.48.151 /junwei/index.php?s=/Question/true
NOTIC: D方法实例化没找到模型类Common\Model\SubjectsModel
NOTIC: D方法实例化没找到模型类Common\Model\ChapterModel
NOTIC: D方法实例化没找到模型类Common\Model\AnswerModel

[ 2017-06-12T16:52:36+08:00 ] 115.33.48.151 /junwei/index.php?s=/Question/true
NOTIC: D方法实例化没找到模型类Common\Model\SubjectsModel
NOTIC: D方法实例化没找到模型类Common\Model\ChapterModel
NOTIC: D方法实例化没找到模型类Common\Model\AnswerModel

[ 2017-06-12T16:52:36+08:00 ] 115.33.48.151 /junwei/index.php?s=/Question/trueedit/item_id/36
NOTIC: D方法实例化没找到模型类Common\Model\SubjectsModel
NOTIC: D方法实例化没找到模型类Common\Model\ChapterModel
NOTIC: D方法实例化没找到模型类Common\Model\AnswerModel

[ 2017-06-12T16:55:04+08:00 ] 115.33.48.151 /junwei/index.php?s=/Question/trueedit_post
NOTIC: D方法实例化没找到模型类Common\Model\SubjectsModel
NOTIC: D方法实例化没找到模型类Common\Model\ChapterModel
NOTIC: D方法实例化没找到模型类Common\Model\AnswerModel

[ 2017-06-12T16:55:07+08:00 ] 115.33.48.151 /junwei/index.php?s=/Question/true
NOTIC: D方法实例化没找到模型类Common\Model\SubjectsModel
NOTIC: D方法实例化没找到模型类Common\Model\ChapterModel
NOTIC: D方法实例化没找到模型类Common\Model\AnswerModel

[ 2017-06-12T16:55:41+08:00 ] 115.33.48.151 /junwei/index.php?s=/Question/true
NOTIC: D方法实例化没找到模型类Common\Model\SubjectsModel
NOTIC: D方法实例化没找到模型类Common\Model\ChapterModel
NOTIC: D方法实例化没找到模型类Common\Model\AnswerModel

[ 2017-06-12T17:39:02+08:00 ] 115.33.48.151 /junwei/index.php?s=/Question/trueedit/item_id/52
NOTIC: D方法实例化没找到模型类Common\Model\SubjectsModel
NOTIC: D方法实例化没找到模型类Common\Model\ChapterModel
NOTIC: D方法实例化没找到模型类Common\Model\AnswerModel

[ 2017-06-12T17:39:06+08:00 ] 115.33.48.151 /junwei/index.php?s=/Question/trueedit/item_id/52
NOTIC: D方法实例化没找到模型类Common\Model\SubjectsModel
NOTIC: D方法实例化没找到模型类Common\Model\ChapterModel
NOTIC: D方法实例化没找到模型类Common\Model\AnswerModel

[ 2017-06-12T17:43:44+08:00 ] 115.33.48.151 /junwei/Uploads/0
ERR: 无法加载控制器:Uploads

[ 2017-06-12T17:49:03+08:00 ] 115.33.48.151 /junwei/Uploads/0
ERR: 无法加载控制器:Uploads

[ 2017-06-12T17:51:47+08:00 ] 115.33.48.151 /junwei/index.php?s=/Question/trueedit_post
NOTIC: D方法实例化没找到模型类Common\Model\SubjectsModel
NOTIC: D方法实例化没找到模型类Common\Model\ChapterModel
NOTIC: D方法实例化没找到模型类Common\Model\AnswerModel

[ 2017-06-12T17:51:56+08:00 ] 115.33.48.151 /junwei/index.php?s=/Question/true
NOTIC: D方法实例化没找到模型类Common\Model\SubjectsModel
NOTIC: D方法实例化没找到模型类Common\Model\ChapterModel
NOTIC: D方法实例化没找到模型类Common\Model\AnswerModel

