[ 2017-05-01T01:17:46+08:00 ] 127.0.0.1 /index.php?g=Admin&m=Course&a=delete
INFO: [ app_begin ] --START--
INFO: Run Behavior\ReadHtmlCacheBehavior [ RunTime:0.000684s ]
INFO: Run Behavior\CheckLangBehavior [ RunTime:0.010836s ]
INFO: Run Common\Behavior\UrldecodeGetBehavior [ RunTime:0.004947s ]
INFO: [ app_begin ] --END-- [ RunTime:0.017279s ]
NOTIC: [2] Declaration of Admin\Controller\CourseController::show() should be compatible with Think\Controller::show($content, $charset = '', $contentType = '', $prefix = '') D:\laragon\www\ThinkCMFX\application\Admin\Controller\CourseController.class.php 第 19 行.
INFO: [ admin_begin ] --START--
INFO: Run Common\Behavior\AdminDefaultLangBehavior [ RunTime:0.004886s ]
INFO: [ admin_begin ] --END-- [ RunTime:0.004952s ]
SQL: SHOW COLUMNS FROM `cmf_users` [ RunTime:0.0020s ]
SQL: SELECT * FROM `cmf_users` WHERE `id` = '1' LIMIT 1   [ RunTime:0.0007s ]
SQL: SHOW COLUMNS FROM `cmf_course` [ RunTime:0.0015s ]
INFO: [ admin_begin ] --START--
INFO: Run Common\Behavior\AdminDefaultLangBehavior [ RunTime:0.001953s ]
INFO: [ admin_begin ] --END-- [ RunTime:-0.053353s ]
NOTIC: [8] Constant TMPL_PATH already defined D:\laragon\www\ThinkCMFX\application\Common\Controller\AdminbaseController.class.php 第 23 行.
SQL: SELECT * FROM `cmf_users` WHERE `id` = '1' LIMIT 1   [ RunTime:0.0006s ]
SQL: SELECT * FROM `cmf_course` WHERE ( id in (3,4) )  [ RunTime:0.0171s ]
SQL: SHOW COLUMNS FROM `cmf_junwei` [ RunTime:0.0016s ]
SQL: SELECT * FROM `cmf_junwei` LIMIT 1   [ RunTime:0.0005s ]
INFO: [ admin_begin ] --START--
INFO: Run Common\Behavior\AdminDefaultLangBehavior [ RunTime:0.001345s ]
INFO: [ admin_begin ] --END-- [ RunTime:-0.079116s ]
NOTIC: [8] Constant TMPL_PATH already defined D:\laragon\www\ThinkCMFX\application\Common\Controller\AdminbaseController.class.php 第 23 行.
SQL: SELECT * FROM `cmf_users` WHERE `id` = '1' LIMIT 1   [ RunTime:0.0009s ]
INFO: [ admin_begin ] --START--
INFO: Run Common\Behavior\AdminDefaultLangBehavior [ RunTime:0.000997s ]
INFO: [ admin_begin ] --END-- [ RunTime:-0.322619s ]
NOTIC: [8] Constant TMPL_PATH already defined D:\laragon\www\ThinkCMFX\application\Common\Controller\AdminbaseController.class.php 第 23 行.
SQL: SELECT * FROM `cmf_users` WHERE `id` = '1' LIMIT 1   [ RunTime:0.0005s ]
NOTIC: [8] Undefined offset: 2 D:\laragon\www\ThinkCMFX\application\Admin\Controller\CourseController.class.php 第 189 行.
INFO: [ admin_begin ] --START--
INFO: Run Common\Behavior\AdminDefaultLangBehavior [ RunTime:0.001243s ]
INFO: [ admin_begin ] --END-- [ RunTime:-0.527549s ]
NOTIC: [8] Constant TMPL_PATH already defined D:\laragon\www\ThinkCMFX\application\Common\Controller\AdminbaseController.class.php 第 23 行.
SQL: SELECT * FROM `cmf_users` WHERE `id` = '1' LIMIT 1   [ RunTime:0.0006s ]

[ 2017-05-01T10:55:47+08:00 ] 127.0.0.1 /index.php?g=Admin&m=Course&a=delete
INFO: [ app_begin ] --START--
INFO: Run Behavior\ReadHtmlCacheBehavior [ RunTime:0.000632s ]
INFO: Run Behavior\CheckLangBehavior [ RunTime:0.001271s ]
INFO: Run Common\Behavior\UrldecodeGetBehavior [ RunTime:0.000383s ]
INFO: [ app_begin ] --END-- [ RunTime:0.002849s ]
NOTIC: [2] Declaration of Admin\Controller\CourseController::show() should be compatible with Think\Controller::show($content, $charset = '', $contentType = '', $prefix = '') D:\laragon\www\ThinkCMFX\application\Admin\Controller\CourseController.class.php 第 19 行.
INFO: [ admin_begin ] --START--
INFO: Run Common\Behavior\AdminDefaultLangBehavior [ RunTime:0.002886s ]
INFO: [ admin_begin ] --END-- [ RunTime:0.002948s ]
SQL: SHOW COLUMNS FROM `cmf_users` [ RunTime:0.0023s ]
SQL: SELECT * FROM `cmf_users` WHERE `id` = '1' LIMIT 1   [ RunTime:0.0007s ]
SQL: SHOW COLUMNS FROM `cmf_course` [ RunTime:0.0013s ]
INFO: [ admin_begin ] --START--
INFO: Run Common\Behavior\AdminDefaultLangBehavior [ RunTime:0.000941s ]
INFO: [ admin_begin ] --END-- [ RunTime:-0.037721s ]
NOTIC: [8] Constant TMPL_PATH already defined D:\laragon\www\ThinkCMFX\application\Common\Controller\AdminbaseController.class.php 第 23 行.
SQL: SELECT * FROM `cmf_users` WHERE `id` = '1' LIMIT 1   [ RunTime:0.0004s ]
SQL: SELECT * FROM `cmf_course` WHERE ( id in (3,4) )  [ RunTime:0.0435s ]
SQL: SHOW COLUMNS FROM `cmf_junwei` [ RunTime:0.0012s ]
SQL: SELECT * FROM `cmf_junwei` LIMIT 1   [ RunTime:0.0004s ]

[ 2017-05-01T10:57:19+08:00 ] 127.0.0.1 /index.php?g=Admin&m=Course&a=delete
INFO: [ app_begin ] --START--
INFO: Run Behavior\ReadHtmlCacheBehavior [ RunTime:0.000663s ]
INFO: Run Behavior\CheckLangBehavior [ RunTime:0.001246s ]
INFO: Run Common\Behavior\UrldecodeGetBehavior [ RunTime:0.000409s ]
INFO: [ app_begin ] --END-- [ RunTime:0.002899s ]
NOTIC: [2] Declaration of Admin\Controller\CourseController::show() should be compatible with Think\Controller::show($content, $charset = '', $contentType = '', $prefix = '') D:\laragon\www\ThinkCMFX\application\Admin\Controller\CourseController.class.php 第 19 行.
INFO: [ admin_begin ] --START--
INFO: Run Common\Behavior\AdminDefaultLangBehavior [ RunTime:0.001748s ]
INFO: [ admin_begin ] --END-- [ RunTime:0.001780s ]
SQL: SHOW COLUMNS FROM `cmf_users` [ RunTime:0.0012s ]
SQL: SELECT * FROM `cmf_users` WHERE `id` = '1' LIMIT 1   [ RunTime:0.0005s ]
SQL: SHOW COLUMNS FROM `cmf_course` [ RunTime:0.0012s ]
INFO: [ admin_begin ] --START--
INFO: Run Common\Behavior\AdminDefaultLangBehavior [ RunTime:0.001191s ]
INFO: [ admin_begin ] --END-- [ RunTime:-0.015738s ]
NOTIC: [8] Constant TMPL_PATH already defined D:\laragon\www\ThinkCMFX\application\Common\Controller\AdminbaseController.class.php 第 23 行.
SQL: SELECT * FROM `cmf_users` WHERE `id` = '1' LIMIT 1   [ RunTime:0.0005s ]
SQL: SELECT * FROM `cmf_course` WHERE ( id in (3,4) )  [ RunTime:0.0007s ]
SQL: SHOW COLUMNS FROM `cmf_junwei` [ RunTime:0.0018s ]
SQL: SELECT * FROM `cmf_junwei` LIMIT 1   [ RunTime:0.0002s ]

[ 2017-05-01T10:58:58+08:00 ] 127.0.0.1 /index.php?g=Admin&m=Course&a=delete
INFO: [ app_begin ] --START--
INFO: Run Behavior\ReadHtmlCacheBehavior [ RunTime:0.000697s ]
INFO: Run Behavior\CheckLangBehavior [ RunTime:0.001668s ]
INFO: Run Common\Behavior\UrldecodeGetBehavior [ RunTime:0.000465s ]
INFO: [ app_begin ] --END-- [ RunTime:0.003380s ]
NOTIC: [2] Declaration of Admin\Controller\CourseController::show() should be compatible with Think\Controller::show($content, $charset = '', $contentType = '', $prefix = '') D:\laragon\www\ThinkCMFX\application\Admin\Controller\CourseController.class.php 第 19 行.
INFO: [ admin_begin ] --START--
INFO: Run Common\Behavior\AdminDefaultLangBehavior [ RunTime:0.001789s ]
INFO: [ admin_begin ] --END-- [ RunTime:0.001843s ]
SQL: SHOW COLUMNS FROM `cmf_users` [ RunTime:0.0013s ]
SQL: SELECT * FROM `cmf_users` WHERE `id` = '1' LIMIT 1   [ RunTime:0.0006s ]
SQL: SHOW COLUMNS FROM `cmf_course` [ RunTime:0.0014s ]
INFO: [ admin_begin ] --START--
INFO: Run Common\Behavior\AdminDefaultLangBehavior [ RunTime:0.001196s ]
INFO: [ admin_begin ] --END-- [ RunTime:-0.016595s ]
NOTIC: [8] Constant TMPL_PATH already defined D:\laragon\www\ThinkCMFX\application\Common\Controller\AdminbaseController.class.php 第 23 行.
SQL: SELECT * FROM `cmf_users` WHERE `id` = '1' LIMIT 1   [ RunTime:0.0005s ]
SQL: SELECT * FROM `cmf_course` WHERE ( id in (3,4) )  [ RunTime:0.0005s ]
SQL: SHOW COLUMNS FROM `cmf_junwei` [ RunTime:0.0012s ]
SQL: SELECT * FROM `cmf_junwei` LIMIT 1   [ RunTime:0.0005s ]

[ 2017-05-01T11:01:04+08:00 ] 127.0.0.1 /index.php?g=Admin&m=Course&a=delete
INFO: [ app_begin ] --START--
INFO: Run Behavior\ReadHtmlCacheBehavior [ RunTime:0.000684s ]
INFO: Run Behavior\CheckLangBehavior [ RunTime:0.001106s ]
INFO: Run Common\Behavior\UrldecodeGetBehavior [ RunTime:0.000336s ]
INFO: [ app_begin ] --END-- [ RunTime:0.002958s ]
NOTIC: [2] Declaration of Admin\Controller\CourseController::show() should be compatible with Think\Controller::show($content, $charset = '', $contentType = '', $prefix = '') D:\laragon\www\ThinkCMFX\application\Admin\Controller\CourseController.class.php 第 19 行.
INFO: [ admin_begin ] --START--
INFO: Run Common\Behavior\AdminDefaultLangBehavior [ RunTime:0.001293s ]
INFO: [ admin_begin ] --END-- [ RunTime:0.001330s ]
SQL: SHOW COLUMNS FROM `cmf_users` [ RunTime:0.0014s ]
SQL: SELECT * FROM `cmf_users` WHERE `id` = '1' LIMIT 1   [ RunTime:0.0006s ]
SQL: SHOW COLUMNS FROM `cmf_course` [ RunTime:0.0014s ]
INFO: [ admin_begin ] --START--
INFO: Run Common\Behavior\AdminDefaultLangBehavior [ RunTime:0.000984s ]
INFO: [ admin_begin ] --END-- [ RunTime:-0.015160s ]
NOTIC: [8] Constant TMPL_PATH already defined D:\laragon\www\ThinkCMFX\application\Common\Controller\AdminbaseController.class.php 第 23 行.
SQL: SELECT * FROM `cmf_users` WHERE `id` = '1' LIMIT 1   [ RunTime:0.0005s ]
SQL: SELECT * FROM `cmf_course` WHERE ( id in (3,4) )  [ RunTime:0.0005s ]
SQL: SHOW COLUMNS FROM `cmf_junwei` [ RunTime:0.0010s ]
SQL: SELECT * FROM `cmf_junwei` LIMIT 1   [ RunTime:0.0002s ]

[ 2017-05-01T11:01:53+08:00 ] 127.0.0.1 /index.php?g=Admin&m=Course&a=delete
INFO: [ app_begin ] --START--
INFO: Run Behavior\ReadHtmlCacheBehavior [ RunTime:0.000518s ]
INFO: Run Behavior\CheckLangBehavior [ RunTime:0.000979s ]
INFO: Run Common\Behavior\UrldecodeGetBehavior [ RunTime:0.000334s ]
INFO: [ app_begin ] --END-- [ RunTime:0.002272s ]
NOTIC: [2] Declaration of Admin\Controller\CourseController::show() should be compatible with Think\Controller::show($content, $charset = '', $contentType = '', $prefix = '') D:\laragon\www\ThinkCMFX\application\Admin\Controller\CourseController.class.php 第 19 行.
INFO: [ admin_begin ] --START--
INFO: Run Common\Behavior\AdminDefaultLangBehavior [ RunTime:0.001551s ]
INFO: [ admin_begin ] --END-- [ RunTime:0.001594s ]
SQL: SHOW COLUMNS FROM `cmf_users` [ RunTime:0.0012s ]
SQL: SELECT * FROM `cmf_users` WHERE `id` = '1' LIMIT 1   [ RunTime:0.0005s ]
SQL: SHOW COLUMNS FROM `cmf_course` [ RunTime:0.0012s ]
INFO: [ admin_begin ] --START--
INFO: Run Common\Behavior\AdminDefaultLangBehavior [ RunTime:0.001003s ]
INFO: [ admin_begin ] --END-- [ RunTime:-0.015411s ]
NOTIC: [8] Constant TMPL_PATH already defined D:\laragon\www\ThinkCMFX\application\Common\Controller\AdminbaseController.class.php 第 23 行.
SQL: SELECT * FROM `cmf_users` WHERE `id` = '1' LIMIT 1   [ RunTime:0.0006s ]
SQL: SELECT * FROM `cmf_course` WHERE ( id in (3,4) )  [ RunTime:0.0006s ]
SQL: SHOW COLUMNS FROM `cmf_junwei` [ RunTime:0.0012s ]
SQL: SELECT * FROM `cmf_junwei` LIMIT 1   [ RunTime:0.0002s ]

[ 2017-05-01T11:03:44+08:00 ] 127.0.0.1 /index.php?g=Admin&m=Course&a=delete
INFO: [ app_begin ] --START--
INFO: Run Behavior\ReadHtmlCacheBehavior [ RunTime:0.001000s ]
INFO: Run Behavior\CheckLangBehavior [ RunTime:0.001840s ]
INFO: Run Common\Behavior\UrldecodeGetBehavior [ RunTime:0.000414s ]
INFO: [ app_begin ] --END-- [ RunTime:0.003809s ]
NOTIC: [2] Declaration of Admin\Controller\CourseController::show() should be compatible with Think\Controller::show($content, $charset = '', $contentType = '', $prefix = '') D:\laragon\www\ThinkCMFX\application\Admin\Controller\CourseController.class.php 第 19 行.
INFO: [ admin_begin ] --START--
INFO: Run Common\Behavior\AdminDefaultLangBehavior [ RunTime:0.001770s ]
INFO: [ admin_begin ] --END-- [ RunTime:0.001816s ]
SQL: SHOW COLUMNS FROM `cmf_users` [ RunTime:0.0016s ]
SQL: SELECT * FROM `cmf_users` WHERE `id` = '1' LIMIT 1   [ RunTime:0.0005s ]
SQL: SHOW COLUMNS FROM `cmf_course` [ RunTime:0.0016s ]
INFO: [ admin_begin ] --START--
INFO: Run Common\Behavior\AdminDefaultLangBehavior [ RunTime:0.001117s ]
INFO: [ admin_begin ] --END-- [ RunTime:-0.014971s ]
NOTIC: [8] Constant TMPL_PATH already defined D:\laragon\www\ThinkCMFX\application\Common\Controller\AdminbaseController.class.php 第 23 行.
SQL: SELECT * FROM `cmf_users` WHERE `id` = '1' LIMIT 1   [ RunTime:0.0005s ]
SQL: SELECT * FROM `cmf_course` WHERE ( id in (3,4) )  [ RunTime:0.0005s ]
SQL: SHOW COLUMNS FROM `cmf_junwei` [ RunTime:0.0011s ]
SQL: SELECT * FROM `cmf_junwei` LIMIT 1   [ RunTime:0.0004s ]
NOTIC: [8] Undefined offset: 2 D:\laragon\www\ThinkCMFX\application\Admin\Controller\ResponseController.class.php 第 56 行.

[ 2017-05-01T11:04:21+08:00 ] 127.0.0.1 /index.php?g=Admin&m=Course&a=delete
INFO: [ app_begin ] --START--
INFO: Run Behavior\ReadHtmlCacheBehavior [ RunTime:0.000748s ]
INFO: Run Behavior\CheckLangBehavior [ RunTime:0.001375s ]
INFO: Run Common\Behavior\UrldecodeGetBehavior [ RunTime:0.000354s ]
INFO: [ app_begin ] --END-- [ RunTime:0.003334s ]
NOTIC: [2] Declaration of Admin\Controller\CourseController::show() should be compatible with Think\Controller::show($content, $charset = '', $contentType = '', $prefix = '') D:\laragon\www\ThinkCMFX\application\Admin\Controller\CourseController.class.php 第 19 行.
INFO: [ admin_begin ] --START--
INFO: Run Common\Behavior\AdminDefaultLangBehavior [ RunTime:0.001345s ]
INFO: [ admin_begin ] --END-- [ RunTime:0.001387s ]
SQL: SHOW COLUMNS FROM `cmf_users` [ RunTime:0.0007s ]
SQL: SELECT * FROM `cmf_users` WHERE `id` = '1' LIMIT 1   [ RunTime:0.0004s ]
SQL: SHOW COLUMNS FROM `cmf_course` [ RunTime:0.0024s ]
INFO: [ admin_begin ] --START--
INFO: Run Common\Behavior\AdminDefaultLangBehavior [ RunTime:0.000870s ]
INFO: [ admin_begin ] --END-- [ RunTime:-0.015244s ]
NOTIC: [8] Constant TMPL_PATH already defined D:\laragon\www\ThinkCMFX\application\Common\Controller\AdminbaseController.class.php 第 23 行.
SQL: SELECT * FROM `cmf_users` WHERE `id` = '1' LIMIT 1   [ RunTime:0.0005s ]
SQL: SELECT * FROM `cmf_course` WHERE ( id in (3,4) )  [ RunTime:0.0007s ]
SQL: SHOW COLUMNS FROM `cmf_junwei` [ RunTime:0.0017s ]
SQL: SELECT * FROM `cmf_junwei` LIMIT 1   [ RunTime:0.0004s ]
NOTIC: [8] Undefined offset: 2 D:\laragon\www\ThinkCMFX\application\Admin\Controller\ResponseController.class.php 第 60 行.

[ 2017-05-01T11:04:35+08:00 ] 127.0.0.1 /index.php?g=Admin&m=Course&a=delete
INFO: [ app_begin ] --START--
INFO: Run Behavior\ReadHtmlCacheBehavior [ RunTime:0.000495s ]
INFO: Run Behavior\CheckLangBehavior [ RunTime:0.001001s ]
INFO: Run Common\Behavior\UrldecodeGetBehavior [ RunTime:0.000322s ]
INFO: [ app_begin ] --END-- [ RunTime:0.002317s ]
NOTIC: [2] Declaration of Admin\Controller\CourseController::show() should be compatible with Think\Controller::show($content, $charset = '', $contentType = '', $prefix = '') D:\laragon\www\ThinkCMFX\application\Admin\Controller\CourseController.class.php 第 19 行.
INFO: [ admin_begin ] --START--
INFO: Run Common\Behavior\AdminDefaultLangBehavior [ RunTime:0.001377s ]
INFO: [ admin_begin ] --END-- [ RunTime:0.001424s ]
SQL: SHOW COLUMNS FROM `cmf_users` [ RunTime:0.0011s ]
SQL: SELECT * FROM `cmf_users` WHERE `id` = '1' LIMIT 1   [ RunTime:0.0007s ]
SQL: SHOW COLUMNS FROM `cmf_course` [ RunTime:0.0016s ]
INFO: [ admin_begin ] --START--
INFO: Run Common\Behavior\AdminDefaultLangBehavior [ RunTime:0.001263s ]
INFO: [ admin_begin ] --END-- [ RunTime:-0.016729s ]
NOTIC: [8] Constant TMPL_PATH already defined D:\laragon\www\ThinkCMFX\application\Common\Controller\AdminbaseController.class.php 第 23 行.
SQL: SELECT * FROM `cmf_users` WHERE `id` = '1' LIMIT 1   [ RunTime:0.0004s ]
SQL: SELECT * FROM `cmf_course` WHERE ( id in (3) )  [ RunTime:0.0004s ]
SQL: SHOW COLUMNS FROM `cmf_junwei` [ RunTime:0.0006s ]
SQL: SELECT * FROM `cmf_junwei` LIMIT 1   [ RunTime:0.0003s ]
NOTIC: [8] Undefined offset: 1 D:\laragon\www\ThinkCMFX\application\Admin\Controller\ResponseController.class.php 第 60 行.

[ 2017-05-01T11:05:02+08:00 ] 127.0.0.1 /index.php?g=Admin&m=Course&a=delete
INFO: [ app_begin ] --START--
INFO: Run Behavior\ReadHtmlCacheBehavior [ RunTime:0.000736s ]
INFO: Run Behavior\CheckLangBehavior [ RunTime:0.001622s ]
INFO: Run Common\Behavior\UrldecodeGetBehavior [ RunTime:0.000392s ]
INFO: [ app_begin ] --END-- [ RunTime:0.003460s ]
NOTIC: [2] Declaration of Admin\Controller\CourseController::show() should be compatible with Think\Controller::show($content, $charset = '', $contentType = '', $prefix = '') D:\laragon\www\ThinkCMFX\application\Admin\Controller\CourseController.class.php 第 19 行.
INFO: [ admin_begin ] --START--
INFO: Run Common\Behavior\AdminDefaultLangBehavior [ RunTime:0.001609s ]
INFO: [ admin_begin ] --END-- [ RunTime:0.001653s ]
SQL: SHOW COLUMNS FROM `cmf_users` [ RunTime:0.0008s ]
SQL: SELECT * FROM `cmf_users` WHERE `id` = '1' LIMIT 1   [ RunTime:0.0005s ]
SQL: SHOW COLUMNS FROM `cmf_course` [ RunTime:0.0007s ]
INFO: [ admin_begin ] --START--
INFO: Run Common\Behavior\AdminDefaultLangBehavior [ RunTime:0.001946s ]
INFO: [ admin_begin ] --END-- [ RunTime:-0.014275s ]
NOTIC: [8] Constant TMPL_PATH already defined D:\laragon\www\ThinkCMFX\application\Common\Controller\AdminbaseController.class.php 第 23 行.
SQL: SELECT * FROM `cmf_users` WHERE `id` = '1' LIMIT 1   [ RunTime:0.0005s ]
SQL: SELECT * FROM `cmf_course` WHERE ( id in (3,4) )  [ RunTime:0.0004s ]
SQL: SHOW COLUMNS FROM `cmf_junwei` [ RunTime:0.0006s ]
SQL: SELECT * FROM `cmf_junwei` LIMIT 1   [ RunTime:0.0003s ]

[ 2017-05-01T11:07:00+08:00 ] 127.0.0.1 /index.php?g=Admin&m=Course&a=delete
INFO: [ app_begin ] --START--
INFO: Run Behavior\ReadHtmlCacheBehavior [ RunTime:0.000635s ]
INFO: Run Behavior\CheckLangBehavior [ RunTime:0.001581s ]
INFO: Run Common\Behavior\UrldecodeGetBehavior [ RunTime:0.000503s ]
INFO: [ app_begin ] --END-- [ RunTime:0.003282s ]
NOTIC: [2] Declaration of Admin\Controller\CourseController::show() should be compatible with Think\Controller::show($content, $charset = '', $contentType = '', $prefix = '') D:\laragon\www\ThinkCMFX\application\Admin\Controller\CourseController.class.php 第 19 行.
INFO: [ admin_begin ] --START--
INFO: Run Common\Behavior\AdminDefaultLangBehavior [ RunTime:0.001196s ]
INFO: [ admin_begin ] --END-- [ RunTime:0.001234s ]
SQL: SHOW COLUMNS FROM `cmf_users` [ RunTime:0.0015s ]
SQL: SELECT * FROM `cmf_users` WHERE `id` = '1' LIMIT 1   [ RunTime:0.0008s ]
SQL: SHOW COLUMNS FROM `cmf_course` [ RunTime:0.0011s ]
INFO: [ admin_begin ] --START--
INFO: Run Common\Behavior\AdminDefaultLangBehavior [ RunTime:0.001313s ]
INFO: [ admin_begin ] --END-- [ RunTime:-0.017409s ]
NOTIC: [8] Constant TMPL_PATH already defined D:\laragon\www\ThinkCMFX\application\Common\Controller\AdminbaseController.class.php 第 23 行.
SQL: SELECT * FROM `cmf_users` WHERE `id` = '1' LIMIT 1   [ RunTime:0.0008s ]
SQL: SELECT * FROM `cmf_course` WHERE ( id in (3,4) )  [ RunTime:0.0005s ]
SQL: SHOW COLUMNS FROM `cmf_junwei` [ RunTime:0.0007s ]
SQL: SELECT * FROM `cmf_junwei` LIMIT 1   [ RunTime:0.0003s ]

[ 2017-05-01T11:07:19+08:00 ] 127.0.0.1 /index.php?g=Admin&m=Course&a=delete
INFO: [ app_begin ] --START--
INFO: Run Behavior\ReadHtmlCacheBehavior [ RunTime:0.000737s ]
INFO: Run Behavior\CheckLangBehavior [ RunTime:0.001372s ]
INFO: Run Common\Behavior\UrldecodeGetBehavior [ RunTime:0.000410s ]
INFO: [ app_begin ] --END-- [ RunTime:0.003351s ]
NOTIC: [2] Declaration of Admin\Controller\CourseController::show() should be compatible with Think\Controller::show($content, $charset = '', $contentType = '', $prefix = '') D:\laragon\www\ThinkCMFX\application\Admin\Controller\CourseController.class.php 第 19 行.
INFO: [ admin_begin ] --START--
INFO: Run Common\Behavior\AdminDefaultLangBehavior [ RunTime:0.001629s ]
INFO: [ admin_begin ] --END-- [ RunTime:0.001660s ]
SQL: SHOW COLUMNS FROM `cmf_users` [ RunTime:0.0017s ]
SQL: SELECT * FROM `cmf_users` WHERE `id` = '1' LIMIT 1   [ RunTime:0.0005s ]
SQL: SHOW COLUMNS FROM `cmf_course` [ RunTime:0.0007s ]
INFO: [ admin_begin ] --START--
INFO: Run Common\Behavior\AdminDefaultLangBehavior [ RunTime:0.000965s ]
INFO: [ admin_begin ] --END-- [ RunTime:-0.025778s ]
NOTIC: [8] Constant TMPL_PATH already defined D:\laragon\www\ThinkCMFX\application\Common\Controller\AdminbaseController.class.php 第 23 行.
SQL: SELECT * FROM `cmf_users` WHERE `id` = '1' LIMIT 1   [ RunTime:0.0006s ]
SQL: SELECT * FROM `cmf_course` WHERE ( id in (3,4) )  [ RunTime:0.0004s ]
SQL: SHOW COLUMNS FROM `cmf_junwei` [ RunTime:0.0011s ]
SQL: SELECT * FROM `cmf_junwei` LIMIT 1   [ RunTime:0.0003s ]

[ 2017-05-01T11:09:51+08:00 ] 127.0.0.1 /index.php?g=Admin&m=Course&a=delete
INFO: [ app_begin ] --START--
INFO: Run Behavior\ReadHtmlCacheBehavior [ RunTime:0.000814s ]
INFO: Run Behavior\CheckLangBehavior [ RunTime:0.001512s ]
INFO: Run Common\Behavior\UrldecodeGetBehavior [ RunTime:0.000459s ]
INFO: [ app_begin ] --END-- [ RunTime:0.003424s ]
NOTIC: [2] Declaration of Admin\Controller\CourseController::show() should be compatible with Think\Controller::show($content, $charset = '', $contentType = '', $prefix = '') D:\laragon\www\ThinkCMFX\application\Admin\Controller\CourseController.class.php 第 19 行.
INFO: [ admin_begin ] --START--
INFO: Run Common\Behavior\AdminDefaultLangBehavior [ RunTime:0.001740s ]
INFO: [ admin_begin ] --END-- [ RunTime:0.001772s ]
SQL: SHOW COLUMNS FROM `cmf_users` [ RunTime:0.0013s ]
SQL: SELECT * FROM `cmf_users` WHERE `id` = '1' LIMIT 1   [ RunTime:0.0004s ]
SQL: SHOW COLUMNS FROM `cmf_course` [ RunTime:0.0009s ]
INFO: [ admin_begin ] --START--
INFO: Run Common\Behavior\AdminDefaultLangBehavior [ RunTime:0.000896s ]
INFO: [ admin_begin ] --END-- [ RunTime:-0.015395s ]
NOTIC: [8] Constant TMPL_PATH already defined D:\laragon\www\ThinkCMFX\application\Common\Controller\AdminbaseController.class.php 第 23 行.
SQL: SELECT * FROM `cmf_users` WHERE `id` = '1' LIMIT 1   [ RunTime:0.0005s ]
SQL: SELECT * FROM `cmf_course` WHERE ( id in (3,4) )  [ RunTime:0.0004s ]
SQL: SHOW COLUMNS FROM `cmf_junwei` [ RunTime:0.0011s ]
SQL: SELECT * FROM `cmf_junwei` LIMIT 1   [ RunTime:0.0006s ]

[ 2017-05-01T11:10:09+08:00 ] 127.0.0.1 /index.php?g=Admin&m=Course&a=delete
INFO: [ app_begin ] --START--
INFO: Run Behavior\ReadHtmlCacheBehavior [ RunTime:0.000468s ]
INFO: Run Behavior\CheckLangBehavior [ RunTime:0.000827s ]
INFO: Run Common\Behavior\UrldecodeGetBehavior [ RunTime:0.000269s ]
INFO: [ app_begin ] --END-- [ RunTime:0.001970s ]
NOTIC: [2] Declaration of Admin\Controller\CourseController::show() should be compatible with Think\Controller::show($content, $charset = '', $contentType = '', $prefix = '') D:\laragon\www\ThinkCMFX\application\Admin\Controller\CourseController.class.php 第 19 行.
INFO: [ admin_begin ] --START--
INFO: Run Common\Behavior\AdminDefaultLangBehavior [ RunTime:0.001091s ]
INFO: [ admin_begin ] --END-- [ RunTime:0.001120s ]
SQL: SHOW COLUMNS FROM `cmf_users` [ RunTime:0.0007s ]
SQL: SELECT * FROM `cmf_users` WHERE `id` = '1' LIMIT 1   [ RunTime:0.0004s ]
SQL: SHOW COLUMNS FROM `cmf_course` [ RunTime:0.0006s ]
INFO: [ admin_begin ] --START--
INFO: Run Common\Behavior\AdminDefaultLangBehavior [ RunTime:0.000794s ]
INFO: [ admin_begin ] --END-- [ RunTime:-0.013612s ]
NOTIC: [8] Constant TMPL_PATH already defined D:\laragon\www\ThinkCMFX\application\Common\Controller\AdminbaseController.class.php 第 23 行.
SQL: SELECT * FROM `cmf_users` WHERE `id` = '1' LIMIT 1   [ RunTime:0.0004s ]
SQL: SELECT * FROM `cmf_course` WHERE ( id in (4) )  [ RunTime:0.0004s ]
SQL: SHOW COLUMNS FROM `cmf_junwei` [ RunTime:0.0004s ]
SQL: SELECT * FROM `cmf_junwei` LIMIT 1   [ RunTime:0.0002s ]

[ 2017-05-01T11:10:19+08:00 ] 127.0.0.1 /index.php?g=Admin&m=Course&a=delete
INFO: [ app_begin ] --START--
INFO: Run Behavior\ReadHtmlCacheBehavior [ RunTime:0.000659s ]
INFO: Run Behavior\CheckLangBehavior [ RunTime:0.001728s ]
INFO: Run Common\Behavior\UrldecodeGetBehavior [ RunTime:0.000619s ]
INFO: [ app_begin ] --END-- [ RunTime:0.003639s ]
NOTIC: [2] Declaration of Admin\Controller\CourseController::show() should be compatible with Think\Controller::show($content, $charset = '', $contentType = '', $prefix = '') D:\laragon\www\ThinkCMFX\application\Admin\Controller\CourseController.class.php 第 19 行.
INFO: [ admin_begin ] --START--
INFO: Run Common\Behavior\AdminDefaultLangBehavior [ RunTime:0.002039s ]
INFO: [ admin_begin ] --END-- [ RunTime:0.002096s ]
SQL: SHOW COLUMNS FROM `cmf_users` [ RunTime:0.0015s ]
SQL: SELECT * FROM `cmf_users` WHERE `id` = '1' LIMIT 1   [ RunTime:0.0007s ]
SQL: SHOW COLUMNS FROM `cmf_course` [ RunTime:0.0012s ]
INFO: [ admin_begin ] --START--
INFO: Run Common\Behavior\AdminDefaultLangBehavior [ RunTime:0.001161s ]
INFO: [ admin_begin ] --END-- [ RunTime:-0.020670s ]
NOTIC: [8] Constant TMPL_PATH already defined D:\laragon\www\ThinkCMFX\application\Common\Controller\AdminbaseController.class.php 第 23 行.
SQL: SELECT * FROM `cmf_users` WHERE `id` = '1' LIMIT 1   [ RunTime:0.0006s ]
SQL: SELECT * FROM `cmf_course` WHERE ( id in (3) )  [ RunTime:0.0006s ]
SQL: SHOW COLUMNS FROM `cmf_junwei` [ RunTime:0.0015s ]
SQL: SELECT * FROM `cmf_junwei` LIMIT 1   [ RunTime:0.0004s ]

[ 2017-05-01T11:11:08+08:00 ] 127.0.0.1 /index.php?g=Admin&m=Course&a=delete
INFO: [ app_begin ] --START--
INFO: Run Behavior\ReadHtmlCacheBehavior [ RunTime:0.000621s ]
INFO: Run Behavior\CheckLangBehavior [ RunTime:0.001218s ]
INFO: Run Common\Behavior\UrldecodeGetBehavior [ RunTime:0.000408s ]
INFO: [ app_begin ] --END-- [ RunTime:0.002762s ]
NOTIC: [2] Declaration of Admin\Controller\CourseController::show() should be compatible with Think\Controller::show($content, $charset = '', $contentType = '', $prefix = '') D:\laragon\www\ThinkCMFX\application\Admin\Controller\CourseController.class.php 第 19 行.
INFO: [ admin_begin ] --START--
INFO: Run Common\Behavior\AdminDefaultLangBehavior [ RunTime:0.001731s ]
INFO: [ admin_begin ] --END-- [ RunTime:0.001792s ]
SQL: SHOW COLUMNS FROM `cmf_users` [ RunTime:0.0008s ]
SQL: SELECT * FROM `cmf_users` WHERE `id` = '1' LIMIT 1   [ RunTime:0.0005s ]
SQL: SHOW COLUMNS FROM `cmf_course` [ RunTime:0.0007s ]
INFO: [ admin_begin ] --START--
INFO: Run Common\Behavior\AdminDefaultLangBehavior [ RunTime:0.001347s ]
INFO: [ admin_begin ] --END-- [ RunTime:-0.014392s ]
NOTIC: [8] Constant TMPL_PATH already defined D:\laragon\www\ThinkCMFX\application\Common\Controller\AdminbaseController.class.php 第 23 行.
SQL: SELECT * FROM `cmf_users` WHERE `id` = '1' LIMIT 1   [ RunTime:0.0005s ]
SQL: SELECT * FROM `cmf_course` WHERE ( id in (3,4) )  [ RunTime:0.0005s ]
SQL: SHOW COLUMNS FROM `cmf_junwei` [ RunTime:0.0006s ]
SQL: SELECT * FROM `cmf_junwei` LIMIT 1   [ RunTime:0.0003s ]
INFO: [ admin_begin ] --START--
INFO: Run Common\Behavior\AdminDefaultLangBehavior [ RunTime:0.001173s ]
INFO: [ admin_begin ] --END-- [ RunTime:-0.019917s ]
NOTIC: [8] Constant TMPL_PATH already defined D:\laragon\www\ThinkCMFX\application\Common\Controller\AdminbaseController.class.php 第 23 行.
SQL: SELECT * FROM `cmf_users` WHERE `id` = '1' LIMIT 1   [ RunTime:0.0005s ]

[ 2017-05-01T11:15:27+08:00 ] 127.0.0.1 /index.php?g=Admin&m=Course&a=delete
INFO: [ app_begin ] --START--
INFO: Run Behavior\ReadHtmlCacheBehavior [ RunTime:0.000611s ]
INFO: Run Behavior\CheckLangBehavior [ RunTime:0.001213s ]
INFO: Run Common\Behavior\UrldecodeGetBehavior [ RunTime:0.000347s ]
INFO: [ app_begin ] --END-- [ RunTime:0.002733s ]
NOTIC: [2] Declaration of Admin\Controller\CourseController::show() should be compatible with Think\Controller::show($content, $charset = '', $contentType = '', $prefix = '') D:\laragon\www\ThinkCMFX\application\Admin\Controller\CourseController.class.php 第 19 行.
INFO: [ admin_begin ] --START--
INFO: Run Common\Behavior\AdminDefaultLangBehavior [ RunTime:0.001440s ]
INFO: [ admin_begin ] --END-- [ RunTime:0.001492s ]
SQL: SHOW COLUMNS FROM `cmf_users` [ RunTime:0.0011s ]
SQL: SELECT * FROM `cmf_users` WHERE `id` = '1' LIMIT 1   [ RunTime:0.0009s ]
SQL: SHOW COLUMNS FROM `cmf_course` [ RunTime:0.0019s ]
INFO: [ admin_begin ] --START--
INFO: Run Common\Behavior\AdminDefaultLangBehavior [ RunTime:0.001222s ]
INFO: [ admin_begin ] --END-- [ RunTime:-0.021481s ]
NOTIC: [8] Constant TMPL_PATH already defined D:\laragon\www\ThinkCMFX\application\Common\Controller\AdminbaseController.class.php 第 23 行.
SQL: SELECT * FROM `cmf_users` WHERE `id` = '1' LIMIT 1   [ RunTime:0.0007s ]
SQL: SELECT * FROM `cmf_course` WHERE ( id in (2,3) )  [ RunTime:0.0006s ]
SQL: SHOW COLUMNS FROM `cmf_junwei` [ RunTime:0.0006s ]
SQL: SELECT * FROM `cmf_junwei` LIMIT 1   [ RunTime:0.0003s ]
INFO: [ admin_begin ] --START--
INFO: Run Common\Behavior\AdminDefaultLangBehavior [ RunTime:0.000899s ]
INFO: [ admin_begin ] --END-- [ RunTime:-0.027312s ]
NOTIC: [8] Constant TMPL_PATH already defined D:\laragon\www\ThinkCMFX\application\Common\Controller\AdminbaseController.class.php 第 23 行.
SQL: SELECT * FROM `cmf_users` WHERE `id` = '1' LIMIT 1   [ RunTime:0.0005s ]
SQL: DELETE FROM `cmf_course` WHERE ( id in (2,3) ) [ RunTime:0.1425s ]

[ 2017-05-01T17:58:16+08:00 ] 127.0.0.1 /index.php?g=Admin&m=course&a=get_class_list&start=0&end=1
ERR: Call to a member function count() on array

[ 2017-05-01T18:00:44+08:00 ] 127.0.0.1 /index.php?g=Admin&m=course&a=get_class_list&start=0&end=1
ERR: Call to a member function count() on array

[ 2017-05-01T18:00:46+08:00 ] 127.0.0.1 /index.php?g=Admin&m=course&a=get_class_list&start=0&end=1
ERR: Call to a member function count() on array

[ 2017-05-01T18:02:20+08:00 ] 127.0.0.1 /index.php?g=Admin&m=course&a=get_class_list&start=0&end=1
ERR: Call to a member function count() on array

[ 2017-05-01T18:14:20+08:00 ] 127.0.0.1 /index.php?g=Admin&m=course&a=get_class_list&start=0&end=1
ERR: Call to a member function count() on array

[ 2017-05-01T18:14:53+08:00 ] 127.0.0.1 /index.php?g=Admin&m=course&a=get_class_list&page_index=0&page_size=1
ERR: Call to a member function count() on array

[ 2017-05-01T18:47:17+08:00 ] 127.0.0.1 /index.php?g=Admin&m=course&a=get_class_list&page_size=1
ERR: Call to a member function count() on array

[ 2017-05-01T18:47:19+08:00 ] 127.0.0.1 /index.php?g=Admin&m=course&a=get_class_list&page_size=1
ERR: Call to a member function count() on array

[ 2017-05-01T18:48:09+08:00 ] 127.0.0.1 /index.php?g=Admin&m=course&a=get_class_list&page_size=1
ERR: Call to a member function count() on array

[ 2017-05-01T18:49:29+08:00 ] 127.0.0.1 /index.php?g=Admin&m=course&a=get_class_list&page_size=1
ERR: Call to a member function count() on array

[ 2017-05-01T18:49:31+08:00 ] 127.0.0.1 /index.php?g=Admin&m=course&a=get_class_list&page_size=1
ERR: Call to a member function count() on array

[ 2017-05-01T18:50:21+08:00 ] 127.0.0.1 /index.php?g=Admin&m=course&a=get_class_list&page_size=1
ERR: Call to a member function join() on array

[ 2017-05-01T18:51:14+08:00 ] 127.0.0.1 /index.php?g=Admin&m=course&a=get_class_list&page_size=1
ERR: Call to a member function join() on array

[ 2017-05-01T18:51:16+08:00 ] 127.0.0.1 /index.php?g=Admin&m=course&a=get_class_list&page_size=1
ERR: Call to a member function join() on array

