[ 2017-05-10T09:58:43+08:00 ] 127.0.0.1 /ThinkCMFX/Course/update
ERR: 1048:Column 'cover' cannot be null
 [ SQL语句 ] : UPDATE `cmf_course` SET `course_name`='婚姻法2',`class_id`='0',`id`='6',`is_free`='2',`num_class`='66',`now_price`='880',`old_price`='888',`startDate`='2017-05-09 13:24:51',`invalidDate`='2017-05-10 13:25:53',`introduction`='吃饭撒个V额大哥好的我给很温柔吧但是我还不我生日还不如我',`lector_id`='1',`people_id`='1',`book_id`='1',`cover`=NULL WHERE ( id = 6 )

[ 2017-05-10T10:21:55+08:00 ] 127.0.0.1 /ThinkCMFX/Course/delete
INFO: [ app_begin ] --START--
INFO: Run Behavior\ReadHtmlCacheBehavior [ RunTime:0.000514s ]
INFO: Run Behavior\CheckLangBehavior [ RunTime:0.001022s ]
INFO: Run Common\Behavior\UrldecodeGetBehavior [ RunTime:0.000428s ]
INFO: [ app_begin ] --END-- [ RunTime:0.002436s ]
NOTIC: [2] Declaration of Admin\Controller\CourseController::show() should be compatible with Think\Controller::show($content, $charset = '', $contentType = '', $prefix = '') D:\laragon\www\junwei1\ThinkCMFX\application\Admin\Controller\CourseController.class.php 第 19 行.
INFO: [ admin_begin ] --START--
INFO: Run Common\Behavior\AdminDefaultLangBehavior [ RunTime:0.001624s ]
INFO: [ admin_begin ] --END-- [ RunTime:0.001669s ]
SQL: SHOW COLUMNS FROM `cmf_users` [ RunTime:0.0025s ]
SQL: SELECT * FROM `cmf_users` WHERE `id` = '1' LIMIT 1   [ RunTime:0.0005s ]
SQL: SHOW COLUMNS FROM `cmf_course` [ RunTime:0.0013s ]
SQL: SELECT * FROM `cmf_course` WHERE ( id in (1,2,3,4,5,6,7) )  [ RunTime:0.0134s ]

[ 2017-05-10T10:23:51+08:00 ] 127.0.0.1 /ThinkCMFX/Course/delete
INFO: [ app_begin ] --START--
INFO: Run Behavior\ReadHtmlCacheBehavior [ RunTime:0.000657s ]
INFO: Run Behavior\CheckLangBehavior [ RunTime:0.001520s ]
INFO: Run Common\Behavior\UrldecodeGetBehavior [ RunTime:0.000460s ]
INFO: [ app_begin ] --END-- [ RunTime:0.003191s ]
NOTIC: [2] Declaration of Admin\Controller\CourseController::show() should be compatible with Think\Controller::show($content, $charset = '', $contentType = '', $prefix = '') D:\laragon\www\junwei1\ThinkCMFX\application\Admin\Controller\CourseController.class.php 第 19 行.
INFO: [ admin_begin ] --START--
INFO: Run Common\Behavior\AdminDefaultLangBehavior [ RunTime:0.001686s ]
INFO: [ admin_begin ] --END-- [ RunTime:0.001736s ]
SQL: SHOW COLUMNS FROM `cmf_users` [ RunTime:0.0012s ]
SQL: SELECT * FROM `cmf_users` WHERE `id` = '1' LIMIT 1   [ RunTime:0.0004s ]
SQL: SHOW COLUMNS FROM `cmf_course` [ RunTime:0.0007s ]
SQL: SELECT * FROM `cmf_course` WHERE ( id in (1,2,3,4,5,6,7) )  [ RunTime:0.0008s ]
SQL: SHOW COLUMNS FROM `cmf_junwei` [ RunTime:0.0013s ]
SQL: SELECT * FROM `cmf_junwei` LIMIT 1   [ RunTime:0.0002s ]

[ 2017-05-10T10:28:36+08:00 ] 127.0.0.1 /ThinkCMFX/Course/delete/id/6/class_id/0
INFO: [ app_begin ] --START--
INFO: Run Behavior\ReadHtmlCacheBehavior [ RunTime:0.000536s ]
INFO: Run Behavior\CheckLangBehavior [ RunTime:0.001185s ]
INFO: Run Common\Behavior\UrldecodeGetBehavior [ RunTime:0.000318s ]
INFO: [ app_begin ] --END-- [ RunTime:0.002516s ]
NOTIC: [2] Declaration of Admin\Controller\CourseController::show() should be compatible with Think\Controller::show($content, $charset = '', $contentType = '', $prefix = '') D:\laragon\www\junwei1\ThinkCMFX\application\Admin\Controller\CourseController.class.php 第 19 行.
INFO: [ admin_begin ] --START--
INFO: Run Common\Behavior\AdminDefaultLangBehavior [ RunTime:0.001413s ]
INFO: [ admin_begin ] --END-- [ RunTime:0.001454s ]
SQL: SHOW COLUMNS FROM `cmf_users` [ RunTime:0.0012s ]
SQL: SELECT * FROM `cmf_users` WHERE `id` = '1' LIMIT 1   [ RunTime:0.0004s ]
SQL: SHOW COLUMNS FROM `cmf_course` [ RunTime:0.0016s ]
SQL: DELETE FROM `cmf_course` WHERE ( id = 6 ) [ RunTime:0.3507s ]

[ 2017-05-10T10:28:49+08:00 ] 127.0.0.1 /ThinkCMFX/Course/delete
INFO: [ app_begin ] --START--
INFO: Run Behavior\ReadHtmlCacheBehavior [ RunTime:0.000629s ]
INFO: Run Behavior\CheckLangBehavior [ RunTime:0.001110s ]
INFO: Run Common\Behavior\UrldecodeGetBehavior [ RunTime:0.000361s ]
INFO: [ app_begin ] --END-- [ RunTime:0.002751s ]
NOTIC: [2] Declaration of Admin\Controller\CourseController::show() should be compatible with Think\Controller::show($content, $charset = '', $contentType = '', $prefix = '') D:\laragon\www\junwei1\ThinkCMFX\application\Admin\Controller\CourseController.class.php 第 19 行.
INFO: [ admin_begin ] --START--
INFO: Run Common\Behavior\AdminDefaultLangBehavior [ RunTime:0.002038s ]
INFO: [ admin_begin ] --END-- [ RunTime:0.002081s ]
SQL: SHOW COLUMNS FROM `cmf_users` [ RunTime:0.0012s ]
SQL: SELECT * FROM `cmf_users` WHERE `id` = '1' LIMIT 1   [ RunTime:0.0005s ]
SQL: SHOW COLUMNS FROM `cmf_course` [ RunTime:0.0012s ]
SQL: SELECT * FROM `cmf_course` WHERE ( id in (1,2,3,4,5,7) )  [ RunTime:0.0006s ]
SQL: SHOW COLUMNS FROM `cmf_junwei` [ RunTime:0.0010s ]
SQL: SELECT * FROM `cmf_junwei` LIMIT 1   [ RunTime:0.0003s ]
SQL: DELETE FROM `cmf_course` WHERE ( id in (1,2,3,4,5,7) ) [ RunTime:0.0968s ]

[ 2017-05-10T13:03:33+08:00 ] 127.0.0.1 /ThinkCMFX/index.php?g=&m=ClassHour&a=delete&id=1&class_id=LsaNrjcj3g
INFO: [ app_begin ] --START--
INFO: Run Behavior\ReadHtmlCacheBehavior [ RunTime:0.000501s ]
INFO: Run Behavior\CheckLangBehavior [ RunTime:0.001237s ]
INFO: Run Common\Behavior\UrldecodeGetBehavior [ RunTime:0.000497s ]
INFO: [ app_begin ] --END-- [ RunTime:0.002757s ]
NOTIC: [2] Declaration of Admin\Controller\ClassHourController::show() should be compatible with Think\Controller::show($content, $charset = '', $contentType = '', $prefix = '') D:\laragon\www\junwei1\ThinkCMFX\application\Admin\Controller\ClassHourController.class.php 第 19 行.
INFO: [ admin_begin ] --START--
INFO: Run Common\Behavior\AdminDefaultLangBehavior [ RunTime:0.001818s ]
INFO: [ admin_begin ] --END-- [ RunTime:0.001852s ]
SQL: SHOW COLUMNS FROM `cmf_users` [ RunTime:0.0017s ]
SQL: SELECT * FROM `cmf_users` WHERE `id` = '1' LIMIT 1   [ RunTime:0.0005s ]
SQL: SHOW COLUMNS FROM `cmf_live` [ RunTime:0.0007s ]
SQL: SHOW COLUMNS FROM `cmf_junwei` [ RunTime:0.0012s ]
SQL: SELECT * FROM `cmf_junwei` LIMIT 1   [ RunTime:0.0003s ]
SQL: DELETE FROM `cmf_live` WHERE ( id = 1 ) [ RunTime:0.0943s ]

[ 2017-05-10T13:04:29+08:00 ] 127.0.0.1 /ThinkCMFX/index.php?g=&m=ClassHour&a=delete&id=2&class_id=GdhtocVBJg
INFO: [ app_begin ] --START--
INFO: Run Behavior\ReadHtmlCacheBehavior [ RunTime:0.000570s ]
INFO: Run Behavior\CheckLangBehavior [ RunTime:0.001320s ]
INFO: Run Common\Behavior\UrldecodeGetBehavior [ RunTime:0.000407s ]
INFO: [ app_begin ] --END-- [ RunTime:0.002769s ]
NOTIC: [2] Declaration of Admin\Controller\ClassHourController::show() should be compatible with Think\Controller::show($content, $charset = '', $contentType = '', $prefix = '') D:\laragon\www\junwei1\ThinkCMFX\application\Admin\Controller\ClassHourController.class.php 第 19 行.
INFO: [ admin_begin ] --START--
INFO: Run Common\Behavior\AdminDefaultLangBehavior [ RunTime:0.001329s ]
INFO: [ admin_begin ] --END-- [ RunTime:0.001367s ]
SQL: SHOW COLUMNS FROM `cmf_users` [ RunTime:0.0016s ]
SQL: SELECT * FROM `cmf_users` WHERE `id` = '1' LIMIT 1   [ RunTime:0.0007s ]
SQL: SHOW COLUMNS FROM `cmf_live` [ RunTime:0.0009s ]
SQL: SHOW COLUMNS FROM `cmf_junwei` [ RunTime:0.0015s ]
SQL: SELECT * FROM `cmf_junwei` LIMIT 1   [ RunTime:0.0003s ]
SQL: DELETE FROM `cmf_live` WHERE ( id = 2 ) [ RunTime:0.1365s ]

[ 2017-05-10T13:05:17+08:00 ] 127.0.0.1 /ThinkCMFX/index.php?g=&m=ClassHour&a=delete&id=3&class_id=ADHOXG62ch
INFO: [ app_begin ] --START--
INFO: Run Behavior\ReadHtmlCacheBehavior [ RunTime:0.000713s ]
INFO: Run Behavior\CheckLangBehavior [ RunTime:0.002048s ]
INFO: Run Common\Behavior\UrldecodeGetBehavior [ RunTime:0.000504s ]
INFO: [ app_begin ] --END-- [ RunTime:0.004035s ]
NOTIC: [2] Declaration of Admin\Controller\ClassHourController::show() should be compatible with Think\Controller::show($content, $charset = '', $contentType = '', $prefix = '') D:\laragon\www\junwei1\ThinkCMFX\application\Admin\Controller\ClassHourController.class.php 第 19 行.
INFO: [ admin_begin ] --START--
INFO: Run Common\Behavior\AdminDefaultLangBehavior [ RunTime:0.001896s ]
INFO: [ admin_begin ] --END-- [ RunTime:0.001952s ]
SQL: SHOW COLUMNS FROM `cmf_users` [ RunTime:0.0015s ]
SQL: SELECT * FROM `cmf_users` WHERE `id` = '1' LIMIT 1   [ RunTime:0.0005s ]
SQL: SHOW COLUMNS FROM `cmf_live` [ RunTime:0.0007s ]
SQL: SHOW COLUMNS FROM `cmf_junwei` [ RunTime:0.0020s ]
SQL: SELECT * FROM `cmf_junwei` LIMIT 1   [ RunTime:0.0004s ]
SQL: DELETE FROM `cmf_live` WHERE ( id = 3 ) [ RunTime:0.1114s ]

[ 2017-05-10T13:08:47+08:00 ] 127.0.0.1 /ThinkCMFX/index.php?g=&m=ClassHour&a=delete&id=4&class_id=sXMp26Dws9
INFO: [ app_begin ] --START--
INFO: Run Behavior\ReadHtmlCacheBehavior [ RunTime:0.001231s ]
INFO: Run Behavior\CheckLangBehavior [ RunTime:0.001986s ]
INFO: Run Common\Behavior\UrldecodeGetBehavior [ RunTime:0.000735s ]
INFO: [ app_begin ] --END-- [ RunTime:0.004764s ]
NOTIC: [2] Declaration of Admin\Controller\ClassHourController::show() should be compatible with Think\Controller::show($content, $charset = '', $contentType = '', $prefix = '') D:\laragon\www\junwei1\ThinkCMFX\application\Admin\Controller\ClassHourController.class.php 第 19 行.
INFO: [ admin_begin ] --START--
INFO: Run Common\Behavior\AdminDefaultLangBehavior [ RunTime:0.002360s ]
INFO: [ admin_begin ] --END-- [ RunTime:0.002415s ]
SQL: SHOW COLUMNS FROM `cmf_users` [ RunTime:0.0010s ]
SQL: SELECT * FROM `cmf_users` WHERE `id` = '1' LIMIT 1   [ RunTime:0.0006s ]
SQL: SHOW COLUMNS FROM `cmf_live` [ RunTime:0.0010s ]
SQL: SHOW COLUMNS FROM `cmf_junwei` [ RunTime:0.0008s ]
SQL: SELECT * FROM `cmf_junwei` LIMIT 1   [ RunTime:0.0003s ]
SQL: DELETE FROM `cmf_live` WHERE ( id = 4 ) [ RunTime:0.2508s ]

[ 2017-05-10T13:17:26+08:00 ] 127.0.0.1 /ThinkCMFX/index.php?g=&m=ClassHour&a=delete&id=6&class_id=1q0lzSOCzt
INFO: [ app_begin ] --START--
INFO: Run Behavior\ReadHtmlCacheBehavior [ RunTime:0.000949s ]
INFO: Run Behavior\CheckLangBehavior [ RunTime:0.001816s ]
INFO: Run Common\Behavior\UrldecodeGetBehavior [ RunTime:0.000507s ]
INFO: [ app_begin ] --END-- [ RunTime:0.003865s ]
NOTIC: [2] Declaration of Admin\Controller\ClassHourController::show() should be compatible with Think\Controller::show($content, $charset = '', $contentType = '', $prefix = '') D:\laragon\www\junwei1\ThinkCMFX\application\Admin\Controller\ClassHourController.class.php 第 19 行.
INFO: [ admin_begin ] --START--
INFO: Run Common\Behavior\AdminDefaultLangBehavior [ RunTime:0.001992s ]
INFO: [ admin_begin ] --END-- [ RunTime:0.002030s ]
SQL: SHOW COLUMNS FROM `cmf_users` [ RunTime:0.0008s ]
SQL: SELECT * FROM `cmf_users` WHERE `id` = '1' LIMIT 1   [ RunTime:0.0005s ]
SQL: SHOW COLUMNS FROM `cmf_live` [ RunTime:0.0007s ]
SQL: SHOW COLUMNS FROM `cmf_junwei` [ RunTime:0.0006s ]
SQL: SELECT * FROM `cmf_junwei` LIMIT 1   [ RunTime:0.0002s ]
SQL: DELETE FROM `cmf_live` WHERE ( id = 6 ) [ RunTime:0.1848s ]

[ 2017-05-10T13:21:30+08:00 ] 127.0.0.1 /ThinkCMFX/index.php?g=&m=ClassHour&a=delete&id=7&class_id=nAWQlVatZV
INFO: [ app_begin ] --START--
INFO: Run Behavior\ReadHtmlCacheBehavior [ RunTime:0.001182s ]
INFO: Run Behavior\CheckLangBehavior [ RunTime:0.002160s ]
INFO: Run Common\Behavior\UrldecodeGetBehavior [ RunTime:0.000622s ]
INFO: [ app_begin ] --END-- [ RunTime:0.004789s ]
NOTIC: [2] Declaration of Admin\Controller\ClassHourController::show() should be compatible with Think\Controller::show($content, $charset = '', $contentType = '', $prefix = '') D:\laragon\www\junwei1\ThinkCMFX\application\Admin\Controller\ClassHourController.class.php 第 19 行.
INFO: [ admin_begin ] --START--
INFO: Run Common\Behavior\AdminDefaultLangBehavior [ RunTime:0.002888s ]
INFO: [ admin_begin ] --END-- [ RunTime:0.002945s ]
SQL: SHOW COLUMNS FROM `cmf_users` [ RunTime:0.0019s ]
SQL: SELECT * FROM `cmf_users` WHERE `id` = '1' LIMIT 1   [ RunTime:0.0007s ]
SQL: SHOW COLUMNS FROM `cmf_live` [ RunTime:0.0011s ]
SQL: SHOW COLUMNS FROM `cmf_junwei` [ RunTime:0.0008s ]
SQL: SELECT * FROM `cmf_junwei` LIMIT 1   [ RunTime:0.0713s ]
SQL: DELETE FROM `cmf_live` WHERE ( id = 7 ) [ RunTime:0.0803s ]

[ 2017-05-10T13:31:37+08:00 ] 127.0.0.1 /ThinkCMFX/index.php?g=&m=ClassHour&a=delete&id=8&class_id=5uxEj80l0S
INFO: [ app_begin ] --START--
INFO: Run Behavior\ReadHtmlCacheBehavior [ RunTime:0.001008s ]
INFO: Run Behavior\CheckLangBehavior [ RunTime:0.001551s ]
INFO: Run Common\Behavior\UrldecodeGetBehavior [ RunTime:0.000436s ]
INFO: [ app_begin ] --END-- [ RunTime:0.003846s ]
NOTIC: [2] Declaration of Admin\Controller\ClassHourController::show() should be compatible with Think\Controller::show($content, $charset = '', $contentType = '', $prefix = '') D:\laragon\www\junwei1\ThinkCMFX\application\Admin\Controller\ClassHourController.class.php 第 19 行.
INFO: [ admin_begin ] --START--
INFO: Run Common\Behavior\AdminDefaultLangBehavior [ RunTime:0.001874s ]
INFO: [ admin_begin ] --END-- [ RunTime:0.001933s ]
SQL: SHOW COLUMNS FROM `cmf_users` [ RunTime:0.0021s ]
SQL: SELECT * FROM `cmf_users` WHERE `id` = '1' LIMIT 1   [ RunTime:0.0007s ]
SQL: SHOW COLUMNS FROM `cmf_live` [ RunTime:0.0011s ]
SQL: SHOW COLUMNS FROM `cmf_junwei` [ RunTime:0.0018s ]
SQL: SELECT * FROM `cmf_junwei` LIMIT 1   [ RunTime:0.0003s ]
SQL: DELETE FROM `cmf_live` WHERE ( id = 8 ) [ RunTime:0.1529s ]

[ 2017-05-10T13:31:56+08:00 ] 127.0.0.1 /ThinkCMFX/index.php?g=&m=ClassHour&a=create
ERR: 1048:Column 'number' cannot be null
 [ SQL语句 ] : INSERT INTO `cmf_live` (`subject`,`startDate`,`invalidDate`,`course_id`,`lector_id`,`number`,`stu_token`,`class_id`) VALUES ('离婚','2017','2017','9','1',NULL,NULL,NULL)

