[ 2017-05-02T09:43:06+08:00 ] 127.0.0.1 /index.php?g=Admin&m=public&a=dologin
INFO: [ app_begin ] --START--
INFO: Run Behavior\ReadHtmlCacheBehavior [ RunTime:0.001189s ]
INFO: Run Behavior\CheckLangBehavior [ RunTime:0.001757s ]
INFO: Run Common\Behavior\UrldecodeGetBehavior [ RunTime:0.000563s ]
INFO: [ app_begin ] --END-- [ RunTime:0.004042s ]
INFO: [ admin_begin ] --START--
INFO: Run Common\Behavior\AdminDefaultLangBehavior [ RunTime:0.001804s ]
INFO: [ admin_begin ] --END-- [ RunTime:0.001866s ]
SQL: SHOW COLUMNS FROM `cmf_users` [ RunTime:0.0492s ]
SQL: SELECT * FROM `cmf_users` WHERE `user_login` = 'admin' LIMIT 1   [ RunTime:0.0082s ]
SQL: SHOW COLUMNS FROM `cmf_role_user` [ RunTime:0.0590s ]
SQL: SELECT `role_id` FROM cmf_role_user a INNER JOIN cmf_role as b on a.role_id =b.id  WHERE `user_id` = '1' AND `status` = 1  [ RunTime:0.0459s ]
SQL: UPDATE `cmf_users` SET `user_login`='admin',`user_pass`='###e9a6a1b2c468c852c57c0d86674e1f9b',`user_nicename`='admin',`user_email`='1348779449@qq.com',`user_url`='',`avatar`=NULL,`sex`='0',`birthday`='2000-01-01',`signature`=NULL,`last_login_ip`='127.0.0.1',`last_login_time`='2017-05-02 09:43:06',`create_time`='2017-04-17 01:37:17',`user_activation_key`='',`user_status`='1',`score`='0',`user_type`='1',`coin`='0',`mobile`='' WHERE `id` = '1' [ RunTime:0.1044s ]

[ 2017-05-02T10:03:30+08:00 ] 192.168.50.149 /ThinkCMFX/index.php?g=Admin&m=public&a=dologin
INFO: [ app_begin ] --START--
INFO: Run Behavior\ReadHtmlCacheBehavior [ RunTime:0.000945s ]
INFO: Run Behavior\CheckLangBehavior [ RunTime:0.002244s ]
INFO: Run Common\Behavior\UrldecodeGetBehavior [ RunTime:0.000585s ]
INFO: [ app_begin ] --END-- [ RunTime:0.004662s ]
INFO: [ admin_begin ] --START--
INFO: Run Common\Behavior\AdminDefaultLangBehavior [ RunTime:0.002903s ]
INFO: [ admin_begin ] --END-- [ RunTime:0.002974s ]
SQL: SHOW COLUMNS FROM `cmf_users` [ RunTime:0.0023s ]
SQL: SELECT * FROM `cmf_users` WHERE `user_login` = 'admin' LIMIT 1   [ RunTime:0.0007s ]
SQL: SHOW COLUMNS FROM `cmf_role_user` [ RunTime:0.0019s ]
SQL: SELECT `role_id` FROM cmf_role_user a INNER JOIN cmf_role as b on a.role_id =b.id  WHERE `user_id` = '1' AND `status` = 1  [ RunTime:0.0015s ]
SQL: UPDATE `cmf_users` SET `user_login`='admin',`user_pass`='###e9a6a1b2c468c852c57c0d86674e1f9b',`user_nicename`='admin',`user_email`='1348779449@qq.com',`user_url`='',`avatar`=NULL,`sex`='0',`birthday`='2000-01-01',`signature`=NULL,`last_login_ip`='192.168.50.149',`last_login_time`='2017-05-02 10:03:30',`create_time`='2017-04-17 01:37:17',`user_activation_key`='',`user_status`='1',`score`='0',`user_type`='1',`coin`='0',`mobile`='' WHERE `id` = '1' [ RunTime:0.0827s ]

[ 2017-05-02T10:20:31+08:00 ] 192.168.50.69 /ThinkCMFX/index.php?g=Admin&m=public&a=dologin
INFO: [ app_begin ] --START--
INFO: Run Behavior\ReadHtmlCacheBehavior [ RunTime:0.000843s ]
INFO: Run Behavior\CheckLangBehavior [ RunTime:0.001232s ]
INFO: Run Common\Behavior\UrldecodeGetBehavior [ RunTime:0.000360s ]
INFO: [ app_begin ] --END-- [ RunTime:0.003045s ]
INFO: [ admin_begin ] --START--
INFO: Run Common\Behavior\AdminDefaultLangBehavior [ RunTime:0.001274s ]
INFO: [ admin_begin ] --END-- [ RunTime:0.001325s ]
SQL: SHOW COLUMNS FROM `cmf_users` [ RunTime:0.0096s ]
SQL: SELECT * FROM `cmf_users` WHERE `user_login` = 'admin' LIMIT 1   [ RunTime:0.0006s ]
SQL: SHOW COLUMNS FROM `cmf_role_user` [ RunTime:0.0010s ]
SQL: SELECT `role_id` FROM cmf_role_user a INNER JOIN cmf_role as b on a.role_id =b.id  WHERE `user_id` = '1' AND `status` = 1  [ RunTime:0.0011s ]
SQL: UPDATE `cmf_users` SET `user_login`='admin',`user_pass`='###e9a6a1b2c468c852c57c0d86674e1f9b',`user_nicename`='admin',`user_email`='1348779449@qq.com',`user_url`='',`avatar`=NULL,`sex`='0',`birthday`='2000-01-01',`signature`=NULL,`last_login_ip`='192.168.50.69',`last_login_time`='2017-05-02 10:20:31',`create_time`='2017-04-17 01:37:17',`user_activation_key`='',`user_status`='1',`score`='0',`user_type`='1',`coin`='0',`mobile`='' WHERE `id` = '1' [ RunTime:0.2358s ]

[ 2017-05-02T11:08:01+08:00 ] 127.0.0.1 /index.php?g=Admin&m=Course&a=create
ERR: syntax error, unexpected '}'

[ 2017-05-02T11:08:04+08:00 ] 127.0.0.1 /index.php?g=Admin&m=Course&a=show
ERR: syntax error, unexpected '}'

[ 2017-05-02T11:08:05+08:00 ] 127.0.0.1 /index.php?g=Admin&m=Course&a=show
ERR: syntax error, unexpected '}'

[ 2017-05-02T11:08:07+08:00 ] 127.0.0.1 /index.php?g=Admin&m=Course&a=show
ERR: syntax error, unexpected '}'

[ 2017-05-02T11:17:39+08:00 ] 127.0.0.1 /index.php?g=Admin&m=public&a=dologin
INFO: [ app_begin ] --START--
INFO: Run Behavior\ReadHtmlCacheBehavior [ RunTime:0.000768s ]
INFO: Run Behavior\CheckLangBehavior [ RunTime:0.001638s ]
INFO: Run Common\Behavior\UrldecodeGetBehavior [ RunTime:0.000454s ]
INFO: [ app_begin ] --END-- [ RunTime:0.003382s ]
INFO: [ admin_begin ] --START--
INFO: Run Common\Behavior\AdminDefaultLangBehavior [ RunTime:0.001703s ]
INFO: [ admin_begin ] --END-- [ RunTime:0.001755s ]
SQL: SHOW COLUMNS FROM `cmf_users` [ RunTime:0.0009s ]
SQL: SELECT * FROM `cmf_users` WHERE `user_login` = 'admin' LIMIT 1   [ RunTime:0.0005s ]
SQL: SHOW COLUMNS FROM `cmf_role_user` [ RunTime:0.0011s ]
SQL: SELECT `role_id` FROM cmf_role_user a INNER JOIN cmf_role as b on a.role_id =b.id  WHERE `user_id` = '1' AND `status` = 1  [ RunTime:0.0010s ]
SQL: UPDATE `cmf_users` SET `user_login`='admin',`user_pass`='###e9a6a1b2c468c852c57c0d86674e1f9b',`user_nicename`='admin',`user_email`='1348779449@qq.com',`user_url`='',`avatar`=NULL,`sex`='0',`birthday`='2000-01-01',`signature`=NULL,`last_login_ip`='127.0.0.1',`last_login_time`='2017-05-02 11:17:39',`create_time`='2017-04-17 01:37:17',`user_activation_key`='',`user_status`='1',`score`='0',`user_type`='1',`coin`='0',`mobile`='' WHERE `id` = '1' [ RunTime:0.0904s ]

[ 2017-05-02T13:55:25+08:00 ] 127.0.0.1 /index.php?g=Admin&m=Course&a=create
ERR: syntax error, unexpected '>'

[ 2017-05-02T14:17:36+08:00 ] 127.0.0.1 /index.php?g=Admin&m=public&a=dologin
INFO: [ app_begin ] --START--
INFO: Run Behavior\ReadHtmlCacheBehavior [ RunTime:0.000765s ]
INFO: Run Behavior\CheckLangBehavior [ RunTime:0.001143s ]
INFO: Run Common\Behavior\UrldecodeGetBehavior [ RunTime:0.000311s ]
INFO: [ app_begin ] --END-- [ RunTime:0.002933s ]
INFO: [ admin_begin ] --START--
INFO: Run Common\Behavior\AdminDefaultLangBehavior [ RunTime:0.001840s ]
INFO: [ admin_begin ] --END-- [ RunTime:0.001919s ]
SQL: SHOW COLUMNS FROM `cmf_users` [ RunTime:0.0017s ]
SQL: SELECT * FROM `cmf_users` WHERE `user_login` = 'admin' LIMIT 1   [ RunTime:0.0007s ]
SQL: SHOW COLUMNS FROM `cmf_role_user` [ RunTime:0.4242s ]
SQL: SELECT `role_id` FROM cmf_role_user a INNER JOIN cmf_role as b on a.role_id =b.id  WHERE `user_id` = '1' AND `status` = 1  [ RunTime:0.1927s ]
SQL: UPDATE `cmf_users` SET `user_login`='admin',`user_pass`='###e9a6a1b2c468c852c57c0d86674e1f9b',`user_nicename`='admin',`user_email`='1348779449@qq.com',`user_url`='',`avatar`=NULL,`sex`='0',`birthday`='2000-01-01',`signature`=NULL,`last_login_ip`='127.0.0.1',`last_login_time`='2017-05-02 14:17:36',`create_time`='2017-04-17 01:37:17',`user_activation_key`='',`user_status`='1',`score`='0',`user_type`='1',`coin`='0',`mobile`='' WHERE `id` = '1' [ RunTime:0.3425s ]

[ 2017-05-02T14:19:04+08:00 ] 127.0.0.1 /index.php?g=Admin&m=public&a=dologin
INFO: [ app_begin ] --START--
INFO: Run Behavior\ReadHtmlCacheBehavior [ RunTime:0.000671s ]
INFO: Run Behavior\CheckLangBehavior [ RunTime:0.001485s ]
INFO: Run Common\Behavior\UrldecodeGetBehavior [ RunTime:0.000388s ]
INFO: [ app_begin ] --END-- [ RunTime:0.003732s ]
INFO: [ admin_begin ] --START--
INFO: Run Common\Behavior\AdminDefaultLangBehavior [ RunTime:0.001454s ]
INFO: [ admin_begin ] --END-- [ RunTime:0.001513s ]
SQL: SHOW COLUMNS FROM `cmf_users` [ RunTime:0.0016s ]
SQL: SELECT * FROM `cmf_users` WHERE `user_login` = 'admin' LIMIT 1   [ RunTime:0.0006s ]
SQL: SHOW COLUMNS FROM `cmf_role_user` [ RunTime:0.0014s ]
SQL: SELECT `role_id` FROM cmf_role_user a INNER JOIN cmf_role as b on a.role_id =b.id  WHERE `user_id` = '1' AND `status` = 1  [ RunTime:0.0010s ]
SQL: UPDATE `cmf_users` SET `user_login`='admin',`user_pass`='###e9a6a1b2c468c852c57c0d86674e1f9b',`user_nicename`='admin',`user_email`='1348779449@qq.com',`user_url`='',`avatar`=NULL,`sex`='0',`birthday`='2000-01-01',`signature`=NULL,`last_login_ip`='127.0.0.1',`last_login_time`='2017-05-02 14:19:04',`create_time`='2017-04-17 01:37:17',`user_activation_key`='',`user_status`='1',`score`='0',`user_type`='1',`coin`='0',`mobile`='' WHERE `id` = '1' [ RunTime:0.0290s ]

[ 2017-05-02T14:20:11+08:00 ] 127.0.0.1 /index.php?g=Admin&m=public&a=dologin
INFO: [ app_begin ] --START--
INFO: Run Behavior\ReadHtmlCacheBehavior [ RunTime:0.000889s ]
INFO: Run Behavior\CheckLangBehavior [ RunTime:0.008999s ]
INFO: Run Common\Behavior\UrldecodeGetBehavior [ RunTime:0.004150s ]
INFO: [ app_begin ] --END-- [ RunTime:0.015533s ]
INFO: [ admin_begin ] --START--
INFO: Run Common\Behavior\AdminDefaultLangBehavior [ RunTime:0.002900s ]
INFO: [ admin_begin ] --END-- [ RunTime:0.002988s ]
SQL: SHOW COLUMNS FROM `cmf_users` [ RunTime:0.0027s ]
SQL: SELECT * FROM `cmf_users` WHERE `user_login` = 'admin' LIMIT 1   [ RunTime:0.0011s ]
SQL: SHOW COLUMNS FROM `cmf_role_user` [ RunTime:0.0013s ]
SQL: SELECT `role_id` FROM cmf_role_user a INNER JOIN cmf_role as b on a.role_id =b.id  WHERE `user_id` = '1' AND `status` = 1  [ RunTime:0.0011s ]
SQL: UPDATE `cmf_users` SET `user_login`='admin',`user_pass`='###e9a6a1b2c468c852c57c0d86674e1f9b',`user_nicename`='admin',`user_email`='1348779449@qq.com',`user_url`='',`avatar`=NULL,`sex`='0',`birthday`='2000-01-01',`signature`=NULL,`last_login_ip`='127.0.0.1',`last_login_time`='2017-05-02 14:20:11',`create_time`='2017-04-17 01:37:17',`user_activation_key`='',`user_status`='1',`score`='0',`user_type`='1',`coin`='0',`mobile`='' WHERE `id` = '1' [ RunTime:0.0658s ]

[ 2017-05-02T14:24:13+08:00 ] 127.0.0.1 /index.php?g=Admin&m=public&a=dologin
INFO: [ app_begin ] --START--
INFO: Run Behavior\ReadHtmlCacheBehavior [ RunTime:0.000578s ]
INFO: Run Behavior\CheckLangBehavior [ RunTime:0.001173s ]
INFO: Run Common\Behavior\UrldecodeGetBehavior [ RunTime:0.000495s ]
INFO: [ app_begin ] --END-- [ RunTime:0.002758s ]
INFO: [ admin_begin ] --START--
INFO: Run Common\Behavior\AdminDefaultLangBehavior [ RunTime:0.001358s ]
INFO: [ admin_begin ] --END-- [ RunTime:0.001414s ]
SQL: SHOW COLUMNS FROM `cmf_users` [ RunTime:0.0009s ]
SQL: SELECT * FROM `cmf_users` WHERE `user_login` = 'admin' LIMIT 1   [ RunTime:0.0005s ]
SQL: SHOW COLUMNS FROM `cmf_role_user` [ RunTime:0.0006s ]
SQL: SELECT `role_id` FROM cmf_role_user a INNER JOIN cmf_role as b on a.role_id =b.id  WHERE `user_id` = '1' AND `status` = 1  [ RunTime:0.0003s ]
SQL: UPDATE `cmf_users` SET `user_login`='admin',`user_pass`='###e9a6a1b2c468c852c57c0d86674e1f9b',`user_nicename`='admin',`user_email`='1348779449@qq.com',`user_url`='',`avatar`=NULL,`sex`='0',`birthday`='2000-01-01',`signature`=NULL,`last_login_ip`='127.0.0.1',`last_login_time`='2017-05-02 14:24:13',`create_time`='2017-04-17 01:37:17',`user_activation_key`='',`user_status`='1',`score`='0',`user_type`='1',`coin`='0',`mobile`='' WHERE `id` = '1' [ RunTime:0.0612s ]

[ 2017-05-02T14:39:42+08:00 ] 127.0.0.1 /index.php?g=Admin&m=public&a=dologin
INFO: [ app_begin ] --START--
INFO: Run Behavior\ReadHtmlCacheBehavior [ RunTime:0.000844s ]
INFO: Run Behavior\CheckLangBehavior [ RunTime:0.002397s ]
INFO: Run Common\Behavior\UrldecodeGetBehavior [ RunTime:0.000601s ]
INFO: [ app_begin ] --END-- [ RunTime:0.004656s ]
INFO: [ admin_begin ] --START--
INFO: Run Common\Behavior\AdminDefaultLangBehavior [ RunTime:0.001982s ]
INFO: [ admin_begin ] --END-- [ RunTime:0.002052s ]
SQL: SHOW COLUMNS FROM `cmf_users` [ RunTime:0.0010s ]
SQL: SELECT * FROM `cmf_users` WHERE `user_login` = 'admin' LIMIT 1   [ RunTime:0.0007s ]
SQL: SHOW COLUMNS FROM `cmf_role_user` [ RunTime:0.0020s ]
SQL: SELECT `role_id` FROM cmf_role_user a INNER JOIN cmf_role as b on a.role_id =b.id  WHERE `user_id` = '1' AND `status` = 1  [ RunTime:0.0017s ]
SQL: UPDATE `cmf_users` SET `user_login`='admin',`user_pass`='###e9a6a1b2c468c852c57c0d86674e1f9b',`user_nicename`='admin',`user_email`='1348779449@qq.com',`user_url`='',`avatar`=NULL,`sex`='0',`birthday`='2000-01-01',`signature`=NULL,`last_login_ip`='127.0.0.1',`last_login_time`='2017-05-02 14:39:42',`create_time`='2017-04-17 01:37:17',`user_activation_key`='',`user_status`='1',`score`='0',`user_type`='1',`coin`='0',`mobile`='' WHERE `id` = '1' [ RunTime:0.0353s ]

[ 2017-05-02T14:50:48+08:00 ] 127.0.0.1 /index.php?g=Admin&m=public&a=dologin
INFO: [ app_begin ] --START--
INFO: Run Behavior\ReadHtmlCacheBehavior [ RunTime:0.000920s ]
INFO: Run Behavior\CheckLangBehavior [ RunTime:0.001906s ]
INFO: Run Common\Behavior\UrldecodeGetBehavior [ RunTime:0.000793s ]
INFO: [ app_begin ] --END-- [ RunTime:0.004398s ]
INFO: [ admin_begin ] --START--
INFO: Run Common\Behavior\AdminDefaultLangBehavior [ RunTime:0.002243s ]
INFO: [ admin_begin ] --END-- [ RunTime:0.002316s ]
SQL: SHOW COLUMNS FROM `cmf_users` [ RunTime:0.0014s ]
SQL: SELECT * FROM `cmf_users` WHERE `user_login` = 'admin' LIMIT 1   [ RunTime:0.0007s ]
SQL: SHOW COLUMNS FROM `cmf_role_user` [ RunTime:0.0013s ]
SQL: SELECT `role_id` FROM cmf_role_user a INNER JOIN cmf_role as b on a.role_id =b.id  WHERE `user_id` = '1' AND `status` = 1  [ RunTime:0.0012s ]
SQL: UPDATE `cmf_users` SET `user_login`='admin',`user_pass`='###e9a6a1b2c468c852c57c0d86674e1f9b',`user_nicename`='admin',`user_email`='1348779449@qq.com',`user_url`='',`avatar`=NULL,`sex`='0',`birthday`='2000-01-01',`signature`=NULL,`last_login_ip`='127.0.0.1',`last_login_time`='2017-05-02 14:50:48',`create_time`='2017-04-17 01:37:17',`user_activation_key`='',`user_status`='1',`score`='0',`user_type`='1',`coin`='0',`mobile`='' WHERE `id` = '1' [ RunTime:0.0459s ]

[ 2017-05-02T15:21:03+08:00 ] 127.0.0.1 /index.php?g=Admin&m=Course&a=create
ERR: 1292:Incorrect datetime value: '' for column 'invalidDate' at row 1
 [ SQL语句 ] : INSERT INTO `cmf_course` (`type`,`is_free`,`num_class`,`subject`,`now_price`,`old_price`,`startDate`,`invalidDate`,`introduction`,`lector_id`,`people_id`,`book_id`,`number`,`stu_token`,`class_id`) VALUES ('0','2','12','520','111','11','2017-05-02 15:22:39','','131315156','1','1','3','41395648','522301','xZJV3UF4yv')

[ 2017-05-02T16:53:11+08:00 ] 127.0.0.1 /index.php?g=Admin&m=Course&a=past_live&roomId=YrGZVioX9b
ERR: 1064:You have an error in your SQL syntax; check the manual that corresponds to your MySQL server version for the right syntax to use near ') LIMIT 1' at line 1
 [ SQL语句 ] : SELECT * FROM `cmf_course` WHERE ( class_id =  ) LIMIT 1  

[ 2017-05-02T17:33:05+08:00 ] 127.0.0.1 /index.php?g=Admin&m=Course&a=past_live&class_id=9PwoUVmdnq
ERR: 1054:Unknown column '9PwoUVmdnq' in 'where clause'
 [ SQL语句 ] : UPDATE `cmf_course` SET `token`=NULL,`reply_url`='http://junwei.gensee.com/training/site/v/13404209' WHERE ( class_id = 9PwoUVmdnq )

[ 2017-05-02T17:35:51+08:00 ] 127.0.0.1 /index.php?g=Admin&m=Course&a=past_live&class_id=9PwoUVmdnq
ERR: 1054:Unknown column '9PwoUVmdnq' in 'where clause'
 [ SQL语句 ] : UPDATE `cmf_course` SET `reply_url`='http://junwei.gensee.com/training/site/v/13404209' WHERE ( class_id = 9PwoUVmdnq )

[ 2017-05-02T17:37:21+08:00 ] 127.0.0.1 /index.php?g=Admin&m=Course&a=past_live&class_id=9PwoUVmdnq
ERR: 1054:Unknown column '9PwoUVmdnq' in 'where clause'
 [ SQL语句 ] : SELECT * FROM `cmf_course` WHERE ( class_id = 9PwoUVmdnq ) LIMIT 1  

