[ 2017-06-28T08:48:51+08:00 ] 115.33.36.173 /junwei/index.php?s=/public/dologin
INFO: [ app_begin ] --START--
INFO: Run Behavior\ReadHtmlCacheBehavior [ RunTime:0.000026s ]
INFO: Run Behavior\CheckLangBehavior [ RunTime:0.000125s ]
INFO: Run Common\Behavior\UrldecodeGetBehavior [ RunTime:0.000037s ]
INFO: [ app_begin ] --END-- [ RunTime:0.000253s ]
INFO: [ admin_begin ] --START--
INFO: Run Common\Behavior\AdminDefaultLangBehavior [ RunTime:0.000084s ]
INFO: [ admin_begin ] --END-- [ RunTime:0.000108s ]
SQL: SHOW COLUMNS FROM `cmf_users` [ RunTime:0.0009s ]
SQL: SELECT * FROM `cmf_users` WHERE `user_login` = 'jiaoyan2' LIMIT 1   [ RunTime:0.0006s ]
SQL: SHOW COLUMNS FROM `cmf_role_user` [ RunTime:0.0006s ]
SQL: SELECT `role_id` FROM cmf_role_user a INNER JOIN cmf_role as b on a.role_id =b.id  WHERE `user_id` = '20' AND `status` = 1  [ RunTime:0.0006s ]
SQL: UPDATE `cmf_users` SET `user_login`='jiaoyan2',`user_pass`='###9e09f7a64f747d17e62c4f35a9713f15',`user_nicename`='',`user_email`='jun@163.com',`user_url`='',`avatar`=NULL,`sex`='0',`birthday`='2000-01-01',`signature`=NULL,`last_login_ip`='115.33.36.173',`last_login_time`='2017-06-28 08:48:51',`create_time`='2017-05-08 09:45:47',`user_activation_key`='',`user_status`='1',`score`='0',`user_type`='1',`coin`='0',`mobile`='',`token`='0',`ctime`='0',`check`='0' WHERE `id` = '20' [ RunTime:0.0006s ]

[ 2017-06-28T08:49:05+08:00 ] 115.33.36.173 /junwei/index.php?s=/Admin/Question/true
NOTIC: D方法实例化没找到模型类Common\Model\SubjectsModel
NOTIC: D方法实例化没找到模型类Common\Model\ChapterModel
NOTIC: D方法实例化没找到模型类Common\Model\AnswerModel

[ 2017-06-28T09:02:13+08:00 ] 115.33.36.173 /junwei/index.php?s=/Question/truesubjectivelist
NOTIC: D方法实例化没找到模型类Common\Model\SubjectsModel
NOTIC: D方法实例化没找到模型类Common\Model\ChapterModel
NOTIC: D方法实例化没找到模型类Common\Model\AnswerModel

[ 2017-06-28T09:02:39+08:00 ] 115.33.36.173 /junwei/index.php?s=/Question/truesubjectiveedit/sub_id/26
NOTIC: D方法实例化没找到模型类Common\Model\SubjectsModel
NOTIC: D方法实例化没找到模型类Common\Model\ChapterModel
NOTIC: D方法实例化没找到模型类Common\Model\AnswerModel

[ 2017-06-28T09:04:25+08:00 ] 115.33.36.173 /junwei/index.php?s=/Question/truesubedit_post
NOTIC: D方法实例化没找到模型类Common\Model\SubjectsModel
NOTIC: D方法实例化没找到模型类Common\Model\ChapterModel
NOTIC: D方法实例化没找到模型类Common\Model\AnswerModel

[ 2017-06-28T09:04:27+08:00 ] 115.33.36.173 /junwei/index.php?s=/Question/truesubjectivelist
NOTIC: D方法实例化没找到模型类Common\Model\SubjectsModel
NOTIC: D方法实例化没找到模型类Common\Model\ChapterModel
NOTIC: D方法实例化没找到模型类Common\Model\AnswerModel

[ 2017-06-28T09:08:08+08:00 ] 115.33.36.173 /junwei/index.php?s=/public/dologin
INFO: [ app_begin ] --START--
INFO: Run Behavior\ReadHtmlCacheBehavior [ RunTime:0.000016s ]
INFO: Run Behavior\CheckLangBehavior [ RunTime:0.000066s ]
INFO: Run Common\Behavior\UrldecodeGetBehavior [ RunTime:0.000021s ]
INFO: [ app_begin ] --END-- [ RunTime:0.000143s ]
INFO: [ admin_begin ] --START--
INFO: Run Common\Behavior\AdminDefaultLangBehavior [ RunTime:0.000047s ]
INFO: [ admin_begin ] --END-- [ RunTime:0.000060s ]
SQL: SHOW COLUMNS FROM `cmf_users` [ RunTime:0.0010s ]
SQL: SELECT * FROM `cmf_users` WHERE `user_login` = 'admin' LIMIT 1   [ RunTime:0.0006s ]
SQL: SHOW COLUMNS FROM `cmf_role_user` [ RunTime:0.0007s ]
SQL: SELECT `role_id` FROM cmf_role_user a INNER JOIN cmf_role as b on a.role_id =b.id  WHERE `user_id` = '1' AND `status` = 1  [ RunTime:0.0006s ]
SQL: UPDATE `cmf_users` SET `user_login`='admin',`user_pass`='###e9a6a1b2c468c852c57c0d86674e1f9b',`user_nicename`='admin',`user_email`='1348779449@qq.com',`user_url`='',`avatar`=NULL,`sex`='0',`birthday`='2000-01-01',`signature`=NULL,`last_login_ip`='115.33.36.173',`last_login_time`='2017-06-28 09:08:08',`create_time`='2017-04-17 01:37:17',`user_activation_key`='',`user_status`='1',`score`='0',`user_type`='1',`coin`='0',`mobile`='',`token`='',`ctime`='0',`check`='0' WHERE `id` = '1' [ RunTime:0.0006s ]

[ 2017-06-28T09:10:00+08:00 ] 115.33.36.173 /junwei/index.php?s=/public/dologin
INFO: [ app_begin ] --START--
INFO: Run Behavior\ReadHtmlCacheBehavior [ RunTime:0.000019s ]
INFO: Run Behavior\CheckLangBehavior [ RunTime:0.000079s ]
INFO: Run Common\Behavior\UrldecodeGetBehavior [ RunTime:0.000024s ]
INFO: [ app_begin ] --END-- [ RunTime:0.000163s ]
INFO: [ admin_begin ] --START--
INFO: Run Common\Behavior\AdminDefaultLangBehavior [ RunTime:0.000053s ]
INFO: [ admin_begin ] --END-- [ RunTime:0.000068s ]
SQL: SHOW COLUMNS FROM `cmf_users` [ RunTime:0.0010s ]
SQL: SELECT * FROM `cmf_users` WHERE `user_login` = 'admin' LIMIT 1   [ RunTime:0.0006s ]
SQL: SHOW COLUMNS FROM `cmf_role_user` [ RunTime:0.0006s ]
SQL: SELECT `role_id` FROM cmf_role_user a INNER JOIN cmf_role as b on a.role_id =b.id  WHERE `user_id` = '1' AND `status` = 1  [ RunTime:0.0006s ]
SQL: UPDATE `cmf_users` SET `user_login`='admin',`user_pass`='###e9a6a1b2c468c852c57c0d86674e1f9b',`user_nicename`='admin',`user_email`='1348779449@qq.com',`user_url`='',`avatar`=NULL,`sex`='0',`birthday`='2000-01-01',`signature`=NULL,`last_login_ip`='115.33.36.173',`last_login_time`='2017-06-28 09:10:00',`create_time`='2017-04-17 01:37:17',`user_activation_key`='',`user_status`='1',`score`='0',`user_type`='1',`coin`='0',`mobile`='',`token`='',`ctime`='0',`check`='0' WHERE `id` = '1' [ RunTime:0.0006s ]

[ 2017-06-28T09:48:32+08:00 ] 115.33.36.173 /junwei/index.php?s=/Question/truesubjectiveedit/sub_id/26
NOTIC: D方法实例化没找到模型类Common\Model\SubjectsModel
NOTIC: D方法实例化没找到模型类Common\Model\ChapterModel
NOTIC: D方法实例化没找到模型类Common\Model\AnswerModel

[ 2017-06-28T09:56:08+08:00 ] 115.33.36.173 /junwei/index.php?s=/Question/truesubedit_post
NOTIC: D方法实例化没找到模型类Common\Model\SubjectsModel
NOTIC: D方法实例化没找到模型类Common\Model\ChapterModel
NOTIC: D方法实例化没找到模型类Common\Model\AnswerModel

[ 2017-06-28T09:56:11+08:00 ] 115.33.36.173 /junwei/index.php?s=/Question/truesubjectivelist
NOTIC: D方法实例化没找到模型类Common\Model\SubjectsModel
NOTIC: D方法实例化没找到模型类Common\Model\ChapterModel
NOTIC: D方法实例化没找到模型类Common\Model\AnswerModel

[ 2017-06-28T09:56:37+08:00 ] 115.33.36.173 /junwei/index.php?s=/Question/truesubjectiveedit/sub_id/46
NOTIC: D方法实例化没找到模型类Common\Model\SubjectsModel
NOTIC: D方法实例化没找到模型类Common\Model\ChapterModel
NOTIC: D方法实例化没找到模型类Common\Model\AnswerModel

[ 2017-06-28T10:11:37+08:00 ] 115.33.36.173 /junwei/index.php?s=/Question/truesubedit_post
NOTIC: D方法实例化没找到模型类Common\Model\SubjectsModel
NOTIC: D方法实例化没找到模型类Common\Model\ChapterModel
NOTIC: D方法实例化没找到模型类Common\Model\AnswerModel

[ 2017-06-28T10:11:41+08:00 ] 115.33.36.173 /junwei/index.php?s=/Question/truesubjectivelist
NOTIC: D方法实例化没找到模型类Common\Model\SubjectsModel
NOTIC: D方法实例化没找到模型类Common\Model\ChapterModel
NOTIC: D方法实例化没找到模型类Common\Model\AnswerModel

[ 2017-06-28T10:12:06+08:00 ] 115.33.36.173 /junwei/index.php?s=/ClassHour/delete
INFO: [ app_begin ] --START--
INFO: Run Behavior\ReadHtmlCacheBehavior [ RunTime:0.000020s ]
INFO: Run Behavior\CheckLangBehavior [ RunTime:0.000103s ]
INFO: Run Common\Behavior\UrldecodeGetBehavior [ RunTime:0.000025s ]
INFO: [ app_begin ] --END-- [ RunTime:0.000197s ]
NOTIC: [2] Declaration of Admin\Controller\ClassHourController::show() should be compatible with Think\Controller::show($content, $charset = '', $contentType = '', $prefix = '') /var/www/html/sikao/junwei/application/Admin/Controller/ClassHourController.class.php 第 22 行.
INFO: [ admin_begin ] --START--
INFO: Run Common\Behavior\AdminDefaultLangBehavior [ RunTime:0.000060s ]
INFO: [ admin_begin ] --END-- [ RunTime:0.000073s ]
SQL: SHOW COLUMNS FROM `cmf_users` [ RunTime:0.0010s ]
SQL: SELECT * FROM `cmf_users` WHERE `id` = '1' LIMIT 1   [ RunTime:0.0006s ]
SQL: SHOW COLUMNS FROM `cmf_live` [ RunTime:0.0008s ]
NOTIC: [2] Declaration of Common\Model\CourseModel::create($data, $photo) should be compatible with Think\Model::create($data = '', $type = '') /var/www/html/sikao/junwei/application/Common/Model/CourseModel.class.php 第 0 行.
SQL: SHOW COLUMNS FROM `cmf_course` [ RunTime:0.0008s ]
SQL: SELECT `class_id` FROM `cmf_live` WHERE ( id in (12) )  [ RunTime:0.0006s ]
SQL: SHOW COLUMNS FROM `cmf_junwei` [ RunTime:0.0007s ]
SQL: SELECT * FROM `cmf_junwei` LIMIT 1   [ RunTime:0.0005s ]
SQL: DELETE FROM `cmf_live` WHERE ( id in (12) ) [ RunTime:0.0014s ]

[ 2017-06-28T10:12:10+08:00 ] 115.33.36.173 /junwei/index.php?s=/Question/truesubjectiveedit/sub_id/117
NOTIC: D方法实例化没找到模型类Common\Model\SubjectsModel
NOTIC: D方法实例化没找到模型类Common\Model\ChapterModel
NOTIC: D方法实例化没找到模型类Common\Model\AnswerModel

[ 2017-06-28T10:12:46+08:00 ] 115.33.36.173 /junwei/index.php?s=/Question/truesubedit_post
NOTIC: D方法实例化没找到模型类Common\Model\SubjectsModel
NOTIC: D方法实例化没找到模型类Common\Model\ChapterModel
NOTIC: D方法实例化没找到模型类Common\Model\AnswerModel

[ 2017-06-28T10:12:49+08:00 ] 115.33.36.173 /junwei/index.php?s=/Question/truesubjectivelist
NOTIC: D方法实例化没找到模型类Common\Model\SubjectsModel
NOTIC: D方法实例化没找到模型类Common\Model\ChapterModel
NOTIC: D方法实例化没找到模型类Common\Model\AnswerModel

[ 2017-06-28T10:14:33+08:00 ] 115.33.36.173 /junwei/index.php?s=/public/dologin
INFO: [ app_begin ] --START--
INFO: Run Behavior\ReadHtmlCacheBehavior [ RunTime:0.000019s ]
INFO: Run Behavior\CheckLangBehavior [ RunTime:0.000090s ]
INFO: Run Common\Behavior\UrldecodeGetBehavior [ RunTime:0.000025s ]
INFO: [ app_begin ] --END-- [ RunTime:0.000178s ]
INFO: [ admin_begin ] --START--
INFO: Run Common\Behavior\AdminDefaultLangBehavior [ RunTime:0.000055s ]
INFO: [ admin_begin ] --END-- [ RunTime:0.000071s ]
SQL: SHOW COLUMNS FROM `cmf_users` [ RunTime:0.0009s ]
SQL: SELECT * FROM `cmf_users` WHERE `user_login` = 'admin' LIMIT 1   [ RunTime:0.0006s ]
SQL: SHOW COLUMNS FROM `cmf_role_user` [ RunTime:0.0006s ]
SQL: SELECT `role_id` FROM cmf_role_user a INNER JOIN cmf_role as b on a.role_id =b.id  WHERE `user_id` = '1' AND `status` = 1  [ RunTime:0.0005s ]
SQL: UPDATE `cmf_users` SET `user_login`='admin',`user_pass`='###e9a6a1b2c468c852c57c0d86674e1f9b',`user_nicename`='admin',`user_email`='1348779449@qq.com',`user_url`='',`avatar`=NULL,`sex`='0',`birthday`='2000-01-01',`signature`=NULL,`last_login_ip`='115.33.36.173',`last_login_time`='2017-06-28 10:14:33',`create_time`='2017-04-17 01:37:17',`user_activation_key`='',`user_status`='1',`score`='0',`user_type`='1',`coin`='0',`mobile`='',`token`='',`ctime`='0',`check`='0' WHERE `id` = '1' [ RunTime:0.0005s ]

[ 2017-06-28T10:14:42+08:00 ] 115.33.36.173 /junwei/index.php?s=/Admin/Question/true
NOTIC: D方法实例化没找到模型类Common\Model\SubjectsModel
NOTIC: D方法实例化没找到模型类Common\Model\ChapterModel
NOTIC: D方法实例化没找到模型类Common\Model\AnswerModel

[ 2017-06-28T10:16:27+08:00 ] 115.33.36.173 /junwei/index.php?s=/Question/truesubjectiveedit/sub_id/117
NOTIC: D方法实例化没找到模型类Common\Model\SubjectsModel
NOTIC: D方法实例化没找到模型类Common\Model\ChapterModel
NOTIC: D方法实例化没找到模型类Common\Model\AnswerModel

[ 2017-06-28T10:16:47+08:00 ] 115.33.36.173 /junwei/index.php?s=/Question/truesubedit_post
NOTIC: D方法实例化没找到模型类Common\Model\SubjectsModel
NOTIC: D方法实例化没找到模型类Common\Model\ChapterModel
NOTIC: D方法实例化没找到模型类Common\Model\AnswerModel

[ 2017-06-28T10:16:56+08:00 ] 115.33.36.173 /junwei/index.php?s=/Question/truesubjectivelist
NOTIC: D方法实例化没找到模型类Common\Model\SubjectsModel
NOTIC: D方法实例化没找到模型类Common\Model\ChapterModel
NOTIC: D方法实例化没找到模型类Common\Model\AnswerModel

[ 2017-06-28T10:17:28+08:00 ] 115.33.36.173 /junwei/index.php?s=/Question/truesubjectiveedit/sub_id/141
NOTIC: D方法实例化没找到模型类Common\Model\SubjectsModel
NOTIC: D方法实例化没找到模型类Common\Model\ChapterModel
NOTIC: D方法实例化没找到模型类Common\Model\AnswerModel

[ 2017-06-28T10:17:58+08:00 ] 115.33.36.173 /junwei/index.php?s=/Admin/Question/true
NOTIC: D方法实例化没找到模型类Common\Model\SubjectsModel
NOTIC: D方法实例化没找到模型类Common\Model\ChapterModel
NOTIC: D方法实例化没找到模型类Common\Model\AnswerModel

[ 2017-06-28T10:19:07+08:00 ] 115.33.36.173 /junwei/index.php?s=/Admin/Question/true
NOTIC: D方法实例化没找到模型类Common\Model\SubjectsModel
NOTIC: D方法实例化没找到模型类Common\Model\ChapterModel
NOTIC: D方法实例化没找到模型类Common\Model\AnswerModel

[ 2017-06-28T10:19:39+08:00 ] 115.33.36.173 /junwei/index.php?s=/Question/truesubedit_post
NOTIC: D方法实例化没找到模型类Common\Model\SubjectsModel
NOTIC: D方法实例化没找到模型类Common\Model\ChapterModel
NOTIC: D方法实例化没找到模型类Common\Model\AnswerModel

[ 2017-06-28T10:19:43+08:00 ] 115.33.36.173 /junwei/index.php?s=/Question/truesubjectivelist
NOTIC: D方法实例化没找到模型类Common\Model\SubjectsModel
NOTIC: D方法实例化没找到模型类Common\Model\ChapterModel
NOTIC: D方法实例化没找到模型类Common\Model\AnswerModel

[ 2017-06-28T10:19:51+08:00 ] 115.33.36.173 /junwei/index.php?s=/Question/truesubjectiveedit/sub_id/177
NOTIC: D方法实例化没找到模型类Common\Model\SubjectsModel
NOTIC: D方法实例化没找到模型类Common\Model\ChapterModel
NOTIC: D方法实例化没找到模型类Common\Model\AnswerModel

[ 2017-06-28T10:21:04+08:00 ] 115.33.36.173 /junwei/index.php?s=/Admin/Question/true
NOTIC: D方法实例化没找到模型类Common\Model\SubjectsModel
NOTIC: D方法实例化没找到模型类Common\Model\ChapterModel
NOTIC: D方法实例化没找到模型类Common\Model\AnswerModel

[ 2017-06-28T10:25:04+08:00 ] 115.33.36.173 /junwei/index.php?s=/Admin/Question/true
NOTIC: D方法实例化没找到模型类Common\Model\SubjectsModel
NOTIC: D方法实例化没找到模型类Common\Model\ChapterModel
NOTIC: D方法实例化没找到模型类Common\Model\AnswerModel

[ 2017-06-28T10:25:16+08:00 ] 115.33.36.173 /junwei/Question/truedelete?item_id=3995
NOTIC: D方法实例化没找到模型类Common\Model\SubjectsModel
NOTIC: D方法实例化没找到模型类Common\Model\ChapterModel
NOTIC: D方法实例化没找到模型类Common\Model\AnswerModel

[ 2017-06-28T10:25:19+08:00 ] 115.33.36.173 /junwei/index.php?s=/Admin/Question/true
NOTIC: D方法实例化没找到模型类Common\Model\SubjectsModel
NOTIC: D方法实例化没找到模型类Common\Model\ChapterModel
NOTIC: D方法实例化没找到模型类Common\Model\AnswerModel

[ 2017-06-28T10:25:22+08:00 ] 115.33.36.173 /junwei/index.php?s=/Admin/Question/true
NOTIC: D方法实例化没找到模型类Common\Model\SubjectsModel
NOTIC: D方法实例化没找到模型类Common\Model\ChapterModel
NOTIC: D方法实例化没找到模型类Common\Model\AnswerModel

[ 2017-06-28T10:25:24+08:00 ] 115.33.36.173 /junwei/index.php?s=/Admin/Question/true
NOTIC: D方法实例化没找到模型类Common\Model\SubjectsModel
NOTIC: D方法实例化没找到模型类Common\Model\ChapterModel
NOTIC: D方法实例化没找到模型类Common\Model\AnswerModel

[ 2017-06-28T10:25:26+08:00 ] 115.33.36.173 /junwei/index.php?s=/Admin/Question/true
NOTIC: D方法实例化没找到模型类Common\Model\SubjectsModel
NOTIC: D方法实例化没找到模型类Common\Model\ChapterModel
NOTIC: D方法实例化没找到模型类Common\Model\AnswerModel

[ 2017-06-28T10:25:29+08:00 ] 115.33.36.173 /junwei/index.php?s=/Admin/Question/true
NOTIC: D方法实例化没找到模型类Common\Model\SubjectsModel
NOTIC: D方法实例化没找到模型类Common\Model\ChapterModel
NOTIC: D方法实例化没找到模型类Common\Model\AnswerModel

[ 2017-06-28T10:25:31+08:00 ] 115.33.36.173 /junwei/index.php?s=/Admin/Question/true
NOTIC: D方法实例化没找到模型类Common\Model\SubjectsModel
NOTIC: D方法实例化没找到模型类Common\Model\ChapterModel
NOTIC: D方法实例化没找到模型类Common\Model\AnswerModel

[ 2017-06-28T10:25:33+08:00 ] 115.33.36.173 /junwei/index.php?s=/Admin/Question/true
NOTIC: D方法实例化没找到模型类Common\Model\SubjectsModel
NOTIC: D方法实例化没找到模型类Common\Model\ChapterModel
NOTIC: D方法实例化没找到模型类Common\Model\AnswerModel

[ 2017-06-28T10:25:36+08:00 ] 115.33.36.173 /junwei/index.php?s=/Admin/Question/true
NOTIC: D方法实例化没找到模型类Common\Model\SubjectsModel
NOTIC: D方法实例化没找到模型类Common\Model\ChapterModel
NOTIC: D方法实例化没找到模型类Common\Model\AnswerModel

[ 2017-06-28T10:25:38+08:00 ] 115.33.36.173 /junwei/index.php?s=/Admin/Question/true
NOTIC: D方法实例化没找到模型类Common\Model\SubjectsModel
NOTIC: D方法实例化没找到模型类Common\Model\ChapterModel
NOTIC: D方法实例化没找到模型类Common\Model\AnswerModel

[ 2017-06-28T10:25:40+08:00 ] 115.33.36.173 /junwei/index.php?s=/Admin/Question/true
NOTIC: D方法实例化没找到模型类Common\Model\SubjectsModel
NOTIC: D方法实例化没找到模型类Common\Model\ChapterModel
NOTIC: D方法实例化没找到模型类Common\Model\AnswerModel

[ 2017-06-28T10:25:43+08:00 ] 115.33.36.173 /junwei/index.php?s=/Admin/Question/true
NOTIC: D方法实例化没找到模型类Common\Model\SubjectsModel
NOTIC: D方法实例化没找到模型类Common\Model\ChapterModel
NOTIC: D方法实例化没找到模型类Common\Model\AnswerModel

[ 2017-06-28T10:25:45+08:00 ] 115.33.36.173 /junwei/index.php?s=/Admin/Question/true
NOTIC: D方法实例化没找到模型类Common\Model\SubjectsModel
NOTIC: D方法实例化没找到模型类Common\Model\ChapterModel
NOTIC: D方法实例化没找到模型类Common\Model\AnswerModel

[ 2017-06-28T10:25:47+08:00 ] 115.33.36.173 /junwei/index.php?s=/Question/true
NOTIC: D方法实例化没找到模型类Common\Model\SubjectsModel
NOTIC: D方法实例化没找到模型类Common\Model\ChapterModel
NOTIC: D方法实例化没找到模型类Common\Model\AnswerModel

[ 2017-06-28T10:25:50+08:00 ] 115.33.36.173 /junwei/index.php?s=/Admin/Question/true
NOTIC: D方法实例化没找到模型类Common\Model\SubjectsModel
NOTIC: D方法实例化没找到模型类Common\Model\ChapterModel
NOTIC: D方法实例化没找到模型类Common\Model\AnswerModel

[ 2017-06-28T10:25:52+08:00 ] 115.33.36.173 /junwei/index.php?s=/Admin/Question/true
NOTIC: D方法实例化没找到模型类Common\Model\SubjectsModel
NOTIC: D方法实例化没找到模型类Common\Model\ChapterModel
NOTIC: D方法实例化没找到模型类Common\Model\AnswerModel

[ 2017-06-28T10:25:54+08:00 ] 115.33.36.173 /junwei/index.php?s=/Admin/Question/true
NOTIC: D方法实例化没找到模型类Common\Model\SubjectsModel
NOTIC: D方法实例化没找到模型类Common\Model\ChapterModel
NOTIC: D方法实例化没找到模型类Common\Model\AnswerModel

[ 2017-06-28T10:25:59+08:00 ] 115.33.36.173 /junwei/index.php?s=/Admin/Question/true
NOTIC: D方法实例化没找到模型类Common\Model\SubjectsModel
NOTIC: D方法实例化没找到模型类Common\Model\ChapterModel
NOTIC: D方法实例化没找到模型类Common\Model\AnswerModel

[ 2017-06-28T10:27:18+08:00 ] 115.33.36.173 /junwei/index.php?s=/public/dologin
INFO: [ app_begin ] --START--
INFO: Run Behavior\ReadHtmlCacheBehavior [ RunTime:0.000019s ]
INFO: Run Behavior\CheckLangBehavior [ RunTime:0.000075s ]
INFO: Run Common\Behavior\UrldecodeGetBehavior [ RunTime:0.000022s ]
INFO: [ app_begin ] --END-- [ RunTime:0.000156s ]
INFO: [ admin_begin ] --START--
INFO: Run Common\Behavior\AdminDefaultLangBehavior [ RunTime:0.000049s ]
INFO: [ admin_begin ] --END-- [ RunTime:0.000062s ]
SQL: SHOW COLUMNS FROM `cmf_users` [ RunTime:0.0009s ]
SQL: SELECT * FROM `cmf_users` WHERE `user_login` = 'admin' LIMIT 1   [ RunTime:0.0006s ]
SQL: SHOW COLUMNS FROM `cmf_role_user` [ RunTime:0.0006s ]
SQL: SELECT `role_id` FROM cmf_role_user a INNER JOIN cmf_role as b on a.role_id =b.id  WHERE `user_id` = '1' AND `status` = 1  [ RunTime:0.0005s ]
SQL: UPDATE `cmf_users` SET `user_login`='admin',`user_pass`='###e9a6a1b2c468c852c57c0d86674e1f9b',`user_nicename`='admin',`user_email`='1348779449@qq.com',`user_url`='',`avatar`=NULL,`sex`='0',`birthday`='2000-01-01',`signature`=NULL,`last_login_ip`='115.33.36.173',`last_login_time`='2017-06-28 10:27:18',`create_time`='2017-04-17 01:37:17',`user_activation_key`='',`user_status`='1',`score`='0',`user_type`='1',`coin`='0',`mobile`='',`token`='',`ctime`='0',`check`='0' WHERE `id` = '1' [ RunTime:0.0006s ]

[ 2017-06-28T10:27:35+08:00 ] 115.33.36.173 /junwei/index.php?s=/Admin/Question/true
NOTIC: D方法实例化没找到模型类Common\Model\SubjectsModel
NOTIC: D方法实例化没找到模型类Common\Model\ChapterModel
NOTIC: D方法实例化没找到模型类Common\Model\AnswerModel

[ 2017-06-28T10:27:51+08:00 ] 115.33.36.173 /junwei/index.php?s=/Question/trueadd
NOTIC: D方法实例化没找到模型类Common\Model\SubjectsModel
NOTIC: D方法实例化没找到模型类Common\Model\ChapterModel
NOTIC: D方法实例化没找到模型类Common\Model\AnswerModel

[ 2017-06-28T10:28:16+08:00 ] 115.33.36.173 /junwei/index.php?s=/Question/trueadd_post
NOTIC: D方法实例化没找到模型类Common\Model\SubjectsModel
NOTIC: D方法实例化没找到模型类Common\Model\ChapterModel
NOTIC: D方法实例化没找到模型类Common\Model\AnswerModel

[ 2017-06-28T10:28:19+08:00 ] 115.33.36.173 /junwei/index.php?s=/Question/true
NOTIC: D方法实例化没找到模型类Common\Model\SubjectsModel
NOTIC: D方法实例化没找到模型类Common\Model\ChapterModel
NOTIC: D方法实例化没找到模型类Common\Model\AnswerModel

[ 2017-06-28T10:28:37+08:00 ] 115.33.36.173 /junwei/Question/truedelete?item_id=3996
NOTIC: D方法实例化没找到模型类Common\Model\SubjectsModel
NOTIC: D方法实例化没找到模型类Common\Model\ChapterModel
NOTIC: D方法实例化没找到模型类Common\Model\AnswerModel

[ 2017-06-28T10:28:42+08:00 ] 115.33.36.173 /junwei/index.php?s=/Question/true
NOTIC: D方法实例化没找到模型类Common\Model\SubjectsModel
NOTIC: D方法实例化没找到模型类Common\Model\ChapterModel
NOTIC: D方法实例化没找到模型类Common\Model\AnswerModel

[ 2017-06-28T10:29:31+08:00 ] 115.33.36.173 /junwei/index.php?s=/Question/truesubedit_post
NOTIC: D方法实例化没找到模型类Common\Model\SubjectsModel
NOTIC: D方法实例化没找到模型类Common\Model\ChapterModel
NOTIC: D方法实例化没找到模型类Common\Model\AnswerModel

[ 2017-06-28T10:29:35+08:00 ] 115.33.36.173 /junwei/index.php?s=/Question/truesubjectivelist
NOTIC: D方法实例化没找到模型类Common\Model\SubjectsModel
NOTIC: D方法实例化没找到模型类Common\Model\ChapterModel
NOTIC: D方法实例化没找到模型类Common\Model\AnswerModel

[ 2017-06-28T10:29:35+08:00 ] 115.33.36.173 /junwei/index.php?s=/Question/truesubjectivelist
NOTIC: D方法实例化没找到模型类Common\Model\SubjectsModel
NOTIC: D方法实例化没找到模型类Common\Model\ChapterModel
NOTIC: D方法实例化没找到模型类Common\Model\AnswerModel

[ 2017-06-28T10:29:37+08:00 ] 115.33.36.173 /junwei/index.php?s=/Question/true
NOTIC: D方法实例化没找到模型类Common\Model\SubjectsModel
NOTIC: D方法实例化没找到模型类Common\Model\ChapterModel
NOTIC: D方法实例化没找到模型类Common\Model\AnswerModel

[ 2017-06-28T10:33:29+08:00 ] 115.33.36.173 /junwei//Uploads/(null)
ERR: 无法加载控制器:Uploads

[ 2017-06-28T10:36:22+08:00 ] 115.33.36.173 /junwei//Uploads/(null)
ERR: 无法加载控制器:Uploads

[ 2017-06-28T10:37:32+08:00 ] 115.33.36.173 /junwei/index.php?s=/Question/trueadd
NOTIC: D方法实例化没找到模型类Common\Model\SubjectsModel
NOTIC: D方法实例化没找到模型类Common\Model\ChapterModel
NOTIC: D方法实例化没找到模型类Common\Model\AnswerModel

[ 2017-06-28T10:37:56+08:00 ] 115.33.36.173 /junwei/index.php?s=/Question/trueadd_post
NOTIC: D方法实例化没找到模型类Common\Model\SubjectsModel
NOTIC: D方法实例化没找到模型类Common\Model\ChapterModel
NOTIC: D方法实例化没找到模型类Common\Model\AnswerModel

[ 2017-06-28T10:38:00+08:00 ] 115.33.36.173 /junwei/index.php?s=/Question/true
NOTIC: D方法实例化没找到模型类Common\Model\SubjectsModel
NOTIC: D方法实例化没找到模型类Common\Model\ChapterModel
NOTIC: D方法实例化没找到模型类Common\Model\AnswerModel

[ 2017-06-28T10:38:24+08:00 ] 115.33.36.173 /junwei/Question/truedelete?item_id=3997
NOTIC: D方法实例化没找到模型类Common\Model\SubjectsModel
NOTIC: D方法实例化没找到模型类Common\Model\ChapterModel
NOTIC: D方法实例化没找到模型类Common\Model\AnswerModel

[ 2017-06-28T10:38:29+08:00 ] 115.33.36.173 /junwei/index.php?s=/Question/true
NOTIC: D方法实例化没找到模型类Common\Model\SubjectsModel
NOTIC: D方法实例化没找到模型类Common\Model\ChapterModel
NOTIC: D方法实例化没找到模型类Common\Model\AnswerModel

[ 2017-06-28T10:40:43+08:00 ] 115.33.36.173 /junwei//(null)
ERR: 无法加载控制器:(null)

[ 2017-06-28T10:41:08+08:00 ] 115.33.36.173 /junwei//Uploads/(null)
ERR: 无法加载控制器:Uploads

[ 2017-06-28T10:43:47+08:00 ] 115.33.36.173 /junwei//Uploads/(null)
ERR: 无法加载控制器:Uploads

[ 2017-06-28T10:43:47+08:00 ] 115.33.36.173 /junwei//Uploads/(null)
ERR: 无法加载控制器:Uploads

[ 2017-06-28T10:44:16+08:00 ] 115.33.36.173 /junwei//Uploads/(null)
ERR: 无法加载控制器:Uploads

[ 2017-06-28T10:44:16+08:00 ] 115.33.36.173 /junwei//Uploads/(null)
ERR: 无法加载控制器:Uploads

[ 2017-06-28T10:45:06+08:00 ] 115.33.36.173 /junwei//(null)
ERR: 无法加载控制器:(null)

[ 2017-06-28T10:45:44+08:00 ] 115.33.36.173 /junwei//Uploads/(null)
ERR: 无法加载控制器:Uploads

[ 2017-06-28T10:49:33+08:00 ] 115.33.36.173 /junwei//(null)
ERR: 无法加载控制器:(null)

[ 2017-06-28T11:07:22+08:00 ] 115.33.36.173 /junwei//(null)
ERR: 无法加载控制器:(null)

[ 2017-06-28T11:12:17+08:00 ] 115.33.36.173 /junwei//Uploads/(null)
ERR: 无法加载控制器:Uploads

[ 2017-06-28T11:15:14+08:00 ] 115.33.36.173 /junwei/index.php?s=/Admin/ClassHour/show
ERR: syntax error, unexpected '}'

[ 2017-06-28T11:15:38+08:00 ] 115.33.36.173 /junwei/index.php?s=/Admin/ClassHour/show
ERR: syntax error, unexpected '}'

[ 2017-06-28T11:16:09+08:00 ] 115.33.36.173 /junwei/index.php?s=/Admin/ClassHour/show
ERR: syntax error, unexpected '}'

[ 2017-06-28T11:16:10+08:00 ] 115.33.36.173 /junwei/index.php?s=/Admin/ClassHour/show
ERR: syntax error, unexpected '}'

[ 2017-06-28T11:16:10+08:00 ] 115.33.36.173 /junwei/index.php?s=/Admin/ClassHour/show
ERR: syntax error, unexpected '}'

[ 2017-06-28T11:16:11+08:00 ] 115.33.36.173 /junwei/index.php?s=/Admin/ClassHour/show
ERR: syntax error, unexpected '}'

[ 2017-06-28T11:16:11+08:00 ] 115.33.36.173 /junwei/index.php?s=/Admin/ClassHour/show
ERR: syntax error, unexpected '}'

[ 2017-06-28T11:16:11+08:00 ] 115.33.36.173 /junwei/index.php?s=/Admin/ClassHour/show
ERR: syntax error, unexpected '}'

[ 2017-06-28T11:16:11+08:00 ] 115.33.36.173 /junwei/index.php?s=/Admin/ClassHour/show
ERR: syntax error, unexpected '}'

[ 2017-06-28T11:19:27+08:00 ] 115.33.36.173 /junwei/index.php?s=/public/dologin
INFO: [ app_begin ] --START--
INFO: Run Behavior\ReadHtmlCacheBehavior [ RunTime:0.000015s ]
INFO: Run Behavior\CheckLangBehavior [ RunTime:0.000071s ]
INFO: Run Common\Behavior\UrldecodeGetBehavior [ RunTime:0.000019s ]
INFO: [ app_begin ] --END-- [ RunTime:0.000140s ]
INFO: [ admin_begin ] --START--
INFO: Run Common\Behavior\AdminDefaultLangBehavior [ RunTime:0.000045s ]
INFO: [ admin_begin ] --END-- [ RunTime:0.000058s ]

[ 2017-06-28T11:19:35+08:00 ] 115.33.36.173 /junwei/index.php?s=/public/dologin
INFO: [ app_begin ] --START--
INFO: Run Behavior\ReadHtmlCacheBehavior [ RunTime:0.000017s ]
INFO: Run Behavior\CheckLangBehavior [ RunTime:0.000075s ]
INFO: Run Common\Behavior\UrldecodeGetBehavior [ RunTime:0.000023s ]
INFO: [ app_begin ] --END-- [ RunTime:0.000155s ]
INFO: [ admin_begin ] --START--
INFO: Run Common\Behavior\AdminDefaultLangBehavior [ RunTime:0.000052s ]
INFO: [ admin_begin ] --END-- [ RunTime:0.000066s ]
SQL: SHOW COLUMNS FROM `cmf_users` [ RunTime:0.0010s ]
SQL: SELECT * FROM `cmf_users` WHERE `user_login` = 'jiaoyan2' LIMIT 1   [ RunTime:0.0007s ]
SQL: SHOW COLUMNS FROM `cmf_role_user` [ RunTime:0.0007s ]
SQL: SELECT `role_id` FROM cmf_role_user a INNER JOIN cmf_role as b on a.role_id =b.id  WHERE `user_id` = '20' AND `status` = 1  [ RunTime:0.0006s ]
SQL: UPDATE `cmf_users` SET `user_login`='jiaoyan2',`user_pass`='###9e09f7a64f747d17e62c4f35a9713f15',`user_nicename`='',`user_email`='jun@163.com',`user_url`='',`avatar`=NULL,`sex`='0',`birthday`='2000-01-01',`signature`=NULL,`last_login_ip`='115.33.36.173',`last_login_time`='2017-06-28 11:19:35',`create_time`='2017-05-08 09:45:47',`user_activation_key`='',`user_status`='1',`score`='0',`user_type`='1',`coin`='0',`mobile`='',`token`='0',`ctime`='0',`check`='0' WHERE `id` = '20' [ RunTime:0.0006s ]

[ 2017-06-28T11:19:44+08:00 ] 115.33.36.173 /junwei/index.php?s=/Admin/Question/true
NOTIC: D方法实例化没找到模型类Common\Model\SubjectsModel
NOTIC: D方法实例化没找到模型类Common\Model\ChapterModel
NOTIC: D方法实例化没找到模型类Common\Model\AnswerModel

[ 2017-06-28T11:20:40+08:00 ] 115.33.36.173 /junwei/index.php?s=/public/dologin
INFO: [ app_begin ] --START--
INFO: Run Behavior\ReadHtmlCacheBehavior [ RunTime:0.000016s ]
INFO: Run Behavior\CheckLangBehavior [ RunTime:0.000064s ]
INFO: Run Common\Behavior\UrldecodeGetBehavior [ RunTime:0.000022s ]
INFO: [ app_begin ] --END-- [ RunTime:0.000143s ]
INFO: [ admin_begin ] --START--
INFO: Run Common\Behavior\AdminDefaultLangBehavior [ RunTime:0.000048s ]
INFO: [ admin_begin ] --END-- [ RunTime:0.000063s ]
SQL: SHOW COLUMNS FROM `cmf_users` [ RunTime:0.0010s ]
SQL: SELECT * FROM `cmf_users` WHERE `user_login` = 'admin' LIMIT 1   [ RunTime:0.0006s ]
SQL: SHOW COLUMNS FROM `cmf_role_user` [ RunTime:0.0007s ]
SQL: SELECT `role_id` FROM cmf_role_user a INNER JOIN cmf_role as b on a.role_id =b.id  WHERE `user_id` = '1' AND `status` = 1  [ RunTime:0.0006s ]
SQL: UPDATE `cmf_users` SET `user_login`='admin',`user_pass`='###e9a6a1b2c468c852c57c0d86674e1f9b',`user_nicename`='admin',`user_email`='1348779449@qq.com',`user_url`='',`avatar`=NULL,`sex`='0',`birthday`='2000-01-01',`signature`=NULL,`last_login_ip`='115.33.36.173',`last_login_time`='2017-06-28 11:20:40',`create_time`='2017-04-17 01:37:17',`user_activation_key`='',`user_status`='1',`score`='0',`user_type`='1',`coin`='0',`mobile`='',`token`='',`ctime`='0',`check`='0' WHERE `id` = '1' [ RunTime:0.0006s ]

[ 2017-06-28T11:21:53+08:00 ] 115.33.36.173 /junwei/index.php?s=/ClassHour/delete
INFO: [ app_begin ] --START--
INFO: Run Behavior\ReadHtmlCacheBehavior [ RunTime:0.000018s ]
INFO: Run Behavior\CheckLangBehavior [ RunTime:0.000074s ]
INFO: Run Common\Behavior\UrldecodeGetBehavior [ RunTime:0.000023s ]
INFO: [ app_begin ] --END-- [ RunTime:0.000155s ]
NOTIC: [2] Declaration of Admin\Controller\ClassHourController::show() should be compatible with Think\Controller::show($content, $charset = '', $contentType = '', $prefix = '') /var/www/html/sikao/junwei/application/Admin/Controller/ClassHourController.class.php 第 22 行.
INFO: [ admin_begin ] --START--
INFO: Run Common\Behavior\AdminDefaultLangBehavior [ RunTime:0.000057s ]
INFO: [ admin_begin ] --END-- [ RunTime:0.000070s ]
SQL: SHOW COLUMNS FROM `cmf_users` [ RunTime:0.0009s ]
SQL: SELECT * FROM `cmf_users` WHERE `id` = '1' LIMIT 1   [ RunTime:0.0005s ]
SQL: SHOW COLUMNS FROM `cmf_live` [ RunTime:0.0006s ]
NOTIC: [2] Declaration of Common\Model\CourseModel::create($data, $photo) should be compatible with Think\Model::create($data = '', $type = '') /var/www/html/sikao/junwei/application/Common/Model/CourseModel.class.php 第 0 行.
SQL: SHOW COLUMNS FROM `cmf_course` [ RunTime:0.0007s ]
SQL: SELECT `class_id` FROM `cmf_live` WHERE ( id in (13) )  [ RunTime:0.0005s ]

[ 2017-06-28T11:22:47+08:00 ] 115.33.36.173 /junwei/index.php?s=/ClassHour/delete
INFO: [ app_begin ] --START--
INFO: Run Behavior\ReadHtmlCacheBehavior [ RunTime:0.000019s ]
INFO: Run Behavior\CheckLangBehavior [ RunTime:0.000078s ]
INFO: Run Common\Behavior\UrldecodeGetBehavior [ RunTime:0.000023s ]
INFO: [ app_begin ] --END-- [ RunTime:0.000160s ]
NOTIC: [2] Declaration of Admin\Controller\ClassHourController::show() should be compatible with Think\Controller::show($content, $charset = '', $contentType = '', $prefix = '') /var/www/html/sikao/junwei/application/Admin/Controller/ClassHourController.class.php 第 22 行.
INFO: [ admin_begin ] --START--
INFO: Run Common\Behavior\AdminDefaultLangBehavior [ RunTime:0.000063s ]
INFO: [ admin_begin ] --END-- [ RunTime:0.000078s ]
SQL: SHOW COLUMNS FROM `cmf_users` [ RunTime:0.0010s ]
SQL: SELECT * FROM `cmf_users` WHERE `id` = '1' LIMIT 1   [ RunTime:0.0006s ]
SQL: SHOW COLUMNS FROM `cmf_live` [ RunTime:0.0007s ]
NOTIC: [2] Declaration of Common\Model\CourseModel::create($data, $photo) should be compatible with Think\Model::create($data = '', $type = '') /var/www/html/sikao/junwei/application/Common/Model/CourseModel.class.php 第 0 行.
SQL: SHOW COLUMNS FROM `cmf_course` [ RunTime:0.0008s ]
SQL: SELECT `class_id` FROM `cmf_live` WHERE ( id in (13) )  [ RunTime:0.0006s ]

[ 2017-06-28T11:24:02+08:00 ] 115.33.36.173 /junwei/index.php?s=/ClassHour/delete
INFO: [ app_begin ] --START--
INFO: Run Behavior\ReadHtmlCacheBehavior [ RunTime:0.000015s ]
INFO: Run Behavior\CheckLangBehavior [ RunTime:0.000062s ]
INFO: Run Common\Behavior\UrldecodeGetBehavior [ RunTime:0.000018s ]
INFO: [ app_begin ] --END-- [ RunTime:0.000131s ]
NOTIC: [2] Declaration of Admin\Controller\ClassHourController::show() should be compatible with Think\Controller::show($content, $charset = '', $contentType = '', $prefix = '') /var/www/html/sikao/junwei/application/Admin/Controller/ClassHourController.class.php 第 22 行.
INFO: [ admin_begin ] --START--
INFO: Run Common\Behavior\AdminDefaultLangBehavior [ RunTime:0.000053s ]
INFO: [ admin_begin ] --END-- [ RunTime:0.000080s ]
SQL: SHOW COLUMNS FROM `cmf_users` [ RunTime:0.0009s ]
SQL: SELECT * FROM `cmf_users` WHERE `id` = '1' LIMIT 1   [ RunTime:0.0006s ]

[ 2017-06-28T11:24:42+08:00 ] 115.33.36.173 /junwei/index.php?s=/ClassHour/delete
INFO: [ app_begin ] --START--
INFO: Run Behavior\ReadHtmlCacheBehavior [ RunTime:0.000019s ]
INFO: Run Behavior\CheckLangBehavior [ RunTime:0.000083s ]
INFO: Run Common\Behavior\UrldecodeGetBehavior [ RunTime:0.000024s ]
INFO: [ app_begin ] --END-- [ RunTime:0.000180s ]
NOTIC: [2] Declaration of Admin\Controller\ClassHourController::show() should be compatible with Think\Controller::show($content, $charset = '', $contentType = '', $prefix = '') /var/www/html/sikao/junwei/application/Admin/Controller/ClassHourController.class.php 第 22 行.
INFO: [ admin_begin ] --START--
INFO: Run Common\Behavior\AdminDefaultLangBehavior [ RunTime:0.000054s ]
INFO: [ admin_begin ] --END-- [ RunTime:0.000065s ]
SQL: SHOW COLUMNS FROM `cmf_users` [ RunTime:0.0010s ]
SQL: SELECT * FROM `cmf_users` WHERE `id` = '1' LIMIT 1   [ RunTime:0.0006s ]
SQL: SHOW COLUMNS FROM `cmf_live` [ RunTime:0.0007s ]
NOTIC: [2] Declaration of Common\Model\CourseModel::create($data, $photo) should be compatible with Think\Model::create($data = '', $type = '') /var/www/html/sikao/junwei/application/Common/Model/CourseModel.class.php 第 0 行.
SQL: SHOW COLUMNS FROM `cmf_course` [ RunTime:0.0008s ]
NOTIC: [8] Undefined variable: ids /var/www/html/sikao/junwei/application/Admin/Controller/ClassHourController.class.php 第 206 行.

[ 2017-06-28T11:26:18+08:00 ] 115.33.36.173 /junwei//(null)
ERR: 无法加载控制器:(null)

[ 2017-06-28T11:26:54+08:00 ] 115.33.36.173 /junwei//Uploads/(null)
ERR: 无法加载控制器:Uploads

[ 2017-06-28T11:27:33+08:00 ] 115.33.36.173 /junwei/index.php?s=/ClassHour/delete
INFO: [ app_begin ] --START--
INFO: Run Behavior\ReadHtmlCacheBehavior [ RunTime:0.000018s ]
INFO: Run Behavior\CheckLangBehavior [ RunTime:0.000075s ]
INFO: Run Common\Behavior\UrldecodeGetBehavior [ RunTime:0.000022s ]
INFO: [ app_begin ] --END-- [ RunTime:0.000154s ]
NOTIC: [2] Declaration of Admin\Controller\ClassHourController::show() should be compatible with Think\Controller::show($content, $charset = '', $contentType = '', $prefix = '') /var/www/html/sikao/junwei/application/Admin/Controller/ClassHourController.class.php 第 22 行.
INFO: [ admin_begin ] --START--
INFO: Run Common\Behavior\AdminDefaultLangBehavior [ RunTime:0.000051s ]
INFO: [ admin_begin ] --END-- [ RunTime:0.000063s ]
SQL: SHOW COLUMNS FROM `cmf_users` [ RunTime:0.0009s ]
SQL: SELECT * FROM `cmf_users` WHERE `id` = '1' LIMIT 1   [ RunTime:0.0005s ]
SQL: SHOW COLUMNS FROM `cmf_live` [ RunTime:0.0006s ]
NOTIC: [2] Declaration of Common\Model\CourseModel::create($data, $photo) should be compatible with Think\Model::create($data = '', $type = '') /var/www/html/sikao/junwei/application/Common/Model/CourseModel.class.php 第 0 行.
SQL: SHOW COLUMNS FROM `cmf_course` [ RunTime:0.0007s ]

[ 2017-06-28T11:27:56+08:00 ] 115.33.36.173 /junwei/index.php?s=/ClassHour/delete
INFO: [ app_begin ] --START--
INFO: Run Behavior\ReadHtmlCacheBehavior [ RunTime:0.000017s ]
INFO: Run Behavior\CheckLangBehavior [ RunTime:0.000070s ]
INFO: Run Common\Behavior\UrldecodeGetBehavior [ RunTime:0.000031s ]
INFO: [ app_begin ] --END-- [ RunTime:0.000156s ]
NOTIC: [2] Declaration of Admin\Controller\ClassHourController::show() should be compatible with Think\Controller::show($content, $charset = '', $contentType = '', $prefix = '') /var/www/html/sikao/junwei/application/Admin/Controller/ClassHourController.class.php 第 22 行.
INFO: [ admin_begin ] --START--
INFO: Run Common\Behavior\AdminDefaultLangBehavior [ RunTime:0.000052s ]
INFO: [ admin_begin ] --END-- [ RunTime:0.000065s ]
SQL: SHOW COLUMNS FROM `cmf_users` [ RunTime:0.0008s ]
SQL: SELECT * FROM `cmf_users` WHERE `id` = '1' LIMIT 1   [ RunTime:0.0005s ]
SQL: SHOW COLUMNS FROM `cmf_live` [ RunTime:0.0006s ]
NOTIC: [2] Declaration of Common\Model\CourseModel::create($data, $photo) should be compatible with Think\Model::create($data = '', $type = '') /var/www/html/sikao/junwei/application/Common/Model/CourseModel.class.php 第 0 行.
SQL: SHOW COLUMNS FROM `cmf_course` [ RunTime:0.0007s ]
SQL: SELECT `class_id` FROM `cmf_live` WHERE ( id in (13) )  [ RunTime:0.0005s ]

[ 2017-06-28T11:33:05+08:00 ] 115.33.36.173 /junwei/index.php?s=/ClassHour/delete
INFO: [ app_begin ] --START--
INFO: Run Behavior\ReadHtmlCacheBehavior [ RunTime:0.000019s ]
INFO: Run Behavior\CheckLangBehavior [ RunTime:0.000076s ]
INFO: Run Common\Behavior\UrldecodeGetBehavior [ RunTime:0.000023s ]
INFO: [ app_begin ] --END-- [ RunTime:0.000157s ]
NOTIC: [2] Declaration of Admin\Controller\ClassHourController::show() should be compatible with Think\Controller::show($content, $charset = '', $contentType = '', $prefix = '') /var/www/html/sikao/junwei/application/Admin/Controller/ClassHourController.class.php 第 22 行.
INFO: [ admin_begin ] --START--
INFO: Run Common\Behavior\AdminDefaultLangBehavior [ RunTime:0.000052s ]
INFO: [ admin_begin ] --END-- [ RunTime:0.000077s ]
SQL: SHOW COLUMNS FROM `cmf_users` [ RunTime:0.0009s ]
SQL: SELECT * FROM `cmf_users` WHERE `id` = '1' LIMIT 1   [ RunTime:0.0005s ]
SQL: SHOW COLUMNS FROM `cmf_live` [ RunTime:0.0007s ]
NOTIC: [2] Declaration of Common\Model\CourseModel::create($data, $photo) should be compatible with Think\Model::create($data = '', $type = '') /var/www/html/sikao/junwei/application/Common/Model/CourseModel.class.php 第 0 行.
SQL: SHOW COLUMNS FROM `cmf_course` [ RunTime:0.0007s ]
SQL: SELECT `class_id`,`courseware_id` FROM `cmf_live` WHERE ( id in (13) )  [ RunTime:0.0005s ]

[ 2017-06-28T11:33:33+08:00 ] 115.33.36.173 /junwei/index.php?s=/Admin/ClassHour/show
ERR: syntax error, unexpected '}'

[ 2017-06-28T11:37:58+08:00 ] 115.33.36.173 /junwei//(null)
ERR: 无法加载控制器:(null)

[ 2017-06-28T11:38:26+08:00 ] 115.33.36.173 /junwei//Uploads/(null)
ERR: 无法加载控制器:Uploads

[ 2017-06-28T12:21:42+08:00 ] 115.33.36.173 /junwei//(null)
ERR: 无法加载控制器:(null)

[ 2017-06-28T12:25:13+08:00 ] 115.33.36.173 /junwei/index.php?s=/ClassHour/delete
INFO: [ app_begin ] --START--
INFO: Run Behavior\ReadHtmlCacheBehavior [ RunTime:0.000017s ]
INFO: Run Behavior\CheckLangBehavior [ RunTime:0.000072s ]
INFO: Run Common\Behavior\UrldecodeGetBehavior [ RunTime:0.000023s ]
INFO: [ app_begin ] --END-- [ RunTime:0.000159s ]
NOTIC: [2] Declaration of Admin\Controller\ClassHourController::show() should be compatible with Think\Controller::show($content, $charset = '', $contentType = '', $prefix = '') /var/www/html/sikao/junwei/application/Admin/Controller/ClassHourController.class.php 第 22 行.
INFO: [ admin_begin ] --START--
INFO: Run Common\Behavior\AdminDefaultLangBehavior [ RunTime:0.000055s ]
INFO: [ admin_begin ] --END-- [ RunTime:0.000068s ]
SQL: SHOW COLUMNS FROM `cmf_users` [ RunTime:0.0010s ]
SQL: SELECT * FROM `cmf_users` WHERE `id` = '1' LIMIT 1   [ RunTime:0.0006s ]
SQL: SHOW COLUMNS FROM `cmf_live` [ RunTime:0.0007s ]
NOTIC: [2] Declaration of Common\Model\CourseModel::create($data, $photo) should be compatible with Think\Model::create($data = '', $type = '') /var/www/html/sikao/junwei/application/Common/Model/CourseModel.class.php 第 0 行.
SQL: SHOW COLUMNS FROM `cmf_course` [ RunTime:0.0008s ]
SQL: SELECT `class_id`,`courseware_id` FROM `cmf_live` WHERE ( id in (13) )  [ RunTime:0.0006s ]
SQL: SHOW COLUMNS FROM `cmf_junwei` [ RunTime:0.0007s ]
SQL: SELECT * FROM `cmf_junwei` LIMIT 1   [ RunTime:0.0005s ]
SQL: DELETE FROM `cmf_live` WHERE ( id in (13) ) [ RunTime:0.0015s ]

[ 2017-06-28T12:33:55+08:00 ] 115.33.36.173 /junwei/index.php?s=/public/dologin
INFO: [ app_begin ] --START--
INFO: Run Behavior\ReadHtmlCacheBehavior [ RunTime:0.000018s ]
INFO: Run Behavior\CheckLangBehavior [ RunTime:0.000077s ]
INFO: Run Common\Behavior\UrldecodeGetBehavior [ RunTime:0.000030s ]
INFO: [ app_begin ] --END-- [ RunTime:0.000165s ]
INFO: [ admin_begin ] --START--
INFO: Run Common\Behavior\AdminDefaultLangBehavior [ RunTime:0.000051s ]
INFO: [ admin_begin ] --END-- [ RunTime:0.000064s ]

[ 2017-06-28T12:34:03+08:00 ] 115.33.36.173 /junwei/index.php?s=/public/dologin
INFO: [ app_begin ] --START--
INFO: Run Behavior\ReadHtmlCacheBehavior [ RunTime:0.000013s ]
INFO: Run Behavior\CheckLangBehavior [ RunTime:0.000077s ]
INFO: Run Common\Behavior\UrldecodeGetBehavior [ RunTime:0.000019s ]
INFO: [ app_begin ] --END-- [ RunTime:0.000144s ]
INFO: [ admin_begin ] --START--
INFO: Run Common\Behavior\AdminDefaultLangBehavior [ RunTime:0.000053s ]
INFO: [ admin_begin ] --END-- [ RunTime:0.000067s ]

[ 2017-06-28T12:34:11+08:00 ] 115.33.36.173 /junwei/index.php?s=/public/dologin
INFO: [ app_begin ] --START--
INFO: Run Behavior\ReadHtmlCacheBehavior [ RunTime:0.000020s ]
INFO: Run Behavior\CheckLangBehavior [ RunTime:0.000079s ]
INFO: Run Common\Behavior\UrldecodeGetBehavior [ RunTime:0.000025s ]
INFO: [ app_begin ] --END-- [ RunTime:0.000169s ]
INFO: [ admin_begin ] --START--
INFO: Run Common\Behavior\AdminDefaultLangBehavior [ RunTime:0.000063s ]
INFO: [ admin_begin ] --END-- [ RunTime:0.000080s ]
SQL: SHOW COLUMNS FROM `cmf_users` [ RunTime:0.0010s ]
SQL: SELECT * FROM `cmf_users` WHERE `user_login` = 'jiaoyan2' LIMIT 1   [ RunTime:0.0006s ]
SQL: SHOW COLUMNS FROM `cmf_role_user` [ RunTime:0.0007s ]
SQL: SELECT `role_id` FROM cmf_role_user a INNER JOIN cmf_role as b on a.role_id =b.id  WHERE `user_id` = '20' AND `status` = 1  [ RunTime:0.0006s ]
SQL: UPDATE `cmf_users` SET `user_login`='jiaoyan2',`user_pass`='###9e09f7a64f747d17e62c4f35a9713f15',`user_nicename`='',`user_email`='jun@163.com',`user_url`='',`avatar`=NULL,`sex`='0',`birthday`='2000-01-01',`signature`=NULL,`last_login_ip`='115.33.36.173',`last_login_time`='2017-06-28 12:34:11',`create_time`='2017-05-08 09:45:47',`user_activation_key`='',`user_status`='1',`score`='0',`user_type`='1',`coin`='0',`mobile`='',`token`='0',`ctime`='0',`check`='0' WHERE `id` = '20' [ RunTime:0.0006s ]

[ 2017-06-28T12:34:18+08:00 ] 115.33.36.173 /junwei/index.php?s=/Admin/Question/itembank
NOTIC: D方法实例化没找到模型类Common\Model\SubjectsModel
NOTIC: D方法实例化没找到模型类Common\Model\ChapterModel
NOTIC: D方法实例化没找到模型类Common\Model\AnswerModel

[ 2017-06-28T12:34:23+08:00 ] 115.33.36.173 /junwei/index.php?s=/Admin/Question/true
NOTIC: D方法实例化没找到模型类Common\Model\SubjectsModel
NOTIC: D方法实例化没找到模型类Common\Model\ChapterModel
NOTIC: D方法实例化没找到模型类Common\Model\AnswerModel

[ 2017-06-28T12:34:25+08:00 ] 115.33.36.173 /junwei/index.php?s=/Admin/Question/true
NOTIC: D方法实例化没找到模型类Common\Model\SubjectsModel
NOTIC: D方法实例化没找到模型类Common\Model\ChapterModel
NOTIC: D方法实例化没找到模型类Common\Model\AnswerModel

[ 2017-06-28T12:37:58+08:00 ] 115.33.36.173 /junwei/index.php?s=/Question/trueadd
NOTIC: D方法实例化没找到模型类Common\Model\SubjectsModel
NOTIC: D方法实例化没找到模型类Common\Model\ChapterModel
NOTIC: D方法实例化没找到模型类Common\Model\AnswerModel

[ 2017-06-28T12:38:01+08:00 ] 115.33.36.173 /junwei/index.php?s=/Question/true
NOTIC: D方法实例化没找到模型类Common\Model\SubjectsModel
NOTIC: D方法实例化没找到模型类Common\Model\ChapterModel
NOTIC: D方法实例化没找到模型类Common\Model\AnswerModel

[ 2017-06-28T12:38:17+08:00 ] 115.33.36.173 /junwei/Question/trueedit?item_id=4
NOTIC: D方法实例化没找到模型类Common\Model\SubjectsModel
NOTIC: D方法实例化没找到模型类Common\Model\ChapterModel
NOTIC: D方法实例化没找到模型类Common\Model\AnswerModel

[ 2017-06-28T12:38:19+08:00 ] 115.33.36.173 /junwei/Question/trueedit?item_id=4
NOTIC: D方法实例化没找到模型类Common\Model\SubjectsModel
NOTIC: D方法实例化没找到模型类Common\Model\ChapterModel
NOTIC: D方法实例化没找到模型类Common\Model\AnswerModel

[ 2017-06-28T12:38:32+08:00 ] 115.33.36.173 /junwei/index.php?s=/Question/trueedit_post
NOTIC: D方法实例化没找到模型类Common\Model\SubjectsModel
NOTIC: D方法实例化没找到模型类Common\Model\ChapterModel
NOTIC: D方法实例化没找到模型类Common\Model\AnswerModel

[ 2017-06-28T12:38:35+08:00 ] 115.33.36.173 /junwei/index.php?s=/Question/true
NOTIC: D方法实例化没找到模型类Common\Model\SubjectsModel
NOTIC: D方法实例化没找到模型类Common\Model\ChapterModel
NOTIC: D方法实例化没找到模型类Common\Model\AnswerModel

[ 2017-06-28T12:38:47+08:00 ] 115.33.36.173 /junwei/Question/trueedit?item_id=4
NOTIC: D方法实例化没找到模型类Common\Model\SubjectsModel
NOTIC: D方法实例化没找到模型类Common\Model\ChapterModel
NOTIC: D方法实例化没找到模型类Common\Model\AnswerModel

[ 2017-06-28T12:39:52+08:00 ] 115.33.36.173 /junwei/index.php?s=/Question/trueedit_post
NOTIC: D方法实例化没找到模型类Common\Model\SubjectsModel
NOTIC: D方法实例化没找到模型类Common\Model\ChapterModel
NOTIC: D方法实例化没找到模型类Common\Model\AnswerModel

[ 2017-06-28T12:39:56+08:00 ] 115.33.36.173 /junwei/index.php?s=/Question/true
NOTIC: D方法实例化没找到模型类Common\Model\SubjectsModel
NOTIC: D方法实例化没找到模型类Common\Model\ChapterModel
NOTIC: D方法实例化没找到模型类Common\Model\AnswerModel

[ 2017-06-28T12:53:30+08:00 ] 115.33.36.173 /junwei/index.php?s=/Course/delete
INFO: [ app_begin ] --START--
INFO: Run Behavior\ReadHtmlCacheBehavior [ RunTime:0.000018s ]
INFO: Run Behavior\CheckLangBehavior [ RunTime:0.000088s ]
INFO: Run Common\Behavior\UrldecodeGetBehavior [ RunTime:0.000023s ]
INFO: [ app_begin ] --END-- [ RunTime:0.000170s ]
NOTIC: [2] Declaration of Admin\Controller\CourseController::show() should be compatible with Think\Controller::show($content, $charset = '', $contentType = '', $prefix = '') /var/www/html/sikao/junwei/application/Admin/Controller/CourseController.class.php 第 20 行.
INFO: [ admin_begin ] --START--
INFO: Run Common\Behavior\AdminDefaultLangBehavior [ RunTime:0.000076s ]
INFO: [ admin_begin ] --END-- [ RunTime:0.000090s ]
SQL: SHOW COLUMNS FROM `cmf_users` [ RunTime:0.0010s ]
SQL: SELECT * FROM `cmf_users` WHERE `id` = '1' LIMIT 1   [ RunTime:0.0006s ]
NOTIC: [2] Declaration of Common\Model\CourseModel::create($data, $photo) should be compatible with Think\Model::create($data = '', $type = '') /var/www/html/sikao/junwei/application/Common/Model/CourseModel.class.php 第 0 行.
SQL: SHOW COLUMNS FROM `cmf_course` [ RunTime:0.0008s ]
SQL: SHOW COLUMNS FROM `cmf_course` [ RunTime:0.0008s ]
SQL: SELECT `class_id` FROM `cmf_course` WHERE ( id in (5) )  [ RunTime:0.0006s ]
SQL: SHOW COLUMNS FROM `cmf_junwei` [ RunTime:0.0007s ]
SQL: SELECT * FROM `cmf_junwei` LIMIT 1   [ RunTime:0.0005s ]
SQL: DELETE FROM `cmf_course` WHERE ( id in (5) ) [ RunTime:0.0015s ]

[ 2017-06-28T12:56:40+08:00 ] 115.33.36.173 /junwei/index.php?s=/Admin/Course/show
ERR: Call to a member function HVALS() on null

[ 2017-06-28T12:59:34+08:00 ] 115.33.36.173 /junwei//Uploads/(null)
ERR: 无法加载控制器:Uploads

[ 2017-06-28T13:01:31+08:00 ] 115.33.36.173 /junwei//(null)
ERR: 无法加载控制器:(null)

[ 2017-06-28T13:03:01+08:00 ] 115.33.36.173 /junwei//(null)
ERR: 无法加载控制器:(null)

[ 2017-06-28T13:08:43+08:00 ] 115.33.36.173 /junwei//(null)
ERR: 无法加载控制器:(null)

[ 2017-06-28T13:08:53+08:00 ] 115.33.36.173 /junwei/index.php?s=/Course/delete
INFO: [ app_begin ] --START--
INFO: Run Behavior\ReadHtmlCacheBehavior [ RunTime:0.000014s ]
INFO: Run Behavior\CheckLangBehavior [ RunTime:0.000068s ]
INFO: Run Common\Behavior\UrldecodeGetBehavior [ RunTime:0.000019s ]
INFO: [ app_begin ] --END-- [ RunTime:0.000134s ]
NOTIC: [2] Declaration of Admin\Controller\CourseController::show() should be compatible with Think\Controller::show($content, $charset = '', $contentType = '', $prefix = '') /var/www/html/sikao/junwei/application/Admin/Controller/CourseController.class.php 第 20 行.
INFO: [ admin_begin ] --START--
INFO: Run Common\Behavior\AdminDefaultLangBehavior [ RunTime:0.000052s ]
INFO: [ admin_begin ] --END-- [ RunTime:0.000064s ]
SQL: SHOW COLUMNS FROM `cmf_users` [ RunTime:0.0010s ]
SQL: SELECT * FROM `cmf_users` WHERE `id` = '1' LIMIT 1   [ RunTime:0.0006s ]
NOTIC: [2] Declaration of Common\Model\CourseModel::create($data, $photo) should be compatible with Think\Model::create($data = '', $type = '') /var/www/html/sikao/junwei/application/Common/Model/CourseModel.class.php 第 0 行.
SQL: SHOW COLUMNS FROM `cmf_course` [ RunTime:0.0008s ]
SQL: SHOW COLUMNS FROM `cmf_course` [ RunTime:0.0008s ]
SQL: SELECT `class_id` FROM `cmf_course` WHERE ( id in (15) )  [ RunTime:0.0006s ]
SQL: SHOW COLUMNS FROM `cmf_junwei` [ RunTime:0.0007s ]
SQL: SELECT * FROM `cmf_junwei` LIMIT 1   [ RunTime:0.0005s ]
NOTIC: [8] Undefined index: courseware_id /var/www/html/sikao/junwei/application/Admin/Controller/CourseController.class.php 第 213 行.
NOTIC: [8] Undefined variable: class_id /var/www/html/sikao/junwei/application/Api/Controller/ResponseController.class.php 第 803 行.
SQL: DELETE FROM `cmf_course` WHERE ( id in (15) ) [ RunTime:0.0015s ]

[ 2017-06-28T13:11:08+08:00 ] 115.33.36.173 /junwei//(null)
ERR: 无法加载控制器:(null)

[ 2017-06-28T13:12:09+08:00 ] 115.33.36.173 /junwei//Uploads/(null)
ERR: 无法加载控制器:Uploads

[ 2017-06-28T13:15:49+08:00 ] 115.33.36.173 /junwei/index.php?s=/Course/delete/id/16/class_id/g9kCsMc5TL
INFO: [ app_begin ] --START--
INFO: Run Behavior\ReadHtmlCacheBehavior [ RunTime:0.000021s ]
INFO: Run Behavior\CheckLangBehavior [ RunTime:0.000130s ]
INFO: Run Common\Behavior\UrldecodeGetBehavior [ RunTime:0.000030s ]
INFO: [ app_begin ] --END-- [ RunTime:0.000243s ]
NOTIC: [2] Declaration of Admin\Controller\CourseController::show() should be compatible with Think\Controller::show($content, $charset = '', $contentType = '', $prefix = '') /var/www/html/sikao/junwei/application/Admin/Controller/CourseController.class.php 第 20 行.
INFO: [ admin_begin ] --START--
INFO: Run Common\Behavior\AdminDefaultLangBehavior [ RunTime:0.000057s ]
INFO: [ admin_begin ] --END-- [ RunTime:0.000070s ]
SQL: SHOW COLUMNS FROM `cmf_users` [ RunTime:0.0010s ]
SQL: SELECT * FROM `cmf_users` WHERE `id` = '1' LIMIT 1   [ RunTime:0.0006s ]
NOTIC: [2] Declaration of Common\Model\CourseModel::create($data, $photo) should be compatible with Think\Model::create($data = '', $type = '') /var/www/html/sikao/junwei/application/Common/Model/CourseModel.class.php 第 0 行.
SQL: SHOW COLUMNS FROM `cmf_course` [ RunTime:0.0008s ]
SQL: SHOW COLUMNS FROM `cmf_course` [ RunTime:0.0008s ]

[ 2017-06-28T13:16:44+08:00 ] 115.33.36.173 /junwei/index.php?s=/Course/delete
INFO: [ app_begin ] --START--
INFO: Run Behavior\ReadHtmlCacheBehavior [ RunTime:0.000016s ]
INFO: Run Behavior\CheckLangBehavior [ RunTime:0.000070s ]
INFO: Run Common\Behavior\UrldecodeGetBehavior [ RunTime:0.000021s ]
INFO: [ app_begin ] --END-- [ RunTime:0.000168s ]
NOTIC: [2] Declaration of Admin\Controller\CourseController::show() should be compatible with Think\Controller::show($content, $charset = '', $contentType = '', $prefix = '') /var/www/html/sikao/junwei/application/Admin/Controller/CourseController.class.php 第 20 行.
INFO: [ admin_begin ] --START--
INFO: Run Common\Behavior\AdminDefaultLangBehavior [ RunTime:0.000050s ]
INFO: [ admin_begin ] --END-- [ RunTime:0.000060s ]
SQL: SHOW COLUMNS FROM `cmf_users` [ RunTime:0.0010s ]
SQL: SELECT * FROM `cmf_users` WHERE `id` = '1' LIMIT 1   [ RunTime:0.0006s ]
NOTIC: [2] Declaration of Common\Model\CourseModel::create($data, $photo) should be compatible with Think\Model::create($data = '', $type = '') /var/www/html/sikao/junwei/application/Common/Model/CourseModel.class.php 第 0 行.
SQL: SHOW COLUMNS FROM `cmf_course` [ RunTime:0.0008s ]
SQL: SHOW COLUMNS FROM `cmf_course` [ RunTime:0.0008s ]

[ 2017-06-28T13:17:25+08:00 ] 115.33.36.173 /junwei/index.php?s=/Course/delete
INFO: [ app_begin ] --START--
INFO: Run Behavior\ReadHtmlCacheBehavior [ RunTime:0.000015s ]
INFO: Run Behavior\CheckLangBehavior [ RunTime:0.000064s ]
INFO: Run Common\Behavior\UrldecodeGetBehavior [ RunTime:0.000020s ]
INFO: [ app_begin ] --END-- [ RunTime:0.000138s ]
NOTIC: [2] Declaration of Admin\Controller\CourseController::show() should be compatible with Think\Controller::show($content, $charset = '', $contentType = '', $prefix = '') /var/www/html/sikao/junwei/application/Admin/Controller/CourseController.class.php 第 20 行.
INFO: [ admin_begin ] --START--
INFO: Run Common\Behavior\AdminDefaultLangBehavior [ RunTime:0.000053s ]
INFO: [ admin_begin ] --END-- [ RunTime:0.000065s ]
SQL: SHOW COLUMNS FROM `cmf_users` [ RunTime:0.0009s ]
SQL: SELECT * FROM `cmf_users` WHERE `id` = '1' LIMIT 1   [ RunTime:0.0006s ]
NOTIC: [2] Declaration of Common\Model\CourseModel::create($data, $photo) should be compatible with Think\Model::create($data = '', $type = '') /var/www/html/sikao/junwei/application/Common/Model/CourseModel.class.php 第 0 行.
SQL: SHOW COLUMNS FROM `cmf_course` [ RunTime:0.0008s ]
SQL: SHOW COLUMNS FROM `cmf_course` [ RunTime:0.0007s ]

[ 2017-06-28T13:17:51+08:00 ] 115.33.36.173 /junwei/index.php?s=/Course/delete/id/16/class_id/g9kCsMc5TL
INFO: [ app_begin ] --START--
INFO: Run Behavior\ReadHtmlCacheBehavior [ RunTime:0.000019s ]
INFO: Run Behavior\CheckLangBehavior [ RunTime:0.000075s ]
INFO: Run Common\Behavior\UrldecodeGetBehavior [ RunTime:0.000034s ]
INFO: [ app_begin ] --END-- [ RunTime:0.000170s ]
NOTIC: [2] Declaration of Admin\Controller\CourseController::show() should be compatible with Think\Controller::show($content, $charset = '', $contentType = '', $prefix = '') /var/www/html/sikao/junwei/application/Admin/Controller/CourseController.class.php 第 20 行.
INFO: [ admin_begin ] --START--
INFO: Run Common\Behavior\AdminDefaultLangBehavior [ RunTime:0.000050s ]
INFO: [ admin_begin ] --END-- [ RunTime:0.000063s ]
SQL: SHOW COLUMNS FROM `cmf_users` [ RunTime:0.0010s ]
SQL: SELECT * FROM `cmf_users` WHERE `id` = '1' LIMIT 1   [ RunTime:0.0007s ]
NOTIC: [2] Declaration of Common\Model\CourseModel::create($data, $photo) should be compatible with Think\Model::create($data = '', $type = '') /var/www/html/sikao/junwei/application/Common/Model/CourseModel.class.php 第 0 行.
SQL: SHOW COLUMNS FROM `cmf_course` [ RunTime:0.0008s ]
SQL: SHOW COLUMNS FROM `cmf_course` [ RunTime:0.0008s ]

[ 2017-06-28T13:18:25+08:00 ] 115.33.36.173 /junwei/index.php?s=/Course/delete/id/16/class_id/g9kCsMc5TL
INFO: [ app_begin ] --START--
INFO: Run Behavior\ReadHtmlCacheBehavior [ RunTime:0.000017s ]
INFO: Run Behavior\CheckLangBehavior [ RunTime:0.000065s ]
INFO: Run Common\Behavior\UrldecodeGetBehavior [ RunTime:0.000023s ]
INFO: [ app_begin ] --END-- [ RunTime:0.000142s ]
NOTIC: [2] Declaration of Admin\Controller\CourseController::show() should be compatible with Think\Controller::show($content, $charset = '', $contentType = '', $prefix = '') /var/www/html/sikao/junwei/application/Admin/Controller/CourseController.class.php 第 20 行.
INFO: [ admin_begin ] --START--
INFO: Run Common\Behavior\AdminDefaultLangBehavior [ RunTime:0.000050s ]
INFO: [ admin_begin ] --END-- [ RunTime:0.000061s ]
SQL: SHOW COLUMNS FROM `cmf_users` [ RunTime:0.0009s ]
SQL: SELECT * FROM `cmf_users` WHERE `id` = '1' LIMIT 1   [ RunTime:0.0006s ]
NOTIC: [2] Declaration of Common\Model\CourseModel::create($data, $photo) should be compatible with Think\Model::create($data = '', $type = '') /var/www/html/sikao/junwei/application/Common/Model/CourseModel.class.php 第 0 行.
SQL: SHOW COLUMNS FROM `cmf_course` [ RunTime:0.0007s ]
SQL: SHOW COLUMNS FROM `cmf_course` [ RunTime:0.0007s ]

[ 2017-06-28T13:21:13+08:00 ] 115.33.36.173 /junwei/index.php?s=/Course/delete/id/16/class_id/g9kCsMc5TL/courseware_id/hHxV5sU21N
INFO: [ app_begin ] --START--
INFO: Run Behavior\ReadHtmlCacheBehavior [ RunTime:0.000019s ]
INFO: Run Behavior\CheckLangBehavior [ RunTime:0.000077s ]
INFO: Run Common\Behavior\UrldecodeGetBehavior [ RunTime:0.000026s ]
INFO: [ app_begin ] --END-- [ RunTime:0.000162s ]
NOTIC: [2] Declaration of Admin\Controller\CourseController::show() should be compatible with Think\Controller::show($content, $charset = '', $contentType = '', $prefix = '') /var/www/html/sikao/junwei/application/Admin/Controller/CourseController.class.php 第 20 行.
INFO: [ admin_begin ] --START--
INFO: Run Common\Behavior\AdminDefaultLangBehavior [ RunTime:0.000053s ]
INFO: [ admin_begin ] --END-- [ RunTime:0.000065s ]
SQL: SHOW COLUMNS FROM `cmf_users` [ RunTime:0.0011s ]
SQL: SELECT * FROM `cmf_users` WHERE `id` = '1' LIMIT 1   [ RunTime:0.0007s ]
NOTIC: [2] Declaration of Common\Model\CourseModel::create($data, $photo) should be compatible with Think\Model::create($data = '', $type = '') /var/www/html/sikao/junwei/application/Common/Model/CourseModel.class.php 第 0 行.
SQL: SHOW COLUMNS FROM `cmf_course` [ RunTime:0.0009s ]
SQL: SHOW COLUMNS FROM `cmf_course` [ RunTime:0.0011s ]

[ 2017-06-28T13:21:47+08:00 ] 115.33.36.173 /junwei/index.php?s=/Course/delete
INFO: [ app_begin ] --START--
INFO: Run Behavior\ReadHtmlCacheBehavior [ RunTime:0.000031s ]
INFO: Run Behavior\CheckLangBehavior [ RunTime:0.000070s ]
INFO: Run Common\Behavior\UrldecodeGetBehavior [ RunTime:0.000023s ]
INFO: [ app_begin ] --END-- [ RunTime:0.000170s ]
NOTIC: [2] Declaration of Admin\Controller\CourseController::show() should be compatible with Think\Controller::show($content, $charset = '', $contentType = '', $prefix = '') /var/www/html/sikao/junwei/application/Admin/Controller/CourseController.class.php 第 20 行.
INFO: [ admin_begin ] --START--
INFO: Run Common\Behavior\AdminDefaultLangBehavior [ RunTime:0.000053s ]
INFO: [ admin_begin ] --END-- [ RunTime:0.000066s ]
SQL: SHOW COLUMNS FROM `cmf_users` [ RunTime:0.0010s ]
SQL: SELECT * FROM `cmf_users` WHERE `id` = '1' LIMIT 1   [ RunTime:0.0006s ]
NOTIC: [2] Declaration of Common\Model\CourseModel::create($data, $photo) should be compatible with Think\Model::create($data = '', $type = '') /var/www/html/sikao/junwei/application/Common/Model/CourseModel.class.php 第 0 行.
SQL: SHOW COLUMNS FROM `cmf_course` [ RunTime:0.0008s ]
SQL: SHOW COLUMNS FROM `cmf_course` [ RunTime:0.0008s ]
SQL: SELECT `class_id` FROM `cmf_course` WHERE ( id in (16) )  [ RunTime:0.0006s ]
SQL: SHOW COLUMNS FROM `cmf_junwei` [ RunTime:0.0007s ]
SQL: SELECT * FROM `cmf_junwei` LIMIT 1   [ RunTime:0.0006s ]
NOTIC: [8] Undefined index: courseware_id /var/www/html/sikao/junwei/application/Admin/Controller/CourseController.class.php 第 213 行.

[ 2017-06-28T13:22:17+08:00 ] 115.33.36.173 /junwei/index.php?s=/Course/delete
INFO: [ app_begin ] --START--
INFO: Run Behavior\ReadHtmlCacheBehavior [ RunTime:0.000017s ]
INFO: Run Behavior\CheckLangBehavior [ RunTime:0.000076s ]
INFO: Run Common\Behavior\UrldecodeGetBehavior [ RunTime:0.000022s ]
INFO: [ app_begin ] --END-- [ RunTime:0.000161s ]
NOTIC: [2] Declaration of Admin\Controller\CourseController::show() should be compatible with Think\Controller::show($content, $charset = '', $contentType = '', $prefix = '') /var/www/html/sikao/junwei/application/Admin/Controller/CourseController.class.php 第 20 行.
INFO: [ admin_begin ] --START--
INFO: Run Common\Behavior\AdminDefaultLangBehavior [ RunTime:0.000056s ]
INFO: [ admin_begin ] --END-- [ RunTime:0.000072s ]
SQL: SHOW COLUMNS FROM `cmf_users` [ RunTime:0.0011s ]
SQL: SELECT * FROM `cmf_users` WHERE `id` = '1' LIMIT 1   [ RunTime:0.0011s ]
NOTIC: [2] Declaration of Common\Model\CourseModel::create($data, $photo) should be compatible with Think\Model::create($data = '', $type = '') /var/www/html/sikao/junwei/application/Common/Model/CourseModel.class.php 第 0 行.
SQL: SHOW COLUMNS FROM `cmf_course` [ RunTime:0.0009s ]
SQL: SHOW COLUMNS FROM `cmf_course` [ RunTime:0.0009s ]
SQL: SELECT `class_id`,`courseware_id` FROM `cmf_course` WHERE ( id in (16) )  [ RunTime:0.0006s ]
SQL: SHOW COLUMNS FROM `cmf_junwei` [ RunTime:0.0011s ]
SQL: SELECT * FROM `cmf_junwei` LIMIT 1   [ RunTime:0.0005s ]

[ 2017-06-28T13:22:48+08:00 ] 115.33.36.173 /junwei/index.php?s=/Course/delete/id/16/class_id/g9kCsMc5TL/courseware_id/hHxV5sU21N
INFO: [ app_begin ] --START--
INFO: Run Behavior\ReadHtmlCacheBehavior [ RunTime:0.000019s ]
INFO: Run Behavior\CheckLangBehavior [ RunTime:0.000092s ]
INFO: Run Common\Behavior\UrldecodeGetBehavior [ RunTime:0.000027s ]
INFO: [ app_begin ] --END-- [ RunTime:0.000179s ]
NOTIC: [2] Declaration of Admin\Controller\CourseController::show() should be compatible with Think\Controller::show($content, $charset = '', $contentType = '', $prefix = '') /var/www/html/sikao/junwei/application/Admin/Controller/CourseController.class.php 第 20 行.
INFO: [ admin_begin ] --START--
INFO: Run Common\Behavior\AdminDefaultLangBehavior [ RunTime:0.000055s ]
INFO: [ admin_begin ] --END-- [ RunTime:0.000068s ]
SQL: SHOW COLUMNS FROM `cmf_users` [ RunTime:0.0009s ]
SQL: SELECT * FROM `cmf_users` WHERE `id` = '1' LIMIT 1   [ RunTime:0.0006s ]
NOTIC: [2] Declaration of Common\Model\CourseModel::create($data, $photo) should be compatible with Think\Model::create($data = '', $type = '') /var/www/html/sikao/junwei/application/Common/Model/CourseModel.class.php 第 0 行.
SQL: SHOW COLUMNS FROM `cmf_course` [ RunTime:0.0007s ]
SQL: SHOW COLUMNS FROM `cmf_course` [ RunTime:0.0007s ]
SQL: SHOW COLUMNS FROM `cmf_junwei` [ RunTime:0.0007s ]
SQL: SELECT * FROM `cmf_junwei` LIMIT 1   [ RunTime:0.0005s ]
NOTIC: [8] Undefined variable: id /var/www/html/sikao/junwei/application/Admin/Controller/CourseController.class.php 第 193 行.
ERR: 1064:You have an error in your SQL syntax; check the manual that corresponds to your MariaDB server version for the right syntax to use near ')' at line 1
 [ SQL语句 ] : DELETE FROM `cmf_course` WHERE ( id =  )
ERR: 1064:You have an error in your SQL syntax; check the manual that corresponds to your MariaDB server version for the right syntax to use near ')' at line 1
 [ SQL语句 ] : DELETE FROM `cmf_course` WHERE ( id =  )

[ 2017-06-28T13:23:25+08:00 ] 106.120.233.151 /junwei/index.php?s=/Admin/Question/true
NOTIC: D方法实例化没找到模型类Common\Model\SubjectsModel
NOTIC: D方法实例化没找到模型类Common\Model\ChapterModel
NOTIC: D方法实例化没找到模型类Common\Model\AnswerModel

[ 2017-06-28T13:23:41+08:00 ] 106.120.233.151 /junwei/Question/trueedit?item_id=485
NOTIC: D方法实例化没找到模型类Common\Model\SubjectsModel
NOTIC: D方法实例化没找到模型类Common\Model\ChapterModel
NOTIC: D方法实例化没找到模型类Common\Model\AnswerModel

[ 2017-06-28T13:23:46+08:00 ] 106.120.233.151 /junwei/index.php?s=/Question/trueedit_post
NOTIC: D方法实例化没找到模型类Common\Model\SubjectsModel
NOTIC: D方法实例化没找到模型类Common\Model\ChapterModel
NOTIC: D方法实例化没找到模型类Common\Model\AnswerModel

[ 2017-06-28T13:23:49+08:00 ] 106.120.233.151 /junwei/index.php?s=/Question/true
NOTIC: D方法实例化没找到模型类Common\Model\SubjectsModel
NOTIC: D方法实例化没找到模型类Common\Model\ChapterModel
NOTIC: D方法实例化没找到模型类Common\Model\AnswerModel

[ 2017-06-28T13:23:59+08:00 ] 115.33.36.173 /junwei/index.php?s=/public/dologin
INFO: [ app_begin ] --START--
INFO: Run Behavior\ReadHtmlCacheBehavior [ RunTime:0.000014s ]
INFO: Run Behavior\CheckLangBehavior [ RunTime:0.000046s ]
INFO: Run Common\Behavior\UrldecodeGetBehavior [ RunTime:0.000017s ]
INFO: [ app_begin ] --END-- [ RunTime:0.000111s ]
INFO: [ admin_begin ] --START--
INFO: Run Common\Behavior\AdminDefaultLangBehavior [ RunTime:0.000042s ]
INFO: [ admin_begin ] --END-- [ RunTime:0.000056s ]
SQL: SHOW COLUMNS FROM `cmf_users` [ RunTime:0.0008s ]
SQL: SELECT * FROM `cmf_users` WHERE `user_login` = 'admin' LIMIT 1   [ RunTime:0.0006s ]
SQL: SHOW COLUMNS FROM `cmf_role_user` [ RunTime:0.0007s ]
SQL: SELECT `role_id` FROM cmf_role_user a INNER JOIN cmf_role as b on a.role_id =b.id  WHERE `user_id` = '1' AND `status` = 1  [ RunTime:0.0006s ]
SQL: UPDATE `cmf_users` SET `user_login`='admin',`user_pass`='###e9a6a1b2c468c852c57c0d86674e1f9b',`user_nicename`='admin',`user_email`='1348779449@qq.com',`user_url`='',`avatar`=NULL,`sex`='0',`birthday`='2000-01-01',`signature`=NULL,`last_login_ip`='115.33.36.173',`last_login_time`='2017-06-28 13:23:59',`create_time`='2017-04-17 01:37:17',`user_activation_key`='',`user_status`='1',`score`='0',`user_type`='1',`coin`='0',`mobile`='',`token`='',`ctime`='0',`check`='0' WHERE `id` = '1' [ RunTime:0.0006s ]

[ 2017-06-28T13:24:58+08:00 ] 115.33.36.173 /junwei/index.php?s=/Admin/Question/true
NOTIC: D方法实例化没找到模型类Common\Model\SubjectsModel
NOTIC: D方法实例化没找到模型类Common\Model\ChapterModel
NOTIC: D方法实例化没找到模型类Common\Model\AnswerModel

[ 2017-06-28T13:25:50+08:00 ] 115.33.36.173 /junwei/index.php?s=/Course/delete/id/16/class_id/g9kCsMc5TL/courseware_id/hHxV5sU21N
INFO: [ app_begin ] --START--
INFO: Run Behavior\ReadHtmlCacheBehavior [ RunTime:0.000019s ]
INFO: Run Behavior\CheckLangBehavior [ RunTime:0.000075s ]
INFO: Run Common\Behavior\UrldecodeGetBehavior [ RunTime:0.000026s ]
INFO: [ app_begin ] --END-- [ RunTime:0.000158s ]
NOTIC: [2] Declaration of Admin\Controller\CourseController::show() should be compatible with Think\Controller::show($content, $charset = '', $contentType = '', $prefix = '') /var/www/html/sikao/junwei/application/Admin/Controller/CourseController.class.php 第 20 行.
INFO: [ admin_begin ] --START--
INFO: Run Common\Behavior\AdminDefaultLangBehavior [ RunTime:0.000055s ]
INFO: [ admin_begin ] --END-- [ RunTime:0.000072s ]
SQL: SHOW COLUMNS FROM `cmf_users` [ RunTime:0.0010s ]
SQL: SELECT * FROM `cmf_users` WHERE `id` = '1' LIMIT 1   [ RunTime:0.0006s ]
NOTIC: [2] Declaration of Common\Model\CourseModel::create($data, $photo) should be compatible with Think\Model::create($data = '', $type = '') /var/www/html/sikao/junwei/application/Common/Model/CourseModel.class.php 第 0 行.
SQL: SHOW COLUMNS FROM `cmf_course` [ RunTime:0.0008s ]
SQL: SHOW COLUMNS FROM `cmf_course` [ RunTime:0.0008s ]
SQL: SHOW COLUMNS FROM `cmf_junwei` [ RunTime:0.0007s ]
SQL: SELECT * FROM `cmf_junwei` LIMIT 1   [ RunTime:0.0006s ]
NOTIC: [8] Undefined variable: id /var/www/html/sikao/junwei/application/Admin/Controller/CourseController.class.php 第 193 行.
ERR: 1064:You have an error in your SQL syntax; check the manual that corresponds to your MariaDB server version for the right syntax to use near ')' at line 1
 [ SQL语句 ] : DELETE FROM `cmf_course` WHERE ( id =  )
ERR: 1064:You have an error in your SQL syntax; check the manual that corresponds to your MariaDB server version for the right syntax to use near ')' at line 1
 [ SQL语句 ] : DELETE FROM `cmf_course` WHERE ( id =  )

[ 2017-06-28T13:25:56+08:00 ] 115.33.36.173 /junwei/index.php?s=/Course/delete
INFO: [ app_begin ] --START--
INFO: Run Behavior\ReadHtmlCacheBehavior [ RunTime:0.000021s ]
INFO: Run Behavior\CheckLangBehavior [ RunTime:0.000081s ]
INFO: Run Common\Behavior\UrldecodeGetBehavior [ RunTime:0.000025s ]
INFO: [ app_begin ] --END-- [ RunTime:0.000176s ]
NOTIC: [2] Declaration of Admin\Controller\CourseController::show() should be compatible with Think\Controller::show($content, $charset = '', $contentType = '', $prefix = '') /var/www/html/sikao/junwei/application/Admin/Controller/CourseController.class.php 第 20 行.
INFO: [ admin_begin ] --START--
INFO: Run Common\Behavior\AdminDefaultLangBehavior [ RunTime:0.000072s ]
INFO: [ admin_begin ] --END-- [ RunTime:0.000094s ]
SQL: SHOW COLUMNS FROM `cmf_users` [ RunTime:0.0009s ]
SQL: SELECT * FROM `cmf_users` WHERE `id` = '1' LIMIT 1   [ RunTime:0.0009s ]
NOTIC: [2] Declaration of Common\Model\CourseModel::create($data, $photo) should be compatible with Think\Model::create($data = '', $type = '') /var/www/html/sikao/junwei/application/Common/Model/CourseModel.class.php 第 0 行.
SQL: SHOW COLUMNS FROM `cmf_course` [ RunTime:0.0008s ]
SQL: SHOW COLUMNS FROM `cmf_course` [ RunTime:0.0007s ]
SQL: SELECT `class_id`,`courseware_id` FROM `cmf_course` WHERE ( id in (16) )  [ RunTime:0.0006s ]
SQL: SHOW COLUMNS FROM `cmf_junwei` [ RunTime:0.0007s ]
SQL: SELECT * FROM `cmf_junwei` LIMIT 1   [ RunTime:0.0005s ]
NOTIC: [8] Undefined variable: class_id /var/www/html/sikao/junwei/application/Api/Controller/ResponseController.class.php 第 803 行.
SQL: DELETE FROM `cmf_course` WHERE ( id in (16) ) [ RunTime:0.0015s ]

[ 2017-06-28T13:33:48+08:00 ] 106.120.233.151 /junwei/Question/trueedit?item_id=500
NOTIC: D方法实例化没找到模型类Common\Model\SubjectsModel
NOTIC: D方法实例化没找到模型类Common\Model\ChapterModel
NOTIC: D方法实例化没找到模型类Common\Model\AnswerModel

[ 2017-06-28T13:33:52+08:00 ] 106.120.233.151 /junwei/index.php?s=/Question/trueedit_post
NOTIC: D方法实例化没找到模型类Common\Model\SubjectsModel
NOTIC: D方法实例化没找到模型类Common\Model\ChapterModel
NOTIC: D方法实例化没找到模型类Common\Model\AnswerModel

[ 2017-06-28T13:33:55+08:00 ] 106.120.233.151 /junwei/index.php?s=/Question/true
NOTIC: D方法实例化没找到模型类Common\Model\SubjectsModel
NOTIC: D方法实例化没找到模型类Common\Model\ChapterModel
NOTIC: D方法实例化没找到模型类Common\Model\AnswerModel

[ 2017-06-28T13:39:13+08:00 ] 115.33.36.173 /junwei/index.php?s=/Course/delete/id/17/class_id/X09nCMefbs/courseware_id/6BIJIzZOCA
INFO: [ app_begin ] --START--
INFO: Run Behavior\ReadHtmlCacheBehavior [ RunTime:0.000020s ]
INFO: Run Behavior\CheckLangBehavior [ RunTime:0.000107s ]
INFO: Run Common\Behavior\UrldecodeGetBehavior [ RunTime:0.000030s ]
INFO: [ app_begin ] --END-- [ RunTime:0.000205s ]
NOTIC: [2] Declaration of Admin\Controller\CourseController::show() should be compatible with Think\Controller::show($content, $charset = '', $contentType = '', $prefix = '') /var/www/html/sikao/junwei/application/Admin/Controller/CourseController.class.php 第 20 行.
INFO: [ admin_begin ] --START--
INFO: Run Common\Behavior\AdminDefaultLangBehavior [ RunTime:0.000057s ]
INFO: [ admin_begin ] --END-- [ RunTime:0.000070s ]
SQL: SHOW COLUMNS FROM `cmf_users` [ RunTime:0.0009s ]
SQL: SELECT * FROM `cmf_users` WHERE `id` = '1' LIMIT 1   [ RunTime:0.0005s ]
NOTIC: [2] Declaration of Common\Model\CourseModel::create($data, $photo) should be compatible with Think\Model::create($data = '', $type = '') /var/www/html/sikao/junwei/application/Common/Model/CourseModel.class.php 第 0 行.
SQL: SHOW COLUMNS FROM `cmf_course` [ RunTime:0.0008s ]
SQL: SHOW COLUMNS FROM `cmf_course` [ RunTime:0.0007s ]

[ 2017-06-28T13:39:32+08:00 ] 115.33.36.173 /junwei/index.php?s=/Course/delete/id/17/class_id/X09nCMefbs/courseware_id/6BIJIzZOCA
INFO: [ app_begin ] --START--
INFO: Run Behavior\ReadHtmlCacheBehavior [ RunTime:0.000018s ]
INFO: Run Behavior\CheckLangBehavior [ RunTime:0.000075s ]
INFO: Run Common\Behavior\UrldecodeGetBehavior [ RunTime:0.000025s ]
INFO: [ app_begin ] --END-- [ RunTime:0.000158s ]
NOTIC: [2] Declaration of Admin\Controller\CourseController::show() should be compatible with Think\Controller::show($content, $charset = '', $contentType = '', $prefix = '') /var/www/html/sikao/junwei/application/Admin/Controller/CourseController.class.php 第 20 行.
INFO: [ admin_begin ] --START--
INFO: Run Common\Behavior\AdminDefaultLangBehavior [ RunTime:0.000055s ]
INFO: [ admin_begin ] --END-- [ RunTime:0.000070s ]
SQL: SHOW COLUMNS FROM `cmf_users` [ RunTime:0.0009s ]
SQL: SELECT * FROM `cmf_users` WHERE `id` = '1' LIMIT 1   [ RunTime:0.0006s ]
NOTIC: [2] Declaration of Common\Model\CourseModel::create($data, $photo) should be compatible with Think\Model::create($data = '', $type = '') /var/www/html/sikao/junwei/application/Common/Model/CourseModel.class.php 第 0 行.
SQL: SHOW COLUMNS FROM `cmf_course` [ RunTime:0.0008s ]
SQL: SHOW COLUMNS FROM `cmf_course` [ RunTime:0.0007s ]

[ 2017-06-28T13:41:21+08:00 ] 115.33.36.173 /junwei/index.php?s=/Course/delete/id/17/class_id/X09nCMefbs/courseware_id/6BIJIzZOCA
INFO: [ app_begin ] --START--
INFO: Run Behavior\ReadHtmlCacheBehavior [ RunTime:0.000021s ]
INFO: Run Behavior\CheckLangBehavior [ RunTime:0.000112s ]
INFO: Run Common\Behavior\UrldecodeGetBehavior [ RunTime:0.000030s ]
INFO: [ app_begin ] --END-- [ RunTime:0.000210s ]
NOTIC: [2] Declaration of Admin\Controller\CourseController::show() should be compatible with Think\Controller::show($content, $charset = '', $contentType = '', $prefix = '') /var/www/html/sikao/junwei/application/Admin/Controller/CourseController.class.php 第 20 行.
INFO: [ admin_begin ] --START--
INFO: Run Common\Behavior\AdminDefaultLangBehavior [ RunTime:0.000062s ]
INFO: [ admin_begin ] --END-- [ RunTime:0.000080s ]
SQL: SHOW COLUMNS FROM `cmf_users` [ RunTime:0.0010s ]
SQL: SELECT * FROM `cmf_users` WHERE `id` = '1' LIMIT 1   [ RunTime:0.0006s ]
NOTIC: [2] Declaration of Common\Model\CourseModel::create($data, $photo) should be compatible with Think\Model::create($data = '', $type = '') /var/www/html/sikao/junwei/application/Common/Model/CourseModel.class.php 第 0 行.
SQL: SHOW COLUMNS FROM `cmf_course` [ RunTime:0.0008s ]
SQL: SHOW COLUMNS FROM `cmf_course` [ RunTime:0.0008s ]
SQL: SHOW COLUMNS FROM `cmf_junwei` [ RunTime:0.0006s ]
SQL: SELECT * FROM `cmf_junwei` LIMIT 1   [ RunTime:0.0005s ]

[ 2017-06-28T13:43:09+08:00 ] 115.33.36.173 /junwei/index.php?s=/Course/delete/id/17/class_id/X09nCMefbs/courseware_id/6BIJIzZOCA
INFO: [ app_begin ] --START--
INFO: Run Behavior\ReadHtmlCacheBehavior [ RunTime:0.000020s ]
INFO: Run Behavior\CheckLangBehavior [ RunTime:0.000077s ]
INFO: Run Common\Behavior\UrldecodeGetBehavior [ RunTime:0.000026s ]
INFO: [ app_begin ] --END-- [ RunTime:0.000169s ]
NOTIC: [2] Declaration of Admin\Controller\CourseController::show() should be compatible with Think\Controller::show($content, $charset = '', $contentType = '', $prefix = '') /var/www/html/sikao/junwei/application/Admin/Controller/CourseController.class.php 第 20 行.
INFO: [ admin_begin ] --START--
INFO: Run Common\Behavior\AdminDefaultLangBehavior [ RunTime:0.000055s ]
INFO: [ admin_begin ] --END-- [ RunTime:0.000066s ]
SQL: SHOW COLUMNS FROM `cmf_users` [ RunTime:0.0010s ]
SQL: SELECT * FROM `cmf_users` WHERE `id` = '1' LIMIT 1   [ RunTime:0.0006s ]
NOTIC: [2] Declaration of Common\Model\CourseModel::create($data, $photo) should be compatible with Think\Model::create($data = '', $type = '') /var/www/html/sikao/junwei/application/Common/Model/CourseModel.class.php 第 0 行.
SQL: SHOW COLUMNS FROM `cmf_course` [ RunTime:0.0008s ]
SQL: SHOW COLUMNS FROM `cmf_course` [ RunTime:0.0008s ]
SQL: SHOW COLUMNS FROM `cmf_junwei` [ RunTime:0.0007s ]
SQL: SELECT * FROM `cmf_junwei` LIMIT 1   [ RunTime:0.0005s ]
NOTIC: [8] Undefined variable: id /var/www/html/sikao/junwei/application/Admin/Controller/CourseController.class.php 第 194 行.
SQL: DELETE FROM `cmf_course` WHERE ( id = '' ) [ RunTime:0.0007s ]
NOTIC: [8] Undefined variable: id /var/www/html/sikao/junwei/application/Admin/Controller/CourseController.class.php 第 195 行.

[ 2017-06-28T13:45:33+08:00 ] 115.33.36.173 /junwei/index.php?s=/Course/delete/id/17/class_id/X09nCMefbs/courseware_id/6BIJIzZOCA
INFO: [ app_begin ] --START--
INFO: Run Behavior\ReadHtmlCacheBehavior [ RunTime:0.000027s ]
INFO: Run Behavior\CheckLangBehavior [ RunTime:0.000075s ]
INFO: Run Common\Behavior\UrldecodeGetBehavior [ RunTime:0.000025s ]
INFO: [ app_begin ] --END-- [ RunTime:0.000167s ]
NOTIC: [2] Declaration of Admin\Controller\CourseController::show() should be compatible with Think\Controller::show($content, $charset = '', $contentType = '', $prefix = '') /var/www/html/sikao/junwei/application/Admin/Controller/CourseController.class.php 第 20 行.
INFO: [ admin_begin ] --START--
INFO: Run Common\Behavior\AdminDefaultLangBehavior [ RunTime:0.000078s ]
INFO: [ admin_begin ] --END-- [ RunTime:0.000105s ]
SQL: SHOW COLUMNS FROM `cmf_users` [ RunTime:0.0010s ]
SQL: SELECT * FROM `cmf_users` WHERE `id` = '1' LIMIT 1   [ RunTime:0.0006s ]
NOTIC: [2] Declaration of Common\Model\CourseModel::create($data, $photo) should be compatible with Think\Model::create($data = '', $type = '') /var/www/html/sikao/junwei/application/Common/Model/CourseModel.class.php 第 0 行.
SQL: SHOW COLUMNS FROM `cmf_course` [ RunTime:0.0008s ]
SQL: SHOW COLUMNS FROM `cmf_course` [ RunTime:0.0008s ]

[ 2017-06-28T13:45:54+08:00 ] 115.33.36.173 /junwei/index.php?s=/Course/delete/id/17/class_id/X09nCMefbs/courseware_id/6BIJIzZOCA
INFO: [ app_begin ] --START--
INFO: Run Behavior\ReadHtmlCacheBehavior [ RunTime:0.000017s ]
INFO: Run Behavior\CheckLangBehavior [ RunTime:0.000086s ]
INFO: Run Common\Behavior\UrldecodeGetBehavior [ RunTime:0.000031s ]
INFO: [ app_begin ] --END-- [ RunTime:0.000174s ]
NOTIC: [2] Declaration of Admin\Controller\CourseController::show() should be compatible with Think\Controller::show($content, $charset = '', $contentType = '', $prefix = '') /var/www/html/sikao/junwei/application/Admin/Controller/CourseController.class.php 第 20 行.
INFO: [ admin_begin ] --START--
INFO: Run Common\Behavior\AdminDefaultLangBehavior [ RunTime:0.000055s ]
INFO: [ admin_begin ] --END-- [ RunTime:0.000068s ]
SQL: SHOW COLUMNS FROM `cmf_users` [ RunTime:0.0009s ]
SQL: SELECT * FROM `cmf_users` WHERE `id` = '1' LIMIT 1   [ RunTime:0.0005s ]
NOTIC: [2] Declaration of Common\Model\CourseModel::create($data, $photo) should be compatible with Think\Model::create($data = '', $type = '') /var/www/html/sikao/junwei/application/Common/Model/CourseModel.class.php 第 0 行.
SQL: SHOW COLUMNS FROM `cmf_course` [ RunTime:0.0007s ]
SQL: SHOW COLUMNS FROM `cmf_course` [ RunTime:0.0007s ]
SQL: SHOW COLUMNS FROM `cmf_junwei` [ RunTime:0.0006s ]
SQL: SELECT * FROM `cmf_junwei` LIMIT 1   [ RunTime:0.0005s ]
SQL: DELETE FROM `cmf_course` WHERE ( id = '17' ) [ RunTime:0.0014s ]

[ 2017-06-28T14:23:48+08:00 ] 115.33.36.173 /junwei/index.php?s=/public/dologin
INFO: [ app_begin ] --START--
INFO: Run Behavior\ReadHtmlCacheBehavior [ RunTime:0.000015s ]
INFO: Run Behavior\CheckLangBehavior [ RunTime:0.000060s ]
INFO: Run Common\Behavior\UrldecodeGetBehavior [ RunTime:0.000019s ]
INFO: [ app_begin ] --END-- [ RunTime:0.000128s ]
INFO: [ admin_begin ] --START--
INFO: Run Common\Behavior\AdminDefaultLangBehavior [ RunTime:0.000049s ]
INFO: [ admin_begin ] --END-- [ RunTime:0.000062s ]
SQL: SHOW COLUMNS FROM `cmf_users` [ RunTime:0.0009s ]
SQL: SELECT * FROM `cmf_users` WHERE `user_login` = 'admin' LIMIT 1   [ RunTime:0.0006s ]
SQL: SHOW COLUMNS FROM `cmf_role_user` [ RunTime:0.0006s ]
SQL: SELECT `role_id` FROM cmf_role_user a INNER JOIN cmf_role as b on a.role_id =b.id  WHERE `user_id` = '1' AND `status` = 1  [ RunTime:0.0005s ]
SQL: UPDATE `cmf_users` SET `user_login`='admin',`user_pass`='###e9a6a1b2c468c852c57c0d86674e1f9b',`user_nicename`='admin',`user_email`='1348779449@qq.com',`user_url`='',`avatar`=NULL,`sex`='0',`birthday`='2000-01-01',`signature`=NULL,`last_login_ip`='115.33.36.173',`last_login_time`='2017-06-28 14:23:48',`create_time`='2017-04-17 01:37:17',`user_activation_key`='',`user_status`='1',`score`='0',`user_type`='1',`coin`='0',`mobile`='',`token`='',`ctime`='0',`check`='0' WHERE `id` = '1' [ RunTime:0.0006s ]

[ 2017-06-28T15:15:15+08:00 ] 115.33.36.173 /junwei//(null)
ERR: 无法加载控制器:(null)

[ 2017-06-28T15:16:23+08:00 ] 115.33.36.173 /junwei//Uploads/(null)
ERR: 无法加载控制器:Uploads

[ 2017-06-28T16:08:04+08:00 ] 115.33.36.173 /junwei/index.php?s=/public/dologin
INFO: [ app_begin ] --START--
INFO: Run Behavior\ReadHtmlCacheBehavior [ RunTime:0.000018s ]
INFO: Run Behavior\CheckLangBehavior [ RunTime:0.000074s ]
INFO: Run Common\Behavior\UrldecodeGetBehavior [ RunTime:0.000023s ]
INFO: [ app_begin ] --END-- [ RunTime:0.000153s ]
INFO: [ admin_begin ] --START--
INFO: Run Common\Behavior\AdminDefaultLangBehavior [ RunTime:0.000048s ]
INFO: [ admin_begin ] --END-- [ RunTime:0.000061s ]
SQL: SHOW COLUMNS FROM `cmf_users` [ RunTime:0.0009s ]
SQL: SELECT * FROM `cmf_users` WHERE `user_login` = 'admin' LIMIT 1   [ RunTime:0.0006s ]
SQL: SHOW COLUMNS FROM `cmf_role_user` [ RunTime:0.0006s ]
SQL: SELECT `role_id` FROM cmf_role_user a INNER JOIN cmf_role as b on a.role_id =b.id  WHERE `user_id` = '1' AND `status` = 1  [ RunTime:0.0005s ]
SQL: UPDATE `cmf_users` SET `user_login`='admin',`user_pass`='###e9a6a1b2c468c852c57c0d86674e1f9b',`user_nicename`='admin',`user_email`='1348779449@qq.com',`user_url`='',`avatar`=NULL,`sex`='0',`birthday`='2000-01-01',`signature`=NULL,`last_login_ip`='115.33.36.173',`last_login_time`='2017-06-28 16:08:04',`create_time`='2017-04-17 01:37:17',`user_activation_key`='',`user_status`='1',`score`='0',`user_type`='1',`coin`='0',`mobile`='',`token`='',`ctime`='0',`check`='0' WHERE `id` = '1' [ RunTime:0.0006s ]

[ 2017-06-28T16:24:57+08:00 ] 106.120.233.151 /junwei/index.php?s=/public/dologin
INFO: [ app_begin ] --START--
INFO: Run Behavior\ReadHtmlCacheBehavior [ RunTime:0.000017s ]
INFO: Run Behavior\CheckLangBehavior [ RunTime:0.000084s ]
INFO: Run Common\Behavior\UrldecodeGetBehavior [ RunTime:0.000038s ]
INFO: [ app_begin ] --END-- [ RunTime:0.000180s ]
INFO: [ admin_begin ] --START--
INFO: Run Common\Behavior\AdminDefaultLangBehavior [ RunTime:0.000050s ]
INFO: [ admin_begin ] --END-- [ RunTime:0.000063s ]
SQL: SHOW COLUMNS FROM `cmf_users` [ RunTime:0.0009s ]
SQL: SELECT * FROM `cmf_users` WHERE `user_login` = 'jiaoyan2' LIMIT 1   [ RunTime:0.0006s ]
SQL: SHOW COLUMNS FROM `cmf_role_user` [ RunTime:0.0006s ]
SQL: SELECT `role_id` FROM cmf_role_user a INNER JOIN cmf_role as b on a.role_id =b.id  WHERE `user_id` = '20' AND `status` = 1  [ RunTime:0.0005s ]
SQL: UPDATE `cmf_users` SET `user_login`='jiaoyan2',`user_pass`='###9e09f7a64f747d17e62c4f35a9713f15',`user_nicename`='',`user_email`='jun@163.com',`user_url`='',`avatar`=NULL,`sex`='0',`birthday`='2000-01-01',`signature`=NULL,`last_login_ip`='106.120.233.151',`last_login_time`='2017-06-28 16:24:57',`create_time`='2017-05-08 09:45:47',`user_activation_key`='',`user_status`='1',`score`='0',`user_type`='1',`coin`='0',`mobile`='',`token`='0',`ctime`='0',`check`='0' WHERE `id` = '20' [ RunTime:0.0005s ]

[ 2017-06-28T16:25:16+08:00 ] 106.120.233.151 /junwei/index.php?s=/Admin/Question/true
NOTIC: D方法实例化没找到模型类Common\Model\SubjectsModel
NOTIC: D方法实例化没找到模型类Common\Model\ChapterModel
NOTIC: D方法实例化没找到模型类Common\Model\AnswerModel

[ 2017-06-28T16:25:51+08:00 ] 106.120.233.151 /junwei/Question/trueedit?item_id=1279
NOTIC: D方法实例化没找到模型类Common\Model\SubjectsModel
NOTIC: D方法实例化没找到模型类Common\Model\ChapterModel
NOTIC: D方法实例化没找到模型类Common\Model\AnswerModel

[ 2017-06-28T16:25:57+08:00 ] 106.120.233.151 /junwei/index.php?s=/Question/trueedit_post
NOTIC: D方法实例化没找到模型类Common\Model\SubjectsModel
NOTIC: D方法实例化没找到模型类Common\Model\ChapterModel
NOTIC: D方法实例化没找到模型类Common\Model\AnswerModel

[ 2017-06-28T16:25:59+08:00 ] 106.120.233.151 /junwei/index.php?s=/Question/true
NOTIC: D方法实例化没找到模型类Common\Model\SubjectsModel
NOTIC: D方法实例化没找到模型类Common\Model\ChapterModel
NOTIC: D方法实例化没找到模型类Common\Model\AnswerModel

[ 2017-06-28T16:27:25+08:00 ] 106.120.233.151 /junwei/Question/trueedit?item_id=1356
NOTIC: D方法实例化没找到模型类Common\Model\SubjectsModel
NOTIC: D方法实例化没找到模型类Common\Model\ChapterModel
NOTIC: D方法实例化没找到模型类Common\Model\AnswerModel

[ 2017-06-28T16:27:29+08:00 ] 106.120.233.151 /junwei/index.php?s=/Question/trueedit_post
NOTIC: D方法实例化没找到模型类Common\Model\SubjectsModel
NOTIC: D方法实例化没找到模型类Common\Model\ChapterModel
NOTIC: D方法实例化没找到模型类Common\Model\AnswerModel

[ 2017-06-28T16:27:31+08:00 ] 106.120.233.151 /junwei/index.php?s=/Question/true
NOTIC: D方法实例化没找到模型类Common\Model\SubjectsModel
NOTIC: D方法实例化没找到模型类Common\Model\ChapterModel
NOTIC: D方法实例化没找到模型类Common\Model\AnswerModel

[ 2017-06-28T16:33:15+08:00 ] 115.33.36.173 /junwei//(null)
ERR: 无法加载控制器:(null)

[ 2017-06-28T16:33:41+08:00 ] 115.33.36.173 /junwei//Uploads/(null)
ERR: 无法加载控制器:Uploads

[ 2017-06-28T16:37:48+08:00 ] 115.33.36.173 /junwei//(null)
ERR: 无法加载控制器:(null)

[ 2017-06-28T16:38:18+08:00 ] 115.33.36.173 /junwei//Uploads/(null)
ERR: 无法加载控制器:Uploads

[ 2017-06-28T16:39:04+08:00 ] 115.33.36.173 /junwei/index.php?s=/public/dologin
INFO: [ app_begin ] --START--
INFO: Run Behavior\ReadHtmlCacheBehavior [ RunTime:0.000018s ]
INFO: Run Behavior\CheckLangBehavior [ RunTime:0.000076s ]
INFO: Run Common\Behavior\UrldecodeGetBehavior [ RunTime:0.000023s ]
INFO: [ app_begin ] --END-- [ RunTime:0.000157s ]
INFO: [ admin_begin ] --START--
INFO: Run Common\Behavior\AdminDefaultLangBehavior [ RunTime:0.000062s ]
INFO: [ admin_begin ] --END-- [ RunTime:0.000076s ]
SQL: SHOW COLUMNS FROM `cmf_users` [ RunTime:0.0009s ]
SQL: SELECT * FROM `cmf_users` WHERE `user_login` = 'admin' LIMIT 1   [ RunTime:0.0005s ]
SQL: SHOW COLUMNS FROM `cmf_role_user` [ RunTime:0.0006s ]
SQL: SELECT `role_id` FROM cmf_role_user a INNER JOIN cmf_role as b on a.role_id =b.id  WHERE `user_id` = '1' AND `status` = 1  [ RunTime:0.0005s ]
SQL: UPDATE `cmf_users` SET `user_login`='admin',`user_pass`='###e9a6a1b2c468c852c57c0d86674e1f9b',`user_nicename`='admin',`user_email`='1348779449@qq.com',`user_url`='',`avatar`=NULL,`sex`='0',`birthday`='2000-01-01',`signature`=NULL,`last_login_ip`='115.33.36.173',`last_login_time`='2017-06-28 16:39:04',`create_time`='2017-04-17 01:37:17',`user_activation_key`='',`user_status`='1',`score`='0',`user_type`='1',`coin`='0',`mobile`='',`token`='',`ctime`='0',`check`='0' WHERE `id` = '1' [ RunTime:0.0005s ]

[ 2017-06-28T16:43:02+08:00 ] 115.33.36.173 /junwei//(null)
ERR: 无法加载控制器:(null)

[ 2017-06-28T16:45:13+08:00 ] 115.33.36.173 /junwei//(null)
ERR: 无法加载控制器:(null)

[ 2017-06-28T16:46:08+08:00 ] 115.33.36.173 /junwei/index.php?s=/public/dologin
INFO: [ app_begin ] --START--
INFO: Run Behavior\ReadHtmlCacheBehavior [ RunTime:0.000017s ]
INFO: Run Behavior\CheckLangBehavior [ RunTime:0.000074s ]
INFO: Run Common\Behavior\UrldecodeGetBehavior [ RunTime:0.000021s ]
INFO: [ app_begin ] --END-- [ RunTime:0.000150s ]
INFO: [ admin_begin ] --START--
INFO: Run Common\Behavior\AdminDefaultLangBehavior [ RunTime:0.000068s ]
INFO: [ admin_begin ] --END-- [ RunTime:0.000083s ]
SQL: SHOW COLUMNS FROM `cmf_users` [ RunTime:0.0010s ]
SQL: SELECT * FROM `cmf_users` WHERE `user_login` = 'admin' LIMIT 1   [ RunTime:0.0006s ]
SQL: SHOW COLUMNS FROM `cmf_role_user` [ RunTime:0.0007s ]
SQL: SELECT `role_id` FROM cmf_role_user a INNER JOIN cmf_role as b on a.role_id =b.id  WHERE `user_id` = '1' AND `status` = 1  [ RunTime:0.0006s ]
SQL: UPDATE `cmf_users` SET `user_login`='admin',`user_pass`='###e9a6a1b2c468c852c57c0d86674e1f9b',`user_nicename`='admin',`user_email`='1348779449@qq.com',`user_url`='',`avatar`=NULL,`sex`='0',`birthday`='2000-01-01',`signature`=NULL,`last_login_ip`='115.33.36.173',`last_login_time`='2017-06-28 16:46:08',`create_time`='2017-04-17 01:37:17',`user_activation_key`='',`user_status`='1',`score`='0',`user_type`='1',`coin`='0',`mobile`='',`token`='',`ctime`='0',`check`='0' WHERE `id` = '1' [ RunTime:0.0006s ]

[ 2017-06-28T16:46:13+08:00 ] 115.33.36.173 /junwei/index.php?s=/Admin/Question/true
NOTIC: D方法实例化没找到模型类Common\Model\SubjectsModel
NOTIC: D方法实例化没找到模型类Common\Model\ChapterModel
NOTIC: D方法实例化没找到模型类Common\Model\AnswerModel

[ 2017-06-28T16:46:16+08:00 ] 115.33.36.173 /junwei//(null)
ERR: 无法加载控制器:(null)

[ 2017-06-28T16:46:53+08:00 ] 115.33.36.173 /junwei//(null)
ERR: 无法加载控制器:(null)

[ 2017-06-28T16:58:28+08:00 ] 115.33.36.173 /junwei//Uploads/(null)
ERR: 无法加载控制器:Uploads

[ 2017-06-28T17:15:57+08:00 ] 115.33.36.173 /junwei//(null)
ERR: 无法加载控制器:(null)

[ 2017-06-28T17:45:23+08:00 ] 115.33.36.173 /junwei//(null)
ERR: 无法加载控制器:(null)

[ 2017-06-28T18:10:45+08:00 ] 115.33.36.173 /junwei//(null)
ERR: 无法加载控制器:(null)

[ 2017-06-28T20:10:41+08:00 ] 101.38.252.245 /junwei//(null)
ERR: 无法加载控制器:(null)

