[ 2017-07-05T09:08:32+08:00 ] 115.33.36.173 /junwei/index.php?s=/public/dologin
INFO: [ app_begin ] --START--
INFO: Run Behavior\ReadHtmlCacheBehavior [ RunTime:0.000018s ]
INFO: Run Behavior\CheckLangBehavior [ RunTime:0.000069s ]
INFO: Run Common\Behavior\UrldecodeGetBehavior [ RunTime:0.000022s ]
INFO: [ app_begin ] --END-- [ RunTime:0.000149s ]
INFO: [ admin_begin ] --START--
INFO: Run Common\Behavior\AdminDefaultLangBehavior [ RunTime:0.000049s ]
INFO: [ admin_begin ] --END-- [ RunTime:0.000063s ]
SQL: SHOW COLUMNS FROM `cmf_users` [ RunTime:0.0012s ]
SQL: SELECT * FROM `cmf_users` WHERE `user_login` = 'admin' LIMIT 1   [ RunTime:0.0008s ]
SQL: SHOW COLUMNS FROM `cmf_role_user` [ RunTime:0.0007s ]
SQL: SELECT `role_id` FROM cmf_role_user a INNER JOIN cmf_role as b on a.role_id =b.id  WHERE `user_id` = '1' AND `status` = 1  [ RunTime:0.0006s ]
SQL: UPDATE `cmf_users` SET `user_login`='admin',`user_pass`='###e9a6a1b2c468c852c57c0d86674e1f9b',`user_nicename`='admin',`user_email`='1348779449@qq.com',`user_url`='',`avatar`=NULL,`sex`='0',`birthday`='2000-01-01',`signature`=NULL,`last_login_ip`='115.33.36.173',`last_login_time`='2017-07-05 09:08:32',`create_time`='2017-04-17 01:37:17',`user_activation_key`='',`user_status`='1',`score`='0',`user_type`='1',`coin`='0',`mobile`='',`token`='',`ctime`='0',`check`='0' WHERE `id` = '1' [ RunTime:0.0006s ]

[ 2017-07-05T09:38:07+08:00 ] 115.33.36.173 /junwei/index.php?s=/public/dologin
INFO: [ app_begin ] --START--
INFO: Run Behavior\ReadHtmlCacheBehavior [ RunTime:0.000017s ]
INFO: Run Behavior\CheckLangBehavior [ RunTime:0.000076s ]
INFO: Run Common\Behavior\UrldecodeGetBehavior [ RunTime:0.000019s ]
INFO: [ app_begin ] --END-- [ RunTime:0.000152s ]
INFO: [ admin_begin ] --START--
INFO: Run Common\Behavior\AdminDefaultLangBehavior [ RunTime:0.000054s ]
INFO: [ admin_begin ] --END-- [ RunTime:0.000070s ]

[ 2017-07-05T09:38:14+08:00 ] 115.33.36.173 /junwei/index.php?s=/public/dologin
INFO: [ app_begin ] --START--
INFO: Run Behavior\ReadHtmlCacheBehavior [ RunTime:0.000019s ]
INFO: Run Behavior\CheckLangBehavior [ RunTime:0.000110s ]
INFO: Run Common\Behavior\UrldecodeGetBehavior [ RunTime:0.000025s ]
INFO: [ app_begin ] --END-- [ RunTime:0.000199s ]
INFO: [ admin_begin ] --START--
INFO: Run Common\Behavior\AdminDefaultLangBehavior [ RunTime:0.000055s ]
INFO: [ admin_begin ] --END-- [ RunTime:0.000080s ]
SQL: SHOW COLUMNS FROM `cmf_users` [ RunTime:0.0010s ]
SQL: SELECT * FROM `cmf_users` WHERE `user_login` = 'admin' LIMIT 1   [ RunTime:0.0006s ]
SQL: SHOW COLUMNS FROM `cmf_role_user` [ RunTime:0.0007s ]
SQL: SELECT `role_id` FROM cmf_role_user a INNER JOIN cmf_role as b on a.role_id =b.id  WHERE `user_id` = '1' AND `status` = 1  [ RunTime:0.0006s ]
SQL: UPDATE `cmf_users` SET `user_login`='admin',`user_pass`='###e9a6a1b2c468c852c57c0d86674e1f9b',`user_nicename`='admin',`user_email`='1348779449@qq.com',`user_url`='',`avatar`=NULL,`sex`='0',`birthday`='2000-01-01',`signature`=NULL,`last_login_ip`='115.33.36.173',`last_login_time`='2017-07-05 09:38:14',`create_time`='2017-04-17 01:37:17',`user_activation_key`='',`user_status`='1',`score`='0',`user_type`='1',`coin`='0',`mobile`='',`token`='',`ctime`='0',`check`='0' WHERE `id` = '1' [ RunTime:0.0006s ]

[ 2017-07-05T09:42:29+08:00 ] 115.33.36.173 /junwei/index.php?s=/Admin/Types/exclusive
NOTIC: D方法实例化没找到模型类Common\Model\TypesModel
NOTIC: D方法实例化没找到模型类Common\Model\SubjectsModel
NOTIC: D方法实例化没找到模型类Common\Model\ChapterModel

[ 2017-07-05T09:47:55+08:00 ] 115.33.36.173 /junwei//(null)
ERR: 无法加载控制器:(null)

[ 2017-07-05T10:13:02+08:00 ] 115.33.36.173 /junwei/index.php?s=/Admin/Menu/index
NOTIC: D方法实例化没找到模型类Common\Model\AuthRuleModel

[ 2017-07-05T10:13:04+08:00 ] 115.33.36.173 /junwei/index.php?s=/menu/lists
NOTIC: D方法实例化没找到模型类Common\Model\AuthRuleModel

[ 2017-07-05T10:13:12+08:00 ] 115.33.36.173 /junwei/index.php?s=/menu/add
NOTIC: D方法实例化没找到模型类Common\Model\AuthRuleModel

[ 2017-07-05T10:13:15+08:00 ] 115.33.36.173 /junwei/index.php?s=/menu/index
NOTIC: D方法实例化没找到模型类Common\Model\AuthRuleModel

[ 2017-07-05T10:13:15+08:00 ] 115.33.36.173 /junwei/index.php?s=/menu/add
NOTIC: D方法实例化没找到模型类Common\Model\AuthRuleModel

[ 2017-07-05T10:13:17+08:00 ] 115.33.36.173 /junwei/index.php?s=/menu/index
NOTIC: D方法实例化没找到模型类Common\Model\AuthRuleModel

[ 2017-07-05T10:13:23+08:00 ] 115.33.36.173 /junwei/index.php?s=/Menu/add/parentid/192
NOTIC: D方法实例化没找到模型类Common\Model\AuthRuleModel

[ 2017-07-05T11:11:38+08:00 ] 115.33.36.173 /junwei/index.php?s=/Admin/Menu/index
NOTIC: D方法实例化没找到模型类Common\Model\AuthRuleModel

[ 2017-07-05T11:11:55+08:00 ] 115.33.36.173 /junwei/index.php?s=/menu/lists
NOTIC: D方法实例化没找到模型类Common\Model\AuthRuleModel

[ 2017-07-05T11:12:14+08:00 ] 115.33.36.173 /junwei/index.php?s=/menu/edit/id/197
NOTIC: D方法实例化没找到模型类Common\Model\AuthRuleModel

[ 2017-07-05T11:12:41+08:00 ] 115.33.36.173 /junwei/index.php?s=/Menu/add_post
INFO: [ app_begin ] --START--
INFO: Run Behavior\ReadHtmlCacheBehavior [ RunTime:0.000018s ]
INFO: Run Behavior\CheckLangBehavior [ RunTime:0.000082s ]
INFO: Run Common\Behavior\UrldecodeGetBehavior [ RunTime:0.000024s ]
INFO: [ app_begin ] --END-- [ RunTime:0.000162s ]
INFO: [ admin_begin ] --START--
INFO: Run Common\Behavior\AdminDefaultLangBehavior [ RunTime:0.000055s ]
INFO: [ admin_begin ] --END-- [ RunTime:0.000069s ]
SQL: SHOW COLUMNS FROM `cmf_users` [ RunTime:0.0010s ]
SQL: SELECT * FROM `cmf_users` WHERE `id` = '1' LIMIT 1   [ RunTime:0.0006s ]
SQL: SHOW COLUMNS FROM `cmf_menu` [ RunTime:0.0007s ]
NOTIC: D方法实例化没找到模型类Common\Model\AuthRuleModel
SQL: SHOW COLUMNS FROM `cmf_auth_rule` [ RunTime:0.0007s ]
NOTIC: [8] Undefined index: validate /var/www/html/sikao/junwei/simplewind/Core/Library/Think/Model.class.php 第 1185 行.
SQL: SELECT * FROM `cmf_menu` WHERE `app` = 'Admin' AND `model` = 'Question' AND `action` = 'exclusive' LIMIT 1   [ RunTime:0.0006s ]
SQL: SELECT `parentid` FROM `cmf_menu` WHERE `id` = 192 LIMIT 1   [ RunTime:0.0005s ]
NOTIC: [8] Undefined index: auto /var/www/html/sikao/junwei/simplewind/Core/Library/Think/Model.class.php 第 1128 行.
SQL: INSERT INTO `cmf_menu` (`parentid`,`name`,`app`,`model`,`action`,`data`,`icon`,`remark`,`status`,`type`) VALUES ('192','独家密卷','Admin','Question','exclusive','','angle-double-right','','1','1') [ RunTime:0.0006s ]
SQL: SELECT COUNT(*) AS tp_count FROM `cmf_auth_rule` WHERE `name` = 'admin/question/exclusive' LIMIT 1   [ RunTime:0.0006s ]
SQL: INSERT INTO `cmf_auth_rule` (`name`,`module`,`type`,`title`) VALUES ('admin/question/exclusive','Admin','admin_url','独家密卷') [ RunTime:0.0006s ]
SQL: SELECT * FROM `cmf_menu` WHERE `app` = 'Admin' ORDER BY `listorder` ASC,`app` ASC,`model` ASC,`action` ASC  [ RunTime:0.0011s ]
NOTIC: [2] mkdir(): File exists /var/www/html/sikao/junwei/application/Admin/Controller/MenuController.class.php 第 247 行.

[ 2017-07-05T11:12:41+08:00 ] 115.33.36.173 /junwei/index.php?s=/Menu/lists
NOTIC: D方法实例化没找到模型类Common\Model\AuthRuleModel

[ 2017-07-05T11:12:55+08:00 ] 115.33.36.173 /junwei/index.php?s=/menu/index
NOTIC: D方法实例化没找到模型类Common\Model\AuthRuleModel

[ 2017-07-05T11:13:07+08:00 ] 115.33.36.173 /junwei/index.php?s=/Admin/Question/exclusive
NOTIC: D方法实例化没找到模型类Common\Model\SubjectsModel
NOTIC: D方法实例化没找到模型类Common\Model\ChapterModel
NOTIC: D方法实例化没找到模型类Common\Model\AnswerModel
ERR: 模板不存在:admin/themes/simplebootx/Admin/Question/exclusive.html

[ 2017-07-05T11:13:24+08:00 ] 115.33.36.173 /junwei/index.php?s=/Admin/Menu/index
NOTIC: D方法实例化没找到模型类Common\Model\AuthRuleModel

[ 2017-07-05T11:13:27+08:00 ] 115.33.36.173 /junwei/index.php?s=/menu/lists
NOTIC: D方法实例化没找到模型类Common\Model\AuthRuleModel

[ 2017-07-05T11:14:02+08:00 ] 115.33.36.173 /junwei/index.php?s=/menu/delete/id/210
INFO: [ app_begin ] --START--
INFO: Run Behavior\ReadHtmlCacheBehavior [ RunTime:0.000019s ]
INFO: Run Behavior\CheckLangBehavior [ RunTime:0.000090s ]
INFO: Run Common\Behavior\UrldecodeGetBehavior [ RunTime:0.000022s ]
INFO: [ app_begin ] --END-- [ RunTime:0.000169s ]
INFO: [ admin_begin ] --START--
INFO: Run Common\Behavior\AdminDefaultLangBehavior [ RunTime:0.000060s ]
INFO: [ admin_begin ] --END-- [ RunTime:0.000075s ]
SQL: SHOW COLUMNS FROM `cmf_users` [ RunTime:0.0009s ]
SQL: SELECT * FROM `cmf_users` WHERE `id` = '1' LIMIT 1   [ RunTime:0.0006s ]
SQL: SHOW COLUMNS FROM `cmf_menu` [ RunTime:0.0007s ]
NOTIC: D方法实例化没找到模型类Common\Model\AuthRuleModel
SQL: SHOW COLUMNS FROM `cmf_auth_rule` [ RunTime:0.0007s ]
SQL: SELECT COUNT(*) AS tp_count FROM `cmf_menu` WHERE `parentid` = 210 LIMIT 1   [ RunTime:0.0005s ]
SQL: DELETE FROM `cmf_menu` WHERE `id` = 210 [ RunTime:0.0005s ]

[ 2017-07-05T11:14:02+08:00 ] 115.33.36.173 /junwei/index.php?s=/menu/lists
NOTIC: D方法实例化没找到模型类Common\Model\AuthRuleModel

[ 2017-07-05T11:14:26+08:00 ] 115.33.36.173 /junwei/index.php?s=/menu/add
NOTIC: D方法实例化没找到模型类Common\Model\AuthRuleModel

[ 2017-07-05T11:15:21+08:00 ] 115.33.36.173 /junwei/index.php?s=/menu/index
NOTIC: D方法实例化没找到模型类Common\Model\AuthRuleModel

[ 2017-07-05T11:15:21+08:00 ] 115.33.36.173 /junwei/index.php?s=/menu/lists
NOTIC: D方法实例化没找到模型类Common\Model\AuthRuleModel

[ 2017-07-05T11:15:35+08:00 ] 115.33.36.173 /junwei/index.php?s=/menu/edit/id/197
NOTIC: D方法实例化没找到模型类Common\Model\AuthRuleModel

[ 2017-07-05T11:15:45+08:00 ] 115.33.36.173 /junwei/index.php?s=/Menu/add_post
INFO: [ app_begin ] --START--
INFO: Run Behavior\ReadHtmlCacheBehavior [ RunTime:0.000019s ]
INFO: Run Behavior\CheckLangBehavior [ RunTime:0.000115s ]
INFO: Run Common\Behavior\UrldecodeGetBehavior [ RunTime:0.000025s ]
INFO: [ app_begin ] --END-- [ RunTime:0.000203s ]
INFO: [ admin_begin ] --START--
INFO: Run Common\Behavior\AdminDefaultLangBehavior [ RunTime:0.000055s ]
INFO: [ admin_begin ] --END-- [ RunTime:0.000068s ]
SQL: SHOW COLUMNS FROM `cmf_users` [ RunTime:0.0010s ]
SQL: SELECT * FROM `cmf_users` WHERE `id` = '1' LIMIT 1   [ RunTime:0.0007s ]
SQL: SHOW COLUMNS FROM `cmf_menu` [ RunTime:0.0008s ]
NOTIC: D方法实例化没找到模型类Common\Model\AuthRuleModel
SQL: SHOW COLUMNS FROM `cmf_auth_rule` [ RunTime:0.0008s ]
NOTIC: [8] Undefined index: validate /var/www/html/sikao/junwei/simplewind/Core/Library/Think/Model.class.php 第 1185 行.
SQL: SELECT * FROM `cmf_menu` WHERE `app` = 'Admin' AND `model` = 'Question' AND `action` = 'exclusive' LIMIT 1   [ RunTime:0.0007s ]
SQL: SELECT `parentid` FROM `cmf_menu` WHERE `id` = 193 LIMIT 1   [ RunTime:0.0006s ]
SQL: SELECT `parentid` FROM `cmf_menu` WHERE `id` = 192 LIMIT 1   [ RunTime:0.0006s ]
NOTIC: [8] Undefined index: auto /var/www/html/sikao/junwei/simplewind/Core/Library/Think/Model.class.php 第 1128 行.
SQL: INSERT INTO `cmf_menu` (`parentid`,`name`,`app`,`model`,`action`,`data`,`icon`,`remark`,`status`,`type`) VALUES ('193','独家密卷','Admin','Question','exclusive','','angle-double-right','','1','1') [ RunTime:0.0006s ]
SQL: SELECT COUNT(*) AS tp_count FROM `cmf_auth_rule` WHERE `name` = 'admin/question/exclusive' LIMIT 1   [ RunTime:0.0006s ]
SQL: SELECT * FROM `cmf_menu` WHERE `app` = 'Admin' ORDER BY `listorder` ASC,`app` ASC,`model` ASC,`action` ASC  [ RunTime:0.0010s ]
NOTIC: [2] mkdir(): File exists /var/www/html/sikao/junwei/application/Admin/Controller/MenuController.class.php 第 247 行.

[ 2017-07-05T11:15:45+08:00 ] 115.33.36.173 /junwei/index.php?s=/Menu/lists
NOTIC: D方法实例化没找到模型类Common\Model\AuthRuleModel

[ 2017-07-05T11:15:53+08:00 ] 115.33.36.173 /junwei/index.php?s=/Admin/Question/exclusive
NOTIC: D方法实例化没找到模型类Common\Model\SubjectsModel
NOTIC: D方法实例化没找到模型类Common\Model\ChapterModel
NOTIC: D方法实例化没找到模型类Common\Model\AnswerModel
ERR: 模板不存在:admin/themes/simplebootx/Admin/Question/exclusive.html

[ 2017-07-05T14:52:58+08:00 ] 115.33.36.173 /junwei/index.php?s=/public/dologin
INFO: [ app_begin ] --START--
INFO: Run Behavior\ReadHtmlCacheBehavior [ RunTime:0.000021s ]
INFO: Run Behavior\CheckLangBehavior [ RunTime:0.000080s ]
INFO: Run Common\Behavior\UrldecodeGetBehavior [ RunTime:0.000025s ]
INFO: [ app_begin ] --END-- [ RunTime:0.000171s ]
INFO: [ admin_begin ] --START--
INFO: Run Common\Behavior\AdminDefaultLangBehavior [ RunTime:0.000054s ]
INFO: [ admin_begin ] --END-- [ RunTime:0.000068s ]
SQL: SHOW COLUMNS FROM `cmf_users` [ RunTime:0.0009s ]
SQL: SELECT * FROM `cmf_users` WHERE `user_login` = 'admin' LIMIT 1   [ RunTime:0.0006s ]
SQL: SHOW COLUMNS FROM `cmf_role_user` [ RunTime:0.0006s ]
SQL: SELECT `role_id` FROM cmf_role_user a INNER JOIN cmf_role as b on a.role_id =b.id  WHERE `user_id` = '1' AND `status` = 1  [ RunTime:0.0005s ]
SQL: UPDATE `cmf_users` SET `user_login`='admin',`user_pass`='###e9a6a1b2c468c852c57c0d86674e1f9b',`user_nicename`='admin',`user_email`='1348779449@qq.com',`user_url`='',`avatar`=NULL,`sex`='0',`birthday`='2000-01-01',`signature`=NULL,`last_login_ip`='115.33.36.173',`last_login_time`='2017-07-05 14:52:58',`create_time`='2017-04-17 01:37:17',`user_activation_key`='',`user_status`='1',`score`='0',`user_type`='1',`coin`='0',`mobile`='',`token`='',`ctime`='0',`check`='0' WHERE `id` = '1' [ RunTime:0.0006s ]

[ 2017-07-05T14:58:00+08:00 ] 115.33.36.173 /junwei/index.php?s=/Admin/Question/itembank
NOTIC: D方法实例化没找到模型类Common\Model\SubjectsModel
NOTIC: D方法实例化没找到模型类Common\Model\ChapterModel
NOTIC: D方法实例化没找到模型类Common\Model\AnswerModel

[ 2017-07-05T14:58:05+08:00 ] 115.33.36.173 /junwei/index.php?s=/Admin/Question/true
NOTIC: D方法实例化没找到模型类Common\Model\SubjectsModel
NOTIC: D方法实例化没找到模型类Common\Model\ChapterModel
NOTIC: D方法实例化没找到模型类Common\Model\AnswerModel

[ 2017-07-05T14:58:09+08:00 ] 115.33.36.173 /junwei/index.php?s=/Question/truesubjectivelist
NOTIC: D方法实例化没找到模型类Common\Model\SubjectsModel
NOTIC: D方法实例化没找到模型类Common\Model\ChapterModel
NOTIC: D方法实例化没找到模型类Common\Model\AnswerModel

[ 2017-07-05T14:58:18+08:00 ] 115.33.36.173 /junwei/index.php?s=/Question/true
NOTIC: D方法实例化没找到模型类Common\Model\SubjectsModel
NOTIC: D方法实例化没找到模型类Common\Model\ChapterModel
NOTIC: D方法实例化没找到模型类Common\Model\AnswerModel

[ 2017-07-05T14:58:20+08:00 ] 115.33.36.173 /junwei/index.php?s=/Question/trueadd
NOTIC: D方法实例化没找到模型类Common\Model\SubjectsModel
NOTIC: D方法实例化没找到模型类Common\Model\ChapterModel
NOTIC: D方法实例化没找到模型类Common\Model\AnswerModel

[ 2017-07-05T14:58:24+08:00 ] 115.33.36.173 /junwei/index.php?s=/Question/true
NOTIC: D方法实例化没找到模型类Common\Model\SubjectsModel
NOTIC: D方法实例化没找到模型类Common\Model\ChapterModel
NOTIC: D方法实例化没找到模型类Common\Model\AnswerModel

[ 2017-07-05T14:58:28+08:00 ] 115.33.36.173 /junwei/index.php?s=/Question/truesubjectivelist
NOTIC: D方法实例化没找到模型类Common\Model\SubjectsModel
NOTIC: D方法实例化没找到模型类Common\Model\ChapterModel
NOTIC: D方法实例化没找到模型类Common\Model\AnswerModel

[ 2017-07-05T15:11:54+08:00 ] 115.33.36.173 /junwei/index.php?s=/Question/truesubjectiveedit/sub_id/2
NOTIC: D方法实例化没找到模型类Common\Model\SubjectsModel
NOTIC: D方法实例化没找到模型类Common\Model\ChapterModel
NOTIC: D方法实例化没找到模型类Common\Model\AnswerModel

[ 2017-07-05T15:27:01+08:00 ] 115.33.36.173 /junwei/index.php?s=/Admin/Question/itembank
NOTIC: D方法实例化没找到模型类Common\Model\SubjectsModel
NOTIC: D方法实例化没找到模型类Common\Model\ChapterModel
NOTIC: D方法实例化没找到模型类Common\Model\AnswerModel

[ 2017-07-05T15:27:04+08:00 ] 115.33.36.173 /junwei/index.php?s=/Admin/Question/true
NOTIC: D方法实例化没找到模型类Common\Model\SubjectsModel
NOTIC: D方法实例化没找到模型类Common\Model\ChapterModel
NOTIC: D方法实例化没找到模型类Common\Model\AnswerModel

[ 2017-07-05T15:27:07+08:00 ] 115.33.36.173 /junwei/index.php?s=/Admin/Question/true
NOTIC: D方法实例化没找到模型类Common\Model\SubjectsModel
NOTIC: D方法实例化没找到模型类Common\Model\ChapterModel
NOTIC: D方法实例化没找到模型类Common\Model\AnswerModel

[ 2017-07-05T15:27:07+08:00 ] 115.33.36.173 /junwei/index.php?s=/Admin/Question/itembank
NOTIC: D方法实例化没找到模型类Common\Model\SubjectsModel
NOTIC: D方法实例化没找到模型类Common\Model\ChapterModel
NOTIC: D方法实例化没找到模型类Common\Model\AnswerModel

[ 2017-07-05T15:27:09+08:00 ] 115.33.36.173 /junwei/index.php?s=/Admin/Question/true
NOTIC: D方法实例化没找到模型类Common\Model\SubjectsModel
NOTIC: D方法实例化没找到模型类Common\Model\ChapterModel
NOTIC: D方法实例化没找到模型类Common\Model\AnswerModel

[ 2017-07-05T15:27:10+08:00 ] 115.33.36.173 /junwei/index.php?s=/Admin/Question/itembank
NOTIC: D方法实例化没找到模型类Common\Model\SubjectsModel
NOTIC: D方法实例化没找到模型类Common\Model\ChapterModel
NOTIC: D方法实例化没找到模型类Common\Model\AnswerModel

[ 2017-07-05T15:27:14+08:00 ] 115.33.36.173 /junwei/index.php?s=/Admin/Question/true
NOTIC: D方法实例化没找到模型类Common\Model\SubjectsModel
NOTIC: D方法实例化没找到模型类Common\Model\ChapterModel
NOTIC: D方法实例化没找到模型类Common\Model\AnswerModel

[ 2017-07-05T15:27:14+08:00 ] 115.33.36.173 /junwei/index.php?s=/Admin/Question/itembank
NOTIC: D方法实例化没找到模型类Common\Model\SubjectsModel
NOTIC: D方法实例化没找到模型类Common\Model\ChapterModel
NOTIC: D方法实例化没找到模型类Common\Model\AnswerModel

[ 2017-07-05T15:45:21+08:00 ] 115.33.36.173 /junwei/index.php?s=/Admin/Question/exclusive
NOTIC: D方法实例化没找到模型类Common\Model\SubjectsModel
NOTIC: D方法实例化没找到模型类Common\Model\ChapterModel
NOTIC: D方法实例化没找到模型类Common\Model\AnswerModel

[ 2017-07-05T15:47:34+08:00 ] 115.33.36.173 /junwei/index.php?s=/Admin/Question/exclusive
NOTIC: D方法实例化没找到模型类Common\Model\SubjectsModel
NOTIC: D方法实例化没找到模型类Common\Model\ChapterModel
NOTIC: D方法实例化没找到模型类Common\Model\AnswerModel

[ 2017-07-05T15:47:41+08:00 ] 115.33.36.173 /junwei/index.php?s=/Question/itembankadd
NOTIC: D方法实例化没找到模型类Common\Model\SubjectsModel
NOTIC: D方法实例化没找到模型类Common\Model\ChapterModel
NOTIC: D方法实例化没找到模型类Common\Model\AnswerModel

[ 2017-07-05T15:47:43+08:00 ] 115.33.36.173 /junwei/index.php?s=/Question/itembank
NOTIC: D方法实例化没找到模型类Common\Model\SubjectsModel
NOTIC: D方法实例化没找到模型类Common\Model\ChapterModel
NOTIC: D方法实例化没找到模型类Common\Model\AnswerModel

[ 2017-07-05T15:47:55+08:00 ] 115.33.36.173 /junwei/index.php?s=/Admin/Question/exclusive
NOTIC: D方法实例化没找到模型类Common\Model\SubjectsModel
NOTIC: D方法实例化没找到模型类Common\Model\ChapterModel
NOTIC: D方法实例化没找到模型类Common\Model\AnswerModel

[ 2017-07-05T15:50:38+08:00 ] 115.33.36.173 /junwei/index.php?s=/Question/itembankadd
NOTIC: D方法实例化没找到模型类Common\Model\SubjectsModel
NOTIC: D方法实例化没找到模型类Common\Model\ChapterModel
NOTIC: D方法实例化没找到模型类Common\Model\AnswerModel

[ 2017-07-05T15:50:44+08:00 ] 115.33.36.173 /junwei/index.php?s=/Question/itembank
NOTIC: D方法实例化没找到模型类Common\Model\SubjectsModel
NOTIC: D方法实例化没找到模型类Common\Model\ChapterModel
NOTIC: D方法实例化没找到模型类Common\Model\AnswerModel

[ 2017-07-05T15:50:52+08:00 ] 115.33.36.173 /junwei/index.php?s=/public/dologin
INFO: [ app_begin ] --START--
INFO: Run Behavior\ReadHtmlCacheBehavior [ RunTime:0.000021s ]
INFO: Run Behavior\CheckLangBehavior [ RunTime:0.000087s ]
INFO: Run Common\Behavior\UrldecodeGetBehavior [ RunTime:0.000026s ]
INFO: [ app_begin ] --END-- [ RunTime:0.000178s ]
INFO: [ admin_begin ] --START--
INFO: Run Common\Behavior\AdminDefaultLangBehavior [ RunTime:0.000057s ]
INFO: [ admin_begin ] --END-- [ RunTime:0.000072s ]
SQL: SHOW COLUMNS FROM `cmf_users` [ RunTime:0.0011s ]
SQL: SELECT * FROM `cmf_users` WHERE `user_login` = 'admin' LIMIT 1   [ RunTime:0.0007s ]
SQL: SHOW COLUMNS FROM `cmf_role_user` [ RunTime:0.0008s ]
SQL: SELECT `role_id` FROM cmf_role_user a INNER JOIN cmf_role as b on a.role_id =b.id  WHERE `user_id` = '1' AND `status` = 1  [ RunTime:0.0007s ]
SQL: UPDATE `cmf_users` SET `user_login`='admin',`user_pass`='###e9a6a1b2c468c852c57c0d86674e1f9b',`user_nicename`='admin',`user_email`='1348779449@qq.com',`user_url`='',`avatar`=NULL,`sex`='0',`birthday`='2000-01-01',`signature`=NULL,`last_login_ip`='115.33.36.173',`last_login_time`='2017-07-05 15:50:52',`create_time`='2017-04-17 01:37:17',`user_activation_key`='',`user_status`='1',`score`='0',`user_type`='1',`coin`='0',`mobile`='',`token`='',`ctime`='0',`check`='0' WHERE `id` = '1' [ RunTime:0.0007s ]

[ 2017-07-05T15:51:10+08:00 ] 115.33.36.173 /junwei/index.php?s=/Admin/Menu/index
NOTIC: D方法实例化没找到模型类Common\Model\AuthRuleModel

[ 2017-07-05T15:51:22+08:00 ] 115.33.36.173 /junwei/index.php?s=/Admin/Question/true
NOTIC: D方法实例化没找到模型类Common\Model\SubjectsModel
NOTIC: D方法实例化没找到模型类Common\Model\ChapterModel
NOTIC: D方法实例化没找到模型类Common\Model\AnswerModel

[ 2017-07-05T15:51:25+08:00 ] 115.33.36.173 /junwei/index.php?s=/Admin/Question/itembank
NOTIC: D方法实例化没找到模型类Common\Model\SubjectsModel
NOTIC: D方法实例化没找到模型类Common\Model\ChapterModel
NOTIC: D方法实例化没找到模型类Common\Model\AnswerModel

[ 2017-07-05T15:51:32+08:00 ] 115.33.36.173 /junwei/Question/itembankedit?item_id=3654
NOTIC: D方法实例化没找到模型类Common\Model\SubjectsModel
NOTIC: D方法实例化没找到模型类Common\Model\ChapterModel
NOTIC: D方法实例化没找到模型类Common\Model\AnswerModel

[ 2017-07-05T15:52:45+08:00 ] 115.33.36.173 /junwei/index.php?s=/Admin/Question/true
NOTIC: D方法实例化没找到模型类Common\Model\SubjectsModel
NOTIC: D方法实例化没找到模型类Common\Model\ChapterModel
NOTIC: D方法实例化没找到模型类Common\Model\AnswerModel

[ 2017-07-05T15:52:55+08:00 ] 115.33.36.173 /junwei/Question/trueedit?item_id=3778
NOTIC: D方法实例化没找到模型类Common\Model\SubjectsModel
NOTIC: D方法实例化没找到模型类Common\Model\ChapterModel
NOTIC: D方法实例化没找到模型类Common\Model\AnswerModel

[ 2017-07-05T15:53:07+08:00 ] 115.33.36.173 /junwei/index.php?s=/Admin/Question/exclusive
NOTIC: D方法实例化没找到模型类Common\Model\SubjectsModel
NOTIC: D方法实例化没找到模型类Common\Model\ChapterModel
NOTIC: D方法实例化没找到模型类Common\Model\AnswerModel

[ 2017-07-05T15:55:22+08:00 ] 115.33.36.173 /junwei/index.php?s=/Question/itembankdelete
INFO: [ app_begin ] --START--
INFO: Run Behavior\ReadHtmlCacheBehavior [ RunTime:0.000023s ]
INFO: Run Behavior\CheckLangBehavior [ RunTime:0.000088s ]
INFO: Run Common\Behavior\UrldecodeGetBehavior [ RunTime:0.000034s ]
INFO: [ app_begin ] --END-- [ RunTime:0.000194s ]
INFO: [ admin_begin ] --START--
INFO: Run Common\Behavior\AdminDefaultLangBehavior [ RunTime:0.000056s ]
INFO: [ admin_begin ] --END-- [ RunTime:0.000072s ]
SQL: SHOW COLUMNS FROM `cmf_users` [ RunTime:0.0009s ]
SQL: SELECT * FROM `cmf_users` WHERE `id` = '1' LIMIT 1   [ RunTime:0.0006s ]
SQL: SHOW COLUMNS FROM `cmf_itembank` [ RunTime:0.0007s ]
NOTIC: D方法实例化没找到模型类Common\Model\SubjectsModel
SQL: SHOW COLUMNS FROM `cmf_subjects` [ RunTime:0.0006s ]
NOTIC: D方法实例化没找到模型类Common\Model\ChapterModel
SQL: SHOW COLUMNS FROM `cmf_chapter` [ RunTime:0.0007s ]
SQL: SHOW COLUMNS FROM `cmf_option` [ RunTime:0.0006s ]
NOTIC: D方法实例化没找到模型类Common\Model\AnswerModel
SQL: SHOW COLUMNS FROM `cmf_answer` [ RunTime:0.0006s ]
ERR: 1064:You have an error in your SQL syntax; check the manual that corresponds to your MariaDB server version for the right syntax to use near ') )' at line 1
 [ SQL语句 ] : DELETE FROM `cmf_itembank` WHERE ( item_id in () )
ERR: 1064:You have an error in your SQL syntax; check the manual that corresponds to your MariaDB server version for the right syntax to use near ') )' at line 1
 [ SQL语句 ] : DELETE FROM `cmf_itembank` WHERE ( item_id in () )

[ 2017-07-05T15:55:26+08:00 ] 115.33.36.173 /junwei/index.php?s=/Admin/Question/exclusive
NOTIC: D方法实例化没找到模型类Common\Model\SubjectsModel
NOTIC: D方法实例化没找到模型类Common\Model\ChapterModel
NOTIC: D方法实例化没找到模型类Common\Model\AnswerModel

[ 2017-07-05T16:03:37+08:00 ] 115.33.36.173 /junwei/index.php?s=/Question/itembankadd
NOTIC: D方法实例化没找到模型类Common\Model\SubjectsModel
NOTIC: D方法实例化没找到模型类Common\Model\ChapterModel
NOTIC: D方法实例化没找到模型类Common\Model\AnswerModel

[ 2017-07-05T16:03:38+08:00 ] 115.33.36.173 /junwei/index.php?s=/Question/itembank
NOTIC: D方法实例化没找到模型类Common\Model\SubjectsModel
NOTIC: D方法实例化没找到模型类Common\Model\ChapterModel
NOTIC: D方法实例化没找到模型类Common\Model\AnswerModel

[ 2017-07-05T16:06:28+08:00 ] 115.33.36.173 /junwei/index.php?s=/Admin/Question/exclusive
NOTIC: D方法实例化没找到模型类Common\Model\SubjectsModel
NOTIC: D方法实例化没找到模型类Common\Model\ChapterModel
NOTIC: D方法实例化没找到模型类Common\Model\AnswerModel

[ 2017-07-05T16:06:30+08:00 ] 115.33.36.173 /junwei/index.php?s=/Question/exclusive
NOTIC: D方法实例化没找到模型类Common\Model\SubjectsModel
NOTIC: D方法实例化没找到模型类Common\Model\ChapterModel
NOTIC: D方法实例化没找到模型类Common\Model\AnswerModel

[ 2017-07-05T16:06:31+08:00 ] 115.33.36.173 /junwei/index.php?s=/Question/exclusiveadd
NOTIC: D方法实例化没找到模型类Common\Model\SubjectsModel
NOTIC: D方法实例化没找到模型类Common\Model\ChapterModel
NOTIC: D方法实例化没找到模型类Common\Model\AnswerModel

[ 2017-07-05T16:06:34+08:00 ] 115.33.36.173 /junwei/index.php?s=/Question/exclusive
NOTIC: D方法实例化没找到模型类Common\Model\SubjectsModel
NOTIC: D方法实例化没找到模型类Common\Model\ChapterModel
NOTIC: D方法实例化没找到模型类Common\Model\AnswerModel

[ 2017-07-05T16:07:48+08:00 ] 115.33.36.173 /junwei/index.php?s=/Question/itembankdelete
INFO: [ app_begin ] --START--
INFO: Run Behavior\ReadHtmlCacheBehavior [ RunTime:0.000021s ]
INFO: Run Behavior\CheckLangBehavior [ RunTime:0.000089s ]
INFO: Run Common\Behavior\UrldecodeGetBehavior [ RunTime:0.000024s ]
INFO: [ app_begin ] --END-- [ RunTime:0.000177s ]
INFO: [ admin_begin ] --START--
INFO: Run Common\Behavior\AdminDefaultLangBehavior [ RunTime:0.000054s ]
INFO: [ admin_begin ] --END-- [ RunTime:0.000068s ]
SQL: SHOW COLUMNS FROM `cmf_users` [ RunTime:0.0010s ]
SQL: SELECT * FROM `cmf_users` WHERE `id` = '1' LIMIT 1   [ RunTime:0.0006s ]
SQL: SHOW COLUMNS FROM `cmf_itembank` [ RunTime:0.0008s ]
NOTIC: D方法实例化没找到模型类Common\Model\SubjectsModel
SQL: SHOW COLUMNS FROM `cmf_subjects` [ RunTime:0.0007s ]
NOTIC: D方法实例化没找到模型类Common\Model\ChapterModel
SQL: SHOW COLUMNS FROM `cmf_chapter` [ RunTime:0.0007s ]
SQL: SHOW COLUMNS FROM `cmf_option` [ RunTime:0.0007s ]
NOTIC: D方法实例化没找到模型类Common\Model\AnswerModel
SQL: SHOW COLUMNS FROM `cmf_answer` [ RunTime:0.0007s ]
INFO: [ app_end ] --START--
INFO: Run Behavior\ShowPageTraceBehavior [ RunTime:0.000036s ]
INFO: [ app_end ] --END-- [ RunTime:0.000051s ]

[ 2017-07-05T16:07:50+08:00 ] 115.33.36.173 /junwei/index.php?s=/Question/itembankedit
NOTIC: D方法实例化没找到模型类Common\Model\SubjectsModel
NOTIC: D方法实例化没找到模型类Common\Model\ChapterModel
NOTIC: D方法实例化没找到模型类Common\Model\AnswerModel

[ 2017-07-05T16:50:18+08:00 ] 115.33.36.173 /junwei/index.php?s=/Admin/Order/show
ERR: 1054:Unknown column 'b.user_nicename' in 'field list'
 [ SQL语句 ] : SELECT a.id,b.user_nicename,b.course_name,a.total_amount,a.pay_ways,a.pay_time,a.pay_status FROM cmf_order as a INNER JOIN cmf_course as b ON a.course_id = b.id INNER JOIN cmf_users as c ON a.uid = c.id  ORDER BY a.id DESC LIMIT 0,20  

[ 2017-07-05T16:55:01+08:00 ] 115.33.36.173 /junwei/index.php?s=/public/dologin
INFO: [ app_begin ] --START--
INFO: Run Behavior\ReadHtmlCacheBehavior [ RunTime:0.000017s ]
INFO: Run Behavior\CheckLangBehavior [ RunTime:0.000067s ]
INFO: Run Common\Behavior\UrldecodeGetBehavior [ RunTime:0.000021s ]
INFO: [ app_begin ] --END-- [ RunTime:0.000144s ]
INFO: [ admin_begin ] --START--
INFO: Run Common\Behavior\AdminDefaultLangBehavior [ RunTime:0.000048s ]
INFO: [ admin_begin ] --END-- [ RunTime:0.000061s ]
SQL: SHOW COLUMNS FROM `cmf_users` [ RunTime:0.0010s ]
SQL: SELECT * FROM `cmf_users` WHERE `user_login` = 'admin' LIMIT 1   [ RunTime:0.0007s ]
SQL: SHOW COLUMNS FROM `cmf_role_user` [ RunTime:0.0010s ]
SQL: SELECT `role_id` FROM cmf_role_user a INNER JOIN cmf_role as b on a.role_id =b.id  WHERE `user_id` = '1' AND `status` = 1  [ RunTime:0.0007s ]
SQL: UPDATE `cmf_users` SET `user_login`='admin',`user_pass`='###e9a6a1b2c468c852c57c0d86674e1f9b',`user_nicename`='admin',`user_email`='1348779449@qq.com',`user_url`='',`avatar`=NULL,`sex`='0',`birthday`='2000-01-01',`signature`=NULL,`last_login_ip`='115.33.36.173',`last_login_time`='2017-07-05 16:55:01',`create_time`='2017-04-17 01:37:17',`user_activation_key`='',`user_status`='1',`score`='0',`user_type`='1',`coin`='0',`mobile`='',`token`='',`ctime`='0',`check`='0' WHERE `id` = '1' [ RunTime:0.0007s ]

[ 2017-07-05T17:23:12+08:00 ] 115.33.36.173 /junwei/index.php?s=/Admin/Question/itembank
NOTIC: D方法实例化没找到模型类Common\Model\SubjectsModel
NOTIC: D方法实例化没找到模型类Common\Model\ChapterModel
NOTIC: D方法实例化没找到模型类Common\Model\AnswerModel

[ 2017-07-05T17:34:26+08:00 ] 115.33.36.173 /junwei/index.php?s=/Admin/Question/exclusive
NOTIC: D方法实例化没找到模型类Common\Model\SubjectsModel
NOTIC: D方法实例化没找到模型类Common\Model\ChapterModel
NOTIC: D方法实例化没找到模型类Common\Model\AnswerModel

[ 2017-07-05T17:34:27+08:00 ] 115.33.36.173 /junwei/index.php?s=/Question/exclusiveadd
NOTIC: D方法实例化没找到模型类Common\Model\SubjectsModel
NOTIC: D方法实例化没找到模型类Common\Model\ChapterModel
NOTIC: D方法实例化没找到模型类Common\Model\AnswerModel

[ 2017-07-05T17:38:04+08:00 ] 115.33.36.173 /junwei/index.php?s=/Admin/Question/exclusive
NOTIC: D方法实例化没找到模型类Common\Model\SubjectsModel
NOTIC: D方法实例化没找到模型类Common\Model\ChapterModel
NOTIC: D方法实例化没找到模型类Common\Model\AnswerModel

[ 2017-07-05T17:38:06+08:00 ] 115.33.36.173 /junwei/index.php?s=/Question/exclusiveadd
NOTIC: D方法实例化没找到模型类Common\Model\SubjectsModel
NOTIC: D方法实例化没找到模型类Common\Model\ChapterModel
NOTIC: D方法实例化没找到模型类Common\Model\AnswerModel

[ 2017-07-05T17:40:08+08:00 ] 115.33.36.173 /junwei/index.php?s=/Admin/Question/exclusive
NOTIC: D方法实例化没找到模型类Common\Model\SubjectsModel
NOTIC: D方法实例化没找到模型类Common\Model\ChapterModel
NOTIC: D方法实例化没找到模型类Common\Model\AnswerModel

[ 2017-07-05T17:41:18+08:00 ] 115.33.36.173 /junwei/index.php?s=/Admin/Question/exclusive
NOTIC: D方法实例化没找到模型类Common\Model\SubjectsModel
NOTIC: D方法实例化没找到模型类Common\Model\ChapterModel
NOTIC: D方法实例化没找到模型类Common\Model\AnswerModel

[ 2017-07-05T17:41:20+08:00 ] 115.33.36.173 /junwei/index.php?s=/Admin/Question/exclusive
NOTIC: D方法实例化没找到模型类Common\Model\SubjectsModel
NOTIC: D方法实例化没找到模型类Common\Model\ChapterModel
NOTIC: D方法实例化没找到模型类Common\Model\AnswerModel

[ 2017-07-05T17:41:22+08:00 ] 115.33.36.173 /junwei/index.php?s=/Question/exclusiveadd
NOTIC: D方法实例化没找到模型类Common\Model\SubjectsModel
NOTIC: D方法实例化没找到模型类Common\Model\ChapterModel
NOTIC: D方法实例化没找到模型类Common\Model\AnswerModel

[ 2017-07-05T17:42:38+08:00 ] 115.33.36.173 /junwei/index.php?s=/Admin/Question/exclusive
NOTIC: D方法实例化没找到模型类Common\Model\SubjectsModel
NOTIC: D方法实例化没找到模型类Common\Model\ChapterModel
NOTIC: D方法实例化没找到模型类Common\Model\AnswerModel

[ 2017-07-05T17:42:39+08:00 ] 115.33.36.173 /junwei/index.php?s=/Question/exclusiveadd
NOTIC: D方法实例化没找到模型类Common\Model\SubjectsModel
NOTIC: D方法实例化没找到模型类Common\Model\ChapterModel
NOTIC: D方法实例化没找到模型类Common\Model\AnswerModel

[ 2017-07-05T17:46:05+08:00 ] 115.33.36.173 /junwei/index.php?s=/Admin/Question/exclusive
NOTIC: D方法实例化没找到模型类Common\Model\SubjectsModel
NOTIC: D方法实例化没找到模型类Common\Model\ChapterModel
NOTIC: D方法实例化没找到模型类Common\Model\AnswerModel

[ 2017-07-05T17:46:06+08:00 ] 115.33.36.173 /junwei/index.php?s=/Question/exclusiveadd
NOTIC: D方法实例化没找到模型类Common\Model\SubjectsModel
NOTIC: D方法实例化没找到模型类Common\Model\ChapterModel
NOTIC: D方法实例化没找到模型类Common\Model\AnswerModel

[ 2017-07-05T18:31:55+08:00 ] 115.33.36.173 /junwei/index.php?s=/Admin/Question/exclusive
NOTIC: D方法实例化没找到模型类Common\Model\SubjectsModel
NOTIC: D方法实例化没找到模型类Common\Model\ChapterModel
NOTIC: D方法实例化没找到模型类Common\Model\AnswerModel

[ 2017-07-05T18:31:58+08:00 ] 115.33.36.173 /junwei/index.php?s=/Question/exclusiveadd
NOTIC: D方法实例化没找到模型类Common\Model\SubjectsModel
NOTIC: D方法实例化没找到模型类Common\Model\ChapterModel
NOTIC: D方法实例化没找到模型类Common\Model\AnswerModel

[ 2017-07-05T18:46:58+08:00 ] 115.33.36.173 /junwei/index.php?s=/Admin/Question/exclusive
NOTIC: D方法实例化没找到模型类Common\Model\SubjectsModel
NOTIC: D方法实例化没找到模型类Common\Model\ChapterModel
NOTIC: D方法实例化没找到模型类Common\Model\AnswerModel

[ 2017-07-05T18:46:59+08:00 ] 115.33.36.173 /junwei/index.php?s=/Question/exclusiveadd
NOTIC: D方法实例化没找到模型类Common\Model\SubjectsModel
NOTIC: D方法实例化没找到模型类Common\Model\ChapterModel
NOTIC: D方法实例化没找到模型类Common\Model\AnswerModel

[ 2017-07-05T18:47:35+08:00 ] 115.33.36.173 /junwei/index.php?s=/Question/exclusiveadd_post
NOTIC: D方法实例化没找到模型类Common\Model\SubjectsModel
NOTIC: D方法实例化没找到模型类Common\Model\ChapterModel
NOTIC: D方法实例化没找到模型类Common\Model\AnswerModel

[ 2017-07-05T18:47:37+08:00 ] 115.33.36.173 /junwei/index.php?s=/Question/exclusive
NOTIC: D方法实例化没找到模型类Common\Model\SubjectsModel
NOTIC: D方法实例化没找到模型类Common\Model\ChapterModel
NOTIC: D方法实例化没找到模型类Common\Model\AnswerModel

[ 2017-07-05T18:47:40+08:00 ] 115.33.36.173 /junwei/index.php?s=/Question/exclusive
NOTIC: D方法实例化没找到模型类Common\Model\SubjectsModel
NOTIC: D方法实例化没找到模型类Common\Model\ChapterModel
NOTIC: D方法实例化没找到模型类Common\Model\AnswerModel

[ 2017-07-05T19:10:46+08:00 ] 115.33.36.173 /junwei/index.php?s=/Admin/Question/exclusive
NOTIC: D方法实例化没找到模型类Common\Model\SubjectsModel
NOTIC: D方法实例化没找到模型类Common\Model\ChapterModel
NOTIC: D方法实例化没找到模型类Common\Model\AnswerModel

[ 2017-07-05T19:11:05+08:00 ] 115.33.36.173 /junwei/index.php?s=/Admin/Question/exclusive
NOTIC: D方法实例化没找到模型类Common\Model\SubjectsModel
NOTIC: D方法实例化没找到模型类Common\Model\ChapterModel
NOTIC: D方法实例化没找到模型类Common\Model\AnswerModel

[ 2017-07-05T19:11:33+08:00 ] 115.33.36.173 /junwei/index.php?s=/Admin/Question/exclusive
NOTIC: D方法实例化没找到模型类Common\Model\SubjectsModel
NOTIC: D方法实例化没找到模型类Common\Model\ChapterModel
NOTIC: D方法实例化没找到模型类Common\Model\AnswerModel

[ 2017-07-05T19:19:23+08:00 ] 115.33.36.173 /junwei/index.php?s=/Question/exclusiveadd
NOTIC: D方法实例化没找到模型类Common\Model\SubjectsModel
NOTIC: D方法实例化没找到模型类Common\Model\ChapterModel
NOTIC: D方法实例化没找到模型类Common\Model\AnswerModel

[ 2017-07-05T19:19:49+08:00 ] 115.33.36.173 /junwei/index.php?s=/Question/exclusiveadd_post
NOTIC: D方法实例化没找到模型类Common\Model\SubjectsModel
NOTIC: D方法实例化没找到模型类Common\Model\ChapterModel
NOTIC: D方法实例化没找到模型类Common\Model\AnswerModel

[ 2017-07-05T19:19:50+08:00 ] 115.33.36.173 /junwei/index.php?s=/Question/exclusive
NOTIC: D方法实例化没找到模型类Common\Model\SubjectsModel
NOTIC: D方法实例化没找到模型类Common\Model\ChapterModel
NOTIC: D方法实例化没找到模型类Common\Model\AnswerModel

[ 2017-07-05T19:47:09+08:00 ] 115.33.36.173 /junwei/index.php?s=/Admin/Question/exclusive
NOTIC: D方法实例化没找到模型类Common\Model\SubjectsModel
NOTIC: D方法实例化没找到模型类Common\Model\ChapterModel
NOTIC: D方法实例化没找到模型类Common\Model\AnswerModel

[ 2017-07-05T19:47:21+08:00 ] 115.33.36.173 /junwei/index.php?s=/Question/exclusivedelete/item_id/4019
INFO: [ app_begin ] --START--
INFO: Run Behavior\ReadHtmlCacheBehavior [ RunTime:0.000020s ]
INFO: Run Behavior\CheckLangBehavior [ RunTime:0.000090s ]
INFO: Run Common\Behavior\UrldecodeGetBehavior [ RunTime:0.000026s ]
INFO: [ app_begin ] --END-- [ RunTime:0.000180s ]
INFO: [ admin_begin ] --START--
INFO: Run Common\Behavior\AdminDefaultLangBehavior [ RunTime:0.000057s ]
INFO: [ admin_begin ] --END-- [ RunTime:0.000077s ]
SQL: SHOW COLUMNS FROM `cmf_users` [ RunTime:0.0010s ]
SQL: SELECT * FROM `cmf_users` WHERE `id` = '1' LIMIT 1   [ RunTime:0.0006s ]
SQL: SHOW COLUMNS FROM `cmf_itembank` [ RunTime:0.0008s ]
NOTIC: D方法实例化没找到模型类Common\Model\SubjectsModel
SQL: SHOW COLUMNS FROM `cmf_subjects` [ RunTime:0.0007s ]
NOTIC: D方法实例化没找到模型类Common\Model\ChapterModel
SQL: SHOW COLUMNS FROM `cmf_chapter` [ RunTime:0.0007s ]
SQL: SHOW COLUMNS FROM `cmf_option` [ RunTime:0.0007s ]
NOTIC: D方法实例化没找到模型类Common\Model\AnswerModel
SQL: SHOW COLUMNS FROM `cmf_answer` [ RunTime:0.0007s ]
SQL: DELETE FROM `cmf_itembank` WHERE ( item_id=4019 ) [ RunTime:0.0005s ]
SQL: DELETE FROM `cmf_option` WHERE ( qid=4019 ) [ RunTime:0.0055s ]
SQL: DELETE FROM `cmf_answer` WHERE ( qid=4019 ) [ RunTime:0.0007s ]

[ 2017-07-05T19:47:21+08:00 ] 115.33.36.173 /junwei/index.php?s=/Admin/Question/exclusive
NOTIC: D方法实例化没找到模型类Common\Model\SubjectsModel
NOTIC: D方法实例化没找到模型类Common\Model\ChapterModel
NOTIC: D方法实例化没找到模型类Common\Model\AnswerModel

[ 2017-07-05T19:47:25+08:00 ] 115.33.36.173 /junwei/index.php?s=/Question/itembankdelete
INFO: [ app_begin ] --START--
INFO: Run Behavior\ReadHtmlCacheBehavior [ RunTime:0.000018s ]
INFO: Run Behavior\CheckLangBehavior [ RunTime:0.000070s ]
INFO: Run Common\Behavior\UrldecodeGetBehavior [ RunTime:0.000034s ]
INFO: [ app_begin ] --END-- [ RunTime:0.000164s ]
INFO: [ admin_begin ] --START--
INFO: Run Common\Behavior\AdminDefaultLangBehavior [ RunTime:0.000061s ]
INFO: [ admin_begin ] --END-- [ RunTime:0.000086s ]
SQL: SHOW COLUMNS FROM `cmf_users` [ RunTime:0.0012s ]
SQL: SELECT * FROM `cmf_users` WHERE `id` = '1' LIMIT 1   [ RunTime:0.0006s ]
SQL: SHOW COLUMNS FROM `cmf_itembank` [ RunTime:0.0008s ]
NOTIC: D方法实例化没找到模型类Common\Model\SubjectsModel
SQL: SHOW COLUMNS FROM `cmf_subjects` [ RunTime:0.0007s ]
NOTIC: D方法实例化没找到模型类Common\Model\ChapterModel
SQL: SHOW COLUMNS FROM `cmf_chapter` [ RunTime:0.0007s ]
SQL: SHOW COLUMNS FROM `cmf_option` [ RunTime:0.0007s ]
NOTIC: D方法实例化没找到模型类Common\Model\AnswerModel
SQL: SHOW COLUMNS FROM `cmf_answer` [ RunTime:0.0008s ]
SQL: DELETE FROM `cmf_itembank` WHERE ( item_id in (4018) ) [ RunTime:0.0006s ]
SQL: DELETE FROM `cmf_option` WHERE ( qid in (4018) ) [ RunTime:0.0054s ]
SQL: DELETE FROM `cmf_answer` WHERE ( qid in (4018) ) [ RunTime:0.0010s ]

[ 2017-07-05T19:47:25+08:00 ] 115.33.36.173 /junwei/index.php?s=/Admin/Question/exclusive
NOTIC: D方法实例化没找到模型类Common\Model\SubjectsModel
NOTIC: D方法实例化没找到模型类Common\Model\ChapterModel
NOTIC: D方法实例化没找到模型类Common\Model\AnswerModel

[ 2017-07-05T19:47:27+08:00 ] 115.33.36.173 /junwei/index.php?s=/Question/exclusiveadd
NOTIC: D方法实例化没找到模型类Common\Model\SubjectsModel
NOTIC: D方法实例化没找到模型类Common\Model\ChapterModel
NOTIC: D方法实例化没找到模型类Common\Model\AnswerModel

[ 2017-07-05T19:48:02+08:00 ] 115.33.36.173 /junwei/index.php?s=/Question/exclusiveadd_post
NOTIC: D方法实例化没找到模型类Common\Model\SubjectsModel
NOTIC: D方法实例化没找到模型类Common\Model\ChapterModel
NOTIC: D方法实例化没找到模型类Common\Model\AnswerModel

[ 2017-07-05T19:48:04+08:00 ] 115.33.36.173 /junwei/index.php?s=/Question/exclusive
NOTIC: D方法实例化没找到模型类Common\Model\SubjectsModel
NOTIC: D方法实例化没找到模型类Common\Model\ChapterModel
NOTIC: D方法实例化没找到模型类Common\Model\AnswerModel

[ 2017-07-05T20:14:18+08:00 ] 115.33.36.173 /junwei/index.php?s=/Admin/Question/exclusive
NOTIC: D方法实例化没找到模型类Common\Model\SubjectsModel
NOTIC: D方法实例化没找到模型类Common\Model\ChapterModel
NOTIC: D方法实例化没找到模型类Common\Model\AnswerModel

[ 2017-07-05T20:14:20+08:00 ] 115.33.36.173 /junwei/index.php?s=/Question/exclusiveedit/item_id/4020
NOTIC: D方法实例化没找到模型类Common\Model\SubjectsModel
NOTIC: D方法实例化没找到模型类Common\Model\ChapterModel
NOTIC: D方法实例化没找到模型类Common\Model\AnswerModel

[ 2017-07-05T20:15:47+08:00 ] 115.33.36.173 /junwei/index.php?s=/Question/exclusive
NOTIC: D方法实例化没找到模型类Common\Model\SubjectsModel
NOTIC: D方法实例化没找到模型类Common\Model\ChapterModel
NOTIC: D方法实例化没找到模型类Common\Model\AnswerModel

[ 2017-07-05T20:15:50+08:00 ] 115.33.36.173 /junwei/index.php?s=/Question/exclusiveadd
NOTIC: D方法实例化没找到模型类Common\Model\SubjectsModel
NOTIC: D方法实例化没找到模型类Common\Model\ChapterModel
NOTIC: D方法实例化没找到模型类Common\Model\AnswerModel

[ 2017-07-05T20:15:52+08:00 ] 115.33.36.173 /junwei/index.php?s=/Question/exclusive
NOTIC: D方法实例化没找到模型类Common\Model\SubjectsModel
NOTIC: D方法实例化没找到模型类Common\Model\ChapterModel
NOTIC: D方法实例化没找到模型类Common\Model\AnswerModel

[ 2017-07-05T20:16:51+08:00 ] 115.33.36.173 /junwei/index.php?s=/Admin/Question/exclusive
NOTIC: D方法实例化没找到模型类Common\Model\SubjectsModel
NOTIC: D方法实例化没找到模型类Common\Model\ChapterModel
NOTIC: D方法实例化没找到模型类Common\Model\AnswerModel

[ 2017-07-05T20:16:53+08:00 ] 115.33.36.173 /junwei/index.php?s=/Question/exclusiveedit/item_id/4020
NOTIC: D方法实例化没找到模型类Common\Model\SubjectsModel
NOTIC: D方法实例化没找到模型类Common\Model\ChapterModel
NOTIC: D方法实例化没找到模型类Common\Model\AnswerModel

[ 2017-07-05T20:23:09+08:00 ] 115.33.36.173 /junwei/index.php?s=/Admin/Question/exclusive
NOTIC: D方法实例化没找到模型类Common\Model\SubjectsModel
NOTIC: D方法实例化没找到模型类Common\Model\ChapterModel
NOTIC: D方法实例化没找到模型类Common\Model\AnswerModel

[ 2017-07-05T20:23:11+08:00 ] 115.33.36.173 /junwei/index.php?s=/Question/exclusiveedit/item_id/4020
NOTIC: D方法实例化没找到模型类Common\Model\SubjectsModel
NOTIC: D方法实例化没找到模型类Common\Model\ChapterModel
NOTIC: D方法实例化没找到模型类Common\Model\AnswerModel

[ 2017-07-05T20:23:39+08:00 ] 115.33.36.173 /junwei/index.php?s=/Admin/Question/exclusive
NOTIC: D方法实例化没找到模型类Common\Model\SubjectsModel
NOTIC: D方法实例化没找到模型类Common\Model\ChapterModel
NOTIC: D方法实例化没找到模型类Common\Model\AnswerModel

[ 2017-07-05T20:23:40+08:00 ] 115.33.36.173 /junwei/index.php?s=/Question/exclusiveadd
NOTIC: D方法实例化没找到模型类Common\Model\SubjectsModel
NOTIC: D方法实例化没找到模型类Common\Model\ChapterModel
NOTIC: D方法实例化没找到模型类Common\Model\AnswerModel

[ 2017-07-05T20:24:11+08:00 ] 115.33.36.173 /junwei/index.php?s=/Question/exclusive
NOTIC: D方法实例化没找到模型类Common\Model\SubjectsModel
NOTIC: D方法实例化没找到模型类Common\Model\ChapterModel
NOTIC: D方法实例化没找到模型类Common\Model\AnswerModel

[ 2017-07-05T20:24:13+08:00 ] 115.33.36.173 /junwei/index.php?s=/Question/exclusiveedit/item_id/4020
NOTIC: D方法实例化没找到模型类Common\Model\SubjectsModel
NOTIC: D方法实例化没找到模型类Common\Model\ChapterModel
NOTIC: D方法实例化没找到模型类Common\Model\AnswerModel

[ 2017-07-05T20:25:02+08:00 ] 115.33.36.173 /junwei/index.php?s=/Admin/Question/exclusive
NOTIC: D方法实例化没找到模型类Common\Model\SubjectsModel
NOTIC: D方法实例化没找到模型类Common\Model\ChapterModel
NOTIC: D方法实例化没找到模型类Common\Model\AnswerModel

[ 2017-07-05T20:25:04+08:00 ] 115.33.36.173 /junwei/index.php?s=/Question/exclusiveedit/item_id/4020
NOTIC: D方法实例化没找到模型类Common\Model\SubjectsModel
NOTIC: D方法实例化没找到模型类Common\Model\ChapterModel
NOTIC: D方法实例化没找到模型类Common\Model\AnswerModel

[ 2017-07-05T20:25:20+08:00 ] 115.33.36.173 /junwei/index.php?s=/Admin/Question/exclusive
NOTIC: D方法实例化没找到模型类Common\Model\SubjectsModel
NOTIC: D方法实例化没找到模型类Common\Model\ChapterModel
NOTIC: D方法实例化没找到模型类Common\Model\AnswerModel

[ 2017-07-05T20:25:24+08:00 ] 115.33.36.173 /junwei/index.php?s=/Admin/Question/exclusive
NOTIC: D方法实例化没找到模型类Common\Model\SubjectsModel
NOTIC: D方法实例化没找到模型类Common\Model\ChapterModel
NOTIC: D方法实例化没找到模型类Common\Model\AnswerModel

[ 2017-07-05T20:25:26+08:00 ] 115.33.36.173 /junwei/index.php?s=/Question/exclusiveedit/item_id/4020
NOTIC: D方法实例化没找到模型类Common\Model\SubjectsModel
NOTIC: D方法实例化没找到模型类Common\Model\ChapterModel
NOTIC: D方法实例化没找到模型类Common\Model\AnswerModel

[ 2017-07-05T20:26:31+08:00 ] 115.33.36.173 /junwei/index.php?s=/Admin/Question/exclusive
NOTIC: D方法实例化没找到模型类Common\Model\SubjectsModel
NOTIC: D方法实例化没找到模型类Common\Model\ChapterModel
NOTIC: D方法实例化没找到模型类Common\Model\AnswerModel

[ 2017-07-05T20:26:32+08:00 ] 115.33.36.173 /junwei/index.php?s=/Question/exclusiveedit/item_id/4020
NOTIC: D方法实例化没找到模型类Common\Model\SubjectsModel
NOTIC: D方法实例化没找到模型类Common\Model\ChapterModel
NOTIC: D方法实例化没找到模型类Common\Model\AnswerModel

[ 2017-07-05T20:29:17+08:00 ] 115.33.36.173 /junwei/index.php?s=/Admin/Types/exclusive
NOTIC: D方法实例化没找到模型类Common\Model\TypesModel
NOTIC: D方法实例化没找到模型类Common\Model\SubjectsModel
NOTIC: D方法实例化没找到模型类Common\Model\ChapterModel

[ 2017-07-05T20:29:19+08:00 ] 115.33.36.173 /junwei/index.php?s=/Types/exclusiveadd
NOTIC: D方法实例化没找到模型类Common\Model\TypesModel
NOTIC: D方法实例化没找到模型类Common\Model\SubjectsModel
NOTIC: D方法实例化没找到模型类Common\Model\ChapterModel

[ 2017-07-05T20:29:22+08:00 ] 115.33.36.173 /junwei/index.php?s=/Types/exclusiveadd_post
INFO: [ app_begin ] --START--
INFO: Run Behavior\ReadHtmlCacheBehavior [ RunTime:0.000018s ]
INFO: Run Behavior\CheckLangBehavior [ RunTime:0.000069s ]
INFO: Run Common\Behavior\UrldecodeGetBehavior [ RunTime:0.000021s ]
INFO: [ app_begin ] --END-- [ RunTime:0.000147s ]
INFO: [ admin_begin ] --START--
INFO: Run Common\Behavior\AdminDefaultLangBehavior [ RunTime:0.000048s ]
INFO: [ admin_begin ] --END-- [ RunTime:0.000061s ]
SQL: SHOW COLUMNS FROM `cmf_users` [ RunTime:0.0010s ]
SQL: SELECT * FROM `cmf_users` WHERE `id` = '1' LIMIT 1   [ RunTime:0.0006s ]
NOTIC: D方法实例化没找到模型类Common\Model\TypesModel
SQL: SHOW COLUMNS FROM `cmf_types` [ RunTime:0.0007s ]
SQL: SHOW COLUMNS FROM `cmf_professional` [ RunTime:0.0007s ]
NOTIC: D方法实例化没找到模型类Common\Model\SubjectsModel
SQL: SHOW COLUMNS FROM `cmf_subjects` [ RunTime:0.0007s ]
NOTIC: D方法实例化没找到模型类Common\Model\ChapterModel
SQL: SHOW COLUMNS FROM `cmf_chapter` [ RunTime:0.0007s ]
SQL: SHOW COLUMNS FROM `cmf_exclusive` [ RunTime:0.0007s ]
NOTIC: [2] Missing argument 1 for I(), called in /var/www/html/sikao/junwei/application/Admin/Controller/TypesController.class.php on line 458 and defined /var/www/html/sikao/junwei/simplewind/Core/Common/functions.php 第 296 行.
NOTIC: [8] Undefined variable: name /var/www/html/sikao/junwei/simplewind/Core/Common/functions.php 第 298 行.
NOTIC: [8] Undefined variable: name /var/www/html/sikao/junwei/simplewind/Core/Common/functions.php 第 303 行.
NOTIC: [8] Undefined variable: name /var/www/html/sikao/junwei/simplewind/Core/Common/functions.php 第 364 行.
NOTIC: [8] Undefined index: validate /var/www/html/sikao/junwei/simplewind/Core/Library/Think/Model.class.php 第 1185 行.
NOTIC: [8] Undefined index: auto /var/www/html/sikao/junwei/simplewind/Core/Library/Think/Model.class.php 第 1128 行.
SQL: INSERT INTO `cmf_exclusive` (`etitle`,`etime`) VALUES ('re\'w\'w\'re\'w\'re\'w','1499257762') [ RunTime:0.0013s ]

[ 2017-07-05T20:29:22+08:00 ] 115.33.36.173 /junwei/index.php?s=/types/exclusive
NOTIC: D方法实例化没找到模型类Common\Model\TypesModel
NOTIC: D方法实例化没找到模型类Common\Model\SubjectsModel
NOTIC: D方法实例化没找到模型类Common\Model\ChapterModel

[ 2017-07-05T20:29:27+08:00 ] 115.33.36.173 /junwei/index.php?s=/Admin/Question/exclusive
NOTIC: D方法实例化没找到模型类Common\Model\SubjectsModel
NOTIC: D方法实例化没找到模型类Common\Model\ChapterModel
NOTIC: D方法实例化没找到模型类Common\Model\AnswerModel

[ 2017-07-05T20:29:28+08:00 ] 115.33.36.173 /junwei/index.php?s=/Question/exclusiveadd
NOTIC: D方法实例化没找到模型类Common\Model\SubjectsModel
NOTIC: D方法实例化没找到模型类Common\Model\ChapterModel
NOTIC: D方法实例化没找到模型类Common\Model\AnswerModel

[ 2017-07-05T20:30:03+08:00 ] 115.33.36.173 /junwei/index.php?s=/Question/exclusiveadd_post
NOTIC: D方法实例化没找到模型类Common\Model\SubjectsModel
NOTIC: D方法实例化没找到模型类Common\Model\ChapterModel
NOTIC: D方法实例化没找到模型类Common\Model\AnswerModel

[ 2017-07-05T20:30:04+08:00 ] 115.33.36.173 /junwei/index.php?s=/Question/exclusive
NOTIC: D方法实例化没找到模型类Common\Model\SubjectsModel
NOTIC: D方法实例化没找到模型类Common\Model\ChapterModel
NOTIC: D方法实例化没找到模型类Common\Model\AnswerModel

[ 2017-07-05T20:30:07+08:00 ] 115.33.36.173 /junwei/index.php?s=/Question/exclusiveedit/item_id/4021
NOTIC: D方法实例化没找到模型类Common\Model\SubjectsModel
NOTIC: D方法实例化没找到模型类Common\Model\ChapterModel
NOTIC: D方法实例化没找到模型类Common\Model\AnswerModel

[ 2017-07-05T20:30:37+08:00 ] 115.33.36.173 /junwei/index.php?s=/Admin/Question/exclusive
NOTIC: D方法实例化没找到模型类Common\Model\SubjectsModel
NOTIC: D方法实例化没找到模型类Common\Model\ChapterModel
NOTIC: D方法实例化没找到模型类Common\Model\AnswerModel

[ 2017-07-05T20:30:39+08:00 ] 115.33.36.173 /junwei/index.php?s=/Question/exclusiveedit/item_id/4020
NOTIC: D方法实例化没找到模型类Common\Model\SubjectsModel
NOTIC: D方法实例化没找到模型类Common\Model\ChapterModel
NOTIC: D方法实例化没找到模型类Common\Model\AnswerModel

[ 2017-07-05T20:30:47+08:00 ] 115.33.36.173 /junwei/index.php?s=/Admin/Question/exclusive
NOTIC: D方法实例化没找到模型类Common\Model\SubjectsModel
NOTIC: D方法实例化没找到模型类Common\Model\ChapterModel
NOTIC: D方法实例化没找到模型类Common\Model\AnswerModel

[ 2017-07-05T20:30:49+08:00 ] 115.33.36.173 /junwei/index.php?s=/Question/exclusiveedit/item_id/4021
NOTIC: D方法实例化没找到模型类Common\Model\SubjectsModel
NOTIC: D方法实例化没找到模型类Common\Model\ChapterModel
NOTIC: D方法实例化没找到模型类Common\Model\AnswerModel

[ 2017-07-05T20:32:23+08:00 ] 115.33.36.173 /junwei/index.php?s=/Question/exclusiveedit_post
NOTIC: D方法实例化没找到模型类Common\Model\SubjectsModel
NOTIC: D方法实例化没找到模型类Common\Model\ChapterModel
NOTIC: D方法实例化没找到模型类Common\Model\AnswerModel

[ 2017-07-05T20:32:25+08:00 ] 115.33.36.173 /junwei/index.php?s=/Question/true
NOTIC: D方法实例化没找到模型类Common\Model\SubjectsModel
NOTIC: D方法实例化没找到模型类Common\Model\ChapterModel
NOTIC: D方法实例化没找到模型类Common\Model\AnswerModel

[ 2017-07-05T20:32:40+08:00 ] 115.33.36.173 /junwei/index.php?s=/Admin/Question/exclusive
NOTIC: D方法实例化没找到模型类Common\Model\SubjectsModel
NOTIC: D方法实例化没找到模型类Common\Model\ChapterModel
NOTIC: D方法实例化没找到模型类Common\Model\AnswerModel

[ 2017-07-05T20:32:43+08:00 ] 115.33.36.173 /junwei/index.php?s=/Question/exclusiveedit/item_id/4021
NOTIC: D方法实例化没找到模型类Common\Model\SubjectsModel
NOTIC: D方法实例化没找到模型类Common\Model\ChapterModel
NOTIC: D方法实例化没找到模型类Common\Model\AnswerModel

[ 2017-07-05T20:34:08+08:00 ] 115.33.36.173 /junwei/index.php?s=/Question/exclusiveedit_post
NOTIC: D方法实例化没找到模型类Common\Model\SubjectsModel
NOTIC: D方法实例化没找到模型类Common\Model\ChapterModel
NOTIC: D方法实例化没找到模型类Common\Model\AnswerModel

[ 2017-07-05T20:37:02+08:00 ] 115.33.36.173 /junwei/index.php?s=/Admin/Question/exclusive
NOTIC: D方法实例化没找到模型类Common\Model\SubjectsModel
NOTIC: D方法实例化没找到模型类Common\Model\ChapterModel
NOTIC: D方法实例化没找到模型类Common\Model\AnswerModel

[ 2017-07-05T20:37:04+08:00 ] 115.33.36.173 /junwei/index.php?s=/Question/exclusiveedit/item_id/4021
NOTIC: D方法实例化没找到模型类Common\Model\SubjectsModel
NOTIC: D方法实例化没找到模型类Common\Model\ChapterModel
NOTIC: D方法实例化没找到模型类Common\Model\AnswerModel

[ 2017-07-05T20:37:06+08:00 ] 115.33.36.173 /junwei/index.php?s=/Admin/Question/exclusive
NOTIC: D方法实例化没找到模型类Common\Model\SubjectsModel
NOTIC: D方法实例化没找到模型类Common\Model\ChapterModel
NOTIC: D方法实例化没找到模型类Common\Model\AnswerModel

[ 2017-07-05T20:37:09+08:00 ] 115.33.36.173 /junwei/index.php?s=/Question/exclusiveedit/item_id/4020
NOTIC: D方法实例化没找到模型类Common\Model\SubjectsModel
NOTIC: D方法实例化没找到模型类Common\Model\ChapterModel
NOTIC: D方法实例化没找到模型类Common\Model\AnswerModel

[ 2017-07-05T20:37:10+08:00 ] 115.33.36.173 /junwei/index.php?s=/Admin/Question/exclusive
NOTIC: D方法实例化没找到模型类Common\Model\SubjectsModel
NOTIC: D方法实例化没找到模型类Common\Model\ChapterModel
NOTIC: D方法实例化没找到模型类Common\Model\AnswerModel

[ 2017-07-05T20:37:12+08:00 ] 115.33.36.173 /junwei/index.php?s=/Question/exclusiveedit/item_id/4021
NOTIC: D方法实例化没找到模型类Common\Model\SubjectsModel
NOTIC: D方法实例化没找到模型类Common\Model\ChapterModel
NOTIC: D方法实例化没找到模型类Common\Model\AnswerModel

[ 2017-07-05T20:38:23+08:00 ] 115.33.36.173 /junwei/index.php?s=/Question/exclusive
NOTIC: D方法实例化没找到模型类Common\Model\SubjectsModel
NOTIC: D方法实例化没找到模型类Common\Model\ChapterModel
NOTIC: D方法实例化没找到模型类Common\Model\AnswerModel

[ 2017-07-05T20:38:25+08:00 ] 115.33.36.173 /junwei/index.php?s=/Question/subjectivelist
NOTIC: D方法实例化没找到模型类Common\Model\SubjectsModel
NOTIC: D方法实例化没找到模型类Common\Model\ChapterModel
NOTIC: D方法实例化没找到模型类Common\Model\AnswerModel

[ 2017-07-05T20:41:00+08:00 ] 115.33.36.173 /junwei/index.php?s=/Admin/Question/exclusive
NOTIC: D方法实例化没找到模型类Common\Model\SubjectsModel
NOTIC: D方法实例化没找到模型类Common\Model\ChapterModel
NOTIC: D方法实例化没找到模型类Common\Model\AnswerModel

[ 2017-07-05T20:41:03+08:00 ] 115.33.36.173 /junwei/index.php?s=/Question/subjectivelist
NOTIC: D方法实例化没找到模型类Common\Model\SubjectsModel
NOTIC: D方法实例化没找到模型类Common\Model\ChapterModel
NOTIC: D方法实例化没找到模型类Common\Model\AnswerModel

[ 2017-07-05T20:42:35+08:00 ] 115.33.36.173 /junwei/index.php?s=/Question/itembank
NOTIC: D方法实例化没找到模型类Common\Model\SubjectsModel
NOTIC: D方法实例化没找到模型类Common\Model\ChapterModel
NOTIC: D方法实例化没找到模型类Common\Model\AnswerModel

[ 2017-07-05T20:42:36+08:00 ] 115.33.36.173 /junwei/index.php?s=/Question/subjectivelist
NOTIC: D方法实例化没找到模型类Common\Model\SubjectsModel
NOTIC: D方法实例化没找到模型类Common\Model\ChapterModel
NOTIC: D方法实例化没找到模型类Common\Model\AnswerModel

[ 2017-07-05T20:42:45+08:00 ] 115.33.36.173 /junwei/index.php?s=/Question/itembank
NOTIC: D方法实例化没找到模型类Common\Model\SubjectsModel
NOTIC: D方法实例化没找到模型类Common\Model\ChapterModel
NOTIC: D方法实例化没找到模型类Common\Model\AnswerModel

[ 2017-07-05T20:42:51+08:00 ] 115.33.36.173 /junwei/index.php?s=/Question/itembankadd
NOTIC: D方法实例化没找到模型类Common\Model\SubjectsModel
NOTIC: D方法实例化没找到模型类Common\Model\ChapterModel
NOTIC: D方法实例化没找到模型类Common\Model\AnswerModel

[ 2017-07-05T20:42:53+08:00 ] 115.33.36.173 /junwei/index.php?s=/Admin/Question/exclusive
NOTIC: D方法实例化没找到模型类Common\Model\SubjectsModel
NOTIC: D方法实例化没找到模型类Common\Model\ChapterModel
NOTIC: D方法实例化没找到模型类Common\Model\AnswerModel

