[ 2017-04-30T12:03:13+08:00 ] 127.0.0.1 /index.php?g=Admin&m=public&a=dologin
INFO: [ app_begin ] --START--
INFO: Run Behavior\ReadHtmlCacheBehavior [ RunTime:0.000939s ]
INFO: Run Behavior\CheckLangBehavior [ RunTime:0.001193s ]
INFO: Run Common\Behavior\UrldecodeGetBehavior [ RunTime:0.000358s ]
INFO: [ app_begin ] --END-- [ RunTime:0.003173s ]
INFO: [ admin_begin ] --START--
INFO: Run Common\Behavior\AdminDefaultLangBehavior [ RunTime:0.001337s ]
INFO: [ admin_begin ] --END-- [ RunTime:0.001392s ]
SQL: SHOW COLUMNS FROM `cmf_users` [ RunTime:0.0017s ]
SQL: SELECT * FROM `cmf_users` WHERE `user_login` = 'admin' LIMIT 1   [ RunTime:0.0005s ]
SQL: SHOW COLUMNS FROM `cmf_role_user` [ RunTime:0.0557s ]
SQL: SELECT `role_id` FROM cmf_role_user a INNER JOIN cmf_role as b on a.role_id =b.id  WHERE `user_id` = '1' AND `status` = 1  [ RunTime:0.0483s ]
SQL: UPDATE `cmf_users` SET `user_login`='admin',`user_pass`='###e9a6a1b2c468c852c57c0d86674e1f9b',`user_nicename`='admin',`user_email`='1348779449@qq.com',`user_url`='',`avatar`=NULL,`sex`='0',`birthday`='2000-01-01',`signature`=NULL,`last_login_ip`='127.0.0.1',`last_login_time`='2017-04-30 12:03:13',`create_time`='2017-04-17 01:37:17',`user_activation_key`='',`user_status`='1',`score`='0',`user_type`='1',`coin`='0',`mobile`='' WHERE `id` = '1' [ RunTime:0.0624s ]

[ 2017-04-30T14:01:39+08:00 ] 127.0.0.1 /index.php?g=Admin&m=Course&a=show
ERR: 1054:Unknown column 'create_time' in 'order clause'
 [ SQL语句 ] : SELECT * FROM `cmf_course` WHERE ( subject like '%123%' ) ORDER BY create_time LIMIT 0,25  

[ 2017-04-30T14:06:56+08:00 ] 127.0.0.1 /index.php?g=Admin&m=Course&a=create
ERR: 1364:Field 'people_id' doesn't have a default value
 [ SQL语句 ] : INSERT INTO `cmf_course` (`type`,`is_free`,`num_class`,`subject`,`now_price`,`old_price`,`startDate`,`invalidDate`,`introduction`) VALUES ('1','1','89','12345','666','888','2017-06-03 14:12:06','2017-07-03 14:12:06','1234567')

[ 2017-04-30T14:28:39+08:00 ] 127.0.0.1 /index.php?g=Admin&m=Course&a=update&id=1
ERR: syntax error, unexpected '=', expecting ',' or ';'

[ 2017-04-30T14:29:01+08:00 ] 127.0.0.1 /index.php?g=Admin&m=Course&a=update&id=1
ERR: syntax error, unexpected '}', expecting ',' or ';'

[ 2017-04-30T14:30:46+08:00 ] 127.0.0.1 /index.php?g=Admin&m=Course&a=update&id=1
ERR: syntax error, unexpected '='

[ 2017-04-30T14:30:56+08:00 ] 127.0.0.1 /index.php?g=Admin&m=Course&a=update&id=1
ERR: syntax error, unexpected '}'

[ 2017-04-30T14:44:52+08:00 ] 127.0.0.1 /index.php?g=Admin&m=Lector&a=lector
ERR: 1054:Unknown column 'id' in 'order clause'
 [ SQL语句 ] : SELECT * FROM `cmf_lector` INNER JOIN cmf_teaching ON cmf_lector.teaching_id = cmf_teaching.t_id  ORDER BY id LIMIT 0,25  

[ 2017-04-30T14:44:54+08:00 ] 127.0.0.1 /index.php?g=Admin&m=Lector&a=lector
ERR: 1054:Unknown column 'id' in 'order clause'
 [ SQL语句 ] : SELECT * FROM `cmf_lector` INNER JOIN cmf_teaching ON cmf_lector.teaching_id = cmf_teaching.t_id  ORDER BY id LIMIT 0,25  

[ 2017-04-30T15:04:24+08:00 ] 127.0.0.1 /index.php?g=Admin&m=Course&a=create
ERR: 1062:Duplicate entry '1' for key 'PRIMARY'
 [ SQL语句 ] : INSERT INTO `cmf_course` (`id`,`type`,`is_free`,`num_class`,`subject`,`now_price`,`old_price`,`startDate`,`invalidDate`,`introduction`,`lector_id`,`people_id`,`book_id`) VALUES ('1','0','1','24','test','234','278','0000-00-00 00:00:00','0000-00-00 00:00:00','wfrwsfwffcawsvg','2','1','1')

[ 2017-04-30T15:07:02+08:00 ] 127.0.0.1 /index.php?g=Admin&m=Course&a=delete
INFO: [ app_begin ] --START--
INFO: Run Behavior\ReadHtmlCacheBehavior [ RunTime:0.001022s ]
INFO: Run Behavior\CheckLangBehavior [ RunTime:0.002861s ]
INFO: Run Common\Behavior\UrldecodeGetBehavior [ RunTime:0.000633s ]
INFO: [ app_begin ] --END-- [ RunTime:0.005240s ]
NOTIC: [2] Declaration of Admin\Controller\CourseController::show() should be compatible with Think\Controller::show($content, $charset = '', $contentType = '', $prefix = '') D:\laragon\www\ThinkCMFX\application\Admin\Controller\CourseController.class.php 第 18 行.
INFO: [ admin_begin ] --START--
INFO: Run Common\Behavior\AdminDefaultLangBehavior [ RunTime:0.001697s ]
INFO: [ admin_begin ] --END-- [ RunTime:0.001749s ]
SQL: SHOW COLUMNS FROM `cmf_users` [ RunTime:0.0014s ]
SQL: SELECT * FROM `cmf_users` WHERE `id` = '1' LIMIT 1   [ RunTime:0.0005s ]
SQL: SHOW COLUMNS FROM `cmf_course` [ RunTime:0.0019s ]
SQL: DELETE FROM `cmf_course` WHERE ( id in (5) ) [ RunTime:0.1798s ]

[ 2017-04-30T15:07:05+08:00 ] 127.0.0.1 /index.php?g=Admin&m=Course&a=delete&id=3
INFO: [ app_begin ] --START--
INFO: Run Behavior\ReadHtmlCacheBehavior [ RunTime:0.000698s ]
INFO: Run Behavior\CheckLangBehavior [ RunTime:0.001417s ]
INFO: Run Common\Behavior\UrldecodeGetBehavior [ RunTime:0.000483s ]
INFO: [ app_begin ] --END-- [ RunTime:0.003205s ]
NOTIC: [2] Declaration of Admin\Controller\CourseController::show() should be compatible with Think\Controller::show($content, $charset = '', $contentType = '', $prefix = '') D:\laragon\www\ThinkCMFX\application\Admin\Controller\CourseController.class.php 第 18 行.
INFO: [ admin_begin ] --START--
INFO: Run Common\Behavior\AdminDefaultLangBehavior [ RunTime:0.001904s ]
INFO: [ admin_begin ] --END-- [ RunTime:0.001943s ]
SQL: SHOW COLUMNS FROM `cmf_users` [ RunTime:0.0013s ]
SQL: SELECT * FROM `cmf_users` WHERE `id` = '1' LIMIT 1   [ RunTime:0.0005s ]
SQL: SHOW COLUMNS FROM `cmf_course` [ RunTime:0.0015s ]
SQL: DELETE FROM `cmf_course` WHERE ( id = 3 ) [ RunTime:0.0833s ]

[ 2017-04-30T15:07:11+08:00 ] 127.0.0.1 /index.php?g=Admin&m=Course&a=delete
INFO: [ app_begin ] --START--
INFO: Run Behavior\ReadHtmlCacheBehavior [ RunTime:0.000628s ]
INFO: Run Behavior\CheckLangBehavior [ RunTime:0.001396s ]
INFO: Run Common\Behavior\UrldecodeGetBehavior [ RunTime:0.000444s ]
INFO: [ app_begin ] --END-- [ RunTime:0.003177s ]
NOTIC: [2] Declaration of Admin\Controller\CourseController::show() should be compatible with Think\Controller::show($content, $charset = '', $contentType = '', $prefix = '') D:\laragon\www\ThinkCMFX\application\Admin\Controller\CourseController.class.php 第 18 行.
INFO: [ admin_begin ] --START--
INFO: Run Common\Behavior\AdminDefaultLangBehavior [ RunTime:0.001641s ]
INFO: [ admin_begin ] --END-- [ RunTime:0.001672s ]
SQL: SHOW COLUMNS FROM `cmf_users` [ RunTime:0.0012s ]
SQL: SELECT * FROM `cmf_users` WHERE `id` = '1' LIMIT 1   [ RunTime:0.0005s ]
SQL: SHOW COLUMNS FROM `cmf_course` [ RunTime:0.0015s ]
SQL: DELETE FROM `cmf_course` WHERE ( id in (1,2) ) [ RunTime:0.1505s ]

[ 2017-04-30T15:30:01+08:00 ] 127.0.0.1 /index.php?g=Admin&m=Live&a=lector
ERR: 无法加载控制器:Live

[ 2017-04-30T15:32:29+08:00 ] 127.0.0.1 /index.php?g=Admin&m=Lector&a=delete&id=2
INFO: [ app_begin ] --START--
INFO: Run Behavior\ReadHtmlCacheBehavior [ RunTime:0.000723s ]
INFO: Run Behavior\CheckLangBehavior [ RunTime:0.001562s ]
INFO: Run Common\Behavior\UrldecodeGetBehavior [ RunTime:0.000489s ]
INFO: [ app_begin ] --END-- [ RunTime:0.003436s ]
INFO: [ admin_begin ] --START--
INFO: Run Common\Behavior\AdminDefaultLangBehavior [ RunTime:0.001962s ]
INFO: [ admin_begin ] --END-- [ RunTime:0.002015s ]
SQL: SHOW COLUMNS FROM `cmf_users` [ RunTime:0.0009s ]
SQL: SELECT * FROM `cmf_users` WHERE `id` = '1' LIMIT 1   [ RunTime:0.0004s ]
SQL: SHOW COLUMNS FROM `cmf_lector` [ RunTime:0.0007s ]
INFO: [ app_end ] --START--
INFO: Run Behavior\ShowPageTraceBehavior [ RunTime:0.000973s ]
INFO: [ app_end ] --END-- [ RunTime:0.001033s ]

[ 2017-04-30T15:32:52+08:00 ] 127.0.0.1 /index.php?g=Admin&m=Lector&a=delete&id=1
INFO: [ app_begin ] --START--
INFO: Run Behavior\ReadHtmlCacheBehavior [ RunTime:0.000692s ]
INFO: Run Behavior\CheckLangBehavior [ RunTime:0.001408s ]
INFO: Run Common\Behavior\UrldecodeGetBehavior [ RunTime:0.000422s ]
INFO: [ app_begin ] --END-- [ RunTime:0.003170s ]
INFO: [ admin_begin ] --START--
INFO: Run Common\Behavior\AdminDefaultLangBehavior [ RunTime:0.001733s ]
INFO: [ admin_begin ] --END-- [ RunTime:0.001873s ]
SQL: SHOW COLUMNS FROM `cmf_users` [ RunTime:0.0008s ]
SQL: SELECT * FROM `cmf_users` WHERE `id` = '1' LIMIT 1   [ RunTime:0.0004s ]
SQL: SHOW COLUMNS FROM `cmf_lector` [ RunTime:0.0006s ]
INFO: [ app_end ] --START--
INFO: Run Behavior\ShowPageTraceBehavior [ RunTime:0.000797s ]
INFO: [ app_end ] --END-- [ RunTime:0.000831s ]

[ 2017-04-30T15:32:57+08:00 ] 127.0.0.1 /index.php?g=Admin&m=Lector&a=delete&id=1
INFO: [ app_begin ] --START--
INFO: Run Behavior\ReadHtmlCacheBehavior [ RunTime:0.000586s ]
INFO: Run Behavior\CheckLangBehavior [ RunTime:0.001271s ]
INFO: Run Common\Behavior\UrldecodeGetBehavior [ RunTime:0.000421s ]
INFO: [ app_begin ] --END-- [ RunTime:0.002910s ]
INFO: [ admin_begin ] --START--
INFO: Run Common\Behavior\AdminDefaultLangBehavior [ RunTime:0.001632s ]
INFO: [ admin_begin ] --END-- [ RunTime:0.001672s ]
SQL: SHOW COLUMNS FROM `cmf_users` [ RunTime:0.0007s ]
SQL: SELECT * FROM `cmf_users` WHERE `id` = '1' LIMIT 1   [ RunTime:0.0004s ]
SQL: SHOW COLUMNS FROM `cmf_lector` [ RunTime:0.0005s ]
INFO: [ app_end ] --START--
INFO: Run Behavior\ShowPageTraceBehavior [ RunTime:0.000727s ]
INFO: [ app_end ] --END-- [ RunTime:0.000755s ]

[ 2017-04-30T15:33:56+08:00 ] 127.0.0.1 /index.php?g=Admin&m=Lector&a=delete&id=2
INFO: [ app_begin ] --START--
INFO: Run Behavior\ReadHtmlCacheBehavior [ RunTime:0.000620s ]
INFO: Run Behavior\CheckLangBehavior [ RunTime:0.001221s ]
INFO: Run Common\Behavior\UrldecodeGetBehavior [ RunTime:0.000398s ]
INFO: [ app_begin ] --END-- [ RunTime:0.002890s ]
INFO: [ admin_begin ] --START--
INFO: Run Common\Behavior\AdminDefaultLangBehavior [ RunTime:0.001418s ]
INFO: [ admin_begin ] --END-- [ RunTime:0.001477s ]
SQL: SHOW COLUMNS FROM `cmf_users` [ RunTime:0.0011s ]
SQL: SELECT * FROM `cmf_users` WHERE `id` = '1' LIMIT 1   [ RunTime:0.0007s ]
SQL: SHOW COLUMNS FROM `cmf_lector` [ RunTime:0.0008s ]

[ 2017-04-30T15:34:00+08:00 ] 127.0.0.1 /index.php?g=Admin&m=Lector&a=delete&id=1
INFO: [ app_begin ] --START--
INFO: Run Behavior\ReadHtmlCacheBehavior [ RunTime:0.000604s ]
INFO: Run Behavior\CheckLangBehavior [ RunTime:0.000994s ]
INFO: Run Common\Behavior\UrldecodeGetBehavior [ RunTime:0.000307s ]
INFO: [ app_begin ] --END-- [ RunTime:0.002462s ]
INFO: [ admin_begin ] --START--
INFO: Run Common\Behavior\AdminDefaultLangBehavior [ RunTime:0.001397s ]
INFO: [ admin_begin ] --END-- [ RunTime:0.001452s ]
SQL: SHOW COLUMNS FROM `cmf_users` [ RunTime:0.0010s ]
SQL: SELECT * FROM `cmf_users` WHERE `id` = '1' LIMIT 1   [ RunTime:0.0005s ]
SQL: SHOW COLUMNS FROM `cmf_lector` [ RunTime:0.0008s ]

[ 2017-04-30T15:34:26+08:00 ] 127.0.0.1 /index.php?g=Admin&m=Lector&a=delete&id=1
INFO: [ app_begin ] --START--
INFO: Run Behavior\ReadHtmlCacheBehavior [ RunTime:0.000600s ]
INFO: Run Behavior\CheckLangBehavior [ RunTime:0.001318s ]
INFO: Run Common\Behavior\UrldecodeGetBehavior [ RunTime:0.000410s ]
INFO: [ app_begin ] --END-- [ RunTime:0.002897s ]
INFO: [ admin_begin ] --START--
INFO: Run Common\Behavior\AdminDefaultLangBehavior [ RunTime:0.001652s ]
INFO: [ admin_begin ] --END-- [ RunTime:0.001704s ]
SQL: SHOW COLUMNS FROM `cmf_users` [ RunTime:0.0008s ]
SQL: SELECT * FROM `cmf_users` WHERE `id` = '1' LIMIT 1   [ RunTime:0.0004s ]
SQL: SHOW COLUMNS FROM `cmf_lector` [ RunTime:0.0005s ]

[ 2017-04-30T15:34:48+08:00 ] 127.0.0.1 /index.php?g=Admin&m=Lector&a=delete&id=2
INFO: [ app_begin ] --START--
INFO: Run Behavior\ReadHtmlCacheBehavior [ RunTime:0.000946s ]
INFO: Run Behavior\CheckLangBehavior [ RunTime:0.001740s ]
INFO: Run Common\Behavior\UrldecodeGetBehavior [ RunTime:0.000399s ]
INFO: [ app_begin ] --END-- [ RunTime:0.003944s ]
INFO: [ admin_begin ] --START--
INFO: Run Common\Behavior\AdminDefaultLangBehavior [ RunTime:0.001396s ]
INFO: [ admin_begin ] --END-- [ RunTime:0.001459s ]
SQL: SHOW COLUMNS FROM `cmf_users` [ RunTime:0.0010s ]
SQL: SELECT * FROM `cmf_users` WHERE `id` = '1' LIMIT 1   [ RunTime:0.0004s ]
SQL: SHOW COLUMNS FROM `cmf_lector` [ RunTime:0.0005s ]
SQL: DELETE FROM `cmf_lector` WHERE ( l_id = 2 ) [ RunTime:0.1382s ]

[ 2017-04-30T15:34:56+08:00 ] 127.0.0.1 /index.php?g=Admin&m=Live&a=lector
ERR: 无法加载控制器:Live

[ 2017-04-30T15:39:02+08:00 ] 127.0.0.1 /index.php?g=Admin&m=Lector&a=delete
INFO: [ app_begin ] --START--
INFO: Run Behavior\ReadHtmlCacheBehavior [ RunTime:0.000647s ]
INFO: Run Behavior\CheckLangBehavior [ RunTime:0.001225s ]
INFO: Run Common\Behavior\UrldecodeGetBehavior [ RunTime:0.000462s ]
INFO: [ app_begin ] --END-- [ RunTime:0.002976s ]
INFO: [ admin_begin ] --START--
INFO: Run Common\Behavior\AdminDefaultLangBehavior [ RunTime:0.002591s ]
INFO: [ admin_begin ] --END-- [ RunTime:0.002665s ]
SQL: SHOW COLUMNS FROM `cmf_users` [ RunTime:0.0010s ]
SQL: SELECT * FROM `cmf_users` WHERE `id` = '1' LIMIT 1   [ RunTime:0.0010s ]
SQL: SHOW COLUMNS FROM `cmf_lector` [ RunTime:0.0011s ]
INFO: [ app_end ] --START--
INFO: Run Behavior\ShowPageTraceBehavior [ RunTime:0.000986s ]
INFO: [ app_end ] --END-- [ RunTime:0.001044s ]

[ 2017-04-30T15:39:11+08:00 ] 127.0.0.1 /index.php?g=Admin&m=Lector&a=delete
INFO: [ app_begin ] --START--
INFO: Run Behavior\ReadHtmlCacheBehavior [ RunTime:0.000726s ]
INFO: Run Behavior\CheckLangBehavior [ RunTime:0.001243s ]
INFO: Run Common\Behavior\UrldecodeGetBehavior [ RunTime:0.000388s ]
INFO: [ app_begin ] --END-- [ RunTime:0.003052s ]
INFO: [ admin_begin ] --START--
INFO: Run Common\Behavior\AdminDefaultLangBehavior [ RunTime:0.001644s ]
INFO: [ admin_begin ] --END-- [ RunTime:0.001689s ]
SQL: SHOW COLUMNS FROM `cmf_users` [ RunTime:0.0008s ]
SQL: SELECT * FROM `cmf_users` WHERE `id` = '1' LIMIT 1   [ RunTime:0.0005s ]
SQL: SHOW COLUMNS FROM `cmf_lector` [ RunTime:0.0005s ]
INFO: [ app_end ] --START--
INFO: Run Behavior\ShowPageTraceBehavior [ RunTime:0.000713s ]
INFO: [ app_end ] --END-- [ RunTime:0.000746s ]

[ 2017-04-30T15:39:36+08:00 ] 127.0.0.1 /index.php?g=Admin&m=Lector&a=delete
INFO: [ app_begin ] --START--
INFO: Run Behavior\ReadHtmlCacheBehavior [ RunTime:0.000750s ]
INFO: Run Behavior\CheckLangBehavior [ RunTime:0.001324s ]
INFO: Run Common\Behavior\UrldecodeGetBehavior [ RunTime:0.000417s ]
INFO: [ app_begin ] --END-- [ RunTime:0.003233s ]
INFO: [ admin_begin ] --START--
INFO: Run Common\Behavior\AdminDefaultLangBehavior [ RunTime:0.001904s ]
INFO: [ admin_begin ] --END-- [ RunTime:0.001960s ]
SQL: SHOW COLUMNS FROM `cmf_users` [ RunTime:0.0008s ]
SQL: SELECT * FROM `cmf_users` WHERE `id` = '1' LIMIT 1   [ RunTime:0.0006s ]
SQL: SHOW COLUMNS FROM `cmf_lector` [ RunTime:0.0006s ]
INFO: [ app_end ] --START--
INFO: Run Behavior\ShowPageTraceBehavior [ RunTime:0.000831s ]
INFO: [ app_end ] --END-- [ RunTime:0.000860s ]

[ 2017-04-30T15:40:08+08:00 ] 127.0.0.1 /index.php?g=Admin&m=Lector&a=delete
INFO: [ app_begin ] --START--
INFO: Run Behavior\ReadHtmlCacheBehavior [ RunTime:0.000908s ]
INFO: Run Behavior\CheckLangBehavior [ RunTime:0.001556s ]
INFO: Run Common\Behavior\UrldecodeGetBehavior [ RunTime:0.000426s ]
INFO: [ app_begin ] --END-- [ RunTime:0.003614s ]
INFO: [ admin_begin ] --START--
INFO: Run Common\Behavior\AdminDefaultLangBehavior [ RunTime:0.001086s ]
INFO: [ admin_begin ] --END-- [ RunTime:0.001128s ]
SQL: SHOW COLUMNS FROM `cmf_users` [ RunTime:0.0010s ]
SQL: SELECT * FROM `cmf_users` WHERE `id` = '1' LIMIT 1   [ RunTime:0.0004s ]
SQL: SHOW COLUMNS FROM `cmf_lector` [ RunTime:0.0004s ]

[ 2017-04-30T15:40:32+08:00 ] 127.0.0.1 /index.php?g=Admin&m=Lector&a=delete
INFO: [ app_begin ] --START--
INFO: Run Behavior\ReadHtmlCacheBehavior [ RunTime:0.000895s ]
INFO: Run Behavior\CheckLangBehavior [ RunTime:0.001445s ]
INFO: Run Common\Behavior\UrldecodeGetBehavior [ RunTime:0.000432s ]
INFO: [ app_begin ] --END-- [ RunTime:0.003674s ]
INFO: [ admin_begin ] --START--
INFO: Run Common\Behavior\AdminDefaultLangBehavior [ RunTime:0.001377s ]
INFO: [ admin_begin ] --END-- [ RunTime:0.001443s ]
SQL: SHOW COLUMNS FROM `cmf_users` [ RunTime:0.0010s ]
SQL: SELECT * FROM `cmf_users` WHERE `id` = '1' LIMIT 1   [ RunTime:0.0007s ]
SQL: SHOW COLUMNS FROM `cmf_lector` [ RunTime:0.0009s ]
SQL: DELETE FROM `cmf_lector` WHERE ( l_id in (1,4,5) ) [ RunTime:0.3352s ]

[ 2017-04-30T16:20:12+08:00 ] 127.0.0.1 /index.php?g=Admin&m=respone&a=create_course
ERR: 无法加载控制器:Respone

[ 2017-04-30T16:20:28+08:00 ] 127.0.0.1 /index.php?g=Admin&m=response&a=create_course
ERR: 参数错误或者未定义:loginName

[ 2017-04-30T16:20:30+08:00 ] 127.0.0.1 /index.php?g=Admin&m=response&a=create_course
ERR: 参数错误或者未定义:loginName

[ 2017-04-30T16:23:00+08:00 ] 127.0.0.1 /index.php?g=Admin&m=respone&a=create_course
ERR: 无法加载控制器:Respone

[ 2017-04-30T16:27:57+08:00 ] 127.0.0.1 /index.php?g=Admin&m=response&a=create_course
ERR: 参数错误或者未定义:loginName

[ 2017-04-30T17:28:24+08:00 ] 127.0.0.1 /index.php?g=Admin&m=response&a=create_course
ERR: 参数错误或者未定义:array

[ 2017-04-30T18:14:54+08:00 ] 127.0.0.1 /index.php?g=Admin&m=response&a=create_course
ERR: 参数错误或者未定义:subject

[ 2017-04-30T18:17:45+08:00 ] 127.0.0.1 /index.php?g=Admin&m=Course&a=create
ERR: 1364:Field 'introduction' doesn't have a default value
 [ SQL语句 ] : INSERT INTO `cmf_course` (`subject`) VALUES ('12345')

[ 2017-04-30T19:26:39+08:00 ] 127.0.0.1 /index.php?g=Admin&m=Course&a=create
ERR: Class 'Common\Model\PostDate' not found

[ 2017-04-30T19:32:09+08:00 ] 127.0.0.1 /index.php?g=Admin&m=Course&a=create
ERR: 1146:Table 'jun_wei.cmf_post_data' doesn't exist
 [ SQL语句 ] : SHOW COLUMNS FROM `cmf_post_data`

[ 2017-04-30T19:33:43+08:00 ] 127.0.0.1 /index.php?g=Admin&m=Course&a=create
ERR: Class 'Common\Model\PostDate' not found

[ 2017-04-30T19:48:18+08:00 ] 127.0.0.1 /index.php?g=Admin&m=Course&a=create
ERR: Class 'Common\Model\PostDate' not found

[ 2017-04-30T19:50:29+08:00 ] 127.0.0.1 /index.php?g=Admin&m=Course&a=create
ERR: Class 'Common\Model\PostDate' not found

[ 2017-04-30T19:54:08+08:00 ] 127.0.0.1 /index.php?g=Admin&m=Course&a=create
ERR: Class 'Common\Model\PostDate' not found

[ 2017-04-30T20:10:20+08:00 ] 127.0.0.1 /index.php?g=Admin&m=Course&a=create
ERR: Class 'Common\Model\PostDate' not found

[ 2017-04-30T20:52:48+08:00 ] 127.0.0.1 /index.php?g=Admin&m=Course&a=create
ERR: Class 'Common\Model\Submit' not found

[ 2017-04-30T21:06:07+08:00 ] 127.0.0.1 /index.php?g=Admin&m=Course&a=create
ERR: 1048:Column 'number' cannot be null
 [ SQL语句 ] : INSERT INTO `cmf_course` (`type`,`is_free`,`num_class`,`subject`,`now_price`,`old_price`,`startDate`,`invalidDate`,`introduction`,`lector_id`,`people_id`,`book_id`,`number`) VALUES ('0','2','24','12345','666','888','2017-06-03 14:12:06','2017-07-03 14:12:06','231412','6','1','1',NULL)

[ 2017-04-30T21:12:24+08:00 ] 127.0.0.1 /index.php?g=Admin&m=Course&a=create
ERR: 1048:Column 'number' cannot be null
 [ SQL语句 ] : INSERT INTO `cmf_course` (`type`,`is_free`,`num_class`,`subject`,`now_price`,`old_price`,`startDate`,`invalidDate`,`introduction`,`lector_id`,`people_id`,`book_id`,`number`) VALUES ('0','1','89','123','880','660','2017-06-03 14:12:06','2017-07-03 14:12:06','2额243','6','1','3',NULL)

[ 2017-04-30T21:21:52+08:00 ] 127.0.0.1 /index.php?g=Admin&m=Course&a=create
ERR: 1048:Column 'stu_token' cannot be null
 [ SQL语句 ] : INSERT INTO `cmf_course` (`type`,`is_free`,`num_class`,`subject`,`now_price`,`old_price`,`startDate`,`invalidDate`,`introduction`,`lector_id`,`people_id`,`book_id`,`number`,`stu_token`) VALUES ('0','1','45','1234','880','660','2017-06-03 14:12:06','2017-07-03 14:12:06','31242434','6','1','1','5749186',NULL)

[ 2017-04-30T22:08:49+08:00 ] 127.0.0.1 /index.php?g=Admin&m=Course&a=update&id=7
ERR: syntax error, unexpected ')'

[ 2017-04-30T22:08:52+08:00 ] 127.0.0.1 /index.php?g=Admin&m=Course&a=show
ERR: syntax error, unexpected ')'

[ 2017-04-30T22:08:53+08:00 ] 127.0.0.1 /index.php?g=Admin&m=Course&a=show
ERR: syntax error, unexpected ')'

[ 2017-04-30T22:08:53+08:00 ] 127.0.0.1 /index.php?g=Admin&m=Course&a=show
ERR: syntax error, unexpected ')'

[ 2017-04-30T22:08:54+08:00 ] 127.0.0.1 /index.php?g=Admin&m=Course&a=show
ERR: syntax error, unexpected ')'

[ 2017-04-30T22:08:54+08:00 ] 127.0.0.1 /index.php?g=Admin&m=Course&a=show
ERR: syntax error, unexpected ')'

[ 2017-04-30T22:44:53+08:00 ] 127.0.0.1 /index.php?g=Admin&m=Course&a=delete&id=10&class_id=dbDxtRDF6y
INFO: [ app_begin ] --START--
INFO: Run Behavior\ReadHtmlCacheBehavior [ RunTime:0.000447s ]
INFO: Run Behavior\CheckLangBehavior [ RunTime:0.000977s ]
INFO: Run Common\Behavior\UrldecodeGetBehavior [ RunTime:0.000404s ]
INFO: [ app_begin ] --END-- [ RunTime:0.002255s ]
NOTIC: [2] Declaration of Admin\Controller\CourseController::show() should be compatible with Think\Controller::show($content, $charset = '', $contentType = '', $prefix = '') D:\laragon\www\ThinkCMFX\application\Admin\Controller\CourseController.class.php 第 19 行.
INFO: [ admin_begin ] --START--
INFO: Run Common\Behavior\AdminDefaultLangBehavior [ RunTime:0.001077s ]
INFO: [ admin_begin ] --END-- [ RunTime:0.001107s ]
SQL: SHOW COLUMNS FROM `cmf_users` [ RunTime:0.0014s ]
SQL: SELECT * FROM `cmf_users` WHERE `id` = '1' LIMIT 1   [ RunTime:0.0006s ]
SQL: SHOW COLUMNS FROM `cmf_course` [ RunTime:0.0015s ]

[ 2017-04-30T22:48:21+08:00 ] 127.0.0.1 /index.php?g=Admin&m=Course&a=delete&id=10&class_id=dbDxtRDF6y
INFO: [ app_begin ] --START--
INFO: Run Behavior\ReadHtmlCacheBehavior [ RunTime:0.000434s ]
INFO: Run Behavior\CheckLangBehavior [ RunTime:0.000912s ]
INFO: Run Common\Behavior\UrldecodeGetBehavior [ RunTime:0.000405s ]
INFO: [ app_begin ] --END-- [ RunTime:0.002146s ]
NOTIC: [2] Declaration of Admin\Controller\CourseController::show() should be compatible with Think\Controller::show($content, $charset = '', $contentType = '', $prefix = '') D:\laragon\www\ThinkCMFX\application\Admin\Controller\CourseController.class.php 第 19 行.
INFO: [ admin_begin ] --START--
INFO: Run Common\Behavior\AdminDefaultLangBehavior [ RunTime:0.001798s ]
INFO: [ admin_begin ] --END-- [ RunTime:0.001877s ]
SQL: SHOW COLUMNS FROM `cmf_users` [ RunTime:0.0019s ]
SQL: SELECT * FROM `cmf_users` WHERE `id` = '1' LIMIT 1   [ RunTime:0.0008s ]
SQL: SHOW COLUMNS FROM `cmf_junwei` [ RunTime:0.0019s ]
SQL: INSERT INTO `cmf_junwei` (`password`,`loginName`) VALUES ('bb94THhT22pXbUH718VuVs+Y8BxdS5cAHkLqB4/iDhlcJv8','admin@junwei.com') [ RunTime:0.1196s ]

[ 2017-04-30T22:53:07+08:00 ] 127.0.0.1 /index.php?g=Admin&m=Course&a=delete&id=10&class_id=dbDxtRDF6y
INFO: [ app_begin ] --START--
INFO: Run Behavior\ReadHtmlCacheBehavior [ RunTime:0.000952s ]
INFO: Run Behavior\CheckLangBehavior [ RunTime:0.001614s ]
INFO: Run Common\Behavior\UrldecodeGetBehavior [ RunTime:0.000559s ]
INFO: [ app_begin ] --END-- [ RunTime:0.003955s ]
NOTIC: [2] Declaration of Admin\Controller\CourseController::show() should be compatible with Think\Controller::show($content, $charset = '', $contentType = '', $prefix = '') D:\laragon\www\ThinkCMFX\application\Admin\Controller\CourseController.class.php 第 19 行.
INFO: [ admin_begin ] --START--
INFO: Run Common\Behavior\AdminDefaultLangBehavior [ RunTime:0.003139s ]
INFO: [ admin_begin ] --END-- [ RunTime:0.003209s ]
SQL: SHOW COLUMNS FROM `cmf_users` [ RunTime:0.0024s ]
SQL: SELECT * FROM `cmf_users` WHERE `id` = '1' LIMIT 1   [ RunTime:0.0007s ]
SQL: SHOW COLUMNS FROM `cmf_course` [ RunTime:0.0021s ]
SQL: SHOW COLUMNS FROM `cmf_junwei` [ RunTime:0.0020s ]
SQL: SELECT `loginName`,`password` FROM `cmf_junwei`  [ RunTime:0.0006s ]

[ 2017-04-30T22:53:35+08:00 ] 127.0.0.1 /index.php?g=Admin&m=Course&a=delete&id=10&class_id=dbDxtRDF6y
INFO: [ app_begin ] --START--
INFO: Run Behavior\ReadHtmlCacheBehavior [ RunTime:0.000638s ]
INFO: Run Behavior\CheckLangBehavior [ RunTime:0.002142s ]
INFO: Run Common\Behavior\UrldecodeGetBehavior [ RunTime:0.000612s ]
INFO: [ app_begin ] --END-- [ RunTime:0.003982s ]
NOTIC: [2] Declaration of Admin\Controller\CourseController::show() should be compatible with Think\Controller::show($content, $charset = '', $contentType = '', $prefix = '') D:\laragon\www\ThinkCMFX\application\Admin\Controller\CourseController.class.php 第 19 行.
INFO: [ admin_begin ] --START--
INFO: Run Common\Behavior\AdminDefaultLangBehavior [ RunTime:0.002019s ]
INFO: [ admin_begin ] --END-- [ RunTime:0.002083s ]
SQL: SHOW COLUMNS FROM `cmf_users` [ RunTime:0.0024s ]
SQL: SELECT * FROM `cmf_users` WHERE `id` = '1' LIMIT 1   [ RunTime:0.0008s ]
SQL: SHOW COLUMNS FROM `cmf_course` [ RunTime:0.0014s ]
SQL: SHOW COLUMNS FROM `cmf_junwei` [ RunTime:0.0020s ]
SQL: SELECT `loginName`,`password` FROM `cmf_junwei`  [ RunTime:0.0005s ]
NOTIC: [8] Undefined index: loginName D:\laragon\www\ThinkCMFX\application\Admin\Controller\CourseController.class.php 第 150 行.

[ 2017-04-30T22:54:06+08:00 ] 127.0.0.1 /index.php?g=Admin&m=Course&a=delete&id=10&class_id=dbDxtRDF6y
INFO: [ app_begin ] --START--
INFO: Run Behavior\ReadHtmlCacheBehavior [ RunTime:0.000830s ]
INFO: Run Behavior\CheckLangBehavior [ RunTime:0.001466s ]
INFO: Run Common\Behavior\UrldecodeGetBehavior [ RunTime:0.000411s ]
INFO: [ app_begin ] --END-- [ RunTime:0.003545s ]
NOTIC: [2] Declaration of Admin\Controller\CourseController::show() should be compatible with Think\Controller::show($content, $charset = '', $contentType = '', $prefix = '') D:\laragon\www\ThinkCMFX\application\Admin\Controller\CourseController.class.php 第 19 行.
INFO: [ admin_begin ] --START--
INFO: Run Common\Behavior\AdminDefaultLangBehavior [ RunTime:0.002652s ]
INFO: [ admin_begin ] --END-- [ RunTime:0.002714s ]
SQL: SHOW COLUMNS FROM `cmf_users` [ RunTime:0.0016s ]
SQL: SELECT * FROM `cmf_users` WHERE `id` = '1' LIMIT 1   [ RunTime:0.0008s ]
SQL: SHOW COLUMNS FROM `cmf_course` [ RunTime:0.0022s ]
SQL: SHOW COLUMNS FROM `cmf_junwei` [ RunTime:0.0020s ]
SQL: SELECT `loginName` FROM `cmf_junwei` LIMIT 1   [ RunTime:0.0006s ]
NOTIC: [2] Illegal string offset 'loginName' D:\laragon\www\ThinkCMFX\application\Admin\Controller\CourseController.class.php 第 150 行.

[ 2017-04-30T22:54:37+08:00 ] 127.0.0.1 /index.php?g=Admin&m=Course&a=delete&id=10&class_id=dbDxtRDF6y
INFO: [ app_begin ] --START--
INFO: Run Behavior\ReadHtmlCacheBehavior [ RunTime:0.000859s ]
INFO: Run Behavior\CheckLangBehavior [ RunTime:0.001438s ]
INFO: Run Common\Behavior\UrldecodeGetBehavior [ RunTime:0.000405s ]
INFO: [ app_begin ] --END-- [ RunTime:0.003580s ]
NOTIC: [2] Declaration of Admin\Controller\CourseController::show() should be compatible with Think\Controller::show($content, $charset = '', $contentType = '', $prefix = '') D:\laragon\www\ThinkCMFX\application\Admin\Controller\CourseController.class.php 第 19 行.
INFO: [ admin_begin ] --START--
INFO: Run Common\Behavior\AdminDefaultLangBehavior [ RunTime:0.002510s ]
INFO: [ admin_begin ] --END-- [ RunTime:0.002584s ]
SQL: SHOW COLUMNS FROM `cmf_users` [ RunTime:0.0017s ]
SQL: SELECT * FROM `cmf_users` WHERE `id` = '1' LIMIT 1   [ RunTime:0.0005s ]
SQL: SHOW COLUMNS FROM `cmf_course` [ RunTime:0.0014s ]
SQL: SHOW COLUMNS FROM `cmf_junwei` [ RunTime:0.0012s ]
SQL: SELECT `loginName` FROM `cmf_junwei` LIMIT 1   [ RunTime:0.0003s ]

[ 2017-04-30T22:55:02+08:00 ] 127.0.0.1 /index.php?g=Admin&m=Course&a=delete&id=10&class_id=dbDxtRDF6y
INFO: [ app_begin ] --START--
INFO: Run Behavior\ReadHtmlCacheBehavior [ RunTime:0.000859s ]
INFO: Run Behavior\CheckLangBehavior [ RunTime:0.001298s ]
INFO: Run Common\Behavior\UrldecodeGetBehavior [ RunTime:0.000418s ]
INFO: [ app_begin ] --END-- [ RunTime:0.003373s ]
NOTIC: [2] Declaration of Admin\Controller\CourseController::show() should be compatible with Think\Controller::show($content, $charset = '', $contentType = '', $prefix = '') D:\laragon\www\ThinkCMFX\application\Admin\Controller\CourseController.class.php 第 19 行.
INFO: [ admin_begin ] --START--
INFO: Run Common\Behavior\AdminDefaultLangBehavior [ RunTime:0.002048s ]
INFO: [ admin_begin ] --END-- [ RunTime:0.002119s ]
SQL: SHOW COLUMNS FROM `cmf_users` [ RunTime:0.0017s ]
SQL: SELECT * FROM `cmf_users` WHERE `id` = '1' LIMIT 1   [ RunTime:0.0007s ]
SQL: SHOW COLUMNS FROM `cmf_course` [ RunTime:0.0010s ]
SQL: SHOW COLUMNS FROM `cmf_junwei` [ RunTime:0.0018s ]
SQL: SELECT * FROM `cmf_junwei`  [ RunTime:0.0004s ]

[ 2017-04-30T22:55:28+08:00 ] 127.0.0.1 /index.php?g=Admin&m=Course&a=delete&id=10&class_id=dbDxtRDF6y
INFO: [ app_begin ] --START--
INFO: Run Behavior\ReadHtmlCacheBehavior [ RunTime:0.000692s ]
INFO: Run Behavior\CheckLangBehavior [ RunTime:0.001428s ]
INFO: Run Common\Behavior\UrldecodeGetBehavior [ RunTime:0.000337s ]
INFO: [ app_begin ] --END-- [ RunTime:0.002948s ]
NOTIC: [2] Declaration of Admin\Controller\CourseController::show() should be compatible with Think\Controller::show($content, $charset = '', $contentType = '', $prefix = '') D:\laragon\www\ThinkCMFX\application\Admin\Controller\CourseController.class.php 第 19 行.
INFO: [ admin_begin ] --START--
INFO: Run Common\Behavior\AdminDefaultLangBehavior [ RunTime:0.001746s ]
INFO: [ admin_begin ] --END-- [ RunTime:0.001792s ]
SQL: SHOW COLUMNS FROM `cmf_users` [ RunTime:0.0020s ]
SQL: SELECT * FROM `cmf_users` WHERE `id` = '1' LIMIT 1   [ RunTime:0.0005s ]
SQL: SHOW COLUMNS FROM `cmf_course` [ RunTime:0.0012s ]
SQL: SHOW COLUMNS FROM `cmf_junwei` [ RunTime:0.0016s ]
SQL: SELECT * FROM `cmf_junwei` LIMIT 1   [ RunTime:0.0004s ]

[ 2017-04-30T23:06:32+08:00 ] 127.0.0.1 /index.php?g=Admin&m=Course&a=delete&id=10&class_id=dbDxtRDF6y
INFO: [ app_begin ] --START--
INFO: Run Behavior\ReadHtmlCacheBehavior [ RunTime:0.000777s ]
INFO: Run Behavior\CheckLangBehavior [ RunTime:0.001457s ]
INFO: Run Common\Behavior\UrldecodeGetBehavior [ RunTime:0.000296s ]
INFO: [ app_begin ] --END-- [ RunTime:0.003218s ]
NOTIC: [2] Declaration of Admin\Controller\CourseController::show() should be compatible with Think\Controller::show($content, $charset = '', $contentType = '', $prefix = '') D:\laragon\www\ThinkCMFX\application\Admin\Controller\CourseController.class.php 第 19 行.
INFO: [ admin_begin ] --START--
INFO: Run Common\Behavior\AdminDefaultLangBehavior [ RunTime:0.001111s ]
INFO: [ admin_begin ] --END-- [ RunTime:0.001160s ]
SQL: SHOW COLUMNS FROM `cmf_users` [ RunTime:0.0014s ]
SQL: SELECT * FROM `cmf_users` WHERE `id` = '1' LIMIT 1   [ RunTime:0.0007s ]
SQL: SHOW COLUMNS FROM `cmf_course` [ RunTime:0.0009s ]
SQL: SHOW COLUMNS FROM `cmf_junwei` [ RunTime:0.0013s ]
SQL: SELECT * FROM `cmf_junwei` LIMIT 1   [ RunTime:0.0003s ]
INFO: [ admin_begin ] --START--
INFO: Run Common\Behavior\AdminDefaultLangBehavior [ RunTime:0.001933s ]
INFO: [ admin_begin ] --END-- [ RunTime:-0.077139s ]
NOTIC: [8] Constant TMPL_PATH already defined D:\laragon\www\ThinkCMFX\application\Common\Controller\AdminbaseController.class.php 第 23 行.
SQL: SELECT * FROM `cmf_users` WHERE `id` = '1' LIMIT 1   [ RunTime:0.0008s ]
NOTIC: [8] Undefined index: loginName D:\laragon\www\ThinkCMFX\application\Admin\Controller\CourseController.class.php 第 156 行.
INFO: [ admin_begin ] --START--
INFO: Run Common\Behavior\AdminDefaultLangBehavior [ RunTime:0.001639s ]
INFO: [ admin_begin ] --END-- [ RunTime:-0.082419s ]
NOTIC: [8] Constant TMPL_PATH already defined D:\laragon\www\ThinkCMFX\application\Common\Controller\AdminbaseController.class.php 第 23 行.
SQL: SELECT * FROM `cmf_users` WHERE `id` = '1' LIMIT 1   [ RunTime:0.0007s ]

[ 2017-04-30T23:07:37+08:00 ] 127.0.0.1 /index.php?g=Admin&m=Course&a=delete&id=10&class_id=dbDxtRDF6y
INFO: [ app_begin ] --START--
INFO: Run Behavior\ReadHtmlCacheBehavior [ RunTime:0.000658s ]
INFO: Run Behavior\CheckLangBehavior [ RunTime:0.001067s ]
INFO: Run Common\Behavior\UrldecodeGetBehavior [ RunTime:0.000292s ]
INFO: [ app_begin ] --END-- [ RunTime:0.002530s ]
NOTIC: [2] Declaration of Admin\Controller\CourseController::show() should be compatible with Think\Controller::show($content, $charset = '', $contentType = '', $prefix = '') D:\laragon\www\ThinkCMFX\application\Admin\Controller\CourseController.class.php 第 19 行.
INFO: [ admin_begin ] --START--
INFO: Run Common\Behavior\AdminDefaultLangBehavior [ RunTime:0.001879s ]
INFO: [ admin_begin ] --END-- [ RunTime:0.001923s ]
SQL: SHOW COLUMNS FROM `cmf_users` [ RunTime:0.0014s ]
SQL: SELECT * FROM `cmf_users` WHERE `id` = '1' LIMIT 1   [ RunTime:0.0006s ]
SQL: SHOW COLUMNS FROM `cmf_course` [ RunTime:0.0009s ]
INFO: [ admin_begin ] --START--
INFO: Run Common\Behavior\AdminDefaultLangBehavior [ RunTime:0.001273s ]
INFO: [ admin_begin ] --END-- [ RunTime:-0.016805s ]
NOTIC: [8] Constant TMPL_PATH already defined D:\laragon\www\ThinkCMFX\application\Common\Controller\AdminbaseController.class.php 第 23 行.
SQL: SELECT * FROM `cmf_users` WHERE `id` = '1' LIMIT 1   [ RunTime:0.0005s ]
SQL: SHOW COLUMNS FROM `cmf_junwei` [ RunTime:0.0007s ]
SQL: SELECT * FROM `cmf_junwei` LIMIT 1   [ RunTime:0.0003s ]
NOTIC: [8] Undefined index: loginName D:\laragon\www\ThinkCMFX\application\Admin\Controller\CourseController.class.php 第 159 行.
INFO: [ admin_begin ] --START--
INFO: Run Common\Behavior\AdminDefaultLangBehavior [ RunTime:0.001343s ]
INFO: [ admin_begin ] --END-- [ RunTime:-0.021437s ]
NOTIC: [8] Constant TMPL_PATH already defined D:\laragon\www\ThinkCMFX\application\Common\Controller\AdminbaseController.class.php 第 23 行.
SQL: SELECT * FROM `cmf_users` WHERE `id` = '1' LIMIT 1   [ RunTime:0.0008s ]

[ 2017-04-30T23:09:29+08:00 ] 127.0.0.1 /index.php?g=Admin&m=Course&a=delete&id=10&class_id=dbDxtRDF6y
INFO: [ app_begin ] --START--
INFO: Run Behavior\ReadHtmlCacheBehavior [ RunTime:0.000766s ]
INFO: Run Behavior\CheckLangBehavior [ RunTime:0.001474s ]
INFO: Run Common\Behavior\UrldecodeGetBehavior [ RunTime:0.000378s ]
INFO: [ app_begin ] --END-- [ RunTime:0.003818s ]
NOTIC: [2] Declaration of Admin\Controller\CourseController::show() should be compatible with Think\Controller::show($content, $charset = '', $contentType = '', $prefix = '') D:\laragon\www\ThinkCMFX\application\Admin\Controller\CourseController.class.php 第 19 行.
INFO: [ admin_begin ] --START--
INFO: Run Common\Behavior\AdminDefaultLangBehavior [ RunTime:0.003692s ]
INFO: [ admin_begin ] --END-- [ RunTime:0.003748s ]
SQL: SHOW COLUMNS FROM `cmf_users` [ RunTime:0.0018s ]
SQL: SELECT * FROM `cmf_users` WHERE `id` = '1' LIMIT 1   [ RunTime:0.0007s ]
SQL: SHOW COLUMNS FROM `cmf_course` [ RunTime:0.0012s ]
INFO: [ admin_begin ] --START--
INFO: Run Common\Behavior\AdminDefaultLangBehavior [ RunTime:0.001696s ]
INFO: [ admin_begin ] --END-- [ RunTime:-0.029653s ]
NOTIC: [8] Constant TMPL_PATH already defined D:\laragon\www\ThinkCMFX\application\Common\Controller\AdminbaseController.class.php 第 23 行.
SQL: SELECT * FROM `cmf_users` WHERE `id` = '1' LIMIT 1   [ RunTime:0.0008s ]
SQL: SHOW COLUMNS FROM `cmf_junwei` [ RunTime:0.0017s ]
SQL: SELECT * FROM `cmf_junwei` LIMIT 1   [ RunTime:0.0004s ]
NOTIC: [8] Undefined index: loginName D:\laragon\www\ThinkCMFX\application\Admin\Controller\CourseController.class.php 第 159 行.
INFO: [ admin_begin ] --START--
INFO: Run Common\Behavior\AdminDefaultLangBehavior [ RunTime:0.001834s ]
INFO: [ admin_begin ] --END-- [ RunTime:-0.037603s ]
NOTIC: [8] Constant TMPL_PATH already defined D:\laragon\www\ThinkCMFX\application\Common\Controller\AdminbaseController.class.php 第 23 行.
SQL: SELECT * FROM `cmf_users` WHERE `id` = '1' LIMIT 1   [ RunTime:0.0006s ]

[ 2017-04-30T23:10:59+08:00 ] 127.0.0.1 /index.php?g=Admin&m=Course&a=delete&id=10&class_id=dbDxtRDF6y
INFO: [ app_begin ] --START--
INFO: Run Behavior\ReadHtmlCacheBehavior [ RunTime:0.000924s ]
INFO: Run Behavior\CheckLangBehavior [ RunTime:0.001896s ]
INFO: Run Common\Behavior\UrldecodeGetBehavior [ RunTime:0.000509s ]
INFO: [ app_begin ] --END-- [ RunTime:0.004658s ]
NOTIC: [2] Declaration of Admin\Controller\CourseController::show() should be compatible with Think\Controller::show($content, $charset = '', $contentType = '', $prefix = '') D:\laragon\www\ThinkCMFX\application\Admin\Controller\CourseController.class.php 第 19 行.
INFO: [ admin_begin ] --START--
INFO: Run Common\Behavior\AdminDefaultLangBehavior [ RunTime:0.002050s ]
INFO: [ admin_begin ] --END-- [ RunTime:0.002117s ]
SQL: SHOW COLUMNS FROM `cmf_users` [ RunTime:0.0011s ]
SQL: SELECT * FROM `cmf_users` WHERE `id` = '1' LIMIT 1   [ RunTime:0.0008s ]
SQL: SHOW COLUMNS FROM `cmf_course` [ RunTime:0.0014s ]
INFO: [ admin_begin ] --START--
INFO: Run Common\Behavior\AdminDefaultLangBehavior [ RunTime:0.001631s ]
INFO: [ admin_begin ] --END-- [ RunTime:-0.019899s ]
NOTIC: [8] Constant TMPL_PATH already defined D:\laragon\www\ThinkCMFX\application\Common\Controller\AdminbaseController.class.php 第 23 行.
SQL: SELECT * FROM `cmf_users` WHERE `id` = '1' LIMIT 1   [ RunTime:0.0006s ]
SQL: SHOW COLUMNS FROM `cmf_junwei` [ RunTime:0.0008s ]
SQL: SELECT * FROM `cmf_junwei` LIMIT 1   [ RunTime:0.0004s ]
NOTIC: [8] Undefined index: loginName D:\laragon\www\ThinkCMFX\application\Admin\Controller\CourseController.class.php 第 159 行.

[ 2017-04-30T23:11:23+08:00 ] 127.0.0.1 /index.php?g=Admin&m=Course&a=delete&id=9&class_id=67wujfHJGG
INFO: [ app_begin ] --START--
INFO: Run Behavior\ReadHtmlCacheBehavior [ RunTime:0.000851s ]
INFO: Run Behavior\CheckLangBehavior [ RunTime:0.001730s ]
INFO: Run Common\Behavior\UrldecodeGetBehavior [ RunTime:0.000519s ]
INFO: [ app_begin ] --END-- [ RunTime:0.003814s ]
NOTIC: [2] Declaration of Admin\Controller\CourseController::show() should be compatible with Think\Controller::show($content, $charset = '', $contentType = '', $prefix = '') D:\laragon\www\ThinkCMFX\application\Admin\Controller\CourseController.class.php 第 19 行.
INFO: [ admin_begin ] --START--
INFO: Run Common\Behavior\AdminDefaultLangBehavior [ RunTime:0.003796s ]
INFO: [ admin_begin ] --END-- [ RunTime:0.003873s ]
SQL: SHOW COLUMNS FROM `cmf_users` [ RunTime:0.0013s ]
SQL: SELECT * FROM `cmf_users` WHERE `id` = '1' LIMIT 1   [ RunTime:0.0007s ]
SQL: SHOW COLUMNS FROM `cmf_course` [ RunTime:0.0012s ]
INFO: [ admin_begin ] --START--
INFO: Run Common\Behavior\AdminDefaultLangBehavior [ RunTime:0.001280s ]
INFO: [ admin_begin ] --END-- [ RunTime:-0.028044s ]
NOTIC: [8] Constant TMPL_PATH already defined D:\laragon\www\ThinkCMFX\application\Common\Controller\AdminbaseController.class.php 第 23 行.
SQL: SELECT * FROM `cmf_users` WHERE `id` = '1' LIMIT 1   [ RunTime:0.0006s ]
SQL: SHOW COLUMNS FROM `cmf_junwei` [ RunTime:0.0008s ]
SQL: SELECT * FROM `cmf_junwei` LIMIT 1   [ RunTime:0.0004s ]
NOTIC: [8] Undefined index: loginName D:\laragon\www\ThinkCMFX\application\Admin\Controller\CourseController.class.php 第 159 行.

[ 2017-04-30T23:11:43+08:00 ] 127.0.0.1 /index.php?g=Admin&m=Course&a=delete&id=9&class_id=67wujfHJGG
INFO: [ app_begin ] --START--
INFO: Run Behavior\ReadHtmlCacheBehavior [ RunTime:0.000518s ]
INFO: Run Behavior\CheckLangBehavior [ RunTime:0.000915s ]
INFO: Run Common\Behavior\UrldecodeGetBehavior [ RunTime:0.000285s ]
INFO: [ app_begin ] --END-- [ RunTime:0.002270s ]
NOTIC: [2] Declaration of Admin\Controller\CourseController::show() should be compatible with Think\Controller::show($content, $charset = '', $contentType = '', $prefix = '') D:\laragon\www\ThinkCMFX\application\Admin\Controller\CourseController.class.php 第 19 行.
INFO: [ admin_begin ] --START--
INFO: Run Common\Behavior\AdminDefaultLangBehavior [ RunTime:0.001272s ]
INFO: [ admin_begin ] --END-- [ RunTime:0.001313s ]
SQL: SHOW COLUMNS FROM `cmf_users` [ RunTime:0.0009s ]
SQL: SELECT * FROM `cmf_users` WHERE `id` = '1' LIMIT 1   [ RunTime:0.0005s ]
SQL: SHOW COLUMNS FROM `cmf_course` [ RunTime:0.0008s ]
INFO: [ admin_begin ] --START--
INFO: Run Common\Behavior\AdminDefaultLangBehavior [ RunTime:0.000786s ]
INFO: [ admin_begin ] --END-- [ RunTime:-0.013709s ]
NOTIC: [8] Constant TMPL_PATH already defined D:\laragon\www\ThinkCMFX\application\Common\Controller\AdminbaseController.class.php 第 23 行.
SQL: SELECT * FROM `cmf_users` WHERE `id` = '1' LIMIT 1   [ RunTime:0.0005s ]
SQL: SHOW COLUMNS FROM `cmf_junwei` [ RunTime:0.0007s ]
SQL: SELECT * FROM `cmf_junwei` LIMIT 1   [ RunTime:0.0003s ]
NOTIC: [8] Undefined index: loginName D:\laragon\www\ThinkCMFX\application\Admin\Controller\CourseController.class.php 第 159 行.

[ 2017-04-30T23:12:10+08:00 ] 127.0.0.1 /index.php?g=Admin&m=Course&a=delete&id=9&class_id=67wujfHJGG
INFO: [ app_begin ] --START--
INFO: Run Behavior\ReadHtmlCacheBehavior [ RunTime:0.000724s ]
INFO: Run Behavior\CheckLangBehavior [ RunTime:0.001341s ]
INFO: Run Common\Behavior\UrldecodeGetBehavior [ RunTime:0.000403s ]
INFO: [ app_begin ] --END-- [ RunTime:0.003178s ]
NOTIC: [2] Declaration of Admin\Controller\CourseController::show() should be compatible with Think\Controller::show($content, $charset = '', $contentType = '', $prefix = '') D:\laragon\www\ThinkCMFX\application\Admin\Controller\CourseController.class.php 第 19 行.
INFO: [ admin_begin ] --START--
INFO: Run Common\Behavior\AdminDefaultLangBehavior [ RunTime:0.002910s ]
INFO: [ admin_begin ] --END-- [ RunTime:0.002968s ]
SQL: SHOW COLUMNS FROM `cmf_users` [ RunTime:0.0014s ]
SQL: SELECT * FROM `cmf_users` WHERE `id` = '1' LIMIT 1   [ RunTime:0.0007s ]
SQL: SHOW COLUMNS FROM `cmf_course` [ RunTime:0.0010s ]
INFO: [ admin_begin ] --START--
INFO: Run Common\Behavior\AdminDefaultLangBehavior [ RunTime:0.001354s ]
INFO: [ admin_begin ] --END-- [ RunTime:-0.028498s ]
NOTIC: [8] Constant TMPL_PATH already defined D:\laragon\www\ThinkCMFX\application\Common\Controller\AdminbaseController.class.php 第 23 行.
SQL: SELECT * FROM `cmf_users` WHERE `id` = '1' LIMIT 1   [ RunTime:0.0007s ]
SQL: SHOW COLUMNS FROM `cmf_junwei` [ RunTime:0.0008s ]
SQL: SELECT * FROM `cmf_junwei` LIMIT 1   [ RunTime:0.0004s ]

[ 2017-04-30T23:12:46+08:00 ] 127.0.0.1 /index.php?g=Admin&m=Course&a=delete&id=9&class_id=67wujfHJGG
INFO: [ app_begin ] --START--
INFO: Run Behavior\ReadHtmlCacheBehavior [ RunTime:0.000543s ]
INFO: Run Behavior\CheckLangBehavior [ RunTime:0.000842s ]
INFO: Run Common\Behavior\UrldecodeGetBehavior [ RunTime:0.000288s ]
INFO: [ app_begin ] --END-- [ RunTime:0.002271s ]
NOTIC: [2] Declaration of Admin\Controller\CourseController::show() should be compatible with Think\Controller::show($content, $charset = '', $contentType = '', $prefix = '') D:\laragon\www\ThinkCMFX\application\Admin\Controller\CourseController.class.php 第 19 行.
INFO: [ admin_begin ] --START--
INFO: Run Common\Behavior\AdminDefaultLangBehavior [ RunTime:0.002025s ]
INFO: [ admin_begin ] --END-- [ RunTime:0.002111s ]
SQL: SHOW COLUMNS FROM `cmf_users` [ RunTime:0.0007s ]
SQL: SELECT * FROM `cmf_users` WHERE `id` = '1' LIMIT 1   [ RunTime:0.0005s ]
SQL: SHOW COLUMNS FROM `cmf_course` [ RunTime:0.0006s ]
INFO: [ admin_begin ] --START--
INFO: Run Common\Behavior\AdminDefaultLangBehavior [ RunTime:0.001182s ]
INFO: [ admin_begin ] --END-- [ RunTime:-0.013321s ]
NOTIC: [8] Constant TMPL_PATH already defined D:\laragon\www\ThinkCMFX\application\Common\Controller\AdminbaseController.class.php 第 23 行.
SQL: SELECT * FROM `cmf_users` WHERE `id` = '1' LIMIT 1   [ RunTime:0.0004s ]
SQL: SHOW COLUMNS FROM `cmf_junwei` [ RunTime:0.0005s ]
SQL: SELECT * FROM `cmf_junwei` LIMIT 1   [ RunTime:0.0003s ]

[ 2017-04-30T23:13:06+08:00 ] 127.0.0.1 /index.php?g=Admin&m=Course&a=delete&id=9&class_id=67wujfHJGG
INFO: [ app_begin ] --START--
INFO: Run Behavior\ReadHtmlCacheBehavior [ RunTime:0.001044s ]
INFO: Run Behavior\CheckLangBehavior [ RunTime:0.002130s ]
INFO: Run Common\Behavior\UrldecodeGetBehavior [ RunTime:0.000647s ]
INFO: [ app_begin ] --END-- [ RunTime:0.004541s ]
NOTIC: [2] Declaration of Admin\Controller\CourseController::show() should be compatible with Think\Controller::show($content, $charset = '', $contentType = '', $prefix = '') D:\laragon\www\ThinkCMFX\application\Admin\Controller\CourseController.class.php 第 19 行.
INFO: [ admin_begin ] --START--
INFO: Run Common\Behavior\AdminDefaultLangBehavior [ RunTime:0.002093s ]
INFO: [ admin_begin ] --END-- [ RunTime:0.002165s ]
SQL: SHOW COLUMNS FROM `cmf_users` [ RunTime:0.0022s ]
SQL: SELECT * FROM `cmf_users` WHERE `id` = '1' LIMIT 1   [ RunTime:0.0008s ]
SQL: SHOW COLUMNS FROM `cmf_course` [ RunTime:0.0011s ]
INFO: [ admin_begin ] --START--
INFO: Run Common\Behavior\AdminDefaultLangBehavior [ RunTime:0.001321s ]
INFO: [ admin_begin ] --END-- [ RunTime:-0.021477s ]
NOTIC: [8] Constant TMPL_PATH already defined D:\laragon\www\ThinkCMFX\application\Common\Controller\AdminbaseController.class.php 第 23 行.
SQL: SELECT * FROM `cmf_users` WHERE `id` = '1' LIMIT 1   [ RunTime:0.0012s ]
SQL: SHOW COLUMNS FROM `cmf_junwei` [ RunTime:0.0020s ]
SQL: SELECT * FROM `cmf_junwei` LIMIT 1   [ RunTime:0.0004s ]

[ 2017-04-30T23:13:33+08:00 ] 127.0.0.1 /index.php?g=Admin&m=Course&a=delete&id=9&class_id=67wujfHJGG
INFO: [ app_begin ] --START--
INFO: Run Behavior\ReadHtmlCacheBehavior [ RunTime:0.000515s ]
INFO: Run Behavior\CheckLangBehavior [ RunTime:0.000953s ]
INFO: Run Common\Behavior\UrldecodeGetBehavior [ RunTime:0.000268s ]
INFO: [ app_begin ] --END-- [ RunTime:0.002288s ]
NOTIC: [2] Declaration of Admin\Controller\CourseController::show() should be compatible with Think\Controller::show($content, $charset = '', $contentType = '', $prefix = '') D:\laragon\www\ThinkCMFX\application\Admin\Controller\CourseController.class.php 第 19 行.
INFO: [ admin_begin ] --START--
INFO: Run Common\Behavior\AdminDefaultLangBehavior [ RunTime:0.001217s ]
INFO: [ admin_begin ] --END-- [ RunTime:0.001252s ]
SQL: SHOW COLUMNS FROM `cmf_users` [ RunTime:0.0185s ]
SQL: SELECT * FROM `cmf_users` WHERE `id` = '1' LIMIT 1   [ RunTime:0.0004s ]
SQL: SHOW COLUMNS FROM `cmf_course` [ RunTime:0.0006s ]
INFO: [ admin_begin ] --START--
INFO: Run Common\Behavior\AdminDefaultLangBehavior [ RunTime:0.000782s ]
INFO: [ admin_begin ] --END-- [ RunTime:-0.032619s ]
NOTIC: [8] Constant TMPL_PATH already defined D:\laragon\www\ThinkCMFX\application\Common\Controller\AdminbaseController.class.php 第 23 行.
SQL: SELECT * FROM `cmf_users` WHERE `id` = '1' LIMIT 1   [ RunTime:0.0006s ]
SQL: SHOW COLUMNS FROM `cmf_junwei` [ RunTime:0.0017s ]
SQL: SELECT * FROM `cmf_junwei` LIMIT 1   [ RunTime:0.0003s ]
INFO: [ admin_begin ] --START--
INFO: Run Common\Behavior\AdminDefaultLangBehavior [ RunTime:0.001310s ]
INFO: [ admin_begin ] --END-- [ RunTime:-0.038641s ]
NOTIC: [8] Constant TMPL_PATH already defined D:\laragon\www\ThinkCMFX\application\Common\Controller\AdminbaseController.class.php 第 23 行.
SQL: SELECT * FROM `cmf_users` WHERE `id` = '1' LIMIT 1   [ RunTime:0.0008s ]
SQL: DELETE FROM `cmf_course` WHERE ( id = 9 ) [ RunTime:0.1018s ]

[ 2017-04-30T23:16:34+08:00 ] 127.0.0.1 /index.php?g=Admin&m=Course&a=delete&id=2&class_id=U6fxXeo7m2
INFO: [ app_begin ] --START--
INFO: Run Behavior\ReadHtmlCacheBehavior [ RunTime:0.000658s ]
INFO: Run Behavior\CheckLangBehavior [ RunTime:0.001715s ]
INFO: Run Common\Behavior\UrldecodeGetBehavior [ RunTime:0.000512s ]
INFO: [ app_begin ] --END-- [ RunTime:0.003569s ]
NOTIC: [2] Declaration of Admin\Controller\CourseController::show() should be compatible with Think\Controller::show($content, $charset = '', $contentType = '', $prefix = '') D:\laragon\www\ThinkCMFX\application\Admin\Controller\CourseController.class.php 第 19 行.
INFO: [ admin_begin ] --START--
INFO: Run Common\Behavior\AdminDefaultLangBehavior [ RunTime:0.002212s ]
INFO: [ admin_begin ] --END-- [ RunTime:0.002277s ]
SQL: SHOW COLUMNS FROM `cmf_users` [ RunTime:0.0018s ]
SQL: SELECT * FROM `cmf_users` WHERE `id` = '1' LIMIT 1   [ RunTime:0.0007s ]
SQL: SHOW COLUMNS FROM `cmf_course` [ RunTime:0.0020s ]
INFO: [ admin_begin ] --START--
INFO: Run Common\Behavior\AdminDefaultLangBehavior [ RunTime:0.001495s ]
INFO: [ admin_begin ] --END-- [ RunTime:-0.022237s ]
NOTIC: [8] Constant TMPL_PATH already defined D:\laragon\www\ThinkCMFX\application\Common\Controller\AdminbaseController.class.php 第 23 行.
SQL: SELECT * FROM `cmf_users` WHERE `id` = '1' LIMIT 1   [ RunTime:0.0007s ]
SQL: SHOW COLUMNS FROM `cmf_junwei` [ RunTime:0.0019s ]
SQL: SELECT * FROM `cmf_junwei` LIMIT 1   [ RunTime:0.0005s ]
INFO: [ admin_begin ] --START--
INFO: Run Common\Behavior\AdminDefaultLangBehavior [ RunTime:0.001285s ]
INFO: [ admin_begin ] --END-- [ RunTime:-0.029941s ]
NOTIC: [8] Constant TMPL_PATH already defined D:\laragon\www\ThinkCMFX\application\Common\Controller\AdminbaseController.class.php 第 23 行.
SQL: SELECT * FROM `cmf_users` WHERE `id` = '1' LIMIT 1   [ RunTime:0.0007s ]

[ 2017-04-30T23:18:42+08:00 ] 127.0.0.1 /index.php?g=Admin&m=Course&a=delete&id=1&class_id=ydv5IczJOo
INFO: [ app_begin ] --START--
INFO: Run Behavior\ReadHtmlCacheBehavior [ RunTime:0.000808s ]
INFO: Run Behavior\CheckLangBehavior [ RunTime:0.001851s ]
INFO: Run Common\Behavior\UrldecodeGetBehavior [ RunTime:0.000517s ]
INFO: [ app_begin ] --END-- [ RunTime:0.004021s ]
NOTIC: [2] Declaration of Admin\Controller\CourseController::show() should be compatible with Think\Controller::show($content, $charset = '', $contentType = '', $prefix = '') D:\laragon\www\ThinkCMFX\application\Admin\Controller\CourseController.class.php 第 19 行.
INFO: [ admin_begin ] --START--
INFO: Run Common\Behavior\AdminDefaultLangBehavior [ RunTime:0.001952s ]
INFO: [ admin_begin ] --END-- [ RunTime:0.002010s ]
SQL: SHOW COLUMNS FROM `cmf_users` [ RunTime:0.0023s ]
SQL: SELECT * FROM `cmf_users` WHERE `id` = '1' LIMIT 1   [ RunTime:0.0008s ]
SQL: SHOW COLUMNS FROM `cmf_course` [ RunTime:0.0024s ]
INFO: [ admin_begin ] --START--
INFO: Run Common\Behavior\AdminDefaultLangBehavior [ RunTime:0.001381s ]
INFO: [ admin_begin ] --END-- [ RunTime:-0.024304s ]
NOTIC: [8] Constant TMPL_PATH already defined D:\laragon\www\ThinkCMFX\application\Common\Controller\AdminbaseController.class.php 第 23 行.
SQL: SELECT * FROM `cmf_users` WHERE `id` = '1' LIMIT 1   [ RunTime:0.0008s ]
SQL: SHOW COLUMNS FROM `cmf_junwei` [ RunTime:0.0017s ]
SQL: SELECT * FROM `cmf_junwei` LIMIT 1   [ RunTime:0.0004s ]
INFO: [ admin_begin ] --START--
INFO: Run Common\Behavior\AdminDefaultLangBehavior [ RunTime:0.001175s ]
INFO: [ admin_begin ] --END-- [ RunTime:-0.031383s ]
NOTIC: [8] Constant TMPL_PATH already defined D:\laragon\www\ThinkCMFX\application\Common\Controller\AdminbaseController.class.php 第 23 行.
SQL: SELECT * FROM `cmf_users` WHERE `id` = '1' LIMIT 1   [ RunTime:0.0009s ]

[ 2017-04-30T23:24:54+08:00 ] 127.0.0.1 /index.php?g=Admin&m=Course&a=delete&id=2&class_id=U6fxXeo7m2
INFO: [ app_begin ] --START--
INFO: Run Behavior\ReadHtmlCacheBehavior [ RunTime:0.000888s ]
INFO: Run Behavior\CheckLangBehavior [ RunTime:0.001703s ]
INFO: Run Common\Behavior\UrldecodeGetBehavior [ RunTime:0.000523s ]
INFO: [ app_begin ] --END-- [ RunTime:0.003952s ]
NOTIC: [2] Declaration of Admin\Controller\CourseController::show() should be compatible with Think\Controller::show($content, $charset = '', $contentType = '', $prefix = '') D:\laragon\www\ThinkCMFX\application\Admin\Controller\CourseController.class.php 第 19 行.
INFO: [ admin_begin ] --START--
INFO: Run Common\Behavior\AdminDefaultLangBehavior [ RunTime:0.002181s ]
INFO: [ admin_begin ] --END-- [ RunTime:0.002243s ]
SQL: SHOW COLUMNS FROM `cmf_users` [ RunTime:0.0017s ]
SQL: SELECT * FROM `cmf_users` WHERE `id` = '1' LIMIT 1   [ RunTime:0.0007s ]
SQL: SHOW COLUMNS FROM `cmf_course` [ RunTime:0.0011s ]
INFO: [ admin_begin ] --START--
INFO: Run Common\Behavior\AdminDefaultLangBehavior [ RunTime:0.001378s ]
INFO: [ admin_begin ] --END-- [ RunTime:-0.028134s ]
NOTIC: [8] Constant TMPL_PATH already defined D:\laragon\www\ThinkCMFX\application\Common\Controller\AdminbaseController.class.php 第 23 行.
SQL: SELECT * FROM `cmf_users` WHERE `id` = '1' LIMIT 1   [ RunTime:0.0007s ]
SQL: SHOW COLUMNS FROM `cmf_junwei` [ RunTime:0.0008s ]
SQL: SELECT * FROM `cmf_junwei` LIMIT 1   [ RunTime:0.0004s ]
INFO: [ admin_begin ] --START--
INFO: Run Common\Behavior\AdminDefaultLangBehavior [ RunTime:0.001212s ]
INFO: [ admin_begin ] --END-- [ RunTime:-0.033906s ]
NOTIC: [8] Constant TMPL_PATH already defined D:\laragon\www\ThinkCMFX\application\Common\Controller\AdminbaseController.class.php 第 23 行.
SQL: SELECT * FROM `cmf_users` WHERE `id` = '1' LIMIT 1   [ RunTime:0.0006s ]

[ 2017-04-30T23:26:40+08:00 ] 127.0.0.1 /index.php?g=Admin&m=Course&a=delete&id=1&class_id=ydv5IczJOo
INFO: [ app_begin ] --START--
INFO: Run Behavior\ReadHtmlCacheBehavior [ RunTime:0.000691s ]
INFO: Run Behavior\CheckLangBehavior [ RunTime:0.001405s ]
INFO: Run Common\Behavior\UrldecodeGetBehavior [ RunTime:0.000362s ]
INFO: [ app_begin ] --END-- [ RunTime:0.003125s ]
NOTIC: [2] Declaration of Admin\Controller\CourseController::show() should be compatible with Think\Controller::show($content, $charset = '', $contentType = '', $prefix = '') D:\laragon\www\ThinkCMFX\application\Admin\Controller\CourseController.class.php 第 19 行.
INFO: [ admin_begin ] --START--
INFO: Run Common\Behavior\AdminDefaultLangBehavior [ RunTime:0.003811s ]
INFO: [ admin_begin ] --END-- [ RunTime:0.003868s ]
SQL: SHOW COLUMNS FROM `cmf_users` [ RunTime:0.0013s ]
SQL: SELECT * FROM `cmf_users` WHERE `id` = '1' LIMIT 1   [ RunTime:0.0005s ]
SQL: SHOW COLUMNS FROM `cmf_course` [ RunTime:0.0015s ]
INFO: [ admin_begin ] --START--
INFO: Run Common\Behavior\AdminDefaultLangBehavior [ RunTime:0.001372s ]
INFO: [ admin_begin ] --END-- [ RunTime:-0.015267s ]
NOTIC: [8] Constant TMPL_PATH already defined D:\laragon\www\ThinkCMFX\application\Common\Controller\AdminbaseController.class.php 第 23 行.
SQL: SELECT * FROM `cmf_users` WHERE `id` = '1' LIMIT 1   [ RunTime:0.0005s ]
SQL: SHOW COLUMNS FROM `cmf_junwei` [ RunTime:0.0011s ]
SQL: SELECT * FROM `cmf_junwei` LIMIT 1   [ RunTime:0.0003s ]
INFO: [ admin_begin ] --START--
INFO: Run Common\Behavior\AdminDefaultLangBehavior [ RunTime:0.001224s ]
INFO: [ admin_begin ] --END-- [ RunTime:-0.020552s ]
NOTIC: [8] Constant TMPL_PATH already defined D:\laragon\www\ThinkCMFX\application\Common\Controller\AdminbaseController.class.php 第 23 行.
SQL: SELECT * FROM `cmf_users` WHERE `id` = '1' LIMIT 1   [ RunTime:0.0005s ]
SQL: DELETE FROM `cmf_course` WHERE ( id = 1 ) [ RunTime:0.1198s ]

[ 2017-04-30T23:31:16+08:00 ] 127.0.0.1 /index.php?g=Admin&m=Course&a=delete
INFO: [ app_begin ] --START--
INFO: Run Behavior\ReadHtmlCacheBehavior [ RunTime:0.000830s ]
INFO: Run Behavior\CheckLangBehavior [ RunTime:0.001542s ]
INFO: Run Common\Behavior\UrldecodeGetBehavior [ RunTime:0.000469s ]
INFO: [ app_begin ] --END-- [ RunTime:0.003693s ]
NOTIC: [2] Declaration of Admin\Controller\CourseController::show() should be compatible with Think\Controller::show($content, $charset = '', $contentType = '', $prefix = '') D:\laragon\www\ThinkCMFX\application\Admin\Controller\CourseController.class.php 第 19 行.
INFO: [ admin_begin ] --START--
INFO: Run Common\Behavior\AdminDefaultLangBehavior [ RunTime:0.001631s ]
INFO: [ admin_begin ] --END-- [ RunTime:0.001683s ]
SQL: SHOW COLUMNS FROM `cmf_users` [ RunTime:0.0012s ]
SQL: SELECT * FROM `cmf_users` WHERE `id` = '1' LIMIT 1   [ RunTime:0.0006s ]
SQL: SHOW COLUMNS FROM `cmf_course` [ RunTime:0.0011s ]
INFO: [ admin_begin ] --START--
INFO: Run Common\Behavior\AdminDefaultLangBehavior [ RunTime:0.001614s ]
INFO: [ admin_begin ] --END-- [ RunTime:-0.027178s ]
NOTIC: [8] Constant TMPL_PATH already defined D:\laragon\www\ThinkCMFX\application\Common\Controller\AdminbaseController.class.php 第 23 行.
SQL: SELECT * FROM `cmf_users` WHERE `id` = '1' LIMIT 1   [ RunTime:0.0008s ]
NOTIC: [8] Array to string conversion D:\laragon\www\ThinkCMFX\application\Admin\Controller\CourseController.class.php 第 175 行.
ERR: 1054:Unknown column 'Array' in 'where clause'
 [ SQL语句 ] : SELECT `id` FROM `cmf_course` WHERE ( id in (Array) ) LIMIT 1  
ERR: 1054:Unknown column 'Array' in 'where clause'
 [ SQL语句 ] : SELECT `id` FROM `cmf_course` WHERE ( id in (Array) ) LIMIT 1  

[ 2017-04-30T23:31:55+08:00 ] 127.0.0.1 /index.php?g=Admin&m=Course&a=delete
INFO: [ app_begin ] --START--
INFO: Run Behavior\ReadHtmlCacheBehavior [ RunTime:0.000688s ]
INFO: Run Behavior\CheckLangBehavior [ RunTime:0.011965s ]
INFO: Run Common\Behavior\UrldecodeGetBehavior [ RunTime:0.000588s ]
INFO: [ app_begin ] --END-- [ RunTime:0.013952s ]
NOTIC: [2] Declaration of Admin\Controller\CourseController::show() should be compatible with Think\Controller::show($content, $charset = '', $contentType = '', $prefix = '') D:\laragon\www\ThinkCMFX\application\Admin\Controller\CourseController.class.php 第 19 行.
INFO: [ admin_begin ] --START--
INFO: Run Common\Behavior\AdminDefaultLangBehavior [ RunTime:0.004249s ]
INFO: [ admin_begin ] --END-- [ RunTime:0.004316s ]
SQL: SHOW COLUMNS FROM `cmf_users` [ RunTime:0.0020s ]
SQL: SELECT * FROM `cmf_users` WHERE `id` = '1' LIMIT 1   [ RunTime:0.0007s ]
SQL: SHOW COLUMNS FROM `cmf_course` [ RunTime:0.0012s ]
INFO: [ admin_begin ] --START--
INFO: Run Common\Behavior\AdminDefaultLangBehavior [ RunTime:0.001557s ]
INFO: [ admin_begin ] --END-- [ RunTime:-0.105045s ]
NOTIC: [8] Constant TMPL_PATH already defined D:\laragon\www\ThinkCMFX\application\Common\Controller\AdminbaseController.class.php 第 23 行.
SQL: SELECT * FROM `cmf_users` WHERE `id` = '1' LIMIT 1   [ RunTime:0.0007s ]

[ 2017-04-30T23:32:29+08:00 ] 127.0.0.1 /index.php?g=Admin&m=Course&a=delete
INFO: [ app_begin ] --START--
INFO: Run Behavior\ReadHtmlCacheBehavior [ RunTime:0.000592s ]
INFO: Run Behavior\CheckLangBehavior [ RunTime:0.001386s ]
INFO: Run Common\Behavior\UrldecodeGetBehavior [ RunTime:0.000428s ]
INFO: [ app_begin ] --END-- [ RunTime:0.003056s ]
NOTIC: [2] Declaration of Admin\Controller\CourseController::show() should be compatible with Think\Controller::show($content, $charset = '', $contentType = '', $prefix = '') D:\laragon\www\ThinkCMFX\application\Admin\Controller\CourseController.class.php 第 19 行.
INFO: [ admin_begin ] --START--
INFO: Run Common\Behavior\AdminDefaultLangBehavior [ RunTime:0.007984s ]
INFO: [ admin_begin ] --END-- [ RunTime:0.008075s ]
SQL: SHOW COLUMNS FROM `cmf_users` [ RunTime:0.0023s ]
SQL: SELECT * FROM `cmf_users` WHERE `id` = '1' LIMIT 1   [ RunTime:0.0008s ]
SQL: SHOW COLUMNS FROM `cmf_course` [ RunTime:0.0011s ]
INFO: [ admin_begin ] --START--
INFO: Run Common\Behavior\AdminDefaultLangBehavior [ RunTime:0.001416s ]
INFO: [ admin_begin ] --END-- [ RunTime:-0.028203s ]
NOTIC: [8] Constant TMPL_PATH already defined D:\laragon\www\ThinkCMFX\application\Common\Controller\AdminbaseController.class.php 第 23 行.
SQL: SELECT * FROM `cmf_users` WHERE `id` = '1' LIMIT 1   [ RunTime:0.0008s ]

[ 2017-04-30T23:32:57+08:00 ] 127.0.0.1 /index.php?g=Admin&m=Course&a=delete
INFO: [ app_begin ] --START--
INFO: Run Behavior\ReadHtmlCacheBehavior [ RunTime:0.001156s ]
INFO: Run Behavior\CheckLangBehavior [ RunTime:0.001620s ]
INFO: Run Common\Behavior\UrldecodeGetBehavior [ RunTime:0.000725s ]
INFO: [ app_begin ] --END-- [ RunTime:0.004484s ]
NOTIC: [2] Declaration of Admin\Controller\CourseController::show() should be compatible with Think\Controller::show($content, $charset = '', $contentType = '', $prefix = '') D:\laragon\www\ThinkCMFX\application\Admin\Controller\CourseController.class.php 第 19 行.
INFO: [ admin_begin ] --START--
INFO: Run Common\Behavior\AdminDefaultLangBehavior [ RunTime:0.007123s ]
INFO: [ admin_begin ] --END-- [ RunTime:0.007199s ]
SQL: SHOW COLUMNS FROM `cmf_users` [ RunTime:0.0022s ]
SQL: SELECT * FROM `cmf_users` WHERE `id` = '1' LIMIT 1   [ RunTime:0.0007s ]
SQL: SHOW COLUMNS FROM `cmf_course` [ RunTime:0.0022s ]
INFO: [ admin_begin ] --START--
INFO: Run Common\Behavior\AdminDefaultLangBehavior [ RunTime:0.001373s ]
INFO: [ admin_begin ] --END-- [ RunTime:-0.046229s ]
NOTIC: [8] Constant TMPL_PATH already defined D:\laragon\www\ThinkCMFX\application\Common\Controller\AdminbaseController.class.php 第 23 行.
SQL: SELECT * FROM `cmf_users` WHERE `id` = '1' LIMIT 1   [ RunTime:0.0006s ]
NOTIC: [8] Array to string conversion D:\laragon\www\ThinkCMFX\application\Admin\Controller\CourseController.class.php 第 176 行.
ERR: 1054:Unknown column 'Array' in 'where clause'
 [ SQL语句 ] : SELECT `id` FROM `cmf_course` WHERE ( id in (Array) ) LIMIT 1  
ERR: 1054:Unknown column 'Array' in 'where clause'
 [ SQL语句 ] : SELECT `id` FROM `cmf_course` WHERE ( id in (Array) ) LIMIT 1  

[ 2017-04-30T23:33:38+08:00 ] 127.0.0.1 /index.php?g=Admin&m=Course&a=delete
INFO: [ app_begin ] --START--
INFO: Run Behavior\ReadHtmlCacheBehavior [ RunTime:0.003616s ]
INFO: Run Behavior\CheckLangBehavior [ RunTime:0.007532s ]
INFO: Run Common\Behavior\UrldecodeGetBehavior [ RunTime:0.000730s ]
INFO: [ app_begin ] --END-- [ RunTime:0.016185s ]
NOTIC: [2] Declaration of Admin\Controller\CourseController::show() should be compatible with Think\Controller::show($content, $charset = '', $contentType = '', $prefix = '') D:\laragon\www\ThinkCMFX\application\Admin\Controller\CourseController.class.php 第 19 行.
INFO: [ admin_begin ] --START--
INFO: Run Common\Behavior\AdminDefaultLangBehavior [ RunTime:0.004703s ]
INFO: [ admin_begin ] --END-- [ RunTime:0.004835s ]
SQL: SHOW COLUMNS FROM `cmf_users` [ RunTime:0.0018s ]
SQL: SELECT * FROM `cmf_users` WHERE `id` = '1' LIMIT 1   [ RunTime:0.0007s ]
SQL: SHOW COLUMNS FROM `cmf_course` [ RunTime:0.0019s ]
INFO: [ admin_begin ] --START--
INFO: Run Common\Behavior\AdminDefaultLangBehavior [ RunTime:0.001233s ]
INFO: [ admin_begin ] --END-- [ RunTime:-0.042387s ]
NOTIC: [8] Constant TMPL_PATH already defined D:\laragon\www\ThinkCMFX\application\Common\Controller\AdminbaseController.class.php 第 23 行.
SQL: SELECT * FROM `cmf_users` WHERE `id` = '1' LIMIT 1   [ RunTime:0.0006s ]
NOTIC: [8] Array to string conversion D:\laragon\www\ThinkCMFX\application\Admin\Controller\CourseController.class.php 第 176 行.
ERR: 1054:Unknown column 'Array' in 'where clause'
 [ SQL语句 ] : SELECT * FROM `cmf_course` WHERE ( id in (Array) ) 
ERR: 1054:Unknown column 'Array' in 'where clause'
 [ SQL语句 ] : SELECT * FROM `cmf_course` WHERE ( id in (Array) ) 

[ 2017-04-30T23:36:15+08:00 ] 127.0.0.1 /index.php?g=Admin&m=Course&a=delete
INFO: [ app_begin ] --START--
INFO: Run Behavior\ReadHtmlCacheBehavior [ RunTime:0.000890s ]
INFO: Run Behavior\CheckLangBehavior [ RunTime:0.001754s ]
INFO: Run Common\Behavior\UrldecodeGetBehavior [ RunTime:0.000470s ]
INFO: [ app_begin ] --END-- [ RunTime:0.003893s ]
NOTIC: [2] Declaration of Admin\Controller\CourseController::show() should be compatible with Think\Controller::show($content, $charset = '', $contentType = '', $prefix = '') D:\laragon\www\ThinkCMFX\application\Admin\Controller\CourseController.class.php 第 19 行.
INFO: [ admin_begin ] --START--
INFO: Run Common\Behavior\AdminDefaultLangBehavior [ RunTime:0.002324s ]
INFO: [ admin_begin ] --END-- [ RunTime:0.002396s ]
SQL: SHOW COLUMNS FROM `cmf_users` [ RunTime:0.0017s ]
SQL: SELECT * FROM `cmf_users` WHERE `id` = '1' LIMIT 1   [ RunTime:0.0010s ]
SQL: SHOW COLUMNS FROM `cmf_course` [ RunTime:0.0011s ]
INFO: [ admin_begin ] --START--
INFO: Run Common\Behavior\AdminDefaultLangBehavior [ RunTime:0.001232s ]
INFO: [ admin_begin ] --END-- [ RunTime:-0.021256s ]
NOTIC: [8] Constant TMPL_PATH already defined D:\laragon\www\ThinkCMFX\application\Common\Controller\AdminbaseController.class.php 第 23 行.
SQL: SELECT * FROM `cmf_users` WHERE `id` = '1' LIMIT 1   [ RunTime:0.0010s ]
SQL: SELECT * FROM `cmf_course` WHERE ( id in (3,4) )  [ RunTime:0.0007s ]

[ 2017-04-30T23:39:18+08:00 ] 127.0.0.1 /index.php?g=Admin&m=Course&a=delete
INFO: [ app_begin ] --START--
INFO: Run Behavior\ReadHtmlCacheBehavior [ RunTime:0.001578s ]
INFO: Run Behavior\CheckLangBehavior [ RunTime:0.011612s ]
INFO: Run Common\Behavior\UrldecodeGetBehavior [ RunTime:0.000735s ]
INFO: [ app_begin ] --END-- [ RunTime:0.014914s ]
NOTIC: [2] Declaration of Admin\Controller\CourseController::show() should be compatible with Think\Controller::show($content, $charset = '', $contentType = '', $prefix = '') D:\laragon\www\ThinkCMFX\application\Admin\Controller\CourseController.class.php 第 19 行.
INFO: [ admin_begin ] --START--
INFO: Run Common\Behavior\AdminDefaultLangBehavior [ RunTime:0.002081s ]
INFO: [ admin_begin ] --END-- [ RunTime:0.002145s ]
SQL: SHOW COLUMNS FROM `cmf_users` [ RunTime:0.0019s ]
SQL: SELECT * FROM `cmf_users` WHERE `id` = '1' LIMIT 1   [ RunTime:0.0009s ]
SQL: SHOW COLUMNS FROM `cmf_course` [ RunTime:0.0011s ]
INFO: [ admin_begin ] --START--
INFO: Run Common\Behavior\AdminDefaultLangBehavior [ RunTime:0.001649s ]
INFO: [ admin_begin ] --END-- [ RunTime:-0.114670s ]
NOTIC: [8] Constant TMPL_PATH already defined D:\laragon\www\ThinkCMFX\application\Common\Controller\AdminbaseController.class.php 第 23 行.
SQL: SELECT * FROM `cmf_users` WHERE `id` = '1' LIMIT 1   [ RunTime:0.0007s ]
SQL: SELECT * FROM `cmf_course` WHERE ( id in (3,4) )  [ RunTime:0.0007s ]
SQL: SHOW COLUMNS FROM `cmf_junwei` [ RunTime:0.0019s ]
SQL: SELECT * FROM `cmf_junwei` LIMIT 1   [ RunTime:0.0005s ]
NOTIC: [8] Undefined index: loginName D:\laragon\www\ThinkCMFX\application\Admin\Controller\CourseController.class.php 第 181 行.
ERR: [] operator not supported for strings

[ 2017-04-30T23:40:10+08:00 ] 127.0.0.1 /index.php?g=Admin&m=Course&a=delete
INFO: [ app_begin ] --START--
INFO: Run Behavior\ReadHtmlCacheBehavior [ RunTime:0.000498s ]
INFO: Run Behavior\CheckLangBehavior [ RunTime:0.000944s ]
INFO: Run Common\Behavior\UrldecodeGetBehavior [ RunTime:0.000293s ]
INFO: [ app_begin ] --END-- [ RunTime:0.002224s ]
NOTIC: [2] Declaration of Admin\Controller\CourseController::show() should be compatible with Think\Controller::show($content, $charset = '', $contentType = '', $prefix = '') D:\laragon\www\ThinkCMFX\application\Admin\Controller\CourseController.class.php 第 19 行.
INFO: [ admin_begin ] --START--
INFO: Run Common\Behavior\AdminDefaultLangBehavior [ RunTime:0.001154s ]
INFO: [ admin_begin ] --END-- [ RunTime:0.001190s ]
SQL: SHOW COLUMNS FROM `cmf_users` [ RunTime:0.0018s ]
SQL: SELECT * FROM `cmf_users` WHERE `id` = '1' LIMIT 1   [ RunTime:0.0006s ]
SQL: SHOW COLUMNS FROM `cmf_course` [ RunTime:0.0009s ]
INFO: [ admin_begin ] --START--
INFO: Run Common\Behavior\AdminDefaultLangBehavior [ RunTime:0.001073s ]
INFO: [ admin_begin ] --END-- [ RunTime:-0.027872s ]
NOTIC: [8] Constant TMPL_PATH already defined D:\laragon\www\ThinkCMFX\application\Common\Controller\AdminbaseController.class.php 第 23 行.
SQL: SELECT * FROM `cmf_users` WHERE `id` = '1' LIMIT 1   [ RunTime:0.0007s ]
SQL: SELECT * FROM `cmf_course` WHERE ( id in (3,4) )  [ RunTime:0.0006s ]
ERR: Call to a member function count() on array

[ 2017-04-30T23:40:38+08:00 ] 127.0.0.1 /index.php?g=Admin&m=Course&a=delete
INFO: [ app_begin ] --START--
INFO: Run Behavior\ReadHtmlCacheBehavior [ RunTime:0.000699s ]
INFO: Run Behavior\CheckLangBehavior [ RunTime:0.001686s ]
INFO: Run Common\Behavior\UrldecodeGetBehavior [ RunTime:0.000881s ]
INFO: [ app_begin ] --END-- [ RunTime:0.003848s ]
NOTIC: [2] Declaration of Admin\Controller\CourseController::show() should be compatible with Think\Controller::show($content, $charset = '', $contentType = '', $prefix = '') D:\laragon\www\ThinkCMFX\application\Admin\Controller\CourseController.class.php 第 19 行.
INFO: [ admin_begin ] --START--
INFO: Run Common\Behavior\AdminDefaultLangBehavior [ RunTime:0.002762s ]
INFO: [ admin_begin ] --END-- [ RunTime:0.002820s ]
SQL: SHOW COLUMNS FROM `cmf_users` [ RunTime:0.0019s ]
SQL: SELECT * FROM `cmf_users` WHERE `id` = '1' LIMIT 1   [ RunTime:0.0007s ]
SQL: SHOW COLUMNS FROM `cmf_course` [ RunTime:0.0013s ]
INFO: [ admin_begin ] --START--
INFO: Run Common\Behavior\AdminDefaultLangBehavior [ RunTime:0.001452s ]
INFO: [ admin_begin ] --END-- [ RunTime:-0.025282s ]
NOTIC: [8] Constant TMPL_PATH already defined D:\laragon\www\ThinkCMFX\application\Common\Controller\AdminbaseController.class.php 第 23 行.
SQL: SELECT * FROM `cmf_users` WHERE `id` = '1' LIMIT 1   [ RunTime:0.0007s ]
SQL: SELECT * FROM `cmf_course` WHERE ( id in (3,4) )  [ RunTime:0.0008s ]

[ 2017-04-30T23:41:50+08:00 ] 127.0.0.1 /index.php?g=Admin&m=Course&a=delete
INFO: [ app_begin ] --START--
INFO: Run Behavior\ReadHtmlCacheBehavior [ RunTime:0.000898s ]
INFO: Run Behavior\CheckLangBehavior [ RunTime:0.002647s ]
INFO: Run Common\Behavior\UrldecodeGetBehavior [ RunTime:0.002077s ]
INFO: [ app_begin ] --END-- [ RunTime:0.006500s ]
NOTIC: [2] Declaration of Admin\Controller\CourseController::show() should be compatible with Think\Controller::show($content, $charset = '', $contentType = '', $prefix = '') D:\laragon\www\ThinkCMFX\application\Admin\Controller\CourseController.class.php 第 19 行.
INFO: [ admin_begin ] --START--
INFO: Run Common\Behavior\AdminDefaultLangBehavior [ RunTime:0.001653s ]
INFO: [ admin_begin ] --END-- [ RunTime:0.001719s ]
SQL: SHOW COLUMNS FROM `cmf_users` [ RunTime:0.0020s ]
SQL: SELECT * FROM `cmf_users` WHERE `id` = '1' LIMIT 1   [ RunTime:0.0008s ]
SQL: SHOW COLUMNS FROM `cmf_course` [ RunTime:0.0013s ]
INFO: [ admin_begin ] --START--
INFO: Run Common\Behavior\AdminDefaultLangBehavior [ RunTime:0.001380s ]
INFO: [ admin_begin ] --END-- [ RunTime:-0.028112s ]
NOTIC: [8] Constant TMPL_PATH already defined D:\laragon\www\ThinkCMFX\application\Common\Controller\AdminbaseController.class.php 第 23 行.
SQL: SELECT * FROM `cmf_users` WHERE `id` = '1' LIMIT 1   [ RunTime:0.0007s ]
SQL: SELECT * FROM `cmf_course` WHERE ( id in (3,4) )  [ RunTime:0.0007s ]
SQL: SHOW COLUMNS FROM `cmf_junwei` [ RunTime:0.0016s ]
SQL: SELECT * FROM `cmf_junwei` LIMIT 1   [ RunTime:0.0003s ]
NOTIC: [8] Undefined index: loginName D:\laragon\www\ThinkCMFX\application\Admin\Controller\CourseController.class.php 第 182 行.
ERR: [] operator not supported for strings

[ 2017-04-30T23:42:11+08:00 ] 127.0.0.1 /index.php?g=Admin&m=Course&a=delete
INFO: [ app_begin ] --START--
INFO: Run Behavior\ReadHtmlCacheBehavior [ RunTime:0.000654s ]
INFO: Run Behavior\CheckLangBehavior [ RunTime:0.001301s ]
INFO: Run Common\Behavior\UrldecodeGetBehavior [ RunTime:0.000408s ]
INFO: [ app_begin ] --END-- [ RunTime:0.002997s ]
NOTIC: [2] Declaration of Admin\Controller\CourseController::show() should be compatible with Think\Controller::show($content, $charset = '', $contentType = '', $prefix = '') D:\laragon\www\ThinkCMFX\application\Admin\Controller\CourseController.class.php 第 19 行.
INFO: [ admin_begin ] --START--
INFO: Run Common\Behavior\AdminDefaultLangBehavior [ RunTime:0.002223s ]
INFO: [ admin_begin ] --END-- [ RunTime:0.002286s ]
SQL: SHOW COLUMNS FROM `cmf_users` [ RunTime:0.0013s ]
SQL: SELECT * FROM `cmf_users` WHERE `id` = '1' LIMIT 1   [ RunTime:0.0008s ]
SQL: SHOW COLUMNS FROM `cmf_course` [ RunTime:0.0010s ]
INFO: [ admin_begin ] --START--
INFO: Run Common\Behavior\AdminDefaultLangBehavior [ RunTime:0.001298s ]
INFO: [ admin_begin ] --END-- [ RunTime:-0.018472s ]
NOTIC: [8] Constant TMPL_PATH already defined D:\laragon\www\ThinkCMFX\application\Common\Controller\AdminbaseController.class.php 第 23 行.
SQL: SELECT * FROM `cmf_users` WHERE `id` = '1' LIMIT 1   [ RunTime:0.0006s ]
SQL: SELECT * FROM `cmf_course` WHERE ( id in (3,4) )  [ RunTime:0.0007s ]
SQL: SHOW COLUMNS FROM `cmf_junwei` [ RunTime:0.0008s ]
SQL: SELECT * FROM `cmf_junwei` LIMIT 1   [ RunTime:0.0003s ]
NOTIC: [8] Undefined index: loginName D:\laragon\www\ThinkCMFX\application\Admin\Controller\CourseController.class.php 第 182 行.
NOTIC: [8] Undefined index: password D:\laragon\www\ThinkCMFX\application\Admin\Controller\CourseController.class.php 第 183 行.
ERR: [] operator not supported for strings

[ 2017-04-30T23:43:13+08:00 ] 127.0.0.1 /index.php?g=Admin&m=Course&a=delete
INFO: [ app_begin ] --START--
INFO: Run Behavior\ReadHtmlCacheBehavior [ RunTime:0.000712s ]
INFO: Run Behavior\CheckLangBehavior [ RunTime:0.001584s ]
INFO: Run Common\Behavior\UrldecodeGetBehavior [ RunTime:0.000518s ]
INFO: [ app_begin ] --END-- [ RunTime:0.003529s ]
NOTIC: [2] Declaration of Admin\Controller\CourseController::show() should be compatible with Think\Controller::show($content, $charset = '', $contentType = '', $prefix = '') D:\laragon\www\ThinkCMFX\application\Admin\Controller\CourseController.class.php 第 19 行.
INFO: [ admin_begin ] --START--
INFO: Run Common\Behavior\AdminDefaultLangBehavior [ RunTime:0.001669s ]
INFO: [ admin_begin ] --END-- [ RunTime:0.001727s ]
SQL: SHOW COLUMNS FROM `cmf_users` [ RunTime:0.0019s ]
SQL: SELECT * FROM `cmf_users` WHERE `id` = '1' LIMIT 1   [ RunTime:0.0007s ]
SQL: SHOW COLUMNS FROM `cmf_course` [ RunTime:0.0012s ]
INFO: [ admin_begin ] --START--
INFO: Run Common\Behavior\AdminDefaultLangBehavior [ RunTime:0.001678s ]
INFO: [ admin_begin ] --END-- [ RunTime:-0.021178s ]
NOTIC: [8] Constant TMPL_PATH already defined D:\laragon\www\ThinkCMFX\application\Common\Controller\AdminbaseController.class.php 第 23 行.
SQL: SELECT * FROM `cmf_users` WHERE `id` = '1' LIMIT 1   [ RunTime:0.0006s ]
SQL: SELECT * FROM `cmf_course` WHERE ( id in (3,4) )  [ RunTime:0.0008s ]
SQL: SHOW COLUMNS FROM `cmf_junwei` [ RunTime:0.0017s ]
SQL: SELECT * FROM `cmf_junwei` LIMIT 1   [ RunTime:0.0006s ]
NOTIC: [8] Undefined index: loginName D:\laragon\www\ThinkCMFX\application\Admin\Controller\CourseController.class.php 第 182 行.
NOTIC: [8] Undefined index: password D:\laragon\www\ThinkCMFX\application\Admin\Controller\CourseController.class.php 第 183 行.
ERR: [] operator not supported for strings

[ 2017-04-30T23:43:41+08:00 ] 127.0.0.1 /index.php?g=Admin&m=Course&a=delete
INFO: [ app_begin ] --START--
INFO: Run Behavior\ReadHtmlCacheBehavior [ RunTime:0.000670s ]
INFO: Run Behavior\CheckLangBehavior [ RunTime:0.001364s ]
INFO: Run Common\Behavior\UrldecodeGetBehavior [ RunTime:0.000545s ]
INFO: [ app_begin ] --END-- [ RunTime:0.003296s ]
NOTIC: [2] Declaration of Admin\Controller\CourseController::show() should be compatible with Think\Controller::show($content, $charset = '', $contentType = '', $prefix = '') D:\laragon\www\ThinkCMFX\application\Admin\Controller\CourseController.class.php 第 19 行.
INFO: [ admin_begin ] --START--
INFO: Run Common\Behavior\AdminDefaultLangBehavior [ RunTime:0.004247s ]
INFO: [ admin_begin ] --END-- [ RunTime:0.004311s ]
SQL: SHOW COLUMNS FROM `cmf_users` [ RunTime:0.0022s ]
SQL: SELECT * FROM `cmf_users` WHERE `id` = '1' LIMIT 1   [ RunTime:0.0008s ]
SQL: SHOW COLUMNS FROM `cmf_course` [ RunTime:0.0011s ]
INFO: [ admin_begin ] --START--
INFO: Run Common\Behavior\AdminDefaultLangBehavior [ RunTime:0.001388s ]
INFO: [ admin_begin ] --END-- [ RunTime:-0.029757s ]
NOTIC: [8] Constant TMPL_PATH already defined D:\laragon\www\ThinkCMFX\application\Common\Controller\AdminbaseController.class.php 第 23 行.
SQL: SELECT * FROM `cmf_users` WHERE `id` = '1' LIMIT 1   [ RunTime:0.0007s ]
SQL: SELECT * FROM `cmf_course` WHERE ( id in (3,4) )  [ RunTime:0.0006s ]
SQL: SHOW COLUMNS FROM `cmf_junwei` [ RunTime:0.0018s ]
SQL: SELECT * FROM `cmf_junwei` LIMIT 1   [ RunTime:0.0004s ]
NOTIC: [8] Undefined index: loginName D:\laragon\www\ThinkCMFX\application\Admin\Controller\CourseController.class.php 第 182 行.
NOTIC: [8] Undefined index: password D:\laragon\www\ThinkCMFX\application\Admin\Controller\CourseController.class.php 第 183 行.
ERR: [] operator not supported for strings

[ 2017-04-30T23:43:56+08:00 ] 127.0.0.1 /index.php?g=Admin&m=Course&a=delete
INFO: [ app_begin ] --START--
INFO: Run Behavior\ReadHtmlCacheBehavior [ RunTime:0.000742s ]
INFO: Run Behavior\CheckLangBehavior [ RunTime:0.006901s ]
INFO: Run Common\Behavior\UrldecodeGetBehavior [ RunTime:0.000914s ]
INFO: [ app_begin ] --END-- [ RunTime:0.011632s ]
NOTIC: [2] Declaration of Admin\Controller\CourseController::show() should be compatible with Think\Controller::show($content, $charset = '', $contentType = '', $prefix = '') D:\laragon\www\ThinkCMFX\application\Admin\Controller\CourseController.class.php 第 19 行.
INFO: [ admin_begin ] --START--
INFO: Run Common\Behavior\AdminDefaultLangBehavior [ RunTime:0.001727s ]
INFO: [ admin_begin ] --END-- [ RunTime:0.001789s ]
SQL: SHOW COLUMNS FROM `cmf_users` [ RunTime:0.0022s ]
SQL: SELECT * FROM `cmf_users` WHERE `id` = '1' LIMIT 1   [ RunTime:0.0007s ]
SQL: SHOW COLUMNS FROM `cmf_course` [ RunTime:0.0013s ]
INFO: [ admin_begin ] --START--
INFO: Run Common\Behavior\AdminDefaultLangBehavior [ RunTime:0.001588s ]
INFO: [ admin_begin ] --END-- [ RunTime:-0.022158s ]
NOTIC: [8] Constant TMPL_PATH already defined D:\laragon\www\ThinkCMFX\application\Common\Controller\AdminbaseController.class.php 第 23 行.
SQL: SELECT * FROM `cmf_users` WHERE `id` = '1' LIMIT 1   [ RunTime:0.0006s ]
SQL: SELECT * FROM `cmf_course` WHERE ( id in (3,4) )  [ RunTime:0.0008s ]
SQL: SHOW COLUMNS FROM `cmf_junwei` [ RunTime:0.0018s ]
SQL: SELECT * FROM `cmf_junwei` LIMIT 1   [ RunTime:0.0004s ]
NOTIC: [8] Undefined index: loginName D:\laragon\www\ThinkCMFX\application\Admin\Controller\CourseController.class.php 第 182 行.
ERR: [] operator not supported for strings

[ 2017-04-30T23:44:41+08:00 ] 127.0.0.1 /index.php?g=Admin&m=Course&a=delete
INFO: [ app_begin ] --START--
INFO: Run Behavior\ReadHtmlCacheBehavior [ RunTime:0.001038s ]
INFO: Run Behavior\CheckLangBehavior [ RunTime:0.001196s ]
INFO: Run Common\Behavior\UrldecodeGetBehavior [ RunTime:0.000439s ]
INFO: [ app_begin ] --END-- [ RunTime:0.003562s ]
NOTIC: [2] Declaration of Admin\Controller\CourseController::show() should be compatible with Think\Controller::show($content, $charset = '', $contentType = '', $prefix = '') D:\laragon\www\ThinkCMFX\application\Admin\Controller\CourseController.class.php 第 19 行.
INFO: [ admin_begin ] --START--
INFO: Run Common\Behavior\AdminDefaultLangBehavior [ RunTime:0.001580s ]
INFO: [ admin_begin ] --END-- [ RunTime:0.001633s ]
SQL: SHOW COLUMNS FROM `cmf_users` [ RunTime:0.0018s ]
SQL: SELECT * FROM `cmf_users` WHERE `id` = '1' LIMIT 1   [ RunTime:0.0005s ]
SQL: SHOW COLUMNS FROM `cmf_course` [ RunTime:0.0007s ]
INFO: [ admin_begin ] --START--
INFO: Run Common\Behavior\AdminDefaultLangBehavior [ RunTime:0.001187s ]
INFO: [ admin_begin ] --END-- [ RunTime:-0.015981s ]
NOTIC: [8] Constant TMPL_PATH already defined D:\laragon\www\ThinkCMFX\application\Common\Controller\AdminbaseController.class.php 第 23 行.
SQL: SELECT * FROM `cmf_users` WHERE `id` = '1' LIMIT 1   [ RunTime:0.0005s ]
SQL: SELECT * FROM `cmf_course` WHERE ( id in (3,4) )  [ RunTime:0.0004s ]

[ 2017-04-30T23:45:28+08:00 ] 127.0.0.1 /index.php?g=Admin&m=Course&a=delete
INFO: [ app_begin ] --START--
INFO: Run Behavior\ReadHtmlCacheBehavior [ RunTime:0.000626s ]
INFO: Run Behavior\CheckLangBehavior [ RunTime:0.001681s ]
INFO: Run Common\Behavior\UrldecodeGetBehavior [ RunTime:0.000365s ]
INFO: [ app_begin ] --END-- [ RunTime:0.003349s ]
NOTIC: [2] Declaration of Admin\Controller\CourseController::show() should be compatible with Think\Controller::show($content, $charset = '', $contentType = '', $prefix = '') D:\laragon\www\ThinkCMFX\application\Admin\Controller\CourseController.class.php 第 19 行.
INFO: [ admin_begin ] --START--
INFO: Run Common\Behavior\AdminDefaultLangBehavior [ RunTime:0.002295s ]
INFO: [ admin_begin ] --END-- [ RunTime:0.002359s ]
SQL: SHOW COLUMNS FROM `cmf_users` [ RunTime:0.0020s ]
SQL: SELECT * FROM `cmf_users` WHERE `id` = '1' LIMIT 1   [ RunTime:0.0008s ]
SQL: SHOW COLUMNS FROM `cmf_course` [ RunTime:0.0014s ]
INFO: [ admin_begin ] --START--
INFO: Run Common\Behavior\AdminDefaultLangBehavior [ RunTime:0.001428s ]
INFO: [ admin_begin ] --END-- [ RunTime:-0.028551s ]
NOTIC: [8] Constant TMPL_PATH already defined D:\laragon\www\ThinkCMFX\application\Common\Controller\AdminbaseController.class.php 第 23 行.
SQL: SELECT * FROM `cmf_users` WHERE `id` = '1' LIMIT 1   [ RunTime:0.0008s ]
SQL: SELECT * FROM `cmf_course` WHERE ( id in (3,4) )  [ RunTime:0.0010s ]
SQL: SHOW COLUMNS FROM `cmf_junwei` [ RunTime:0.0020s ]
SQL: SELECT * FROM `cmf_junwei` LIMIT 1   [ RunTime:0.0003s ]

[ 2017-04-30T23:46:02+08:00 ] 127.0.0.1 /index.php?g=Admin&m=Course&a=delete
INFO: [ app_begin ] --START--
INFO: Run Behavior\ReadHtmlCacheBehavior [ RunTime:0.000690s ]
INFO: Run Behavior\CheckLangBehavior [ RunTime:0.001122s ]
INFO: Run Common\Behavior\UrldecodeGetBehavior [ RunTime:0.000314s ]
INFO: [ app_begin ] --END-- [ RunTime:0.002988s ]
NOTIC: [2] Declaration of Admin\Controller\CourseController::show() should be compatible with Think\Controller::show($content, $charset = '', $contentType = '', $prefix = '') D:\laragon\www\ThinkCMFX\application\Admin\Controller\CourseController.class.php 第 19 行.
INFO: [ admin_begin ] --START--
INFO: Run Common\Behavior\AdminDefaultLangBehavior [ RunTime:0.001366s ]
INFO: [ admin_begin ] --END-- [ RunTime:0.001408s ]
SQL: SHOW COLUMNS FROM `cmf_users` [ RunTime:0.0013s ]
SQL: SELECT * FROM `cmf_users` WHERE `id` = '1' LIMIT 1   [ RunTime:0.0006s ]
SQL: SHOW COLUMNS FROM `cmf_course` [ RunTime:0.0007s ]
INFO: [ admin_begin ] --START--
INFO: Run Common\Behavior\AdminDefaultLangBehavior [ RunTime:0.001232s ]
INFO: [ admin_begin ] --END-- [ RunTime:-0.017906s ]
NOTIC: [8] Constant TMPL_PATH already defined D:\laragon\www\ThinkCMFX\application\Common\Controller\AdminbaseController.class.php 第 23 行.
SQL: SELECT * FROM `cmf_users` WHERE `id` = '1' LIMIT 1   [ RunTime:0.0007s ]
SQL: SELECT * FROM `cmf_course` WHERE ( id in (3,4) )  [ RunTime:0.0007s ]
SQL: SHOW COLUMNS FROM `cmf_junwei` [ RunTime:0.0016s ]
SQL: SELECT * FROM `cmf_junwei` LIMIT 1   [ RunTime:0.0004s ]

[ 2017-04-30T23:46:58+08:00 ] 127.0.0.1 /index.php?g=Admin&m=Course&a=delete
INFO: [ app_begin ] --START--
INFO: Run Behavior\ReadHtmlCacheBehavior [ RunTime:0.000726s ]
INFO: Run Behavior\CheckLangBehavior [ RunTime:0.001712s ]
INFO: Run Common\Behavior\UrldecodeGetBehavior [ RunTime:0.000666s ]
INFO: [ app_begin ] --END-- [ RunTime:0.003815s ]
NOTIC: [2] Declaration of Admin\Controller\CourseController::show() should be compatible with Think\Controller::show($content, $charset = '', $contentType = '', $prefix = '') D:\laragon\www\ThinkCMFX\application\Admin\Controller\CourseController.class.php 第 19 行.
INFO: [ admin_begin ] --START--
INFO: Run Common\Behavior\AdminDefaultLangBehavior [ RunTime:0.001793s ]
INFO: [ admin_begin ] --END-- [ RunTime:0.001844s ]
SQL: SHOW COLUMNS FROM `cmf_users` [ RunTime:0.0014s ]
SQL: SELECT * FROM `cmf_users` WHERE `id` = '1' LIMIT 1   [ RunTime:0.0016s ]
SQL: SHOW COLUMNS FROM `cmf_course` [ RunTime:0.0012s ]
INFO: [ admin_begin ] --START--
INFO: Run Common\Behavior\AdminDefaultLangBehavior [ RunTime:0.000885s ]
INFO: [ admin_begin ] --END-- [ RunTime:-0.016485s ]
NOTIC: [8] Constant TMPL_PATH already defined D:\laragon\www\ThinkCMFX\application\Common\Controller\AdminbaseController.class.php 第 23 行.
SQL: SELECT * FROM `cmf_users` WHERE `id` = '1' LIMIT 1   [ RunTime:0.0005s ]
SQL: SELECT * FROM `cmf_course` WHERE ( id in (3,4) )  [ RunTime:0.0006s ]
SQL: SHOW COLUMNS FROM `cmf_junwei` [ RunTime:0.0015s ]
SQL: SELECT * FROM `cmf_junwei` LIMIT 1   [ RunTime:0.0002s ]
INFO: [ admin_begin ] --START--
INFO: Run Common\Behavior\AdminDefaultLangBehavior [ RunTime:0.000945s ]
INFO: [ admin_begin ] --END-- [ RunTime:-0.022144s ]
NOTIC: [8] Constant TMPL_PATH already defined D:\laragon\www\ThinkCMFX\application\Common\Controller\AdminbaseController.class.php 第 23 行.
SQL: SELECT * FROM `cmf_users` WHERE `id` = '1' LIMIT 1   [ RunTime:0.0004s ]
NOTIC: [8] Array to string conversion D:\laragon\www\ThinkCMFX\application\Admin\Controller\SubmitController.class.php 第 15 行.

[ 2017-04-30T23:53:56+08:00 ] 127.0.0.1 /index.php?g=Admin&m=Course&a=delete
INFO: [ app_begin ] --START--
INFO: Run Behavior\ReadHtmlCacheBehavior [ RunTime:0.000682s ]
INFO: Run Behavior\CheckLangBehavior [ RunTime:0.001321s ]
INFO: Run Common\Behavior\UrldecodeGetBehavior [ RunTime:0.000403s ]
INFO: [ app_begin ] --END-- [ RunTime:0.003063s ]
NOTIC: [2] Declaration of Admin\Controller\CourseController::show() should be compatible with Think\Controller::show($content, $charset = '', $contentType = '', $prefix = '') D:\laragon\www\ThinkCMFX\application\Admin\Controller\CourseController.class.php 第 19 行.
INFO: [ admin_begin ] --START--
INFO: Run Common\Behavior\AdminDefaultLangBehavior [ RunTime:0.001206s ]
INFO: [ admin_begin ] --END-- [ RunTime:0.001250s ]
SQL: SHOW COLUMNS FROM `cmf_users` [ RunTime:0.0013s ]
SQL: SELECT * FROM `cmf_users` WHERE `id` = '1' LIMIT 1   [ RunTime:0.0004s ]
SQL: SHOW COLUMNS FROM `cmf_course` [ RunTime:0.0011s ]
INFO: [ admin_begin ] --START--
INFO: Run Common\Behavior\AdminDefaultLangBehavior [ RunTime:0.001799s ]
INFO: [ admin_begin ] --END-- [ RunTime:-0.020505s ]
NOTIC: [8] Constant TMPL_PATH already defined D:\laragon\www\ThinkCMFX\application\Common\Controller\AdminbaseController.class.php 第 23 行.
SQL: SELECT * FROM `cmf_users` WHERE `id` = '1' LIMIT 1   [ RunTime:0.0007s ]
SQL: SELECT * FROM `cmf_course` WHERE ( id in (3,4) )  [ RunTime:0.0007s ]
SQL: SHOW COLUMNS FROM `cmf_junwei` [ RunTime:0.0018s ]
SQL: SELECT * FROM `cmf_junwei` LIMIT 1   [ RunTime:0.0003s ]

[ 2017-04-30T23:54:53+08:00 ] 127.0.0.1 /index.php?g=Admin&m=Course&a=delete
INFO: [ app_begin ] --START--
INFO: Run Behavior\ReadHtmlCacheBehavior [ RunTime:0.000857s ]
INFO: Run Behavior\CheckLangBehavior [ RunTime:0.002001s ]
INFO: Run Common\Behavior\UrldecodeGetBehavior [ RunTime:0.000630s ]
INFO: [ app_begin ] --END-- [ RunTime:0.004230s ]
NOTIC: [2] Declaration of Admin\Controller\CourseController::show() should be compatible with Think\Controller::show($content, $charset = '', $contentType = '', $prefix = '') D:\laragon\www\ThinkCMFX\application\Admin\Controller\CourseController.class.php 第 19 行.
INFO: [ admin_begin ] --START--
INFO: Run Common\Behavior\AdminDefaultLangBehavior [ RunTime:0.002050s ]
INFO: [ admin_begin ] --END-- [ RunTime:0.002111s ]
SQL: SHOW COLUMNS FROM `cmf_users` [ RunTime:0.0017s ]
SQL: SELECT * FROM `cmf_users` WHERE `id` = '1' LIMIT 1   [ RunTime:0.0005s ]
SQL: SHOW COLUMNS FROM `cmf_course` [ RunTime:0.0009s ]
INFO: [ admin_begin ] --START--
INFO: Run Common\Behavior\AdminDefaultLangBehavior [ RunTime:0.000844s ]
INFO: [ admin_begin ] --END-- [ RunTime:-0.033235s ]
NOTIC: [8] Constant TMPL_PATH already defined D:\laragon\www\ThinkCMFX\application\Common\Controller\AdminbaseController.class.php 第 23 行.
SQL: SELECT * FROM `cmf_users` WHERE `id` = '1' LIMIT 1   [ RunTime:0.0011s ]
SQL: SELECT * FROM `cmf_course` WHERE ( id in (3,4) )  [ RunTime:0.0012s ]
SQL: SHOW COLUMNS FROM `cmf_junwei` [ RunTime:0.0020s ]
SQL: SELECT * FROM `cmf_junwei` LIMIT 1   [ RunTime:0.0004s ]

[ 2017-04-30T23:55:16+08:00 ] 127.0.0.1 /index.php?g=Admin&m=Course&a=delete
INFO: [ app_begin ] --START--
INFO: Run Behavior\ReadHtmlCacheBehavior [ RunTime:0.000647s ]
INFO: Run Behavior\CheckLangBehavior [ RunTime:0.001290s ]
INFO: Run Common\Behavior\UrldecodeGetBehavior [ RunTime:0.000370s ]
INFO: [ app_begin ] --END-- [ RunTime:0.002938s ]
NOTIC: [2] Declaration of Admin\Controller\CourseController::show() should be compatible with Think\Controller::show($content, $charset = '', $contentType = '', $prefix = '') D:\laragon\www\ThinkCMFX\application\Admin\Controller\CourseController.class.php 第 19 行.
INFO: [ admin_begin ] --START--
INFO: Run Common\Behavior\AdminDefaultLangBehavior [ RunTime:0.001153s ]
INFO: [ admin_begin ] --END-- [ RunTime:0.001192s ]
SQL: SHOW COLUMNS FROM `cmf_users` [ RunTime:0.0012s ]
SQL: SELECT * FROM `cmf_users` WHERE `id` = '1' LIMIT 1   [ RunTime:0.0005s ]
SQL: SHOW COLUMNS FROM `cmf_course` [ RunTime:0.0008s ]
INFO: [ admin_begin ] --START--
INFO: Run Common\Behavior\AdminDefaultLangBehavior [ RunTime:0.001064s ]
INFO: [ admin_begin ] --END-- [ RunTime:-0.017206s ]
NOTIC: [8] Constant TMPL_PATH already defined D:\laragon\www\ThinkCMFX\application\Common\Controller\AdminbaseController.class.php 第 23 行.
SQL: SELECT * FROM `cmf_users` WHERE `id` = '1' LIMIT 1   [ RunTime:0.0005s ]
SQL: SELECT * FROM `cmf_course` WHERE ( id in (3,4) )  [ RunTime:0.0005s ]
SQL: SHOW COLUMNS FROM `cmf_junwei` [ RunTime:0.0020s ]
SQL: SELECT * FROM `cmf_junwei` LIMIT 1   [ RunTime:0.0006s ]

[ 2017-04-30T23:56:02+08:00 ] 127.0.0.1 /index.php?g=Admin&m=Course&a=delete
INFO: [ app_begin ] --START--
INFO: Run Behavior\ReadHtmlCacheBehavior [ RunTime:0.000854s ]
INFO: Run Behavior\CheckLangBehavior [ RunTime:0.001546s ]
INFO: Run Common\Behavior\UrldecodeGetBehavior [ RunTime:0.000486s ]
INFO: [ app_begin ] --END-- [ RunTime:0.003862s ]
NOTIC: [2] Declaration of Admin\Controller\CourseController::show() should be compatible with Think\Controller::show($content, $charset = '', $contentType = '', $prefix = '') D:\laragon\www\ThinkCMFX\application\Admin\Controller\CourseController.class.php 第 19 行.
INFO: [ admin_begin ] --START--
INFO: Run Common\Behavior\AdminDefaultLangBehavior [ RunTime:0.002397s ]
INFO: [ admin_begin ] --END-- [ RunTime:0.002458s ]
SQL: SHOW COLUMNS FROM `cmf_users` [ RunTime:0.0018s ]
SQL: SELECT * FROM `cmf_users` WHERE `id` = '1' LIMIT 1   [ RunTime:0.0007s ]
SQL: SHOW COLUMNS FROM `cmf_course` [ RunTime:0.0010s ]
INFO: [ admin_begin ] --START--
INFO: Run Common\Behavior\AdminDefaultLangBehavior [ RunTime:0.001670s ]
INFO: [ admin_begin ] --END-- [ RunTime:-0.019075s ]
NOTIC: [8] Constant TMPL_PATH already defined D:\laragon\www\ThinkCMFX\application\Common\Controller\AdminbaseController.class.php 第 23 行.
SQL: SELECT * FROM `cmf_users` WHERE `id` = '1' LIMIT 1   [ RunTime:0.0008s ]
SQL: SELECT * FROM `cmf_course` WHERE ( id in (3,4) )  [ RunTime:0.0009s ]
SQL: SHOW COLUMNS FROM `cmf_junwei` [ RunTime:0.0028s ]
SQL: SELECT * FROM `cmf_junwei` LIMIT 1   [ RunTime:0.0004s ]

