[ 2017-05-21T19:43:46+08:00 ] 122.71.230.147 /junwei/index.php?g=&m=public&a=dologin
INFO: [ app_begin ] --START--
INFO: Run Behavior\ReadHtmlCacheBehavior [ RunTime:0.000019s ]
INFO: Run Behavior\CheckLangBehavior [ RunTime:0.000073s ]
INFO: Run Common\Behavior\UrldecodeGetBehavior [ RunTime:0.000021s ]
INFO: [ app_begin ] --END-- [ RunTime:0.000151s ]
INFO: [ admin_begin ] --START--
INFO: Run Common\Behavior\AdminDefaultLangBehavior [ RunTime:0.000050s ]
INFO: [ admin_begin ] --END-- [ RunTime:0.000062s ]
SQL: SHOW COLUMNS FROM `cmf_users` [ RunTime:0.0030s ]
SQL: SELECT * FROM `cmf_users` WHERE `user_login` = 'admin' LIMIT 1   [ RunTime:0.0026s ]
SQL: SHOW COLUMNS FROM `cmf_role_user` [ RunTime:0.0026s ]
SQL: SELECT `role_id` FROM cmf_role_user a INNER JOIN cmf_role as b on a.role_id =b.id  WHERE `user_id` = '1' AND `status` = 1  [ RunTime:0.0026s ]
SQL: UPDATE `cmf_users` SET `user_login`='admin',`user_pass`='###e9a6a1b2c468c852c57c0d86674e1f9b',`user_nicename`='admin',`user_email`='1348779449@qq.com',`user_url`='',`avatar`=NULL,`sex`='0',`birthday`='2000-01-01',`signature`=NULL,`last_login_ip`='122.71.230.147',`last_login_time`='2017-05-21 19:43:46',`create_time`='2017-04-17 01:37:17',`user_activation_key`='',`user_status`='1',`score`='0',`user_type`='1',`coin`='0',`mobile`='',`token`='',`ctime`='0',`check`='0' WHERE `id` = '1' [ RunTime:0.0026s ]

[ 2017-05-21T19:44:23+08:00 ] 122.71.230.147 /junwei/index.php?g=Admin&m=Menu&a=index
NOTIC: D方法实例化没找到模型类Common\Model\AuthRuleModel

[ 2017-05-21T22:01:50+08:00 ] 122.71.230.147 /junwei/index.php?g=&m=Course&a=delete&id=97&class_id=284iqXm2bi
INFO: [ app_begin ] --START--
INFO: Run Behavior\ReadHtmlCacheBehavior [ RunTime:0.000020s ]
INFO: Run Behavior\CheckLangBehavior [ RunTime:0.000066s ]
INFO: Run Common\Behavior\UrldecodeGetBehavior [ RunTime:0.000023s ]
INFO: [ app_begin ] --END-- [ RunTime:0.000153s ]
NOTIC: [2] Declaration of Admin\Controller\CourseController::show() should be compatible with Think\Controller::show($content, $charset = '', $contentType = '', $prefix = '') /var/www/html/sikao/junwei/application/Admin/Controller/CourseController.class.php 第 19 行.
INFO: [ admin_begin ] --START--
INFO: Run Common\Behavior\AdminDefaultLangBehavior [ RunTime:0.000047s ]
INFO: [ admin_begin ] --END-- [ RunTime:0.000059s ]
SQL: SHOW COLUMNS FROM `cmf_users` [ RunTime:0.0033s ]
SQL: SELECT * FROM `cmf_users` WHERE `id` = '1' LIMIT 1   [ RunTime:0.0030s ]
SQL: SHOW COLUMNS FROM `cmf_course` [ RunTime:0.0031s ]
SQL: SHOW COLUMNS FROM `cmf_junwei` [ RunTime:0.0030s ]
SQL: SELECT * FROM `cmf_junwei` LIMIT 1   [ RunTime:0.0030s ]
SQL: DELETE FROM `cmf_course` WHERE ( id = 97 ) [ RunTime:0.0038s ]

[ 2017-05-21T22:17:30+08:00 ] 122.71.230.147 /junwei/index.php?g=&m=Course&a=delete&id=98&class_id=gnQQMnyFHu
INFO: [ app_begin ] --START--
INFO: Run Behavior\ReadHtmlCacheBehavior [ RunTime:0.000017s ]
INFO: Run Behavior\CheckLangBehavior [ RunTime:0.000093s ]
INFO: Run Common\Behavior\UrldecodeGetBehavior [ RunTime:0.000024s ]
INFO: [ app_begin ] --END-- [ RunTime:0.000171s ]
NOTIC: [2] Declaration of Admin\Controller\CourseController::show() should be compatible with Think\Controller::show($content, $charset = '', $contentType = '', $prefix = '') /var/www/html/sikao/junwei/application/Admin/Controller/CourseController.class.php 第 19 行.
INFO: [ admin_begin ] --START--
INFO: Run Common\Behavior\AdminDefaultLangBehavior [ RunTime:0.000049s ]
INFO: [ admin_begin ] --END-- [ RunTime:0.000060s ]
SQL: SHOW COLUMNS FROM `cmf_users` [ RunTime:0.0022s ]
SQL: SELECT * FROM `cmf_users` WHERE `id` = '1' LIMIT 1   [ RunTime:0.0019s ]
SQL: SHOW COLUMNS FROM `cmf_course` [ RunTime:0.0020s ]
SQL: SHOW COLUMNS FROM `cmf_junwei` [ RunTime:0.0019s ]
SQL: SELECT * FROM `cmf_junwei` LIMIT 1   [ RunTime:0.0018s ]
SQL: DELETE FROM `cmf_course` WHERE ( id = 98 ) [ RunTime:0.0027s ]

[ 2017-05-21T22:29:04+08:00 ] 122.71.230.147 /junwei/index.php?g=&m=Course&a=delete&id=99&class_id=EGOYkVlLEc
INFO: [ app_begin ] --START--
INFO: Run Behavior\ReadHtmlCacheBehavior [ RunTime:0.000021s ]
INFO: Run Behavior\CheckLangBehavior [ RunTime:0.000074s ]
INFO: Run Common\Behavior\UrldecodeGetBehavior [ RunTime:0.000024s ]
INFO: [ app_begin ] --END-- [ RunTime:0.000163s ]
NOTIC: [2] Declaration of Admin\Controller\CourseController::show() should be compatible with Think\Controller::show($content, $charset = '', $contentType = '', $prefix = '') /var/www/html/sikao/junwei/application/Admin/Controller/CourseController.class.php 第 19 行.
INFO: [ admin_begin ] --START--
INFO: Run Common\Behavior\AdminDefaultLangBehavior [ RunTime:0.000051s ]
INFO: [ admin_begin ] --END-- [ RunTime:0.000064s ]
SQL: SHOW COLUMNS FROM `cmf_users` [ RunTime:0.0035s ]
SQL: SELECT * FROM `cmf_users` WHERE `id` = '1' LIMIT 1   [ RunTime:0.0031s ]
SQL: SHOW COLUMNS FROM `cmf_course` [ RunTime:0.0033s ]
SQL: SHOW COLUMNS FROM `cmf_junwei` [ RunTime:0.0032s ]
SQL: SELECT * FROM `cmf_junwei` LIMIT 1   [ RunTime:0.0030s ]
SQL: DELETE FROM `cmf_course` WHERE ( id = 99 ) [ RunTime:0.0039s ]

[ 2017-05-21T22:33:44+08:00 ] 122.71.230.147 /junwei/index.php?g=&m=Course&a=delete&id=100&class_id=uINnSM2pna
INFO: [ app_begin ] --START--
INFO: Run Behavior\ReadHtmlCacheBehavior [ RunTime:0.000018s ]
INFO: Run Behavior\CheckLangBehavior [ RunTime:0.000065s ]
INFO: Run Common\Behavior\UrldecodeGetBehavior [ RunTime:0.000023s ]
INFO: [ app_begin ] --END-- [ RunTime:0.000145s ]
NOTIC: [2] Declaration of Admin\Controller\CourseController::show() should be compatible with Think\Controller::show($content, $charset = '', $contentType = '', $prefix = '') /var/www/html/sikao/junwei/application/Admin/Controller/CourseController.class.php 第 19 行.
INFO: [ admin_begin ] --START--
INFO: Run Common\Behavior\AdminDefaultLangBehavior [ RunTime:0.000063s ]
INFO: [ admin_begin ] --END-- [ RunTime:0.000077s ]
SQL: SHOW COLUMNS FROM `cmf_users` [ RunTime:0.0029s ]
SQL: SELECT * FROM `cmf_users` WHERE `id` = '1' LIMIT 1   [ RunTime:0.0026s ]
SQL: SHOW COLUMNS FROM `cmf_course` [ RunTime:0.0027s ]
SQL: SHOW COLUMNS FROM `cmf_junwei` [ RunTime:0.0025s ]
SQL: SELECT * FROM `cmf_junwei` LIMIT 1   [ RunTime:0.0024s ]
SQL: DELETE FROM `cmf_course` WHERE ( id = 100 ) [ RunTime:0.0031s ]

[ 2017-05-21T22:39:41+08:00 ] 122.71.230.147 /junwei/index.php?g=&m=Course&a=delete&id=101&class_id=jhPb64O02b
INFO: [ app_begin ] --START--
INFO: Run Behavior\ReadHtmlCacheBehavior [ RunTime:0.000020s ]
INFO: Run Behavior\CheckLangBehavior [ RunTime:0.000071s ]
INFO: Run Common\Behavior\UrldecodeGetBehavior [ RunTime:0.000024s ]
INFO: [ app_begin ] --END-- [ RunTime:0.000154s ]
NOTIC: [2] Declaration of Admin\Controller\CourseController::show() should be compatible with Think\Controller::show($content, $charset = '', $contentType = '', $prefix = '') /var/www/html/sikao/junwei/application/Admin/Controller/CourseController.class.php 第 19 行.
INFO: [ admin_begin ] --START--
INFO: Run Common\Behavior\AdminDefaultLangBehavior [ RunTime:0.000051s ]
INFO: [ admin_begin ] --END-- [ RunTime:0.000064s ]
SQL: SHOW COLUMNS FROM `cmf_users` [ RunTime:0.0035s ]
SQL: SELECT * FROM `cmf_users` WHERE `id` = '1' LIMIT 1   [ RunTime:0.0031s ]
SQL: SHOW COLUMNS FROM `cmf_course` [ RunTime:0.0033s ]
SQL: SHOW COLUMNS FROM `cmf_junwei` [ RunTime:0.0032s ]
SQL: SELECT * FROM `cmf_junwei` LIMIT 1   [ RunTime:0.0030s ]
SQL: DELETE FROM `cmf_course` WHERE ( id = 101 ) [ RunTime:0.0037s ]

[ 2017-05-21T22:46:07+08:00 ] 122.71.230.147 /junwei/index.php?g=&m=Course&a=delete&id=102&class_id=Uo81q5wH4g
INFO: [ app_begin ] --START--
INFO: Run Behavior\ReadHtmlCacheBehavior [ RunTime:0.000019s ]
INFO: Run Behavior\CheckLangBehavior [ RunTime:0.000081s ]
INFO: Run Common\Behavior\UrldecodeGetBehavior [ RunTime:0.000025s ]
INFO: [ app_begin ] --END-- [ RunTime:0.000166s ]
NOTIC: [2] Declaration of Admin\Controller\CourseController::show() should be compatible with Think\Controller::show($content, $charset = '', $contentType = '', $prefix = '') /var/www/html/sikao/junwei/application/Admin/Controller/CourseController.class.php 第 19 行.
INFO: [ admin_begin ] --START--
INFO: Run Common\Behavior\AdminDefaultLangBehavior [ RunTime:0.000049s ]
INFO: [ admin_begin ] --END-- [ RunTime:0.000062s ]
SQL: SHOW COLUMNS FROM `cmf_users` [ RunTime:0.0017s ]
SQL: SELECT * FROM `cmf_users` WHERE `id` = '1' LIMIT 1   [ RunTime:0.0014s ]
SQL: SHOW COLUMNS FROM `cmf_course` [ RunTime:0.0016s ]
SQL: SHOW COLUMNS FROM `cmf_junwei` [ RunTime:0.0014s ]
SQL: SELECT * FROM `cmf_junwei` LIMIT 1   [ RunTime:0.0013s ]
SQL: DELETE FROM `cmf_course` WHERE ( id = 102 ) [ RunTime:0.0022s ]

[ 2017-05-21T22:50:31+08:00 ] 122.71.230.147 /junwei/index.php?g=&m=Course&a=delete&id=103&class_id=evahAGiQIC
INFO: [ app_begin ] --START--
INFO: Run Behavior\ReadHtmlCacheBehavior [ RunTime:0.000047s ]
INFO: Run Behavior\CheckLangBehavior [ RunTime:0.000072s ]
INFO: Run Common\Behavior\UrldecodeGetBehavior [ RunTime:0.000023s ]
INFO: [ app_begin ] --END-- [ RunTime:0.000181s ]
NOTIC: [2] Declaration of Admin\Controller\CourseController::show() should be compatible with Think\Controller::show($content, $charset = '', $contentType = '', $prefix = '') /var/www/html/sikao/junwei/application/Admin/Controller/CourseController.class.php 第 19 行.
INFO: [ admin_begin ] --START--
INFO: Run Common\Behavior\AdminDefaultLangBehavior [ RunTime:0.000050s ]
INFO: [ admin_begin ] --END-- [ RunTime:0.000062s ]
SQL: SHOW COLUMNS FROM `cmf_users` [ RunTime:0.0028s ]
SQL: SELECT * FROM `cmf_users` WHERE `id` = '1' LIMIT 1   [ RunTime:0.0031s ]
SQL: SHOW COLUMNS FROM `cmf_course` [ RunTime:0.0026s ]
SQL: SHOW COLUMNS FROM `cmf_junwei` [ RunTime:0.0025s ]
SQL: SELECT * FROM `cmf_junwei` LIMIT 1   [ RunTime:0.0023s ]
SQL: DELETE FROM `cmf_course` WHERE ( id = 103 ) [ RunTime:0.0031s ]

