[ 2017-06-22T10:22:28+08:00 ] 127.0.0.1 /ThinkCMFX/index.php?s=/public/dologin
INFO: [ app_begin ] --START--
INFO: Run Behavior\ReadHtmlCacheBehavior [ RunTime:0.000617s ]
INFO: Run Behavior\CheckLangBehavior [ RunTime:0.001372s ]
INFO: Run Common\Behavior\UrldecodeGetBehavior [ RunTime:0.000443s ]
INFO: [ app_begin ] --END-- [ RunTime:0.003011s ]
INFO: [ admin_begin ] --START--
INFO: Run Common\Behavior\AdminDefaultLangBehavior [ RunTime:0.002238s ]
INFO: [ admin_begin ] --END-- [ RunTime:0.002287s ]

[ 2017-06-22T10:22:34+08:00 ] 127.0.0.1 /ThinkCMFX/index.php?s=/public/dologin
INFO: [ app_begin ] --START--
INFO: Run Behavior\ReadHtmlCacheBehavior [ RunTime:0.000791s ]
INFO: Run Behavior\CheckLangBehavior [ RunTime:0.001457s ]
INFO: Run Common\Behavior\UrldecodeGetBehavior [ RunTime:0.000453s ]
INFO: [ app_begin ] --END-- [ RunTime:0.003461s ]
INFO: [ admin_begin ] --START--
INFO: Run Common\Behavior\AdminDefaultLangBehavior [ RunTime:0.001962s ]
INFO: [ admin_begin ] --END-- [ RunTime:0.002002s ]
SQL: SHOW COLUMNS FROM `cmf_users` [ RunTime:0.0736s ]
SQL: SELECT * FROM `cmf_users` WHERE `user_login` = 'admin' LIMIT 1   [ RunTime:0.0425s ]
SQL: SHOW COLUMNS FROM `cmf_role_user` [ RunTime:0.0641s ]
SQL: SELECT `role_id` FROM cmf_role_user a INNER JOIN cmf_role as b on a.role_id =b.id  WHERE `user_id` = '1' AND `status` = 1  [ RunTime:0.0489s ]
SQL: UPDATE `cmf_users` SET `user_login`='admin',`user_pass`='###e9a6a1b2c468c852c57c0d86674e1f9b',`user_nicename`='admin',`user_email`='1348779449@qq.com',`user_url`='',`avatar`=NULL,`sex`='0',`birthday`='2000-01-01',`signature`=NULL,`last_login_ip`='127.0.0.1',`last_login_time`='2017-06-22 10:22:34',`create_time`='2017-04-17 01:37:17',`user_activation_key`='',`user_status`='1',`score`='0',`user_type`='1',`coin`='0',`mobile`='',`token`='',`ctime`='0',`check`='0' WHERE `id` = '1' [ RunTime:0.0820s ]

[ 2017-06-22T10:33:10+08:00 ] 127.0.0.1 /ThinkCMFX/index.php?s=/Admin/Course/show
ERR: syntax error, unexpected '?'

[ 2017-06-22T10:33:21+08:00 ] 127.0.0.1 /ThinkCMFX/index.php?s=/Admin/Course/show
ERR: syntax error, unexpected 'echo' (T_ECHO)

[ 2017-06-22T10:33:42+08:00 ] 127.0.0.1 /ThinkCMFX/index.php?s=/Admin/Course/show
ERR: syntax error, unexpected '<'

[ 2017-06-22T10:36:00+08:00 ] 127.0.0.1 /ThinkCMFX/index.php?s=/Admin/Course/show
ERR: syntax error, unexpected '<'

[ 2017-06-22T10:46:30+08:00 ] 127.0.0.1 /ThinkCMFX/index.php?s=/Admin/Course/show
ERR: syntax error, unexpected 'echo' (T_ECHO)

[ 2017-06-22T10:50:27+08:00 ] 127.0.0.1 /ThinkCMFX/index.php?s=/Admin/Course/show
ERR: XML标签语法错误 : name="data" item="vo" key = "<?php rsort($key); echo $key; ?

[ 2017-06-22T10:50:43+08:00 ] 127.0.0.1 /ThinkCMFX/index.php?s=/Admin/Course/show
ERR: XML标签语法错误 : name="data" item="vo" key = '<?php rsort($key); echo $key; ?

[ 2017-06-22T10:50:58+08:00 ] 127.0.0.1 /ThinkCMFX/index.php?s=/Admin/Course/show
ERR: XML标签语法错误 : name="data" item="vo" key = '<?php rsort($key);?

[ 2017-06-22T12:42:46+08:00 ] 127.0.0.1 /ThinkCMFX/index.php?s=/public/dologin
INFO: [ app_begin ] --START--
INFO: Run Behavior\ReadHtmlCacheBehavior [ RunTime:0.000789s ]
INFO: Run Behavior\CheckLangBehavior [ RunTime:0.001650s ]
INFO: Run Common\Behavior\UrldecodeGetBehavior [ RunTime:0.000658s ]
INFO: [ app_begin ] --END-- [ RunTime:0.003714s ]
INFO: [ admin_begin ] --START--
INFO: Run Common\Behavior\AdminDefaultLangBehavior [ RunTime:0.002212s ]
INFO: [ admin_begin ] --END-- [ RunTime:0.002255s ]
SQL: SHOW COLUMNS FROM `cmf_users` [ RunTime:0.0022s ]
SQL: SELECT * FROM `cmf_users` WHERE `user_login` = 'admin' LIMIT 1   [ RunTime:0.0015s ]
SQL: SHOW COLUMNS FROM `cmf_role_user` [ RunTime:0.0208s ]
SQL: SELECT `role_id` FROM cmf_role_user a INNER JOIN cmf_role as b on a.role_id =b.id  WHERE `user_id` = '1' AND `status` = 1  [ RunTime:0.0095s ]
SQL: UPDATE `cmf_users` SET `user_login`='admin',`user_pass`='###e9a6a1b2c468c852c57c0d86674e1f9b',`user_nicename`='admin',`user_email`='1348779449@qq.com',`user_url`='',`avatar`=NULL,`sex`='0',`birthday`='2000-01-01',`signature`=NULL,`last_login_ip`='127.0.0.1',`last_login_time`='2017-06-22 12:42:46',`create_time`='2017-04-17 01:37:17',`user_activation_key`='',`user_status`='1',`score`='0',`user_type`='1',`coin`='0',`mobile`='',`token`='',`ctime`='0',`check`='0' WHERE `id` = '1' [ RunTime:0.1824s ]

[ 2017-06-22T14:05:15+08:00 ] 127.0.0.1 /ThinkCMFX/index.php?s=/Course/update/id/4
ERR: syntax error, unexpected '<'

[ 2017-06-22T14:05:37+08:00 ] 127.0.0.1 /ThinkCMFX/index.php?s=/Course/update/id/4
ERR: syntax error, unexpected '<'

[ 2017-06-22T14:11:02+08:00 ] 127.0.0.1 /ThinkCMFX/index.php?s=/Course/update/id/4
ERR: syntax error, unexpected '<'

[ 2017-06-22T14:11:21+08:00 ] 127.0.0.1 /ThinkCMFX/index.php?s=/Course/update/id/4
ERR: syntax error, unexpected '<'

[ 2017-06-22T14:12:11+08:00 ] 127.0.0.1 /ThinkCMFX/index.php?s=/Course/update/id/4
ERR: syntax error, unexpected '}', expecting ',' or ';'

[ 2017-06-22T14:14:52+08:00 ] 127.0.0.1 /ThinkCMFX/index.php?s=/Course/update/id/4
ERR: syntax error, unexpected '}', expecting end of file

[ 2017-06-22T14:16:59+08:00 ] 127.0.0.1 /ThinkCMFX/index.php?s=/Course/update/id/4
ERR: syntax error, unexpected '}', expecting ',' or ';'

[ 2017-06-22T15:11:38+08:00 ] 127.0.0.1 /ThinkCMFX/index.php?s=/Course/update
ERR: 1048:Column 'cover' cannot be null
 [ SQL语句 ] : UPDATE `cmf_course` SET `course_name`='公开课1',`class_id`='I6L2bjKerU',`number`='62175630',`stu_token`='354818',`is_free`='1',`num_class`='0',`now_price`='',`old_price`='',`startDate`='2017-06-22 14:52:53',`invalidDate`='2017-06-22 14:53:55',`introduction`='vs吧咋是不会扥还是温柔',`lector`='小泽老师',`people`='搞笑',`book`='0',`cover`=NULL WHERE ( id = 4 )

[ 2017-06-22T15:17:54+08:00 ] 127.0.0.1 /ThinkCMFX/index.php?s=/Course/delete/id/3/class_id/0
INFO: [ app_begin ] --START--
INFO: Run Behavior\ReadHtmlCacheBehavior [ RunTime:0.000720s ]
INFO: Run Behavior\CheckLangBehavior [ RunTime:0.001762s ]
INFO: Run Common\Behavior\UrldecodeGetBehavior [ RunTime:0.000685s ]
INFO: [ app_begin ] --END-- [ RunTime:0.003742s ]
NOTIC: [2] Declaration of Admin\Controller\CourseController::show() should be compatible with Think\Controller::show($content, $charset = '', $contentType = '', $prefix = '') D:\laragon\www\junwei1\ThinkCMFX\application\Admin\Controller\CourseController.class.php 第 20 行.
INFO: [ admin_begin ] --START--
INFO: Run Common\Behavior\AdminDefaultLangBehavior [ RunTime:0.002095s ]
INFO: [ admin_begin ] --END-- [ RunTime:0.002138s ]
SQL: SHOW COLUMNS FROM `cmf_users` [ RunTime:0.0017s ]
SQL: SELECT * FROM `cmf_users` WHERE `id` = '1' LIMIT 1   [ RunTime:0.0009s ]
NOTIC: [2] Declaration of Common\Model\CourseModel::create($data, $photo) should be compatible with Think\Model::create($data = '', $type = '') D:\laragon\www\junwei1\ThinkCMFX\application\Common\Model\CourseModel.class.php 第 190 行.
SQL: SHOW COLUMNS FROM `cmf_course` [ RunTime:0.0011s ]
SQL: SHOW COLUMNS FROM `cmf_course` [ RunTime:0.0010s ]
SQL: DELETE FROM `cmf_course` WHERE ( id = 3 ) [ RunTime:0.2102s ]

[ 2017-06-22T15:33:31+08:00 ] 127.0.0.1 /ThinkCMFX/index.php?s=/Course/delete
INFO: [ app_begin ] --START--
INFO: Run Behavior\ReadHtmlCacheBehavior [ RunTime:0.000882s ]
INFO: Run Behavior\CheckLangBehavior [ RunTime:0.001732s ]
INFO: Run Common\Behavior\UrldecodeGetBehavior [ RunTime:0.000572s ]
INFO: [ app_begin ] --END-- [ RunTime:0.003821s ]
NOTIC: [2] Declaration of Admin\Controller\CourseController::show() should be compatible with Think\Controller::show($content, $charset = '', $contentType = '', $prefix = '') D:\laragon\www\junwei1\ThinkCMFX\application\Admin\Controller\CourseController.class.php 第 20 行.
INFO: [ admin_begin ] --START--
INFO: Run Common\Behavior\AdminDefaultLangBehavior [ RunTime:0.002165s ]
INFO: [ admin_begin ] --END-- [ RunTime:0.002199s ]
SQL: SHOW COLUMNS FROM `cmf_users` [ RunTime:0.0012s ]
SQL: SELECT * FROM `cmf_users` WHERE `id` = '1' LIMIT 1   [ RunTime:0.0006s ]
NOTIC: [2] Declaration of Common\Model\CourseModel::create($data, $photo) should be compatible with Think\Model::create($data = '', $type = '') D:\laragon\www\junwei1\ThinkCMFX\application\Common\Model\CourseModel.class.php 第 190 行.
SQL: SHOW COLUMNS FROM `cmf_course` [ RunTime:0.0011s ]
SQL: SHOW COLUMNS FROM `cmf_course` [ RunTime:0.0012s ]
NOTIC: [2] explode(): Empty delimiter D:\laragon\www\junwei1\ThinkCMFX\application\Admin\Controller\CourseController.class.php 第 187 行.

[ 2017-06-22T15:34:00+08:00 ] 127.0.0.1 /ThinkCMFX/index.php?s=/Course/delete
INFO: [ app_begin ] --START--
INFO: Run Behavior\ReadHtmlCacheBehavior [ RunTime:0.000696s ]
INFO: Run Behavior\CheckLangBehavior [ RunTime:0.001571s ]
INFO: Run Common\Behavior\UrldecodeGetBehavior [ RunTime:0.000575s ]
INFO: [ app_begin ] --END-- [ RunTime:0.003470s ]
NOTIC: [2] Declaration of Admin\Controller\CourseController::show() should be compatible with Think\Controller::show($content, $charset = '', $contentType = '', $prefix = '') D:\laragon\www\junwei1\ThinkCMFX\application\Admin\Controller\CourseController.class.php 第 20 行.
INFO: [ admin_begin ] --START--
INFO: Run Common\Behavior\AdminDefaultLangBehavior [ RunTime:0.002185s ]
INFO: [ admin_begin ] --END-- [ RunTime:0.002220s ]
SQL: SHOW COLUMNS FROM `cmf_users` [ RunTime:0.0010s ]
SQL: SELECT * FROM `cmf_users` WHERE `id` = '1' LIMIT 1   [ RunTime:0.0006s ]
NOTIC: [2] Declaration of Common\Model\CourseModel::create($data, $photo) should be compatible with Think\Model::create($data = '', $type = '') D:\laragon\www\junwei1\ThinkCMFX\application\Common\Model\CourseModel.class.php 第 190 行.
SQL: SHOW COLUMNS FROM `cmf_course` [ RunTime:0.0010s ]
SQL: SHOW COLUMNS FROM `cmf_course` [ RunTime:0.0014s ]

[ 2017-06-22T15:34:42+08:00 ] 127.0.0.1 /ThinkCMFX/index.php?s=/Course/delete
INFO: [ app_begin ] --START--
INFO: Run Behavior\ReadHtmlCacheBehavior [ RunTime:0.000789s ]
INFO: Run Behavior\CheckLangBehavior [ RunTime:0.001830s ]
INFO: Run Common\Behavior\UrldecodeGetBehavior [ RunTime:0.000794s ]
INFO: [ app_begin ] --END-- [ RunTime:0.003962s ]
NOTIC: [2] Declaration of Admin\Controller\CourseController::show() should be compatible with Think\Controller::show($content, $charset = '', $contentType = '', $prefix = '') D:\laragon\www\junwei1\ThinkCMFX\application\Admin\Controller\CourseController.class.php 第 20 行.
INFO: [ admin_begin ] --START--
INFO: Run Common\Behavior\AdminDefaultLangBehavior [ RunTime:0.003190s ]
INFO: [ admin_begin ] --END-- [ RunTime:0.003234s ]
SQL: SHOW COLUMNS FROM `cmf_users` [ RunTime:0.0013s ]
SQL: SELECT * FROM `cmf_users` WHERE `id` = '1' LIMIT 1   [ RunTime:0.0006s ]
NOTIC: [2] Declaration of Common\Model\CourseModel::create($data, $photo) should be compatible with Think\Model::create($data = '', $type = '') D:\laragon\www\junwei1\ThinkCMFX\application\Common\Model\CourseModel.class.php 第 190 行.
SQL: SHOW COLUMNS FROM `cmf_course` [ RunTime:0.0012s ]
SQL: SHOW COLUMNS FROM `cmf_course` [ RunTime:0.0010s ]
NOTIC: [2] explode(): Empty delimiter D:\laragon\www\junwei1\ThinkCMFX\application\Admin\Controller\CourseController.class.php 第 187 行.

[ 2017-06-22T15:35:13+08:00 ] 127.0.0.1 /ThinkCMFX/index.php?s=/Course/delete
INFO: [ app_begin ] --START--
INFO: Run Behavior\ReadHtmlCacheBehavior [ RunTime:0.000777s ]
INFO: Run Behavior\CheckLangBehavior [ RunTime:0.001697s ]
INFO: Run Common\Behavior\UrldecodeGetBehavior [ RunTime:0.000666s ]
INFO: [ app_begin ] --END-- [ RunTime:0.003704s ]
NOTIC: [2] Declaration of Admin\Controller\CourseController::show() should be compatible with Think\Controller::show($content, $charset = '', $contentType = '', $prefix = '') D:\laragon\www\junwei1\ThinkCMFX\application\Admin\Controller\CourseController.class.php 第 20 行.
INFO: [ admin_begin ] --START--
INFO: Run Common\Behavior\AdminDefaultLangBehavior [ RunTime:0.001945s ]
INFO: [ admin_begin ] --END-- [ RunTime:0.002050s ]
SQL: SHOW COLUMNS FROM `cmf_users` [ RunTime:0.0010s ]
SQL: SELECT * FROM `cmf_users` WHERE `id` = '1' LIMIT 1   [ RunTime:0.0006s ]
NOTIC: [2] Declaration of Common\Model\CourseModel::create($data, $photo) should be compatible with Think\Model::create($data = '', $type = '') D:\laragon\www\junwei1\ThinkCMFX\application\Common\Model\CourseModel.class.php 第 190 行.
SQL: SHOW COLUMNS FROM `cmf_course` [ RunTime:0.0017s ]
SQL: SHOW COLUMNS FROM `cmf_course` [ RunTime:0.0010s ]

[ 2017-06-22T15:37:25+08:00 ] 127.0.0.1 /ThinkCMFX/index.php?s=/Course/delete
INFO: [ app_begin ] --START--
INFO: Run Behavior\ReadHtmlCacheBehavior [ RunTime:0.000783s ]
INFO: Run Behavior\CheckLangBehavior [ RunTime:0.001541s ]
INFO: Run Common\Behavior\UrldecodeGetBehavior [ RunTime:0.000416s ]
INFO: [ app_begin ] --END-- [ RunTime:0.003501s ]
NOTIC: [2] Declaration of Admin\Controller\CourseController::show() should be compatible with Think\Controller::show($content, $charset = '', $contentType = '', $prefix = '') D:\laragon\www\junwei1\ThinkCMFX\application\Admin\Controller\CourseController.class.php 第 20 行.
INFO: [ admin_begin ] --START--
INFO: Run Common\Behavior\AdminDefaultLangBehavior [ RunTime:0.002108s ]
INFO: [ admin_begin ] --END-- [ RunTime:0.002151s ]
SQL: SHOW COLUMNS FROM `cmf_users` [ RunTime:0.0011s ]
SQL: SELECT * FROM `cmf_users` WHERE `id` = '1' LIMIT 1   [ RunTime:0.0008s ]
NOTIC: [2] Declaration of Common\Model\CourseModel::create($data, $photo) should be compatible with Think\Model::create($data = '', $type = '') D:\laragon\www\junwei1\ThinkCMFX\application\Common\Model\CourseModel.class.php 第 190 行.
SQL: SHOW COLUMNS FROM `cmf_course` [ RunTime:0.0018s ]
SQL: SHOW COLUMNS FROM `cmf_course` [ RunTime:0.0012s ]

[ 2017-06-22T15:38:13+08:00 ] 127.0.0.1 /ThinkCMFX/index.php?s=/Course/delete
INFO: [ app_begin ] --START--
INFO: Run Behavior\ReadHtmlCacheBehavior [ RunTime:0.000760s ]
INFO: Run Behavior\CheckLangBehavior [ RunTime:0.001491s ]
INFO: Run Common\Behavior\UrldecodeGetBehavior [ RunTime:0.001126s ]
INFO: [ app_begin ] --END-- [ RunTime:0.003948s ]
NOTIC: [2] Declaration of Admin\Controller\CourseController::show() should be compatible with Think\Controller::show($content, $charset = '', $contentType = '', $prefix = '') D:\laragon\www\junwei1\ThinkCMFX\application\Admin\Controller\CourseController.class.php 第 20 行.
INFO: [ admin_begin ] --START--
INFO: Run Common\Behavior\AdminDefaultLangBehavior [ RunTime:0.002141s ]
INFO: [ admin_begin ] --END-- [ RunTime:0.002204s ]
SQL: SHOW COLUMNS FROM `cmf_users` [ RunTime:0.0017s ]
SQL: SELECT * FROM `cmf_users` WHERE `id` = '1' LIMIT 1   [ RunTime:0.0007s ]
NOTIC: [2] Declaration of Common\Model\CourseModel::create($data, $photo) should be compatible with Think\Model::create($data = '', $type = '') D:\laragon\www\junwei1\ThinkCMFX\application\Common\Model\CourseModel.class.php 第 190 行.
SQL: SHOW COLUMNS FROM `cmf_course` [ RunTime:0.0013s ]
SQL: SHOW COLUMNS FROM `cmf_course` [ RunTime:0.0746s ]
NOTIC: [8] Undefined index: id D:\laragon\www\junwei1\ThinkCMFX\application\Admin\Controller\CourseController.class.php 第 187 行.
NOTIC: [2] join(): Invalid arguments passed D:\laragon\www\junwei1\ThinkCMFX\application\Admin\Controller\CourseController.class.php 第 187 行.

[ 2017-06-22T15:39:11+08:00 ] 127.0.0.1 /ThinkCMFX/index.php?s=/Course/delete
INFO: [ app_begin ] --START--
INFO: Run Behavior\ReadHtmlCacheBehavior [ RunTime:0.000886s ]
INFO: Run Behavior\CheckLangBehavior [ RunTime:0.001987s ]
INFO: Run Common\Behavior\UrldecodeGetBehavior [ RunTime:0.000648s ]
INFO: [ app_begin ] --END-- [ RunTime:0.004130s ]
NOTIC: [2] Declaration of Admin\Controller\CourseController::show() should be compatible with Think\Controller::show($content, $charset = '', $contentType = '', $prefix = '') D:\laragon\www\junwei1\ThinkCMFX\application\Admin\Controller\CourseController.class.php 第 20 行.
INFO: [ admin_begin ] --START--
INFO: Run Common\Behavior\AdminDefaultLangBehavior [ RunTime:0.003206s ]
INFO: [ admin_begin ] --END-- [ RunTime:0.003248s ]
SQL: SHOW COLUMNS FROM `cmf_users` [ RunTime:0.0013s ]
SQL: SELECT * FROM `cmf_users` WHERE `id` = '1' LIMIT 1   [ RunTime:0.0009s ]
NOTIC: [2] Declaration of Common\Model\CourseModel::create($data, $photo) should be compatible with Think\Model::create($data = '', $type = '') D:\laragon\www\junwei1\ThinkCMFX\application\Common\Model\CourseModel.class.php 第 190 行.
SQL: SHOW COLUMNS FROM `cmf_course` [ RunTime:0.0011s ]
SQL: SHOW COLUMNS FROM `cmf_course` [ RunTime:0.0010s ]

[ 2017-06-22T15:40:30+08:00 ] 127.0.0.1 /ThinkCMFX/index.php?s=/Course/delete
INFO: [ app_begin ] --START--
INFO: Run Behavior\ReadHtmlCacheBehavior [ RunTime:0.001266s ]
INFO: Run Behavior\CheckLangBehavior [ RunTime:0.002572s ]
INFO: Run Common\Behavior\UrldecodeGetBehavior [ RunTime:0.000555s ]
INFO: [ app_begin ] --END-- [ RunTime:0.005122s ]
NOTIC: [2] Declaration of Admin\Controller\CourseController::show() should be compatible with Think\Controller::show($content, $charset = '', $contentType = '', $prefix = '') D:\laragon\www\junwei1\ThinkCMFX\application\Admin\Controller\CourseController.class.php 第 20 行.
INFO: [ admin_begin ] --START--
INFO: Run Common\Behavior\AdminDefaultLangBehavior [ RunTime:0.002161s ]
INFO: [ admin_begin ] --END-- [ RunTime:0.002195s ]
SQL: SHOW COLUMNS FROM `cmf_users` [ RunTime:0.0248s ]
SQL: SELECT * FROM `cmf_users` WHERE `id` = '1' LIMIT 1   [ RunTime:0.0005s ]
NOTIC: [2] Declaration of Common\Model\CourseModel::create($data, $photo) should be compatible with Think\Model::create($data = '', $type = '') D:\laragon\www\junwei1\ThinkCMFX\application\Common\Model\CourseModel.class.php 第 190 行.
SQL: SHOW COLUMNS FROM `cmf_course` [ RunTime:0.0010s ]
SQL: SHOW COLUMNS FROM `cmf_course` [ RunTime:0.0025s ]

[ 2017-06-22T15:41:21+08:00 ] 127.0.0.1 /ThinkCMFX/index.php?s=/Course/delete
INFO: [ app_begin ] --START--
INFO: Run Behavior\ReadHtmlCacheBehavior [ RunTime:0.000751s ]
INFO: Run Behavior\CheckLangBehavior [ RunTime:0.001853s ]
INFO: Run Common\Behavior\UrldecodeGetBehavior [ RunTime:0.000671s ]
INFO: [ app_begin ] --END-- [ RunTime:0.003886s ]
NOTIC: [2] Declaration of Admin\Controller\CourseController::show() should be compatible with Think\Controller::show($content, $charset = '', $contentType = '', $prefix = '') D:\laragon\www\junwei1\ThinkCMFX\application\Admin\Controller\CourseController.class.php 第 20 行.
INFO: [ admin_begin ] --START--
INFO: Run Common\Behavior\AdminDefaultLangBehavior [ RunTime:0.002225s ]
INFO: [ admin_begin ] --END-- [ RunTime:0.002276s ]
SQL: SHOW COLUMNS FROM `cmf_users` [ RunTime:0.0013s ]
SQL: SELECT * FROM `cmf_users` WHERE `id` = '1' LIMIT 1   [ RunTime:0.0007s ]
NOTIC: [2] Declaration of Common\Model\CourseModel::create($data, $photo) should be compatible with Think\Model::create($data = '', $type = '') D:\laragon\www\junwei1\ThinkCMFX\application\Common\Model\CourseModel.class.php 第 190 行.
SQL: SHOW COLUMNS FROM `cmf_course` [ RunTime:0.0011s ]
SQL: SHOW COLUMNS FROM `cmf_course` [ RunTime:0.0018s ]
SQL: SELECT `class_id` FROM `cmf_course` WHERE ( id in (4,2,1) )  [ RunTime:0.0259s ]
SQL: SHOW COLUMNS FROM `cmf_junwei` [ RunTime:0.0014s ]
SQL: SELECT * FROM `cmf_junwei` LIMIT 1   [ RunTime:0.0004s ]
SQL: DELETE FROM `cmf_course` WHERE ( id in (4,2,1) ) [ RunTime:0.1572s ]

