[ 2017-05-06T10:28:44+08:00 ] 115.33.19.66 /junwei/index.php?g=Admin&m=public&a=dologin
INFO: [ app_begin ] --START--
INFO: Run Behavior\ReadHtmlCacheBehavior [ RunTime:0.000023s ]
INFO: Run Behavior\CheckLangBehavior [ RunTime:0.000063s ]
INFO: Run Common\Behavior\UrldecodeGetBehavior [ RunTime:0.000019s ]
INFO: [ app_begin ] --END-- [ RunTime:0.000173s ]
INFO: [ admin_begin ] --START--
INFO: Run Common\Behavior\AdminDefaultLangBehavior [ RunTime:0.000050s ]
INFO: [ admin_begin ] --END-- [ RunTime:0.000066s ]
SQL: SHOW COLUMNS FROM `cmf_users` [ RunTime:0.0006s ]
SQL: SELECT * FROM `cmf_users` WHERE `user_login` = 'admin' LIMIT 1   [ RunTime:0.0002s ]
SQL: SHOW COLUMNS FROM `cmf_role_user` [ RunTime:0.0003s ]
SQL: SELECT `role_id` FROM cmf_role_user a INNER JOIN cmf_role as b on a.role_id =b.id  WHERE `user_id` = '1' AND `status` = 1  [ RunTime:0.0002s ]
SQL: UPDATE `cmf_users` SET `user_login`='admin',`user_pass`='###e9a6a1b2c468c852c57c0d86674e1f9b',`user_nicename`='admin',`user_email`='1348779449@qq.com',`user_url`='',`avatar`=NULL,`sex`='0',`birthday`='2000-01-01',`signature`=NULL,`last_login_ip`='115.33.19.66',`last_login_time`='2017-05-06 10:28:44',`create_time`='2017-04-17 01:37:17',`user_activation_key`='',`user_status`='1',`score`='0',`user_type`='1',`coin`='0',`mobile`='' WHERE `id` = '1' [ RunTime:0.0002s ]

[ 2017-05-06T10:28:51+08:00 ] 115.33.19.66 /junwei/index.php?g=Admin&m=Question&a=itembank
NOTIC: D方法实例化没找到模型类Common\Model\SubjectsModel
NOTIC: D方法实例化没找到模型类Common\Model\ChapterModel
NOTIC: D方法实例化没找到模型类Common\Model\AnswerModel

[ 2017-05-06T10:29:00+08:00 ] 115.33.19.66 /junwei/index.php?g=Admin&m=Question&a=itembankdelete&item_id=16
INFO: [ app_begin ] --START--
INFO: Run Behavior\ReadHtmlCacheBehavior [ RunTime:0.000019s ]
INFO: Run Behavior\CheckLangBehavior [ RunTime:0.000064s ]
INFO: Run Common\Behavior\UrldecodeGetBehavior [ RunTime:0.000030s ]
INFO: [ app_begin ] --END-- [ RunTime:0.000175s ]
INFO: [ admin_begin ] --START--
INFO: Run Common\Behavior\AdminDefaultLangBehavior [ RunTime:0.000046s ]
INFO: [ admin_begin ] --END-- [ RunTime:0.000061s ]
SQL: SHOW COLUMNS FROM `cmf_users` [ RunTime:0.0005s ]
SQL: SELECT * FROM `cmf_users` WHERE `id` = '1' LIMIT 1   [ RunTime:0.0002s ]
SQL: SHOW COLUMNS FROM `cmf_itembank` [ RunTime:0.0003s ]
NOTIC: D方法实例化没找到模型类Common\Model\SubjectsModel
SQL: SHOW COLUMNS FROM `cmf_subjects` [ RunTime:0.0002s ]
NOTIC: D方法实例化没找到模型类Common\Model\ChapterModel
SQL: SHOW COLUMNS FROM `cmf_chapter` [ RunTime:0.0002s ]
SQL: SHOW COLUMNS FROM `cmf_option` [ RunTime:0.0002s ]
NOTIC: D方法实例化没找到模型类Common\Model\AnswerModel
SQL: SHOW COLUMNS FROM `cmf_answer` [ RunTime:0.0002s ]
SQL: DELETE FROM `cmf_itembank` WHERE ( item_id=16 ) [ RunTime:0.0001s ]
ERR: 1054:Unknown column 'qid' in 'where clause'
 [ SQL语句 ] : DELETE FROM `cmf_option` WHERE ( qid=16 )
ERR: 1054:Unknown column 'qid' in 'where clause'
 [ SQL语句 ] : DELETE FROM `cmf_option` WHERE ( qid=16 )

[ 2017-05-06T10:29:04+08:00 ] 115.33.19.66 /junwei/index.php?g=Admin&m=Question&a=itembankdelete&item_id=16
INFO: [ app_begin ] --START--
INFO: Run Behavior\ReadHtmlCacheBehavior [ RunTime:0.000017s ]
INFO: Run Behavior\CheckLangBehavior [ RunTime:0.000055s ]
INFO: Run Common\Behavior\UrldecodeGetBehavior [ RunTime:0.000020s ]
INFO: [ app_begin ] --END-- [ RunTime:0.000130s ]
INFO: [ admin_begin ] --START--
INFO: Run Common\Behavior\AdminDefaultLangBehavior [ RunTime:0.000046s ]
INFO: [ admin_begin ] --END-- [ RunTime:0.000060s ]
SQL: SHOW COLUMNS FROM `cmf_users` [ RunTime:0.0005s ]
SQL: SELECT * FROM `cmf_users` WHERE `id` = '1' LIMIT 1   [ RunTime:0.0002s ]
SQL: SHOW COLUMNS FROM `cmf_itembank` [ RunTime:0.0003s ]
NOTIC: D方法实例化没找到模型类Common\Model\SubjectsModel
SQL: SHOW COLUMNS FROM `cmf_subjects` [ RunTime:0.0002s ]
NOTIC: D方法实例化没找到模型类Common\Model\ChapterModel
SQL: SHOW COLUMNS FROM `cmf_chapter` [ RunTime:0.0003s ]
SQL: SHOW COLUMNS FROM `cmf_option` [ RunTime:0.0002s ]
NOTIC: D方法实例化没找到模型类Common\Model\AnswerModel
SQL: SHOW COLUMNS FROM `cmf_answer` [ RunTime:0.0002s ]
SQL: DELETE FROM `cmf_itembank` WHERE ( item_id=16 ) [ RunTime:0.0001s ]
ERR: 1054:Unknown column 'qid' in 'where clause'
 [ SQL语句 ] : DELETE FROM `cmf_option` WHERE ( qid=16 )
ERR: 1054:Unknown column 'qid' in 'where clause'
 [ SQL语句 ] : DELETE FROM `cmf_option` WHERE ( qid=16 )

[ 2017-05-06T10:29:07+08:00 ] 115.33.19.66 /junwei/index.php?g=Admin&m=Question&a=itembankdelete&item_id=16
INFO: [ app_begin ] --START--
INFO: Run Behavior\ReadHtmlCacheBehavior [ RunTime:0.000017s ]
INFO: Run Behavior\CheckLangBehavior [ RunTime:0.000054s ]
INFO: Run Common\Behavior\UrldecodeGetBehavior [ RunTime:0.000018s ]
INFO: [ app_begin ] --END-- [ RunTime:0.000125s ]
INFO: [ admin_begin ] --START--
INFO: Run Common\Behavior\AdminDefaultLangBehavior [ RunTime:0.000044s ]
INFO: [ admin_begin ] --END-- [ RunTime:0.000066s ]
SQL: SHOW COLUMNS FROM `cmf_users` [ RunTime:0.0006s ]
SQL: SELECT * FROM `cmf_users` WHERE `id` = '1' LIMIT 1   [ RunTime:0.0002s ]
SQL: SHOW COLUMNS FROM `cmf_itembank` [ RunTime:0.0003s ]
NOTIC: D方法实例化没找到模型类Common\Model\SubjectsModel
SQL: SHOW COLUMNS FROM `cmf_subjects` [ RunTime:0.0003s ]
NOTIC: D方法实例化没找到模型类Common\Model\ChapterModel
SQL: SHOW COLUMNS FROM `cmf_chapter` [ RunTime:0.0003s ]
SQL: SHOW COLUMNS FROM `cmf_option` [ RunTime:0.0003s ]
NOTIC: D方法实例化没找到模型类Common\Model\AnswerModel
SQL: SHOW COLUMNS FROM `cmf_answer` [ RunTime:0.0003s ]
SQL: DELETE FROM `cmf_itembank` WHERE ( item_id=16 ) [ RunTime:0.0001s ]
ERR: 1054:Unknown column 'qid' in 'where clause'
 [ SQL语句 ] : DELETE FROM `cmf_option` WHERE ( qid=16 )
ERR: 1054:Unknown column 'qid' in 'where clause'
 [ SQL语句 ] : DELETE FROM `cmf_option` WHERE ( qid=16 )

[ 2017-05-06T10:29:11+08:00 ] 115.33.19.66 /junwei/index.php?g=Admin&m=Question&a=itembank
NOTIC: D方法实例化没找到模型类Common\Model\SubjectsModel
NOTIC: D方法实例化没找到模型类Common\Model\ChapterModel
NOTIC: D方法实例化没找到模型类Common\Model\AnswerModel

[ 2017-05-06T10:29:14+08:00 ] 115.33.19.66 /junwei/index.php?g=Admin&m=Question&a=itembankdelete&item_id=11
INFO: [ app_begin ] --START--
INFO: Run Behavior\ReadHtmlCacheBehavior [ RunTime:0.000020s ]
INFO: Run Behavior\CheckLangBehavior [ RunTime:0.000088s ]
INFO: Run Common\Behavior\UrldecodeGetBehavior [ RunTime:0.000022s ]
INFO: [ app_begin ] --END-- [ RunTime:0.000180s ]
INFO: [ admin_begin ] --START--
INFO: Run Common\Behavior\AdminDefaultLangBehavior [ RunTime:0.000051s ]
INFO: [ admin_begin ] --END-- [ RunTime:0.000067s ]
SQL: SHOW COLUMNS FROM `cmf_users` [ RunTime:0.0006s ]
SQL: SELECT * FROM `cmf_users` WHERE `id` = '1' LIMIT 1   [ RunTime:0.0002s ]
SQL: SHOW COLUMNS FROM `cmf_itembank` [ RunTime:0.0004s ]
NOTIC: D方法实例化没找到模型类Common\Model\SubjectsModel
SQL: SHOW COLUMNS FROM `cmf_subjects` [ RunTime:0.0003s ]
NOTIC: D方法实例化没找到模型类Common\Model\ChapterModel
SQL: SHOW COLUMNS FROM `cmf_chapter` [ RunTime:0.0003s ]
SQL: SHOW COLUMNS FROM `cmf_option` [ RunTime:0.0003s ]
NOTIC: D方法实例化没找到模型类Common\Model\AnswerModel
SQL: SHOW COLUMNS FROM `cmf_answer` [ RunTime:0.0002s ]
SQL: DELETE FROM `cmf_itembank` WHERE ( item_id=11 ) [ RunTime:0.0001s ]
ERR: 1054:Unknown column 'qid' in 'where clause'
 [ SQL语句 ] : DELETE FROM `cmf_option` WHERE ( qid=11 )
ERR: 1054:Unknown column 'qid' in 'where clause'
 [ SQL语句 ] : DELETE FROM `cmf_option` WHERE ( qid=11 )

[ 2017-05-06T10:29:18+08:00 ] 115.33.19.66 /junwei/index.php?g=Admin&m=Question&a=true
NOTIC: D方法实例化没找到模型类Common\Model\SubjectsModel
NOTIC: D方法实例化没找到模型类Common\Model\ChapterModel
NOTIC: D方法实例化没找到模型类Common\Model\AnswerModel

[ 2017-05-06T10:29:20+08:00 ] 115.33.19.66 /junwei/index.php?g=Admin&m=Question&a=truedelete&item_id=15
INFO: [ app_begin ] --START--
INFO: Run Behavior\ReadHtmlCacheBehavior [ RunTime:0.000018s ]
INFO: Run Behavior\CheckLangBehavior [ RunTime:0.000053s ]
INFO: Run Common\Behavior\UrldecodeGetBehavior [ RunTime:0.000018s ]
INFO: [ app_begin ] --END-- [ RunTime:0.000124s ]
INFO: [ admin_begin ] --START--
INFO: Run Common\Behavior\AdminDefaultLangBehavior [ RunTime:0.000048s ]
INFO: [ admin_begin ] --END-- [ RunTime:0.000062s ]
SQL: SHOW COLUMNS FROM `cmf_users` [ RunTime:0.0005s ]
SQL: SELECT * FROM `cmf_users` WHERE `id` = '1' LIMIT 1   [ RunTime:0.0002s ]
SQL: SHOW COLUMNS FROM `cmf_itembank` [ RunTime:0.0003s ]
NOTIC: D方法实例化没找到模型类Common\Model\SubjectsModel
SQL: SHOW COLUMNS FROM `cmf_subjects` [ RunTime:0.0002s ]
NOTIC: D方法实例化没找到模型类Common\Model\ChapterModel
SQL: SHOW COLUMNS FROM `cmf_chapter` [ RunTime:0.0002s ]
SQL: SHOW COLUMNS FROM `cmf_option` [ RunTime:0.0002s ]
NOTIC: D方法实例化没找到模型类Common\Model\AnswerModel
SQL: SHOW COLUMNS FROM `cmf_answer` [ RunTime:0.0002s ]
SQL: DELETE FROM `cmf_itembank` WHERE ( item_id=15 ) [ RunTime:0.0001s ]
ERR: 1054:Unknown column 'qid' in 'where clause'
 [ SQL语句 ] : DELETE FROM `cmf_option` WHERE ( qid=15 )
ERR: 1054:Unknown column 'qid' in 'where clause'
 [ SQL语句 ] : DELETE FROM `cmf_option` WHERE ( qid=15 )

[ 2017-05-06T10:29:24+08:00 ] 115.33.19.66 /junwei/index.php?g=Admin&m=Question&a=trueadd
NOTIC: D方法实例化没找到模型类Common\Model\SubjectsModel
NOTIC: D方法实例化没找到模型类Common\Model\ChapterModel
NOTIC: D方法实例化没找到模型类Common\Model\AnswerModel

[ 2017-05-06T10:29:43+08:00 ] 115.33.19.66 /junwei/index.php?g=Admin&m=Question&a=trueadd_post
NOTIC: D方法实例化没找到模型类Common\Model\SubjectsModel
NOTIC: D方法实例化没找到模型类Common\Model\ChapterModel
NOTIC: D方法实例化没找到模型类Common\Model\AnswerModel

[ 2017-05-06T10:30:04+08:00 ] 115.33.19.66 /junwei/index.php?g=Admin&m=Question&a=true
NOTIC: D方法实例化没找到模型类Common\Model\SubjectsModel
NOTIC: D方法实例化没找到模型类Common\Model\ChapterModel
NOTIC: D方法实例化没找到模型类Common\Model\AnswerModel

[ 2017-05-06T10:31:31+08:00 ] 115.33.19.66 /junwei/index.php?g=Admin&m=public&a=dologin
INFO: [ app_begin ] --START--
INFO: Run Behavior\ReadHtmlCacheBehavior [ RunTime:0.000018s ]
INFO: Run Behavior\CheckLangBehavior [ RunTime:0.000063s ]
INFO: Run Common\Behavior\UrldecodeGetBehavior [ RunTime:0.000019s ]
INFO: [ app_begin ] --END-- [ RunTime:0.000139s ]
INFO: [ admin_begin ] --START--
INFO: Run Common\Behavior\AdminDefaultLangBehavior [ RunTime:0.000047s ]
INFO: [ admin_begin ] --END-- [ RunTime:0.000060s ]
SQL: SHOW COLUMNS FROM `cmf_users` [ RunTime:0.0006s ]
SQL: SELECT * FROM `cmf_users` WHERE `user_login` = 'admin' LIMIT 1   [ RunTime:0.0002s ]
SQL: SHOW COLUMNS FROM `cmf_role_user` [ RunTime:0.0003s ]
SQL: SELECT `role_id` FROM cmf_role_user a INNER JOIN cmf_role as b on a.role_id =b.id  WHERE `user_id` = '1' AND `status` = 1  [ RunTime:0.0001s ]
SQL: UPDATE `cmf_users` SET `user_login`='admin',`user_pass`='###e9a6a1b2c468c852c57c0d86674e1f9b',`user_nicename`='admin',`user_email`='1348779449@qq.com',`user_url`='',`avatar`=NULL,`sex`='0',`birthday`='2000-01-01',`signature`=NULL,`last_login_ip`='115.33.19.66',`last_login_time`='2017-05-06 10:31:31',`create_time`='2017-04-17 01:37:17',`user_activation_key`='',`user_status`='1',`score`='0',`user_type`='1',`coin`='0',`mobile`='' WHERE `id` = '1' [ RunTime:0.0002s ]

[ 2017-05-06T10:31:36+08:00 ] 115.33.19.66 /junwei/index.php?g=Admin&m=Question&a=itembank
NOTIC: D方法实例化没找到模型类Common\Model\SubjectsModel
NOTIC: D方法实例化没找到模型类Common\Model\ChapterModel
NOTIC: D方法实例化没找到模型类Common\Model\AnswerModel

[ 2017-05-06T10:31:40+08:00 ] 115.33.19.66 /junwei/index.php?g=Admin&m=Question&a=itembank
NOTIC: D方法实例化没找到模型类Common\Model\SubjectsModel
NOTIC: D方法实例化没找到模型类Common\Model\ChapterModel
NOTIC: D方法实例化没找到模型类Common\Model\AnswerModel

[ 2017-05-06T10:31:41+08:00 ] 115.33.19.66 /junwei/index.php?g=Admin&m=Question&a=true
NOTIC: D方法实例化没找到模型类Common\Model\SubjectsModel
NOTIC: D方法实例化没找到模型类Common\Model\ChapterModel
NOTIC: D方法实例化没找到模型类Common\Model\AnswerModel

[ 2017-05-06T10:31:45+08:00 ] 115.33.19.66 /junwei/index.php?g=Admin&m=Question&a=truedelete&item_id=17
INFO: [ app_begin ] --START--
INFO: Run Behavior\ReadHtmlCacheBehavior [ RunTime:0.000019s ]
INFO: Run Behavior\CheckLangBehavior [ RunTime:0.000060s ]
INFO: Run Common\Behavior\UrldecodeGetBehavior [ RunTime:0.000029s ]
INFO: [ app_begin ] --END-- [ RunTime:0.000152s ]
INFO: [ admin_begin ] --START--
INFO: Run Common\Behavior\AdminDefaultLangBehavior [ RunTime:0.000049s ]
INFO: [ admin_begin ] --END-- [ RunTime:0.000064s ]
SQL: SHOW COLUMNS FROM `cmf_users` [ RunTime:0.0005s ]
SQL: SELECT * FROM `cmf_users` WHERE `id` = '1' LIMIT 1   [ RunTime:0.0002s ]
SQL: SHOW COLUMNS FROM `cmf_itembank` [ RunTime:0.0003s ]
NOTIC: D方法实例化没找到模型类Common\Model\SubjectsModel
SQL: SHOW COLUMNS FROM `cmf_subjects` [ RunTime:0.0002s ]
NOTIC: D方法实例化没找到模型类Common\Model\ChapterModel
SQL: SHOW COLUMNS FROM `cmf_chapter` [ RunTime:0.0002s ]
SQL: SHOW COLUMNS FROM `cmf_option` [ RunTime:0.0003s ]
NOTIC: D方法实例化没找到模型类Common\Model\AnswerModel
SQL: SHOW COLUMNS FROM `cmf_answer` [ RunTime:0.0002s ]
SQL: DELETE FROM `cmf_itembank` WHERE ( item_id=17 ) [ RunTime:0.0001s ]
ERR: 1054:Unknown column 'qid' in 'where clause'
 [ SQL语句 ] : DELETE FROM `cmf_option` WHERE ( qid=17 )
ERR: 1054:Unknown column 'qid' in 'where clause'
 [ SQL语句 ] : DELETE FROM `cmf_option` WHERE ( qid=17 )

[ 2017-05-06T10:31:55+08:00 ] 115.33.19.66 /junwei/index.php?g=Admin&m=Question&a=truedelete
INFO: [ app_begin ] --START--
INFO: Run Behavior\ReadHtmlCacheBehavior [ RunTime:0.000018s ]
INFO: Run Behavior\CheckLangBehavior [ RunTime:0.000072s ]
INFO: Run Common\Behavior\UrldecodeGetBehavior [ RunTime:0.000020s ]
INFO: [ app_begin ] --END-- [ RunTime:0.000150s ]
INFO: [ admin_begin ] --START--
INFO: Run Common\Behavior\AdminDefaultLangBehavior [ RunTime:0.000045s ]
INFO: [ admin_begin ] --END-- [ RunTime:0.000061s ]
SQL: SHOW COLUMNS FROM `cmf_users` [ RunTime:0.0006s ]
SQL: SELECT * FROM `cmf_users` WHERE `id` = '1' LIMIT 1   [ RunTime:0.0002s ]
SQL: SHOW COLUMNS FROM `cmf_itembank` [ RunTime:0.0003s ]
NOTIC: D方法实例化没找到模型类Common\Model\SubjectsModel
SQL: SHOW COLUMNS FROM `cmf_subjects` [ RunTime:0.0003s ]
NOTIC: D方法实例化没找到模型类Common\Model\ChapterModel
SQL: SHOW COLUMNS FROM `cmf_chapter` [ RunTime:0.0002s ]
SQL: SHOW COLUMNS FROM `cmf_option` [ RunTime:0.0003s ]
NOTIC: D方法实例化没找到模型类Common\Model\AnswerModel
SQL: SHOW COLUMNS FROM `cmf_answer` [ RunTime:0.0003s ]
SQL: DELETE FROM `cmf_itembank` WHERE ( item_id in (17) ) [ RunTime:0.0001s ]
ERR: 1054:Unknown column 'qid' in 'where clause'
 [ SQL语句 ] : DELETE FROM `cmf_option` WHERE ( qid in (17) )
ERR: 1054:Unknown column 'qid' in 'where clause'
 [ SQL语句 ] : DELETE FROM `cmf_option` WHERE ( qid in (17) )

[ 2017-05-06T10:31:56+08:00 ] 115.33.19.66 /junwei/index.php?g=Admin&m=Question&a=true
NOTIC: D方法实例化没找到模型类Common\Model\SubjectsModel
NOTIC: D方法实例化没找到模型类Common\Model\ChapterModel
NOTIC: D方法实例化没找到模型类Common\Model\AnswerModel

[ 2017-05-06T10:32:00+08:00 ] 115.33.19.66 /junwei/index.php?g=Admin&m=Question&a=itembank
NOTIC: D方法实例化没找到模型类Common\Model\SubjectsModel
NOTIC: D方法实例化没找到模型类Common\Model\ChapterModel
NOTIC: D方法实例化没找到模型类Common\Model\AnswerModel

[ 2017-05-06T10:32:02+08:00 ] 115.33.19.66 /junwei/index.php?g=Admin&m=Question&a=true
NOTIC: D方法实例化没找到模型类Common\Model\SubjectsModel
NOTIC: D方法实例化没找到模型类Common\Model\ChapterModel
NOTIC: D方法实例化没找到模型类Common\Model\AnswerModel

[ 2017-05-06T10:32:03+08:00 ] 115.33.19.66 /junwei/index.php?g=Admin&m=Question&a=true
NOTIC: D方法实例化没找到模型类Common\Model\SubjectsModel
NOTIC: D方法实例化没找到模型类Common\Model\ChapterModel
NOTIC: D方法实例化没找到模型类Common\Model\AnswerModel

[ 2017-05-06T10:32:05+08:00 ] 115.33.19.66 /junwei/index.php?g=Admin&m=Question&a=trueadd
NOTIC: D方法实例化没找到模型类Common\Model\SubjectsModel
NOTIC: D方法实例化没找到模型类Common\Model\ChapterModel
NOTIC: D方法实例化没找到模型类Common\Model\AnswerModel

[ 2017-05-06T10:32:34+08:00 ] 115.33.19.66 /junwei/index.php?g=Admin&m=Question&a=trueadd_post
NOTIC: D方法实例化没找到模型类Common\Model\SubjectsModel
NOTIC: D方法实例化没找到模型类Common\Model\ChapterModel
NOTIC: D方法实例化没找到模型类Common\Model\AnswerModel

[ 2017-05-06T10:32:43+08:00 ] 115.33.19.66 /junwei/index.php?g=Admin&m=Question&a=true
NOTIC: D方法实例化没找到模型类Common\Model\SubjectsModel
NOTIC: D方法实例化没找到模型类Common\Model\ChapterModel
NOTIC: D方法实例化没找到模型类Common\Model\AnswerModel

[ 2017-05-06T10:32:44+08:00 ] 115.33.19.66 /junwei/index.php?g=Admin&m=Question&a=trueadd
NOTIC: D方法实例化没找到模型类Common\Model\SubjectsModel
NOTIC: D方法实例化没找到模型类Common\Model\ChapterModel
NOTIC: D方法实例化没找到模型类Common\Model\AnswerModel

[ 2017-05-06T10:33:02+08:00 ] 115.33.19.66 /junwei/index.php?g=Admin&m=Question&a=trueadd_post
NOTIC: D方法实例化没找到模型类Common\Model\SubjectsModel
NOTIC: D方法实例化没找到模型类Common\Model\ChapterModel
NOTIC: D方法实例化没找到模型类Common\Model\AnswerModel

[ 2017-05-06T10:33:04+08:00 ] 115.33.19.66 /junwei/index.php?g=Admin&m=Question&a=itembank
NOTIC: D方法实例化没找到模型类Common\Model\SubjectsModel
NOTIC: D方法实例化没找到模型类Common\Model\ChapterModel
NOTIC: D方法实例化没找到模型类Common\Model\AnswerModel

[ 2017-05-06T10:33:05+08:00 ] 115.33.19.66 /junwei/index.php?g=Admin&m=Question&a=itembankadd
NOTIC: D方法实例化没找到模型类Common\Model\SubjectsModel
NOTIC: D方法实例化没找到模型类Common\Model\ChapterModel
NOTIC: D方法实例化没找到模型类Common\Model\AnswerModel

[ 2017-05-06T10:33:06+08:00 ] 115.33.19.66 /junwei/index.php?g=Admin&m=Question&a=mater
NOTIC: D方法实例化没找到模型类Common\Model\SubjectsModel
NOTIC: D方法实例化没找到模型类Common\Model\ChapterModel
NOTIC: D方法实例化没找到模型类Common\Model\AnswerModel

[ 2017-05-06T10:33:07+08:00 ] 115.33.19.66 /junwei/index.php?g=Admin&m=Question&a=itembankadd
NOTIC: D方法实例化没找到模型类Common\Model\SubjectsModel
NOTIC: D方法实例化没找到模型类Common\Model\ChapterModel
NOTIC: D方法实例化没找到模型类Common\Model\AnswerModel

[ 2017-05-06T10:33:24+08:00 ] 115.33.19.66 /junwei/index.php?g=Admin&m=Question&a=itembankadd_post
NOTIC: D方法实例化没找到模型类Common\Model\SubjectsModel
NOTIC: D方法实例化没找到模型类Common\Model\ChapterModel
NOTIC: D方法实例化没找到模型类Common\Model\AnswerModel

[ 2017-05-06T10:33:27+08:00 ] 115.33.19.66 /junwei/index.php?g=Admin&m=Question&a=itembank
NOTIC: D方法实例化没找到模型类Common\Model\SubjectsModel
NOTIC: D方法实例化没找到模型类Common\Model\ChapterModel
NOTIC: D方法实例化没找到模型类Common\Model\AnswerModel

[ 2017-05-06T10:33:31+08:00 ] 115.33.19.66 /junwei/index.php?g=Admin&m=Question&a=itembankdelete&item_id=20
INFO: [ app_begin ] --START--
INFO: Run Behavior\ReadHtmlCacheBehavior [ RunTime:0.000018s ]
INFO: Run Behavior\CheckLangBehavior [ RunTime:0.000080s ]
INFO: Run Common\Behavior\UrldecodeGetBehavior [ RunTime:0.000030s ]
INFO: [ app_begin ] --END-- [ RunTime:0.000178s ]
INFO: [ admin_begin ] --START--
INFO: Run Common\Behavior\AdminDefaultLangBehavior [ RunTime:0.000059s ]
INFO: [ admin_begin ] --END-- [ RunTime:0.000077s ]
SQL: SHOW COLUMNS FROM `cmf_users` [ RunTime:0.0006s ]
SQL: SELECT * FROM `cmf_users` WHERE `id` = '1' LIMIT 1   [ RunTime:0.0002s ]
SQL: SHOW COLUMNS FROM `cmf_itembank` [ RunTime:0.0003s ]
NOTIC: D方法实例化没找到模型类Common\Model\SubjectsModel
SQL: SHOW COLUMNS FROM `cmf_subjects` [ RunTime:0.0003s ]
NOTIC: D方法实例化没找到模型类Common\Model\ChapterModel
SQL: SHOW COLUMNS FROM `cmf_chapter` [ RunTime:0.0003s ]
SQL: SHOW COLUMNS FROM `cmf_option` [ RunTime:0.0003s ]
NOTIC: D方法实例化没找到模型类Common\Model\AnswerModel
SQL: SHOW COLUMNS FROM `cmf_answer` [ RunTime:0.0003s ]
SQL: DELETE FROM `cmf_itembank` WHERE ( item_id=20 ) [ RunTime:0.0002s ]
ERR: 1054:Unknown column 'qid' in 'where clause'
 [ SQL语句 ] : DELETE FROM `cmf_option` WHERE ( qid=20 )
ERR: 1054:Unknown column 'qid' in 'where clause'
 [ SQL语句 ] : DELETE FROM `cmf_option` WHERE ( qid=20 )

[ 2017-05-06T10:33:39+08:00 ] 115.33.19.66 /junwei/index.php?g=Admin&m=Question&a=itembankdelete&item_id=20
INFO: [ app_begin ] --START--
INFO: Run Behavior\ReadHtmlCacheBehavior [ RunTime:0.000023s ]
INFO: Run Behavior\CheckLangBehavior [ RunTime:0.000071s ]
INFO: Run Common\Behavior\UrldecodeGetBehavior [ RunTime:0.000024s ]
INFO: [ app_begin ] --END-- [ RunTime:0.000163s ]
INFO: [ admin_begin ] --START--
INFO: Run Common\Behavior\AdminDefaultLangBehavior [ RunTime:0.000053s ]
INFO: [ admin_begin ] --END-- [ RunTime:0.000069s ]
SQL: SHOW COLUMNS FROM `cmf_users` [ RunTime:0.0005s ]
SQL: SELECT * FROM `cmf_users` WHERE `id` = '1' LIMIT 1   [ RunTime:0.0002s ]
SQL: SHOW COLUMNS FROM `cmf_itembank` [ RunTime:0.0003s ]
NOTIC: D方法实例化没找到模型类Common\Model\SubjectsModel
SQL: SHOW COLUMNS FROM `cmf_subjects` [ RunTime:0.0002s ]
NOTIC: D方法实例化没找到模型类Common\Model\ChapterModel
SQL: SHOW COLUMNS FROM `cmf_chapter` [ RunTime:0.0002s ]
SQL: SHOW COLUMNS FROM `cmf_option` [ RunTime:0.0003s ]
NOTIC: D方法实例化没找到模型类Common\Model\AnswerModel
SQL: SHOW COLUMNS FROM `cmf_answer` [ RunTime:0.0002s ]
SQL: DELETE FROM `cmf_itembank` WHERE ( item_id=20 ) [ RunTime:0.0001s ]
ERR: 1054:Unknown column 'qid' in 'where clause'
 [ SQL语句 ] : DELETE FROM `cmf_option` WHERE ( qid=20 )
ERR: 1054:Unknown column 'qid' in 'where clause'
 [ SQL语句 ] : DELETE FROM `cmf_option` WHERE ( qid=20 )

[ 2017-05-06T10:33:41+08:00 ] 115.33.19.66 /junwei/index.php?g=Admin&m=Question&a=itembankdelete&item_id=20
INFO: [ app_begin ] --START--
INFO: Run Behavior\ReadHtmlCacheBehavior [ RunTime:0.000015s ]
INFO: Run Behavior\CheckLangBehavior [ RunTime:0.000050s ]
INFO: Run Common\Behavior\UrldecodeGetBehavior [ RunTime:0.000017s ]
INFO: [ app_begin ] --END-- [ RunTime:0.000116s ]
INFO: [ admin_begin ] --START--
INFO: Run Common\Behavior\AdminDefaultLangBehavior [ RunTime:0.000043s ]
INFO: [ admin_begin ] --END-- [ RunTime:0.000058s ]
SQL: SHOW COLUMNS FROM `cmf_users` [ RunTime:0.0005s ]
SQL: SELECT * FROM `cmf_users` WHERE `id` = '1' LIMIT 1   [ RunTime:0.0002s ]
SQL: SHOW COLUMNS FROM `cmf_itembank` [ RunTime:0.0004s ]
NOTIC: D方法实例化没找到模型类Common\Model\SubjectsModel
SQL: SHOW COLUMNS FROM `cmf_subjects` [ RunTime:0.0003s ]
NOTIC: D方法实例化没找到模型类Common\Model\ChapterModel
SQL: SHOW COLUMNS FROM `cmf_chapter` [ RunTime:0.0003s ]
SQL: SHOW COLUMNS FROM `cmf_option` [ RunTime:0.0003s ]
NOTIC: D方法实例化没找到模型类Common\Model\AnswerModel
SQL: SHOW COLUMNS FROM `cmf_answer` [ RunTime:0.0002s ]
SQL: DELETE FROM `cmf_itembank` WHERE ( item_id=20 ) [ RunTime:0.0001s ]
ERR: 1054:Unknown column 'qid' in 'where clause'
 [ SQL语句 ] : DELETE FROM `cmf_option` WHERE ( qid=20 )
ERR: 1054:Unknown column 'qid' in 'where clause'
 [ SQL语句 ] : DELETE FROM `cmf_option` WHERE ( qid=20 )

[ 2017-05-06T10:33:45+08:00 ] 115.33.19.66 /junwei/index.php?g=Admin&m=Question&a=itembankdelete&item_id=20
INFO: [ app_begin ] --START--
INFO: Run Behavior\ReadHtmlCacheBehavior [ RunTime:0.000018s ]
INFO: Run Behavior\CheckLangBehavior [ RunTime:0.000059s ]
INFO: Run Common\Behavior\UrldecodeGetBehavior [ RunTime:0.000020s ]
INFO: [ app_begin ] --END-- [ RunTime:0.000138s ]
INFO: [ admin_begin ] --START--
INFO: Run Common\Behavior\AdminDefaultLangBehavior [ RunTime:0.000048s ]
INFO: [ admin_begin ] --END-- [ RunTime:0.000064s ]
SQL: SHOW COLUMNS FROM `cmf_users` [ RunTime:0.0006s ]
SQL: SELECT * FROM `cmf_users` WHERE `id` = '1' LIMIT 1   [ RunTime:0.0002s ]
SQL: SHOW COLUMNS FROM `cmf_itembank` [ RunTime:0.0004s ]
NOTIC: D方法实例化没找到模型类Common\Model\SubjectsModel
SQL: SHOW COLUMNS FROM `cmf_subjects` [ RunTime:0.0003s ]
NOTIC: D方法实例化没找到模型类Common\Model\ChapterModel
SQL: SHOW COLUMNS FROM `cmf_chapter` [ RunTime:0.0003s ]
SQL: SHOW COLUMNS FROM `cmf_option` [ RunTime:0.0003s ]
NOTIC: D方法实例化没找到模型类Common\Model\AnswerModel
SQL: SHOW COLUMNS FROM `cmf_answer` [ RunTime:0.0003s ]
SQL: DELETE FROM `cmf_itembank` WHERE ( item_id=20 ) [ RunTime:0.0001s ]
ERR: 1054:Unknown column 'qid' in 'where clause'
 [ SQL语句 ] : DELETE FROM `cmf_option` WHERE ( qid=20 )
ERR: 1054:Unknown column 'qid' in 'where clause'
 [ SQL语句 ] : DELETE FROM `cmf_option` WHERE ( qid=20 )

[ 2017-05-06T10:33:51+08:00 ] 115.33.19.66 /junwei/index.php?g=Admin&m=Question&a=itembankdelete
INFO: [ app_begin ] --START--
INFO: Run Behavior\ReadHtmlCacheBehavior [ RunTime:0.000023s ]
INFO: Run Behavior\CheckLangBehavior [ RunTime:0.000069s ]
INFO: Run Common\Behavior\UrldecodeGetBehavior [ RunTime:0.000019s ]
INFO: [ app_begin ] --END-- [ RunTime:0.000153s ]
INFO: [ admin_begin ] --START--
INFO: Run Common\Behavior\AdminDefaultLangBehavior [ RunTime:0.000071s ]
INFO: [ admin_begin ] --END-- [ RunTime:0.000092s ]
SQL: SHOW COLUMNS FROM `cmf_users` [ RunTime:0.0006s ]
SQL: SELECT * FROM `cmf_users` WHERE `id` = '1' LIMIT 1   [ RunTime:0.0002s ]
SQL: SHOW COLUMNS FROM `cmf_itembank` [ RunTime:0.0004s ]
NOTIC: D方法实例化没找到模型类Common\Model\SubjectsModel
SQL: SHOW COLUMNS FROM `cmf_subjects` [ RunTime:0.0003s ]
NOTIC: D方法实例化没找到模型类Common\Model\ChapterModel
SQL: SHOW COLUMNS FROM `cmf_chapter` [ RunTime:0.0003s ]
SQL: SHOW COLUMNS FROM `cmf_option` [ RunTime:0.0003s ]
NOTIC: D方法实例化没找到模型类Common\Model\AnswerModel
SQL: SHOW COLUMNS FROM `cmf_answer` [ RunTime:0.0003s ]
SQL: DELETE FROM `cmf_itembank` WHERE ( item_id in (20) ) [ RunTime:0.0001s ]
ERR: 1054:Unknown column 'qid' in 'where clause'
 [ SQL语句 ] : DELETE FROM `cmf_option` WHERE ( qid in (20) )
ERR: 1054:Unknown column 'qid' in 'where clause'
 [ SQL语句 ] : DELETE FROM `cmf_option` WHERE ( qid in (20) )

[ 2017-05-06T10:33:52+08:00 ] 115.33.19.66 /junwei/index.php?g=Admin&m=Question&a=itembank
NOTIC: D方法实例化没找到模型类Common\Model\SubjectsModel
NOTIC: D方法实例化没找到模型类Common\Model\ChapterModel
NOTIC: D方法实例化没找到模型类Common\Model\AnswerModel

[ 2017-05-06T10:35:57+08:00 ] 115.33.19.66 /junwei/index.php?g=Admin&m=Question&a=itembank
NOTIC: D方法实例化没找到模型类Common\Model\SubjectsModel
NOTIC: D方法实例化没找到模型类Common\Model\ChapterModel
NOTIC: D方法实例化没找到模型类Common\Model\AnswerModel

[ 2017-05-06T10:35:58+08:00 ] 115.33.19.66 /junwei/index.php?g=Admin&m=Question&a=itembankadd
NOTIC: D方法实例化没找到模型类Common\Model\SubjectsModel
NOTIC: D方法实例化没找到模型类Common\Model\ChapterModel
NOTIC: D方法实例化没找到模型类Common\Model\AnswerModel

[ 2017-05-06T10:35:59+08:00 ] 115.33.19.66 /junwei/index.php?g=Admin&m=Question&a=mater
NOTIC: D方法实例化没找到模型类Common\Model\SubjectsModel
NOTIC: D方法实例化没找到模型类Common\Model\ChapterModel
NOTIC: D方法实例化没找到模型类Common\Model\AnswerModel

[ 2017-05-06T10:36:34+08:00 ] 115.33.19.66 /junwei/index.php?g=Admin&m=Question&a=materadd_post
NOTIC: D方法实例化没找到模型类Common\Model\SubjectsModel
NOTIC: D方法实例化没找到模型类Common\Model\ChapterModel
NOTIC: D方法实例化没找到模型类Common\Model\AnswerModel

[ 2017-05-06T10:40:08+08:00 ] 115.33.19.66 /junwei/index.php?g=Admin&m=Question&a=itembank
NOTIC: D方法实例化没找到模型类Common\Model\SubjectsModel
NOTIC: D方法实例化没找到模型类Common\Model\ChapterModel
NOTIC: D方法实例化没找到模型类Common\Model\AnswerModel

[ 2017-05-06T10:40:10+08:00 ] 115.33.19.66 /junwei/index.php?g=Admin&m=Question&a=itembankadd
NOTIC: D方法实例化没找到模型类Common\Model\SubjectsModel
NOTIC: D方法实例化没找到模型类Common\Model\ChapterModel
NOTIC: D方法实例化没找到模型类Common\Model\AnswerModel

[ 2017-05-06T10:40:31+08:00 ] 115.33.19.66 /junwei/index.php?g=Admin&m=Question&a=itembankadd_post
NOTIC: D方法实例化没找到模型类Common\Model\SubjectsModel
NOTIC: D方法实例化没找到模型类Common\Model\ChapterModel
NOTIC: D方法实例化没找到模型类Common\Model\AnswerModel

[ 2017-05-06T10:40:34+08:00 ] 115.33.19.66 /junwei/index.php?g=Admin&m=Question&a=itembank
NOTIC: D方法实例化没找到模型类Common\Model\SubjectsModel
NOTIC: D方法实例化没找到模型类Common\Model\ChapterModel
NOTIC: D方法实例化没找到模型类Common\Model\AnswerModel

[ 2017-05-06T10:40:37+08:00 ] 115.33.19.66 /junwei/index.php?g=Admin&m=Question&a=itembankdelete&item_id=21
INFO: [ app_begin ] --START--
INFO: Run Behavior\ReadHtmlCacheBehavior [ RunTime:0.000018s ]
INFO: Run Behavior\CheckLangBehavior [ RunTime:0.000059s ]
INFO: Run Common\Behavior\UrldecodeGetBehavior [ RunTime:0.000020s ]
INFO: [ app_begin ] --END-- [ RunTime:0.000135s ]
INFO: [ admin_begin ] --START--
INFO: Run Common\Behavior\AdminDefaultLangBehavior [ RunTime:0.000050s ]
INFO: [ admin_begin ] --END-- [ RunTime:0.000065s ]
SQL: SHOW COLUMNS FROM `cmf_users` [ RunTime:0.0006s ]
SQL: SELECT * FROM `cmf_users` WHERE `id` = '1' LIMIT 1   [ RunTime:0.0002s ]
SQL: SHOW COLUMNS FROM `cmf_itembank` [ RunTime:0.0003s ]
NOTIC: D方法实例化没找到模型类Common\Model\SubjectsModel
SQL: SHOW COLUMNS FROM `cmf_subjects` [ RunTime:0.0003s ]
NOTIC: D方法实例化没找到模型类Common\Model\ChapterModel
SQL: SHOW COLUMNS FROM `cmf_chapter` [ RunTime:0.0003s ]
SQL: SHOW COLUMNS FROM `cmf_option` [ RunTime:0.0003s ]
NOTIC: D方法实例化没找到模型类Common\Model\AnswerModel
SQL: SHOW COLUMNS FROM `cmf_answer` [ RunTime:0.0003s ]
SQL: DELETE FROM `cmf_itembank` WHERE ( item_id=21 ) [ RunTime:0.0001s ]
ERR: 1054:Unknown column 'qid' in 'where clause'
 [ SQL语句 ] : DELETE FROM `cmf_option` WHERE ( qid=21 )
ERR: 1054:Unknown column 'qid' in 'where clause'
 [ SQL语句 ] : DELETE FROM `cmf_option` WHERE ( qid=21 )

[ 2017-05-06T10:40:44+08:00 ] 115.33.19.66 /junwei/index.php?g=Admin&m=Question&a=itembankdelete
INFO: [ app_begin ] --START--
INFO: Run Behavior\ReadHtmlCacheBehavior [ RunTime:0.000018s ]
INFO: Run Behavior\CheckLangBehavior [ RunTime:0.000062s ]
INFO: Run Common\Behavior\UrldecodeGetBehavior [ RunTime:0.000017s ]
INFO: [ app_begin ] --END-- [ RunTime:0.000134s ]
INFO: [ admin_begin ] --START--
INFO: Run Common\Behavior\AdminDefaultLangBehavior [ RunTime:0.000046s ]
INFO: [ admin_begin ] --END-- [ RunTime:0.000059s ]
SQL: SHOW COLUMNS FROM `cmf_users` [ RunTime:0.0006s ]
SQL: SELECT * FROM `cmf_users` WHERE `id` = '1' LIMIT 1   [ RunTime:0.0002s ]
SQL: SHOW COLUMNS FROM `cmf_itembank` [ RunTime:0.0003s ]
NOTIC: D方法实例化没找到模型类Common\Model\SubjectsModel
SQL: SHOW COLUMNS FROM `cmf_subjects` [ RunTime:0.0003s ]
NOTIC: D方法实例化没找到模型类Common\Model\ChapterModel
SQL: SHOW COLUMNS FROM `cmf_chapter` [ RunTime:0.0002s ]
SQL: SHOW COLUMNS FROM `cmf_option` [ RunTime:0.0002s ]
NOTIC: D方法实例化没找到模型类Common\Model\AnswerModel
SQL: SHOW COLUMNS FROM `cmf_answer` [ RunTime:0.0002s ]
SQL: DELETE FROM `cmf_itembank` WHERE ( item_id in (21) ) [ RunTime:0.0001s ]
ERR: 1054:Unknown column 'qid' in 'where clause'
 [ SQL语句 ] : DELETE FROM `cmf_option` WHERE ( qid in (21) )
ERR: 1054:Unknown column 'qid' in 'where clause'
 [ SQL语句 ] : DELETE FROM `cmf_option` WHERE ( qid in (21) )

[ 2017-05-06T10:40:45+08:00 ] 115.33.19.66 /junwei/index.php?g=Admin&m=Question&a=itembank
NOTIC: D方法实例化没找到模型类Common\Model\SubjectsModel
NOTIC: D方法实例化没找到模型类Common\Model\ChapterModel
NOTIC: D方法实例化没找到模型类Common\Model\AnswerModel

[ 2017-05-06T10:40:47+08:00 ] 115.33.19.66 /junwei/index.php?g=Admin&m=Question&a=itembank
NOTIC: D方法实例化没找到模型类Common\Model\SubjectsModel
NOTIC: D方法实例化没找到模型类Common\Model\ChapterModel
NOTIC: D方法实例化没找到模型类Common\Model\AnswerModel

[ 2017-05-06T10:40:49+08:00 ] 115.33.19.66 /junwei/index.php?g=Admin&m=Question&a=itembankadd
NOTIC: D方法实例化没找到模型类Common\Model\SubjectsModel
NOTIC: D方法实例化没找到模型类Common\Model\ChapterModel
NOTIC: D方法实例化没找到模型类Common\Model\AnswerModel

[ 2017-05-06T10:40:50+08:00 ] 115.33.19.66 /junwei/index.php?g=Admin&m=Question&a=mater
NOTIC: D方法实例化没找到模型类Common\Model\SubjectsModel
NOTIC: D方法实例化没找到模型类Common\Model\ChapterModel
NOTIC: D方法实例化没找到模型类Common\Model\AnswerModel

[ 2017-05-06T10:40:52+08:00 ] 115.33.19.66 /junwei/index.php?g=Admin&m=Question&a=true
NOTIC: D方法实例化没找到模型类Common\Model\SubjectsModel
NOTIC: D方法实例化没找到模型类Common\Model\ChapterModel
NOTIC: D方法实例化没找到模型类Common\Model\AnswerModel

[ 2017-05-06T10:40:53+08:00 ] 115.33.19.66 /junwei/index.php?g=Admin&m=Question&a=trueadd
NOTIC: D方法实例化没找到模型类Common\Model\SubjectsModel
NOTIC: D方法实例化没找到模型类Common\Model\ChapterModel
NOTIC: D方法实例化没找到模型类Common\Model\AnswerModel

[ 2017-05-06T10:40:55+08:00 ] 115.33.19.66 /junwei/index.php?g=Admin&m=Question&a=ture
NOTIC: D方法实例化没找到模型类Common\Model\SubjectsModel
NOTIC: D方法实例化没找到模型类Common\Model\ChapterModel
NOTIC: D方法实例化没找到模型类Common\Model\AnswerModel

[ 2017-05-06T10:41:05+08:00 ] 115.33.19.66 /junwei/index.php?g=Admin&m=Question&a=ture
NOTIC: D方法实例化没找到模型类Common\Model\SubjectsModel
NOTIC: D方法实例化没找到模型类Common\Model\ChapterModel
NOTIC: D方法实例化没找到模型类Common\Model\AnswerModel

[ 2017-05-06T10:42:30+08:00 ] 115.33.19.66 /junwei/index.php?g=Admin&m=Question&a=itembank
NOTIC: D方法实例化没找到模型类Common\Model\SubjectsModel
NOTIC: D方法实例化没找到模型类Common\Model\ChapterModel
NOTIC: D方法实例化没找到模型类Common\Model\AnswerModel

[ 2017-05-06T10:42:31+08:00 ] 115.33.19.66 /junwei/index.php?g=Admin&m=Question&a=itembankadd
NOTIC: D方法实例化没找到模型类Common\Model\SubjectsModel
NOTIC: D方法实例化没找到模型类Common\Model\ChapterModel
NOTIC: D方法实例化没找到模型类Common\Model\AnswerModel

[ 2017-05-06T10:42:31+08:00 ] 115.33.19.66 /junwei/index.php?g=Admin&m=Question&a=mater
NOTIC: D方法实例化没找到模型类Common\Model\SubjectsModel
NOTIC: D方法实例化没找到模型类Common\Model\ChapterModel
NOTIC: D方法实例化没找到模型类Common\Model\AnswerModel

[ 2017-05-06T10:42:49+08:00 ] 115.33.19.66 /junwei/index.php?g=Admin&m=Question&a=materadd_post
NOTIC: D方法实例化没找到模型类Common\Model\SubjectsModel
NOTIC: D方法实例化没找到模型类Common\Model\ChapterModel
NOTIC: D方法实例化没找到模型类Common\Model\AnswerModel

[ 2017-05-06T10:42:52+08:00 ] 115.33.19.66 /junwei/index.php?g=Admin&m=Question&a=itembank
NOTIC: D方法实例化没找到模型类Common\Model\SubjectsModel
NOTIC: D方法实例化没找到模型类Common\Model\ChapterModel
NOTIC: D方法实例化没找到模型类Common\Model\AnswerModel

[ 2017-05-06T10:42:54+08:00 ] 115.33.19.66 /junwei/index.php?g=Admin&m=Question&a=itembankdelete&item_id=22
INFO: [ app_begin ] --START--
INFO: Run Behavior\ReadHtmlCacheBehavior [ RunTime:0.000018s ]
INFO: Run Behavior\CheckLangBehavior [ RunTime:0.000057s ]
INFO: Run Common\Behavior\UrldecodeGetBehavior [ RunTime:0.000019s ]
INFO: [ app_begin ] --END-- [ RunTime:0.000130s ]
INFO: [ admin_begin ] --START--
INFO: Run Common\Behavior\AdminDefaultLangBehavior [ RunTime:0.000049s ]
INFO: [ admin_begin ] --END-- [ RunTime:0.000065s ]
SQL: SHOW COLUMNS FROM `cmf_users` [ RunTime:0.0005s ]
SQL: SELECT * FROM `cmf_users` WHERE `id` = '1' LIMIT 1   [ RunTime:0.0002s ]
SQL: SHOW COLUMNS FROM `cmf_itembank` [ RunTime:0.0003s ]
NOTIC: D方法实例化没找到模型类Common\Model\SubjectsModel
SQL: SHOW COLUMNS FROM `cmf_subjects` [ RunTime:0.0003s ]
NOTIC: D方法实例化没找到模型类Common\Model\ChapterModel
SQL: SHOW COLUMNS FROM `cmf_chapter` [ RunTime:0.0002s ]
SQL: SHOW COLUMNS FROM `cmf_option` [ RunTime:0.0002s ]
NOTIC: D方法实例化没找到模型类Common\Model\AnswerModel
SQL: SHOW COLUMNS FROM `cmf_answer` [ RunTime:0.0002s ]
SQL: DELETE FROM `cmf_itembank` WHERE ( item_id=22 ) [ RunTime:0.0001s ]
ERR: 1054:Unknown column 'qid' in 'where clause'
 [ SQL语句 ] : DELETE FROM `cmf_option` WHERE ( qid=22 )
ERR: 1054:Unknown column 'qid' in 'where clause'
 [ SQL语句 ] : DELETE FROM `cmf_option` WHERE ( qid=22 )

[ 2017-05-06T10:42:58+08:00 ] 115.33.19.66 /junwei/index.php?g=Admin&m=Question&a=true
NOTIC: D方法实例化没找到模型类Common\Model\SubjectsModel
NOTIC: D方法实例化没找到模型类Common\Model\ChapterModel
NOTIC: D方法实例化没找到模型类Common\Model\AnswerModel

[ 2017-05-06T10:42:59+08:00 ] 115.33.19.66 /junwei/index.php?g=Admin&m=Question&a=trueadd
NOTIC: D方法实例化没找到模型类Common\Model\SubjectsModel
NOTIC: D方法实例化没找到模型类Common\Model\ChapterModel
NOTIC: D方法实例化没找到模型类Common\Model\AnswerModel

[ 2017-05-06T10:43:04+08:00 ] 115.33.19.66 /junwei/index.php?g=Admin&m=Question&a=truemater
NOTIC: D方法实例化没找到模型类Common\Model\SubjectsModel
NOTIC: D方法实例化没找到模型类Common\Model\ChapterModel
NOTIC: D方法实例化没找到模型类Common\Model\AnswerModel

[ 2017-05-06T10:43:06+08:00 ] 115.33.19.66 /junwei/index.php?g=Admin&m=Question&a=trueadd
NOTIC: D方法实例化没找到模型类Common\Model\SubjectsModel
NOTIC: D方法实例化没找到模型类Common\Model\ChapterModel
NOTIC: D方法实例化没找到模型类Common\Model\AnswerModel

[ 2017-05-06T10:45:34+08:00 ] 115.33.19.66 /junwei/index.php?g=Admin&m=Question&a=truemater
NOTIC: D方法实例化没找到模型类Common\Model\SubjectsModel
NOTIC: D方法实例化没找到模型类Common\Model\ChapterModel
NOTIC: D方法实例化没找到模型类Common\Model\AnswerModel

[ 2017-05-06T10:46:20+08:00 ] 115.33.19.66 /junwei/index.php?g=Admin&m=Question&a=materadd_post
NOTIC: D方法实例化没找到模型类Common\Model\SubjectsModel
NOTIC: D方法实例化没找到模型类Common\Model\ChapterModel
NOTIC: D方法实例化没找到模型类Common\Model\AnswerModel

[ 2017-05-06T10:46:23+08:00 ] 115.33.19.66 /junwei/index.php?g=Admin&m=Question&a=itembank
NOTIC: D方法实例化没找到模型类Common\Model\SubjectsModel
NOTIC: D方法实例化没找到模型类Common\Model\ChapterModel
NOTIC: D方法实例化没找到模型类Common\Model\AnswerModel

[ 2017-05-06T10:46:34+08:00 ] 115.33.19.66 /junwei/index.php?g=Admin&m=Question&a=itembank
NOTIC: D方法实例化没找到模型类Common\Model\SubjectsModel
NOTIC: D方法实例化没找到模型类Common\Model\ChapterModel
NOTIC: D方法实例化没找到模型类Common\Model\AnswerModel

[ 2017-05-06T10:46:35+08:00 ] 115.33.19.66 /junwei/index.php?g=Admin&m=Question&a=itembank
NOTIC: D方法实例化没找到模型类Common\Model\SubjectsModel
NOTIC: D方法实例化没找到模型类Common\Model\ChapterModel
NOTIC: D方法实例化没找到模型类Common\Model\AnswerModel

[ 2017-05-06T10:46:37+08:00 ] 115.33.19.66 /junwei/index.php?g=Admin&m=Question&a=true
NOTIC: D方法实例化没找到模型类Common\Model\SubjectsModel
NOTIC: D方法实例化没找到模型类Common\Model\ChapterModel
NOTIC: D方法实例化没找到模型类Common\Model\AnswerModel

[ 2017-05-06T10:46:38+08:00 ] 115.33.19.66 /junwei/index.php?g=Admin&m=Question&a=itembank
NOTIC: D方法实例化没找到模型类Common\Model\SubjectsModel
NOTIC: D方法实例化没找到模型类Common\Model\ChapterModel
NOTIC: D方法实例化没找到模型类Common\Model\AnswerModel

[ 2017-05-06T10:46:39+08:00 ] 115.33.19.66 /junwei/index.php?g=Admin&m=Question&a=true
NOTIC: D方法实例化没找到模型类Common\Model\SubjectsModel
NOTIC: D方法实例化没找到模型类Common\Model\ChapterModel
NOTIC: D方法实例化没找到模型类Common\Model\AnswerModel

[ 2017-05-06T10:47:13+08:00 ] 115.33.19.66 /junwei/index.php?g=Admin&m=Question&a=truedelete&item_id=24
INFO: [ app_begin ] --START--
INFO: Run Behavior\ReadHtmlCacheBehavior [ RunTime:0.000017s ]
INFO: Run Behavior\CheckLangBehavior [ RunTime:0.000053s ]
INFO: Run Common\Behavior\UrldecodeGetBehavior [ RunTime:0.000026s ]
INFO: [ app_begin ] --END-- [ RunTime:0.000133s ]
INFO: [ admin_begin ] --START--
INFO: Run Common\Behavior\AdminDefaultLangBehavior [ RunTime:0.000061s ]
INFO: [ admin_begin ] --END-- [ RunTime:0.000103s ]
SQL: SHOW COLUMNS FROM `cmf_users` [ RunTime:0.0006s ]
SQL: SELECT * FROM `cmf_users` WHERE `id` = '1' LIMIT 1   [ RunTime:0.0002s ]
SQL: SHOW COLUMNS FROM `cmf_itembank` [ RunTime:0.0003s ]
NOTIC: D方法实例化没找到模型类Common\Model\SubjectsModel
SQL: SHOW COLUMNS FROM `cmf_subjects` [ RunTime:0.0003s ]
NOTIC: D方法实例化没找到模型类Common\Model\ChapterModel
SQL: SHOW COLUMNS FROM `cmf_chapter` [ RunTime:0.0003s ]
SQL: SHOW COLUMNS FROM `cmf_option` [ RunTime:0.0002s ]
NOTIC: D方法实例化没找到模型类Common\Model\AnswerModel
SQL: SHOW COLUMNS FROM `cmf_answer` [ RunTime:0.0002s ]
SQL: DELETE FROM `cmf_itembank` WHERE ( item_id=24 ) [ RunTime:0.0001s ]
ERR: 1054:Unknown column 'qid' in 'where clause'
 [ SQL语句 ] : DELETE FROM `cmf_option` WHERE ( qid=24 )
ERR: 1054:Unknown column 'qid' in 'where clause'
 [ SQL语句 ] : DELETE FROM `cmf_option` WHERE ( qid=24 )

[ 2017-05-06T11:51:16+08:00 ] 115.33.19.66 /junwei/index.php?g=Admin&m=Classhour&a=show
ERR: 模板不存在:admin/themes/simplebootx/Admin/Classhour/show.html

[ 2017-05-06T15:18:11+08:00 ] 115.33.19.66 /junwei/index.php?g=Admin&m=Question&a=itembank
NOTIC: D方法实例化没找到模型类Common\Model\SubjectsModel
NOTIC: D方法实例化没找到模型类Common\Model\ChapterModel
NOTIC: D方法实例化没找到模型类Common\Model\AnswerModel

[ 2017-05-06T15:18:14+08:00 ] 115.33.19.66 /junwei/index.php?g=Admin&m=Question&a=itembankadd
NOTIC: D方法实例化没找到模型类Common\Model\SubjectsModel
NOTIC: D方法实例化没找到模型类Common\Model\ChapterModel
NOTIC: D方法实例化没找到模型类Common\Model\AnswerModel

[ 2017-05-06T15:18:43+08:00 ] 115.33.19.66 /junwei/index.php?g=Admin&m=Question&a=itembankadd_post
NOTIC: D方法实例化没找到模型类Common\Model\SubjectsModel
NOTIC: D方法实例化没找到模型类Common\Model\ChapterModel
NOTIC: D方法实例化没找到模型类Common\Model\AnswerModel

[ 2017-05-06T15:18:46+08:00 ] 115.33.19.66 /junwei/index.php?g=Admin&m=Question&a=itembank
NOTIC: D方法实例化没找到模型类Common\Model\SubjectsModel
NOTIC: D方法实例化没找到模型类Common\Model\ChapterModel
NOTIC: D方法实例化没找到模型类Common\Model\AnswerModel

[ 2017-05-06T15:18:49+08:00 ] 115.33.19.66 /junwei/index.php?g=Admin&m=Question&a=itembankdelete&item_id=25
INFO: [ app_begin ] --START--
INFO: Run Behavior\ReadHtmlCacheBehavior [ RunTime:0.000018s ]
INFO: Run Behavior\CheckLangBehavior [ RunTime:0.000066s ]
INFO: Run Common\Behavior\UrldecodeGetBehavior [ RunTime:0.000021s ]
INFO: [ app_begin ] --END-- [ RunTime:0.000144s ]
INFO: [ admin_begin ] --START--
INFO: Run Common\Behavior\AdminDefaultLangBehavior [ RunTime:0.000046s ]
INFO: [ admin_begin ] --END-- [ RunTime:0.000060s ]
SQL: SHOW COLUMNS FROM `cmf_users` [ RunTime:0.0006s ]
SQL: SELECT * FROM `cmf_users` WHERE `id` = '1' LIMIT 1   [ RunTime:0.0002s ]
SQL: SHOW COLUMNS FROM `cmf_itembank` [ RunTime:0.0003s ]
NOTIC: D方法实例化没找到模型类Common\Model\SubjectsModel
SQL: SHOW COLUMNS FROM `cmf_subjects` [ RunTime:0.0003s ]
NOTIC: D方法实例化没找到模型类Common\Model\ChapterModel
SQL: SHOW COLUMNS FROM `cmf_chapter` [ RunTime:0.0003s ]
SQL: SHOW COLUMNS FROM `cmf_option` [ RunTime:0.0003s ]
NOTIC: D方法实例化没找到模型类Common\Model\AnswerModel
SQL: SHOW COLUMNS FROM `cmf_answer` [ RunTime:0.0002s ]
SQL: DELETE FROM `cmf_itembank` WHERE ( item_id=25 ) [ RunTime:0.0001s ]
ERR: 1054:Unknown column 'qid' in 'where clause'
 [ SQL语句 ] : DELETE FROM `cmf_option` WHERE ( qid=25 )
ERR: 1054:Unknown column 'qid' in 'where clause'
 [ SQL语句 ] : DELETE FROM `cmf_option` WHERE ( qid=25 )

[ 2017-05-06T15:19:00+08:00 ] 115.33.19.66 /junwei/index.php?g=Admin&m=Question&a=itembankdelete&item_id=25
INFO: [ app_begin ] --START--
INFO: Run Behavior\ReadHtmlCacheBehavior [ RunTime:0.000016s ]
INFO: Run Behavior\CheckLangBehavior [ RunTime:0.000062s ]
INFO: Run Common\Behavior\UrldecodeGetBehavior [ RunTime:0.000019s ]
INFO: [ app_begin ] --END-- [ RunTime:0.000128s ]
INFO: [ admin_begin ] --START--
INFO: Run Common\Behavior\AdminDefaultLangBehavior [ RunTime:0.000047s ]
INFO: [ admin_begin ] --END-- [ RunTime:0.000061s ]
SQL: SHOW COLUMNS FROM `cmf_users` [ RunTime:0.0005s ]
SQL: SELECT * FROM `cmf_users` WHERE `id` = '1' LIMIT 1   [ RunTime:0.0002s ]
SQL: SHOW COLUMNS FROM `cmf_itembank` [ RunTime:0.0003s ]
NOTIC: D方法实例化没找到模型类Common\Model\SubjectsModel
SQL: SHOW COLUMNS FROM `cmf_subjects` [ RunTime:0.0003s ]
NOTIC: D方法实例化没找到模型类Common\Model\ChapterModel
SQL: SHOW COLUMNS FROM `cmf_chapter` [ RunTime:0.0002s ]
SQL: SHOW COLUMNS FROM `cmf_option` [ RunTime:0.0002s ]
NOTIC: D方法实例化没找到模型类Common\Model\AnswerModel
SQL: SHOW COLUMNS FROM `cmf_answer` [ RunTime:0.0002s ]
SQL: DELETE FROM `cmf_itembank` WHERE ( item_id=25 ) [ RunTime:0.0001s ]
ERR: 1054:Unknown column 'qid' in 'where clause'
 [ SQL语句 ] : DELETE FROM `cmf_option` WHERE ( qid=25 )
ERR: 1054:Unknown column 'qid' in 'where clause'
 [ SQL语句 ] : DELETE FROM `cmf_option` WHERE ( qid=25 )

[ 2017-05-06T15:19:30+08:00 ] 115.33.19.66 /junwei/index.php?g=Admin&m=Question&a=itembankadd
NOTIC: D方法实例化没找到模型类Common\Model\SubjectsModel
NOTIC: D方法实例化没找到模型类Common\Model\ChapterModel
NOTIC: D方法实例化没找到模型类Common\Model\AnswerModel

[ 2017-05-06T15:19:31+08:00 ] 115.33.19.66 /junwei/index.php?g=Admin&m=Question&a=mater
NOTIC: D方法实例化没找到模型类Common\Model\SubjectsModel
NOTIC: D方法实例化没找到模型类Common\Model\ChapterModel
NOTIC: D方法实例化没找到模型类Common\Model\AnswerModel

[ 2017-05-06T15:20:21+08:00 ] 115.33.19.66 /junwei/index.php?g=Admin&m=Question&a=materadd_post
NOTIC: D方法实例化没找到模型类Common\Model\SubjectsModel
NOTIC: D方法实例化没找到模型类Common\Model\ChapterModel
NOTIC: D方法实例化没找到模型类Common\Model\AnswerModel

[ 2017-05-06T15:20:24+08:00 ] 115.33.19.66 /junwei/index.php?g=Admin&m=Question&a=itembank
NOTIC: D方法实例化没找到模型类Common\Model\SubjectsModel
NOTIC: D方法实例化没找到模型类Common\Model\ChapterModel
NOTIC: D方法实例化没找到模型类Common\Model\AnswerModel

[ 2017-05-06T15:20:31+08:00 ] 115.33.19.66 /junwei/index.php?g=Admin&m=Question&a=true
NOTIC: D方法实例化没找到模型类Common\Model\SubjectsModel
NOTIC: D方法实例化没找到模型类Common\Model\ChapterModel
NOTIC: D方法实例化没找到模型类Common\Model\AnswerModel

[ 2017-05-06T15:30:06+08:00 ] 115.33.19.66 /junwei/index.php?g=Admin&m=Question&a=trueedit&item_id=18
NOTIC: D方法实例化没找到模型类Common\Model\SubjectsModel
NOTIC: D方法实例化没找到模型类Common\Model\ChapterModel
NOTIC: D方法实例化没找到模型类Common\Model\AnswerModel

[ 2017-05-06T15:30:59+08:00 ] 115.33.19.66 /junwei/index.php?g=Admin&m=Question&a=trueedit&item_id=23
NOTIC: D方法实例化没找到模型类Common\Model\SubjectsModel
NOTIC: D方法实例化没找到模型类Common\Model\ChapterModel
NOTIC: D方法实例化没找到模型类Common\Model\AnswerModel

[ 2017-05-06T15:31:46+08:00 ] 115.33.19.66 /junwei/index.php?g=Admin&m=Question&a=itembank
NOTIC: D方法实例化没找到模型类Common\Model\SubjectsModel
NOTIC: D方法实例化没找到模型类Common\Model\ChapterModel
NOTIC: D方法实例化没找到模型类Common\Model\AnswerModel

[ 2017-05-06T15:31:48+08:00 ] 115.33.19.66 /junwei/index.php?g=Admin&m=Question&a=itembankedit&item_id=26
NOTIC: D方法实例化没找到模型类Common\Model\SubjectsModel
NOTIC: D方法实例化没找到模型类Common\Model\ChapterModel
NOTIC: D方法实例化没找到模型类Common\Model\AnswerModel

