[ 2017-04-27T10:04:55+08:00 ] 127.0.0.1 /index.php?g=Admin&m=public&a=dologin
INFO: [ app_begin ] --START--
INFO: Run Behavior\ReadHtmlCacheBehavior [ RunTime:0.000697s ]
INFO: Run Behavior\CheckLangBehavior [ RunTime:0.001465s ]
INFO: Run Common\Behavior\UrldecodeGetBehavior [ RunTime:0.000460s ]
INFO: [ app_begin ] --END-- [ RunTime:0.003141s ]
INFO: [ admin_begin ] --START--
INFO: Run Common\Behavior\AdminDefaultLangBehavior [ RunTime:0.001376s ]
INFO: [ admin_begin ] --END-- [ RunTime:0.001445s ]
SQL: SHOW COLUMNS FROM `cmf_users` [ RunTime:0.0009s ]
SQL: SELECT * FROM `cmf_users` WHERE `user_login` = 'admin' LIMIT 1   [ RunTime:0.0004s ]
SQL: SHOW COLUMNS FROM `cmf_role_user` [ RunTime:0.0413s ]
SQL: SELECT `role_id` FROM cmf_role_user a INNER JOIN cmf_role as b on a.role_id =b.id  WHERE `user_id` = '1' AND `status` = 1  [ RunTime:0.0297s ]
SQL: UPDATE `cmf_users` SET `user_login`='admin',`user_pass`='###e9a6a1b2c468c852c57c0d86674e1f9b',`user_nicename`='admin',`user_email`='1348779449@qq.com',`user_url`='',`avatar`=NULL,`sex`='0',`birthday`='2000-01-01',`signature`=NULL,`last_login_ip`='127.0.0.1',`last_login_time`='2017-04-27 10:04:55',`create_time`='2017-04-17 01:37:17',`user_activation_key`='',`user_status`='1',`score`='0',`user_type`='1',`coin`='0',`mobile`='' WHERE `id` = '1' [ RunTime:0.0006s ]

[ 2017-04-27T10:05:00+08:00 ] 127.0.0.1 /index.php?g=Admin&m=Question&a=da
NOTIC: D方法实例化没找到模型类Common\Model\SubjectsModel
NOTIC: D方法实例化没找到模型类Common\Model\ChapterModel
NOTIC: D方法实例化没找到模型类Common\Model\AnswerModel

[ 2017-04-27T10:19:16+08:00 ] 127.0.0.1 /index.php?g=Admin&m=public&a=dologin
INFO: [ app_begin ] --START--
INFO: Run Behavior\ReadHtmlCacheBehavior [ RunTime:0.000549s ]
INFO: Run Behavior\CheckLangBehavior [ RunTime:0.001159s ]
INFO: Run Common\Behavior\UrldecodeGetBehavior [ RunTime:0.000427s ]
INFO: [ app_begin ] --END-- [ RunTime:0.002565s ]
INFO: [ admin_begin ] --START--
INFO: Run Common\Behavior\AdminDefaultLangBehavior [ RunTime:0.001346s ]
INFO: [ admin_begin ] --END-- [ RunTime:0.001407s ]
SQL: SHOW COLUMNS FROM `cmf_users` [ RunTime:0.0010s ]
SQL: SELECT * FROM `cmf_users` WHERE `user_login` = 'admin' LIMIT 1   [ RunTime:0.0003s ]
SQL: SHOW COLUMNS FROM `cmf_role_user` [ RunTime:0.0006s ]
SQL: SELECT `role_id` FROM cmf_role_user a INNER JOIN cmf_role as b on a.role_id =b.id  WHERE `user_id` = '1' AND `status` = 1  [ RunTime:0.0003s ]
SQL: UPDATE `cmf_users` SET `user_login`='admin',`user_pass`='###e9a6a1b2c468c852c57c0d86674e1f9b',`user_nicename`='admin',`user_email`='1348779449@qq.com',`user_url`='',`avatar`=NULL,`sex`='0',`birthday`='2000-01-01',`signature`=NULL,`last_login_ip`='127.0.0.1',`last_login_time`='2017-04-27 10:19:16',`create_time`='2017-04-17 01:37:17',`user_activation_key`='',`user_status`='1',`score`='0',`user_type`='1',`coin`='0',`mobile`='' WHERE `id` = '1' [ RunTime:0.0003s ]

[ 2017-04-27T10:19:21+08:00 ] 127.0.0.1 /index.php?g=Admin&m=Menu&a=index
NOTIC: D方法实例化没找到模型类Common\Model\AuthRuleModel

[ 2017-04-27T10:19:22+08:00 ] 127.0.0.1 /index.php?g=Admin&m=menu&a=lists
NOTIC: D方法实例化没找到模型类Common\Model\AuthRuleModel

[ 2017-04-27T10:19:35+08:00 ] 127.0.0.1 /index.php?g=Admin&m=menu&a=delete&id=198
INFO: [ app_begin ] --START--
INFO: Run Behavior\ReadHtmlCacheBehavior [ RunTime:0.000388s ]
INFO: Run Behavior\CheckLangBehavior [ RunTime:0.001356s ]
INFO: Run Common\Behavior\UrldecodeGetBehavior [ RunTime:0.000396s ]
INFO: [ app_begin ] --END-- [ RunTime:0.002532s ]
INFO: [ admin_begin ] --START--
INFO: Run Common\Behavior\AdminDefaultLangBehavior [ RunTime:0.001616s ]
INFO: [ admin_begin ] --END-- [ RunTime:0.001683s ]
SQL: SHOW COLUMNS FROM `cmf_users` [ RunTime:0.0009s ]
SQL: SELECT * FROM `cmf_users` WHERE `id` = '1' LIMIT 1   [ RunTime:0.0003s ]
SQL: SHOW COLUMNS FROM `cmf_menu` [ RunTime:0.0006s ]
NOTIC: D方法实例化没找到模型类Common\Model\AuthRuleModel
SQL: SHOW COLUMNS FROM `cmf_auth_rule` [ RunTime:0.0007s ]
SQL: SELECT COUNT(*) AS tp_count FROM `cmf_menu` WHERE `parentid` = 198 LIMIT 1   [ RunTime:0.0003s ]
SQL: DELETE FROM `cmf_menu` WHERE `id` = 198 [ RunTime:0.0004s ]

[ 2017-04-27T10:19:35+08:00 ] 127.0.0.1 /index.php?g=Admin&m=menu&a=lists
NOTIC: D方法实例化没找到模型类Common\Model\AuthRuleModel

[ 2017-04-27T10:19:45+08:00 ] 127.0.0.1 /index.php?g=Admin&m=Question&a=itembank
NOTIC: D方法实例化没找到模型类Common\Model\SubjectsModel
NOTIC: D方法实例化没找到模型类Common\Model\ChapterModel
NOTIC: D方法实例化没找到模型类Common\Model\AnswerModel

[ 2017-04-27T10:19:47+08:00 ] 127.0.0.1 /index.php?g=Admin&m=Question&a=itembankadd
NOTIC: D方法实例化没找到模型类Common\Model\SubjectsModel
NOTIC: D方法实例化没找到模型类Common\Model\ChapterModel
NOTIC: D方法实例化没找到模型类Common\Model\AnswerModel

[ 2017-04-27T10:41:04+08:00 ] 127.0.0.1 /index.php?g=Admin&m=Question&a=itembank
NOTIC: D方法实例化没找到模型类Common\Model\SubjectsModel
NOTIC: D方法实例化没找到模型类Common\Model\ChapterModel
NOTIC: D方法实例化没找到模型类Common\Model\AnswerModel

[ 2017-04-27T10:41:05+08:00 ] 127.0.0.1 /index.php?g=Admin&m=Question&a=itembankadd
NOTIC: D方法实例化没找到模型类Common\Model\SubjectsModel
NOTIC: D方法实例化没找到模型类Common\Model\ChapterModel
NOTIC: D方法实例化没找到模型类Common\Model\AnswerModel

[ 2017-04-27T10:41:06+08:00 ] 127.0.0.1 /index.php?g=Admin&m=Question&a=mater
NOTIC: D方法实例化没找到模型类Common\Model\SubjectsModel
NOTIC: D方法实例化没找到模型类Common\Model\ChapterModel
NOTIC: D方法实例化没找到模型类Common\Model\AnswerModel

[ 2017-04-27T10:42:20+08:00 ] 127.0.0.1 /index.php?g=Admin&m=Question&a=itembank
NOTIC: D方法实例化没找到模型类Common\Model\SubjectsModel
NOTIC: D方法实例化没找到模型类Common\Model\ChapterModel
NOTIC: D方法实例化没找到模型类Common\Model\AnswerModel

[ 2017-04-27T10:42:21+08:00 ] 127.0.0.1 /index.php?g=Admin&m=Question&a=itembankadd
NOTIC: D方法实例化没找到模型类Common\Model\SubjectsModel
NOTIC: D方法实例化没找到模型类Common\Model\ChapterModel
NOTIC: D方法实例化没找到模型类Common\Model\AnswerModel

[ 2017-04-27T10:42:22+08:00 ] 127.0.0.1 /index.php?g=Admin&m=Question&a=mater
NOTIC: D方法实例化没找到模型类Common\Model\SubjectsModel
NOTIC: D方法实例化没找到模型类Common\Model\ChapterModel
NOTIC: D方法实例化没找到模型类Common\Model\AnswerModel

[ 2017-04-27T10:42:35+08:00 ] 127.0.0.1 /index.php?g=Admin&m=Question&a=itembank
NOTIC: D方法实例化没找到模型类Common\Model\SubjectsModel
NOTIC: D方法实例化没找到模型类Common\Model\ChapterModel
NOTIC: D方法实例化没找到模型类Common\Model\AnswerModel

[ 2017-04-27T10:43:40+08:00 ] 127.0.0.1 /index.php?g=Admin&m=Question&a=itembank
NOTIC: D方法实例化没找到模型类Common\Model\SubjectsModel
NOTIC: D方法实例化没找到模型类Common\Model\ChapterModel
NOTIC: D方法实例化没找到模型类Common\Model\AnswerModel

[ 2017-04-27T10:43:42+08:00 ] 127.0.0.1 /index.php?g=Admin&m=Question&a=itembankadd
NOTIC: D方法实例化没找到模型类Common\Model\SubjectsModel
NOTIC: D方法实例化没找到模型类Common\Model\ChapterModel
NOTIC: D方法实例化没找到模型类Common\Model\AnswerModel

[ 2017-04-27T10:43:43+08:00 ] 127.0.0.1 /index.php?g=Admin&m=Question&a=mater
NOTIC: D方法实例化没找到模型类Common\Model\SubjectsModel
NOTIC: D方法实例化没找到模型类Common\Model\ChapterModel
NOTIC: D方法实例化没找到模型类Common\Model\AnswerModel

[ 2017-04-27T10:46:38+08:00 ] 127.0.0.1 /index.php?g=Admin&m=Question&a=itembank
NOTIC: D方法实例化没找到模型类Common\Model\SubjectsModel
NOTIC: D方法实例化没找到模型类Common\Model\ChapterModel
NOTIC: D方法实例化没找到模型类Common\Model\AnswerModel

[ 2017-04-27T10:46:42+08:00 ] 127.0.0.1 /index.php?g=Admin&m=Question&a=itembankadd
NOTIC: D方法实例化没找到模型类Common\Model\SubjectsModel
NOTIC: D方法实例化没找到模型类Common\Model\ChapterModel
NOTIC: D方法实例化没找到模型类Common\Model\AnswerModel

[ 2017-04-27T10:46:45+08:00 ] 127.0.0.1 /index.php?g=Admin&m=Question&a=mater
NOTIC: D方法实例化没找到模型类Common\Model\SubjectsModel
NOTIC: D方法实例化没找到模型类Common\Model\ChapterModel
NOTIC: D方法实例化没找到模型类Common\Model\AnswerModel

[ 2017-04-27T10:49:04+08:00 ] 127.0.0.1 /index.php?g=Admin&m=public&a=dologin
INFO: [ app_begin ] --START--
INFO: Run Behavior\ReadHtmlCacheBehavior [ RunTime:0.000724s ]
INFO: Run Behavior\CheckLangBehavior [ RunTime:0.001454s ]
INFO: Run Common\Behavior\UrldecodeGetBehavior [ RunTime:0.000512s ]
INFO: [ app_begin ] --END-- [ RunTime:0.003222s ]
INFO: [ admin_begin ] --START--
INFO: Run Common\Behavior\AdminDefaultLangBehavior [ RunTime:0.001950s ]
INFO: [ admin_begin ] --END-- [ RunTime:0.002049s ]
SQL: SHOW COLUMNS FROM `cmf_users` [ RunTime:0.0008s ]
SQL: SELECT * FROM `cmf_users` WHERE `user_login` = 'admin' LIMIT 1   [ RunTime:0.0003s ]
SQL: SHOW COLUMNS FROM `cmf_role_user` [ RunTime:0.0008s ]
SQL: SELECT `role_id` FROM cmf_role_user a INNER JOIN cmf_role as b on a.role_id =b.id  WHERE `user_id` = '1' AND `status` = 1  [ RunTime:0.0004s ]
SQL: UPDATE `cmf_users` SET `user_login`='admin',`user_pass`='###e9a6a1b2c468c852c57c0d86674e1f9b',`user_nicename`='admin',`user_email`='1348779449@qq.com',`user_url`='',`avatar`=NULL,`sex`='0',`birthday`='2000-01-01',`signature`=NULL,`last_login_ip`='127.0.0.1',`last_login_time`='2017-04-27 10:49:04',`create_time`='2017-04-17 01:37:17',`user_activation_key`='',`user_status`='1',`score`='0',`user_type`='1',`coin`='0',`mobile`='' WHERE `id` = '1' [ RunTime:0.0004s ]

[ 2017-04-27T10:49:11+08:00 ] 127.0.0.1 /index.php?g=Admin&m=Question&a=itembank
NOTIC: D方法实例化没找到模型类Common\Model\SubjectsModel
NOTIC: D方法实例化没找到模型类Common\Model\ChapterModel
NOTIC: D方法实例化没找到模型类Common\Model\AnswerModel

[ 2017-04-27T10:49:16+08:00 ] 127.0.0.1 /index.php?g=Admin&m=Question&a=itembankadd
NOTIC: D方法实例化没找到模型类Common\Model\SubjectsModel
NOTIC: D方法实例化没找到模型类Common\Model\ChapterModel
NOTIC: D方法实例化没找到模型类Common\Model\AnswerModel

[ 2017-04-27T10:49:21+08:00 ] 127.0.0.1 /index.php?g=Admin&m=Question&a=mater
NOTIC: D方法实例化没找到模型类Common\Model\SubjectsModel
NOTIC: D方法实例化没找到模型类Common\Model\ChapterModel
NOTIC: D方法实例化没找到模型类Common\Model\AnswerModel

[ 2017-04-27T10:50:50+08:00 ] 127.0.0.1 /index.php?g=Admin&m=Question&a=itembank
NOTIC: D方法实例化没找到模型类Common\Model\SubjectsModel
NOTIC: D方法实例化没找到模型类Common\Model\ChapterModel
NOTIC: D方法实例化没找到模型类Common\Model\AnswerModel

[ 2017-04-27T10:50:53+08:00 ] 127.0.0.1 /index.php?g=Admin&m=Question&a=itembankadd
NOTIC: D方法实例化没找到模型类Common\Model\SubjectsModel
NOTIC: D方法实例化没找到模型类Common\Model\ChapterModel
NOTIC: D方法实例化没找到模型类Common\Model\AnswerModel

[ 2017-04-27T10:50:54+08:00 ] 127.0.0.1 /index.php?g=Admin&m=Question&a=mater
NOTIC: D方法实例化没找到模型类Common\Model\SubjectsModel
NOTIC: D方法实例化没找到模型类Common\Model\ChapterModel
NOTIC: D方法实例化没找到模型类Common\Model\AnswerModel

[ 2017-04-27T10:51:42+08:00 ] 127.0.0.1 /index.php?g=Admin&m=Types&a=index
NOTIC: D方法实例化没找到模型类Common\Model\TypesModel
NOTIC: D方法实例化没找到模型类Common\Model\SubjectsModel
NOTIC: D方法实例化没找到模型类Common\Model\ChapterModel

[ 2017-04-27T10:51:45+08:00 ] 127.0.0.1 /index.php?g=Admin&m=Question&a=test
NOTIC: D方法实例化没找到模型类Common\Model\SubjectsModel
NOTIC: D方法实例化没找到模型类Common\Model\ChapterModel
NOTIC: D方法实例化没找到模型类Common\Model\AnswerModel

[ 2017-04-27T10:51:49+08:00 ] 127.0.0.1 /index.php?g=Admin&m=Types&a=add
NOTIC: D方法实例化没找到模型类Common\Model\TypesModel
NOTIC: D方法实例化没找到模型类Common\Model\SubjectsModel
NOTIC: D方法实例化没找到模型类Common\Model\ChapterModel

[ 2017-04-27T10:51:53+08:00 ] 127.0.0.1 /index.php?g=Admin&m=Question&a=test
NOTIC: D方法实例化没找到模型类Common\Model\SubjectsModel
NOTIC: D方法实例化没找到模型类Common\Model\ChapterModel
NOTIC: D方法实例化没找到模型类Common\Model\AnswerModel

[ 2017-04-27T10:52:03+08:00 ] 127.0.0.1 /index.php?g=Admin&m=Types&a=add
NOTIC: D方法实例化没找到模型类Common\Model\TypesModel
NOTIC: D方法实例化没找到模型类Common\Model\SubjectsModel
NOTIC: D方法实例化没找到模型类Common\Model\ChapterModel

[ 2017-04-27T10:52:20+08:00 ] 127.0.0.1 /index.php?g=Admin&m=Question&a=test
NOTIC: D方法实例化没找到模型类Common\Model\SubjectsModel
NOTIC: D方法实例化没找到模型类Common\Model\ChapterModel
NOTIC: D方法实例化没找到模型类Common\Model\AnswerModel

[ 2017-04-27T10:52:25+08:00 ] 127.0.0.1 /index.php?g=Admin&m=Question&a=true
NOTIC: D方法实例化没找到模型类Common\Model\SubjectsModel
NOTIC: D方法实例化没找到模型类Common\Model\ChapterModel
NOTIC: D方法实例化没找到模型类Common\Model\AnswerModel

[ 2017-04-27T10:52:27+08:00 ] 127.0.0.1 /index.php?g=Admin&m=Question&a=trueadd
NOTIC: D方法实例化没找到模型类Common\Model\SubjectsModel
NOTIC: D方法实例化没找到模型类Common\Model\ChapterModel
NOTIC: D方法实例化没找到模型类Common\Model\AnswerModel

[ 2017-04-27T10:52:40+08:00 ] 127.0.0.1 /index.php?g=Admin&m=Question&a=itembank
NOTIC: D方法实例化没找到模型类Common\Model\SubjectsModel
NOTIC: D方法实例化没找到模型类Common\Model\ChapterModel
NOTIC: D方法实例化没找到模型类Common\Model\AnswerModel

[ 2017-04-27T10:52:42+08:00 ] 127.0.0.1 /index.php?g=Admin&m=Question&a=itembankadd
NOTIC: D方法实例化没找到模型类Common\Model\SubjectsModel
NOTIC: D方法实例化没找到模型类Common\Model\ChapterModel
NOTIC: D方法实例化没找到模型类Common\Model\AnswerModel

[ 2017-04-27T10:52:47+08:00 ] 127.0.0.1 /index.php?g=Admin&m=Question&a=mater
NOTIC: D方法实例化没找到模型类Common\Model\SubjectsModel
NOTIC: D方法实例化没找到模型类Common\Model\ChapterModel
NOTIC: D方法实例化没找到模型类Common\Model\AnswerModel

[ 2017-04-27T10:53:19+08:00 ] 127.0.0.1 /index.php?g=Admin&m=Types&a=classindex
NOTIC: D方法实例化没找到模型类Common\Model\TypesModel
NOTIC: D方法实例化没找到模型类Common\Model\SubjectsModel
NOTIC: D方法实例化没找到模型类Common\Model\ChapterModel

[ 2017-04-27T10:53:21+08:00 ] 127.0.0.1 /index.php?g=Admin&m=Types&a=major
NOTIC: D方法实例化没找到模型类Common\Model\TypesModel
NOTIC: D方法实例化没找到模型类Common\Model\SubjectsModel
NOTIC: D方法实例化没找到模型类Common\Model\ChapterModel

[ 2017-04-27T10:53:24+08:00 ] 127.0.0.1 /index.php?g=Admin&m=Types&a=majoradd
NOTIC: D方法实例化没找到模型类Common\Model\TypesModel
NOTIC: D方法实例化没找到模型类Common\Model\SubjectsModel
NOTIC: D方法实例化没找到模型类Common\Model\ChapterModel

[ 2017-04-27T10:53:27+08:00 ] 127.0.0.1 /index.php?g=Admin&m=Types&a=classadd
NOTIC: D方法实例化没找到模型类Common\Model\TypesModel
NOTIC: D方法实例化没找到模型类Common\Model\SubjectsModel
NOTIC: D方法实例化没找到模型类Common\Model\ChapterModel

[ 2017-04-27T10:53:29+08:00 ] 127.0.0.1 /index.php?g=Admin&m=Types&a=classindex
NOTIC: D方法实例化没找到模型类Common\Model\TypesModel
NOTIC: D方法实例化没找到模型类Common\Model\SubjectsModel
NOTIC: D方法实例化没找到模型类Common\Model\ChapterModel

[ 2017-04-27T10:53:30+08:00 ] 127.0.0.1 /index.php?g=Admin&m=Types&a=index
NOTIC: D方法实例化没找到模型类Common\Model\TypesModel
NOTIC: D方法实例化没找到模型类Common\Model\SubjectsModel
NOTIC: D方法实例化没找到模型类Common\Model\ChapterModel

[ 2017-04-27T10:53:35+08:00 ] 127.0.0.1 /index.php?g=Admin&m=Question&a=itembank
NOTIC: D方法实例化没找到模型类Common\Model\SubjectsModel
NOTIC: D方法实例化没找到模型类Common\Model\ChapterModel
NOTIC: D方法实例化没找到模型类Common\Model\AnswerModel

[ 2017-04-27T10:53:36+08:00 ] 127.0.0.1 /index.php?g=Admin&m=Question&a=itembankadd
NOTIC: D方法实例化没找到模型类Common\Model\SubjectsModel
NOTIC: D方法实例化没找到模型类Common\Model\ChapterModel
NOTIC: D方法实例化没找到模型类Common\Model\AnswerModel

[ 2017-04-27T10:53:37+08:00 ] 127.0.0.1 /index.php?g=Admin&m=Question&a=mater
NOTIC: D方法实例化没找到模型类Common\Model\SubjectsModel
NOTIC: D方法实例化没找到模型类Common\Model\ChapterModel
NOTIC: D方法实例化没找到模型类Common\Model\AnswerModel

[ 2017-04-27T10:57:07+08:00 ] 127.0.0.1 /index.php?g=Admin&m=Question&a=itembank
NOTIC: D方法实例化没找到模型类Common\Model\SubjectsModel
NOTIC: D方法实例化没找到模型类Common\Model\ChapterModel
NOTIC: D方法实例化没找到模型类Common\Model\AnswerModel

[ 2017-04-27T10:57:09+08:00 ] 127.0.0.1 /index.php?g=Admin&m=Question&a=itembankadd
NOTIC: D方法实例化没找到模型类Common\Model\SubjectsModel
NOTIC: D方法实例化没找到模型类Common\Model\ChapterModel
NOTIC: D方法实例化没找到模型类Common\Model\AnswerModel

[ 2017-04-27T10:57:10+08:00 ] 127.0.0.1 /index.php?g=Admin&m=Question&a=mater
NOTIC: D方法实例化没找到模型类Common\Model\SubjectsModel
NOTIC: D方法实例化没找到模型类Common\Model\ChapterModel
NOTIC: D方法实例化没找到模型类Common\Model\AnswerModel

[ 2017-04-27T10:58:06+08:00 ] 127.0.0.1 /index.php?g=Admin&m=Types&a=index
NOTIC: D方法实例化没找到模型类Common\Model\TypesModel
NOTIC: D方法实例化没找到模型类Common\Model\SubjectsModel
NOTIC: D方法实例化没找到模型类Common\Model\ChapterModel

[ 2017-04-27T10:58:07+08:00 ] 127.0.0.1 /index.php?g=Admin&m=Types&a=classindex
NOTIC: D方法实例化没找到模型类Common\Model\TypesModel
NOTIC: D方法实例化没找到模型类Common\Model\SubjectsModel
NOTIC: D方法实例化没找到模型类Common\Model\ChapterModel

[ 2017-04-27T10:58:09+08:00 ] 127.0.0.1 /index.php?g=Admin&m=Types&a=major
NOTIC: D方法实例化没找到模型类Common\Model\TypesModel
NOTIC: D方法实例化没找到模型类Common\Model\SubjectsModel
NOTIC: D方法实例化没找到模型类Common\Model\ChapterModel

[ 2017-04-27T10:58:10+08:00 ] 127.0.0.1 /index.php?g=Admin&m=Types&a=index
NOTIC: D方法实例化没找到模型类Common\Model\TypesModel
NOTIC: D方法实例化没找到模型类Common\Model\SubjectsModel
NOTIC: D方法实例化没找到模型类Common\Model\ChapterModel

[ 2017-04-27T10:58:12+08:00 ] 127.0.0.1 /index.php?g=Admin&m=Types&a=add
NOTIC: D方法实例化没找到模型类Common\Model\TypesModel
NOTIC: D方法实例化没找到模型类Common\Model\SubjectsModel
NOTIC: D方法实例化没找到模型类Common\Model\ChapterModel

[ 2017-04-27T10:58:26+08:00 ] 127.0.0.1 /index.php?g=Admin&m=Question&a=itembank
NOTIC: D方法实例化没找到模型类Common\Model\SubjectsModel
NOTIC: D方法实例化没找到模型类Common\Model\ChapterModel
NOTIC: D方法实例化没找到模型类Common\Model\AnswerModel

[ 2017-04-27T10:58:27+08:00 ] 127.0.0.1 /index.php?g=Admin&m=Question&a=itembankadd
NOTIC: D方法实例化没找到模型类Common\Model\SubjectsModel
NOTIC: D方法实例化没找到模型类Common\Model\ChapterModel
NOTIC: D方法实例化没找到模型类Common\Model\AnswerModel

[ 2017-04-27T10:58:28+08:00 ] 127.0.0.1 /index.php?g=Admin&m=Question&a=mater
NOTIC: D方法实例化没找到模型类Common\Model\SubjectsModel
NOTIC: D方法实例化没找到模型类Common\Model\ChapterModel
NOTIC: D方法实例化没找到模型类Common\Model\AnswerModel

[ 2017-04-27T10:59:33+08:00 ] 127.0.0.1 /index.php?g=Admin&m=Question&a=itembank
NOTIC: D方法实例化没找到模型类Common\Model\SubjectsModel
NOTIC: D方法实例化没找到模型类Common\Model\ChapterModel
NOTIC: D方法实例化没找到模型类Common\Model\AnswerModel

[ 2017-04-27T10:59:38+08:00 ] 127.0.0.1 /index.php?g=Admin&m=Question&a=itembank
NOTIC: D方法实例化没找到模型类Common\Model\SubjectsModel
NOTIC: D方法实例化没找到模型类Common\Model\ChapterModel
NOTIC: D方法实例化没找到模型类Common\Model\AnswerModel

[ 2017-04-27T10:59:41+08:00 ] 127.0.0.1 /index.php?g=Admin&m=Question&a=itembankadd
NOTIC: D方法实例化没找到模型类Common\Model\SubjectsModel
NOTIC: D方法实例化没找到模型类Common\Model\ChapterModel
NOTIC: D方法实例化没找到模型类Common\Model\AnswerModel

[ 2017-04-27T10:59:42+08:00 ] 127.0.0.1 /index.php?g=Admin&m=Question&a=mater
NOTIC: D方法实例化没找到模型类Common\Model\SubjectsModel
NOTIC: D方法实例化没找到模型类Common\Model\ChapterModel
NOTIC: D方法实例化没找到模型类Common\Model\AnswerModel

[ 2017-04-27T11:01:51+08:00 ] 127.0.0.1 /index.php?g=Admin&m=Question&a=itembank
NOTIC: D方法实例化没找到模型类Common\Model\SubjectsModel
NOTIC: D方法实例化没找到模型类Common\Model\ChapterModel
NOTIC: D方法实例化没找到模型类Common\Model\AnswerModel

[ 2017-04-27T11:01:52+08:00 ] 127.0.0.1 /index.php?g=Admin&m=Question&a=itembankadd
NOTIC: D方法实例化没找到模型类Common\Model\SubjectsModel
NOTIC: D方法实例化没找到模型类Common\Model\ChapterModel
NOTIC: D方法实例化没找到模型类Common\Model\AnswerModel

[ 2017-04-27T11:01:53+08:00 ] 127.0.0.1 /index.php?g=Admin&m=Question&a=mater
NOTIC: D方法实例化没找到模型类Common\Model\SubjectsModel
NOTIC: D方法实例化没找到模型类Common\Model\ChapterModel
NOTIC: D方法实例化没找到模型类Common\Model\AnswerModel

[ 2017-04-27T11:07:21+08:00 ] 127.0.0.1 /index.php?g=Admin&m=Question&a=itembank
NOTIC: D方法实例化没找到模型类Common\Model\SubjectsModel
NOTIC: D方法实例化没找到模型类Common\Model\ChapterModel
NOTIC: D方法实例化没找到模型类Common\Model\AnswerModel

[ 2017-04-27T11:07:23+08:00 ] 127.0.0.1 /index.php?g=Admin&m=Question&a=itembankadd
NOTIC: D方法实例化没找到模型类Common\Model\SubjectsModel
NOTIC: D方法实例化没找到模型类Common\Model\ChapterModel
NOTIC: D方法实例化没找到模型类Common\Model\AnswerModel

[ 2017-04-27T11:07:25+08:00 ] 127.0.0.1 /index.php?g=Admin&m=Question&a=mater
NOTIC: D方法实例化没找到模型类Common\Model\SubjectsModel
NOTIC: D方法实例化没找到模型类Common\Model\ChapterModel
NOTIC: D方法实例化没找到模型类Common\Model\AnswerModel

[ 2017-04-27T11:29:59+08:00 ] 127.0.0.1 /index.php?g=Admin&m=Question&a=itembankadd
NOTIC: D方法实例化没找到模型类Common\Model\SubjectsModel
NOTIC: D方法实例化没找到模型类Common\Model\ChapterModel
NOTIC: D方法实例化没找到模型类Common\Model\AnswerModel

[ 2017-04-27T14:26:02+08:00 ] 127.0.0.1 /index.php?g=Admin&m=Question&a=itembank
NOTIC: D方法实例化没找到模型类Common\Model\SubjectsModel
NOTIC: D方法实例化没找到模型类Common\Model\ChapterModel
NOTIC: D方法实例化没找到模型类Common\Model\AnswerModel

[ 2017-04-27T14:26:06+08:00 ] 127.0.0.1 /index.php?g=Admin&m=Question&a=itembankedit&item_id=1
NOTIC: D方法实例化没找到模型类Common\Model\SubjectsModel
NOTIC: D方法实例化没找到模型类Common\Model\ChapterModel
NOTIC: D方法实例化没找到模型类Common\Model\AnswerModel

[ 2017-04-27T14:29:42+08:00 ] 127.0.0.1 /index.php?g=Admin&m=Question&a=itembank
NOTIC: D方法实例化没找到模型类Common\Model\SubjectsModel
NOTIC: D方法实例化没找到模型类Common\Model\ChapterModel
NOTIC: D方法实例化没找到模型类Common\Model\AnswerModel

[ 2017-04-27T14:29:43+08:00 ] 127.0.0.1 /index.php?g=Admin&m=Question&a=itembankadd
NOTIC: D方法实例化没找到模型类Common\Model\SubjectsModel
NOTIC: D方法实例化没找到模型类Common\Model\ChapterModel
NOTIC: D方法实例化没找到模型类Common\Model\AnswerModel

[ 2017-04-27T14:29:44+08:00 ] 127.0.0.1 /index.php?g=Admin&m=Question&a=itembank
NOTIC: D方法实例化没找到模型类Common\Model\SubjectsModel
NOTIC: D方法实例化没找到模型类Common\Model\ChapterModel
NOTIC: D方法实例化没找到模型类Common\Model\AnswerModel

[ 2017-04-27T14:29:47+08:00 ] 127.0.0.1 /index.php?g=Admin&m=Question&a=itembankedit&item_id=1
NOTIC: D方法实例化没找到模型类Common\Model\SubjectsModel
NOTIC: D方法实例化没找到模型类Common\Model\ChapterModel
NOTIC: D方法实例化没找到模型类Common\Model\AnswerModel

[ 2017-04-27T15:56:52+08:00 ] 127.0.0.1 /index.php?g=Admin&m=Question&a=itembank
NOTIC: D方法实例化没找到模型类Common\Model\SubjectsModel
NOTIC: D方法实例化没找到模型类Common\Model\ChapterModel
NOTIC: D方法实例化没找到模型类Common\Model\AnswerModel

[ 2017-04-27T15:56:53+08:00 ] 127.0.0.1 /index.php?g=Admin&m=Question&a=itembankadd
NOTIC: D方法实例化没找到模型类Common\Model\SubjectsModel
NOTIC: D方法实例化没找到模型类Common\Model\ChapterModel
NOTIC: D方法实例化没找到模型类Common\Model\AnswerModel

[ 2017-04-27T15:56:55+08:00 ] 127.0.0.1 /index.php?g=Admin&m=Question&a=mater
NOTIC: D方法实例化没找到模型类Common\Model\SubjectsModel
NOTIC: D方法实例化没找到模型类Common\Model\ChapterModel
NOTIC: D方法实例化没找到模型类Common\Model\AnswerModel

[ 2017-04-27T15:57:28+08:00 ] 127.0.0.1 /index.php?g=Admin&m=Question&a=itembank
NOTIC: D方法实例化没找到模型类Common\Model\SubjectsModel
NOTIC: D方法实例化没找到模型类Common\Model\ChapterModel
NOTIC: D方法实例化没找到模型类Common\Model\AnswerModel

[ 2017-04-27T15:57:29+08:00 ] 127.0.0.1 /index.php?g=Admin&m=Question&a=itembankadd
NOTIC: D方法实例化没找到模型类Common\Model\SubjectsModel
NOTIC: D方法实例化没找到模型类Common\Model\ChapterModel
NOTIC: D方法实例化没找到模型类Common\Model\AnswerModel

[ 2017-04-27T15:57:31+08:00 ] 127.0.0.1 /index.php?g=Admin&m=Question&a=mater
NOTIC: D方法实例化没找到模型类Common\Model\SubjectsModel
NOTIC: D方法实例化没找到模型类Common\Model\ChapterModel
NOTIC: D方法实例化没找到模型类Common\Model\AnswerModel

[ 2017-04-27T15:59:23+08:00 ] 127.0.0.1 /index.php?g=Admin&m=Question&a=itembank
NOTIC: D方法实例化没找到模型类Common\Model\SubjectsModel
NOTIC: D方法实例化没找到模型类Common\Model\ChapterModel
NOTIC: D方法实例化没找到模型类Common\Model\AnswerModel

[ 2017-04-27T15:59:25+08:00 ] 127.0.0.1 /index.php?g=Admin&m=Question&a=itembankadd
NOTIC: D方法实例化没找到模型类Common\Model\SubjectsModel
NOTIC: D方法实例化没找到模型类Common\Model\ChapterModel
NOTIC: D方法实例化没找到模型类Common\Model\AnswerModel

[ 2017-04-27T15:59:30+08:00 ] 127.0.0.1 /index.php?g=Admin&m=Question&a=mater
NOTIC: D方法实例化没找到模型类Common\Model\SubjectsModel
NOTIC: D方法实例化没找到模型类Common\Model\ChapterModel
NOTIC: D方法实例化没找到模型类Common\Model\AnswerModel

[ 2017-04-27T16:01:07+08:00 ] 127.0.0.1 /index.php?g=Admin&m=Question&a=itembank
NOTIC: D方法实例化没找到模型类Common\Model\SubjectsModel
NOTIC: D方法实例化没找到模型类Common\Model\ChapterModel
NOTIC: D方法实例化没找到模型类Common\Model\AnswerModel

[ 2017-04-27T16:01:13+08:00 ] 127.0.0.1 /index.php?g=Admin&m=Question&a=test
NOTIC: D方法实例化没找到模型类Common\Model\SubjectsModel
NOTIC: D方法实例化没找到模型类Common\Model\ChapterModel
NOTIC: D方法实例化没找到模型类Common\Model\AnswerModel

[ 2017-04-27T16:01:19+08:00 ] 127.0.0.1 /index.php?g=Admin&m=Question&a=itembank
NOTIC: D方法实例化没找到模型类Common\Model\SubjectsModel
NOTIC: D方法实例化没找到模型类Common\Model\ChapterModel
NOTIC: D方法实例化没找到模型类Common\Model\AnswerModel

[ 2017-04-27T16:01:20+08:00 ] 127.0.0.1 /index.php?g=Admin&m=Question&a=itembankadd
NOTIC: D方法实例化没找到模型类Common\Model\SubjectsModel
NOTIC: D方法实例化没找到模型类Common\Model\ChapterModel
NOTIC: D方法实例化没找到模型类Common\Model\AnswerModel

[ 2017-04-27T16:01:22+08:00 ] 127.0.0.1 /index.php?g=Admin&m=Question&a=mater
NOTIC: D方法实例化没找到模型类Common\Model\SubjectsModel
NOTIC: D方法实例化没找到模型类Common\Model\ChapterModel
NOTIC: D方法实例化没找到模型类Common\Model\AnswerModel

[ 2017-04-27T16:02:04+08:00 ] 127.0.0.1 /index.php?g=Admin&m=Question&a=itembank
NOTIC: D方法实例化没找到模型类Common\Model\SubjectsModel
NOTIC: D方法实例化没找到模型类Common\Model\ChapterModel
NOTIC: D方法实例化没找到模型类Common\Model\AnswerModel

[ 2017-04-27T16:02:07+08:00 ] 127.0.0.1 /index.php?g=Admin&m=Question&a=true
NOTIC: D方法实例化没找到模型类Common\Model\SubjectsModel
NOTIC: D方法实例化没找到模型类Common\Model\ChapterModel
NOTIC: D方法实例化没找到模型类Common\Model\AnswerModel

[ 2017-04-27T16:02:10+08:00 ] 127.0.0.1 /index.php?g=Admin&m=Question&a=itembankadd
NOTIC: D方法实例化没找到模型类Common\Model\SubjectsModel
NOTIC: D方法实例化没找到模型类Common\Model\ChapterModel
NOTIC: D方法实例化没找到模型类Common\Model\AnswerModel

[ 2017-04-27T16:02:12+08:00 ] 127.0.0.1 /index.php?g=Admin&m=Question&a=mater
NOTIC: D方法实例化没找到模型类Common\Model\SubjectsModel
NOTIC: D方法实例化没找到模型类Common\Model\ChapterModel
NOTIC: D方法实例化没找到模型类Common\Model\AnswerModel

[ 2017-04-27T16:05:34+08:00 ] 127.0.0.1 /index.php?g=Admin&m=Question&a=itembank
NOTIC: D方法实例化没找到模型类Common\Model\SubjectsModel
NOTIC: D方法实例化没找到模型类Common\Model\ChapterModel
NOTIC: D方法实例化没找到模型类Common\Model\AnswerModel

[ 2017-04-27T16:05:36+08:00 ] 127.0.0.1 /index.php?g=Admin&m=Question&a=itembankadd
NOTIC: D方法实例化没找到模型类Common\Model\SubjectsModel
NOTIC: D方法实例化没找到模型类Common\Model\ChapterModel
NOTIC: D方法实例化没找到模型类Common\Model\AnswerModel

[ 2017-04-27T16:05:37+08:00 ] 127.0.0.1 /index.php?g=Admin&m=Question&a=mater
NOTIC: D方法实例化没找到模型类Common\Model\SubjectsModel
NOTIC: D方法实例化没找到模型类Common\Model\ChapterModel
NOTIC: D方法实例化没找到模型类Common\Model\AnswerModel

[ 2017-04-27T16:06:26+08:00 ] 127.0.0.1 /index.php?g=Admin&m=Question&a=itembank
NOTIC: D方法实例化没找到模型类Common\Model\SubjectsModel
NOTIC: D方法实例化没找到模型类Common\Model\ChapterModel
NOTIC: D方法实例化没找到模型类Common\Model\AnswerModel

[ 2017-04-27T16:06:27+08:00 ] 127.0.0.1 /index.php?g=Admin&m=Question&a=itembankadd
NOTIC: D方法实例化没找到模型类Common\Model\SubjectsModel
NOTIC: D方法实例化没找到模型类Common\Model\ChapterModel
NOTIC: D方法实例化没找到模型类Common\Model\AnswerModel

[ 2017-04-27T16:06:29+08:00 ] 127.0.0.1 /index.php?g=Admin&m=Question&a=mater
NOTIC: D方法实例化没找到模型类Common\Model\SubjectsModel
NOTIC: D方法实例化没找到模型类Common\Model\ChapterModel
NOTIC: D方法实例化没找到模型类Common\Model\AnswerModel

[ 2017-04-27T16:07:23+08:00 ] 127.0.0.1 /index.php?g=Admin&m=Question&a=itembank
NOTIC: D方法实例化没找到模型类Common\Model\SubjectsModel
NOTIC: D方法实例化没找到模型类Common\Model\ChapterModel
NOTIC: D方法实例化没找到模型类Common\Model\AnswerModel

[ 2017-04-27T16:07:26+08:00 ] 127.0.0.1 /index.php?g=Admin&m=Question&a=itembankadd
NOTIC: D方法实例化没找到模型类Common\Model\SubjectsModel
NOTIC: D方法实例化没找到模型类Common\Model\ChapterModel
NOTIC: D方法实例化没找到模型类Common\Model\AnswerModel

[ 2017-04-27T16:07:29+08:00 ] 127.0.0.1 /index.php?g=Admin&m=Question&a=mater
NOTIC: D方法实例化没找到模型类Common\Model\SubjectsModel
NOTIC: D方法实例化没找到模型类Common\Model\ChapterModel
NOTIC: D方法实例化没找到模型类Common\Model\AnswerModel

[ 2017-04-27T16:09:30+08:00 ] 127.0.0.1 /index.php?g=Admin&m=Question&a=itembank
NOTIC: D方法实例化没找到模型类Common\Model\SubjectsModel
NOTIC: D方法实例化没找到模型类Common\Model\ChapterModel
NOTIC: D方法实例化没找到模型类Common\Model\AnswerModel

[ 2017-04-27T16:09:33+08:00 ] 127.0.0.1 /index.php?g=Admin&m=Question&a=itembankadd
NOTIC: D方法实例化没找到模型类Common\Model\SubjectsModel
NOTIC: D方法实例化没找到模型类Common\Model\ChapterModel
NOTIC: D方法实例化没找到模型类Common\Model\AnswerModel

[ 2017-04-27T16:09:36+08:00 ] 127.0.0.1 /index.php?g=Admin&m=Question&a=mater
NOTIC: D方法实例化没找到模型类Common\Model\SubjectsModel
NOTIC: D方法实例化没找到模型类Common\Model\ChapterModel
NOTIC: D方法实例化没找到模型类Common\Model\AnswerModel

[ 2017-04-27T16:10:21+08:00 ] 127.0.0.1 /index.php?g=Admin&m=Question&a=itembank
NOTIC: D方法实例化没找到模型类Common\Model\SubjectsModel
NOTIC: D方法实例化没找到模型类Common\Model\ChapterModel
NOTIC: D方法实例化没找到模型类Common\Model\AnswerModel

[ 2017-04-27T16:10:25+08:00 ] 127.0.0.1 /index.php?g=Admin&m=Question&a=itembankadd
NOTIC: D方法实例化没找到模型类Common\Model\SubjectsModel
NOTIC: D方法实例化没找到模型类Common\Model\ChapterModel
NOTIC: D方法实例化没找到模型类Common\Model\AnswerModel

[ 2017-04-27T16:10:29+08:00 ] 127.0.0.1 /index.php?g=Admin&m=Question&a=mater
NOTIC: D方法实例化没找到模型类Common\Model\SubjectsModel
NOTIC: D方法实例化没找到模型类Common\Model\ChapterModel
NOTIC: D方法实例化没找到模型类Common\Model\AnswerModel

[ 2017-04-27T16:13:12+08:00 ] 127.0.0.1 /index.php?g=Admin&m=Question&a=itembank
NOTIC: D方法实例化没找到模型类Common\Model\SubjectsModel
NOTIC: D方法实例化没找到模型类Common\Model\ChapterModel
NOTIC: D方法实例化没找到模型类Common\Model\AnswerModel

[ 2017-04-27T16:13:16+08:00 ] 127.0.0.1 /index.php?g=Admin&m=Question&a=itembankadd
NOTIC: D方法实例化没找到模型类Common\Model\SubjectsModel
NOTIC: D方法实例化没找到模型类Common\Model\ChapterModel
NOTIC: D方法实例化没找到模型类Common\Model\AnswerModel

[ 2017-04-27T16:13:19+08:00 ] 127.0.0.1 /index.php?g=Admin&m=Question&a=mater
NOTIC: D方法实例化没找到模型类Common\Model\SubjectsModel
NOTIC: D方法实例化没找到模型类Common\Model\ChapterModel
NOTIC: D方法实例化没找到模型类Common\Model\AnswerModel

[ 2017-04-27T16:13:49+08:00 ] 127.0.0.1 /index.php?g=Admin&m=Question&a=itembank
NOTIC: D方法实例化没找到模型类Common\Model\SubjectsModel
NOTIC: D方法实例化没找到模型类Common\Model\ChapterModel
NOTIC: D方法实例化没找到模型类Common\Model\AnswerModel

[ 2017-04-27T16:13:52+08:00 ] 127.0.0.1 /index.php?g=Admin&m=Question&a=itembankadd
NOTIC: D方法实例化没找到模型类Common\Model\SubjectsModel
NOTIC: D方法实例化没找到模型类Common\Model\ChapterModel
NOTIC: D方法实例化没找到模型类Common\Model\AnswerModel

[ 2017-04-27T16:13:55+08:00 ] 127.0.0.1 /index.php?g=Admin&m=Question&a=mater
NOTIC: D方法实例化没找到模型类Common\Model\SubjectsModel
NOTIC: D方法实例化没找到模型类Common\Model\ChapterModel
NOTIC: D方法实例化没找到模型类Common\Model\AnswerModel

[ 2017-04-27T16:18:07+08:00 ] 127.0.0.1 /index.php?g=Admin&m=Question&a=itembank
NOTIC: D方法实例化没找到模型类Common\Model\SubjectsModel
NOTIC: D方法实例化没找到模型类Common\Model\ChapterModel
NOTIC: D方法实例化没找到模型类Common\Model\AnswerModel

[ 2017-04-27T16:18:10+08:00 ] 127.0.0.1 /index.php?g=Admin&m=Question&a=itembankadd
NOTIC: D方法实例化没找到模型类Common\Model\SubjectsModel
NOTIC: D方法实例化没找到模型类Common\Model\ChapterModel
NOTIC: D方法实例化没找到模型类Common\Model\AnswerModel

[ 2017-04-27T16:18:13+08:00 ] 127.0.0.1 /index.php?g=Admin&m=Question&a=mater
NOTIC: D方法实例化没找到模型类Common\Model\SubjectsModel
NOTIC: D方法实例化没找到模型类Common\Model\ChapterModel
NOTIC: D方法实例化没找到模型类Common\Model\AnswerModel

[ 2017-04-27T16:18:24+08:00 ] 127.0.0.1 /index.php?g=Admin&m=Question&a=mater
NOTIC: D方法实例化没找到模型类Common\Model\SubjectsModel
NOTIC: D方法实例化没找到模型类Common\Model\ChapterModel
NOTIC: D方法实例化没找到模型类Common\Model\AnswerModel

[ 2017-04-27T16:18:51+08:00 ] 127.0.0.1 /index.php?g=Admin&m=Question&a=mater
NOTIC: D方法实例化没找到模型类Common\Model\SubjectsModel
NOTIC: D方法实例化没找到模型类Common\Model\ChapterModel
NOTIC: D方法实例化没找到模型类Common\Model\AnswerModel

[ 2017-04-27T16:19:26+08:00 ] 127.0.0.1 /index.php?g=Admin&m=Question&a=mater
NOTIC: D方法实例化没找到模型类Common\Model\SubjectsModel
NOTIC: D方法实例化没找到模型类Common\Model\ChapterModel
NOTIC: D方法实例化没找到模型类Common\Model\AnswerModel

[ 2017-04-27T16:19:29+08:00 ] 127.0.0.1 /index.php?g=Admin&m=Question&a=mater
NOTIC: D方法实例化没找到模型类Common\Model\SubjectsModel
NOTIC: D方法实例化没找到模型类Common\Model\ChapterModel
NOTIC: D方法实例化没找到模型类Common\Model\AnswerModel

[ 2017-04-27T16:19:55+08:00 ] 127.0.0.1 /index.php?g=Admin&m=Question&a=mater
NOTIC: D方法实例化没找到模型类Common\Model\SubjectsModel
NOTIC: D方法实例化没找到模型类Common\Model\ChapterModel
NOTIC: D方法实例化没找到模型类Common\Model\AnswerModel

[ 2017-04-27T16:20:10+08:00 ] 127.0.0.1 /index.php?g=Admin&m=Question&a=mater
NOTIC: D方法实例化没找到模型类Common\Model\SubjectsModel
NOTIC: D方法实例化没找到模型类Common\Model\ChapterModel
NOTIC: D方法实例化没找到模型类Common\Model\AnswerModel

[ 2017-04-27T16:21:00+08:00 ] 127.0.0.1 /index.php?g=Admin&m=Question&a=mater
NOTIC: D方法实例化没找到模型类Common\Model\SubjectsModel
NOTIC: D方法实例化没找到模型类Common\Model\ChapterModel
NOTIC: D方法实例化没找到模型类Common\Model\AnswerModel

[ 2017-04-27T16:21:16+08:00 ] 127.0.0.1 /index.php?g=Admin&m=Question&a=mater
NOTIC: D方法实例化没找到模型类Common\Model\SubjectsModel
NOTIC: D方法实例化没找到模型类Common\Model\ChapterModel
NOTIC: D方法实例化没找到模型类Common\Model\AnswerModel

[ 2017-04-27T16:21:32+08:00 ] 127.0.0.1 /index.php?g=Admin&m=Question&a=mater
NOTIC: D方法实例化没找到模型类Common\Model\SubjectsModel
NOTIC: D方法实例化没找到模型类Common\Model\ChapterModel
NOTIC: D方法实例化没找到模型类Common\Model\AnswerModel

[ 2017-04-27T17:32:24+08:00 ] 127.0.0.1 /index.php?g=Admin&m=Question&a=itembank
NOTIC: D方法实例化没找到模型类Common\Model\SubjectsModel
NOTIC: D方法实例化没找到模型类Common\Model\ChapterModel
NOTIC: D方法实例化没找到模型类Common\Model\AnswerModel

[ 2017-04-27T17:32:25+08:00 ] 127.0.0.1 /index.php?g=Admin&m=Question&a=itembankadd
NOTIC: D方法实例化没找到模型类Common\Model\SubjectsModel
NOTIC: D方法实例化没找到模型类Common\Model\ChapterModel
NOTIC: D方法实例化没找到模型类Common\Model\AnswerModel

[ 2017-04-27T17:32:27+08:00 ] 127.0.0.1 /index.php?g=Admin&m=Question&a=mater
NOTIC: D方法实例化没找到模型类Common\Model\SubjectsModel
NOTIC: D方法实例化没找到模型类Common\Model\ChapterModel
NOTIC: D方法实例化没找到模型类Common\Model\AnswerModel

[ 2017-04-27T17:44:16+08:00 ] 127.0.0.1 /index.php?g=Admin&m=Question&a=itembank
NOTIC: D方法实例化没找到模型类Common\Model\SubjectsModel
NOTIC: D方法实例化没找到模型类Common\Model\ChapterModel
NOTIC: D方法实例化没找到模型类Common\Model\AnswerModel

[ 2017-04-27T17:44:18+08:00 ] 127.0.0.1 /index.php?g=Admin&m=Question&a=itembankadd
NOTIC: D方法实例化没找到模型类Common\Model\SubjectsModel
NOTIC: D方法实例化没找到模型类Common\Model\ChapterModel
NOTIC: D方法实例化没找到模型类Common\Model\AnswerModel

[ 2017-04-27T17:44:19+08:00 ] 127.0.0.1 /index.php?g=Admin&m=Question&a=mater
NOTIC: D方法实例化没找到模型类Common\Model\SubjectsModel
NOTIC: D方法实例化没找到模型类Common\Model\ChapterModel
NOTIC: D方法实例化没找到模型类Common\Model\AnswerModel

[ 2017-04-27T17:47:55+08:00 ] 127.0.0.1 /index.php?g=Admin&m=Question&a=itembank
NOTIC: D方法实例化没找到模型类Common\Model\SubjectsModel
NOTIC: D方法实例化没找到模型类Common\Model\ChapterModel
NOTIC: D方法实例化没找到模型类Common\Model\AnswerModel

[ 2017-04-27T17:47:57+08:00 ] 127.0.0.1 /index.php?g=Admin&m=Question&a=itembankadd
NOTIC: D方法实例化没找到模型类Common\Model\SubjectsModel
NOTIC: D方法实例化没找到模型类Common\Model\ChapterModel
NOTIC: D方法实例化没找到模型类Common\Model\AnswerModel

[ 2017-04-27T17:47:58+08:00 ] 127.0.0.1 /index.php?g=Admin&m=Question&a=mater
NOTIC: D方法实例化没找到模型类Common\Model\SubjectsModel
NOTIC: D方法实例化没找到模型类Common\Model\ChapterModel
NOTIC: D方法实例化没找到模型类Common\Model\AnswerModel

[ 2017-04-27T18:00:07+08:00 ] 127.0.0.1 /index.php?g=Admin&m=Question&a=itembank
NOTIC: D方法实例化没找到模型类Common\Model\SubjectsModel
NOTIC: D方法实例化没找到模型类Common\Model\ChapterModel
NOTIC: D方法实例化没找到模型类Common\Model\AnswerModel

[ 2017-04-27T18:00:08+08:00 ] 127.0.0.1 /index.php?g=Admin&m=Question&a=itembankadd
NOTIC: D方法实例化没找到模型类Common\Model\SubjectsModel
NOTIC: D方法实例化没找到模型类Common\Model\ChapterModel
NOTIC: D方法实例化没找到模型类Common\Model\AnswerModel

[ 2017-04-27T18:00:09+08:00 ] 127.0.0.1 /index.php?g=Admin&m=Question&a=mater
NOTIC: D方法实例化没找到模型类Common\Model\SubjectsModel
NOTIC: D方法实例化没找到模型类Common\Model\ChapterModel
NOTIC: D方法实例化没找到模型类Common\Model\AnswerModel

[ 2017-04-27T19:18:11+08:00 ] 127.0.0.1 /index.php?g=Admin&m=Question&a=itembank
NOTIC: D方法实例化没找到模型类Common\Model\SubjectsModel
NOTIC: D方法实例化没找到模型类Common\Model\ChapterModel
NOTIC: D方法实例化没找到模型类Common\Model\AnswerModel

[ 2017-04-27T19:18:13+08:00 ] 127.0.0.1 /index.php?g=Admin&m=Question&a=itembankadd
NOTIC: D方法实例化没找到模型类Common\Model\SubjectsModel
NOTIC: D方法实例化没找到模型类Common\Model\ChapterModel
NOTIC: D方法实例化没找到模型类Common\Model\AnswerModel

[ 2017-04-27T19:18:14+08:00 ] 127.0.0.1 /index.php?g=Admin&m=Question&a=mater
NOTIC: D方法实例化没找到模型类Common\Model\SubjectsModel
NOTIC: D方法实例化没找到模型类Common\Model\ChapterModel
NOTIC: D方法实例化没找到模型类Common\Model\AnswerModel

[ 2017-04-27T19:18:17+08:00 ] 127.0.0.1 /index.php/Admin/Question
NOTIC: D方法实例化没找到模型类Common\Model\SubjectsModel
NOTIC: D方法实例化没找到模型类Common\Model\ChapterModel
NOTIC: D方法实例化没找到模型类Common\Model\AnswerModel

[ 2017-04-27T19:19:24+08:00 ] 127.0.0.1 /index.php?g=Admin&m=Question&a=test
NOTIC: D方法实例化没找到模型类Common\Model\SubjectsModel
NOTIC: D方法实例化没找到模型类Common\Model\ChapterModel
NOTIC: D方法实例化没找到模型类Common\Model\AnswerModel

[ 2017-04-27T19:19:26+08:00 ] 127.0.0.1 /index.php?g=Admin&m=Question&a=itembank
NOTIC: D方法实例化没找到模型类Common\Model\SubjectsModel
NOTIC: D方法实例化没找到模型类Common\Model\ChapterModel
NOTIC: D方法实例化没找到模型类Common\Model\AnswerModel

[ 2017-04-27T19:19:29+08:00 ] 127.0.0.1 /index.php?g=Admin&m=Question&a=itembank
NOTIC: D方法实例化没找到模型类Common\Model\SubjectsModel
NOTIC: D方法实例化没找到模型类Common\Model\ChapterModel
NOTIC: D方法实例化没找到模型类Common\Model\AnswerModel

[ 2017-04-27T19:19:30+08:00 ] 127.0.0.1 /index.php?g=Admin&m=Question&a=itembankadd
NOTIC: D方法实例化没找到模型类Common\Model\SubjectsModel
NOTIC: D方法实例化没找到模型类Common\Model\ChapterModel
NOTIC: D方法实例化没找到模型类Common\Model\AnswerModel

[ 2017-04-27T19:20:11+08:00 ] 127.0.0.1 /index.php?g=Admin&m=Question&a=mater
NOTIC: D方法实例化没找到模型类Common\Model\SubjectsModel
NOTIC: D方法实例化没找到模型类Common\Model\ChapterModel
NOTIC: D方法实例化没找到模型类Common\Model\AnswerModel

[ 2017-04-27T19:21:19+08:00 ] 127.0.0.1 /index.php?g=Admin&m=Question&a=itembank
NOTIC: D方法实例化没找到模型类Common\Model\SubjectsModel
NOTIC: D方法实例化没找到模型类Common\Model\ChapterModel
NOTIC: D方法实例化没找到模型类Common\Model\AnswerModel

[ 2017-04-27T19:21:22+08:00 ] 127.0.0.1 /index.php?g=Admin&m=Question&a=itembank
NOTIC: D方法实例化没找到模型类Common\Model\SubjectsModel
NOTIC: D方法实例化没找到模型类Common\Model\ChapterModel
NOTIC: D方法实例化没找到模型类Common\Model\AnswerModel

[ 2017-04-27T19:21:23+08:00 ] 127.0.0.1 /index.php?g=Admin&m=Question&a=itembankadd
NOTIC: D方法实例化没找到模型类Common\Model\SubjectsModel
NOTIC: D方法实例化没找到模型类Common\Model\ChapterModel
NOTIC: D方法实例化没找到模型类Common\Model\AnswerModel

[ 2017-04-27T19:21:29+08:00 ] 127.0.0.1 /index.php?g=Admin&m=Question&a=mater
NOTIC: D方法实例化没找到模型类Common\Model\SubjectsModel
NOTIC: D方法实例化没找到模型类Common\Model\ChapterModel
NOTIC: D方法实例化没找到模型类Common\Model\AnswerModel

[ 2017-04-27T19:27:39+08:00 ] 127.0.0.1 /index.php?g=Admin&m=Question&a=mater
NOTIC: D方法实例化没找到模型类Common\Model\SubjectsModel
NOTIC: D方法实例化没找到模型类Common\Model\ChapterModel
NOTIC: D方法实例化没找到模型类Common\Model\AnswerModel

[ 2017-04-27T19:36:09+08:00 ] 127.0.0.1 /index.php?g=Admin&m=Question&a=itembank
NOTIC: D方法实例化没找到模型类Common\Model\SubjectsModel
NOTIC: D方法实例化没找到模型类Common\Model\ChapterModel
NOTIC: D方法实例化没找到模型类Common\Model\AnswerModel

[ 2017-04-27T19:36:11+08:00 ] 127.0.0.1 /index.php?g=Admin&m=Question&a=itembankadd
NOTIC: D方法实例化没找到模型类Common\Model\SubjectsModel
NOTIC: D方法实例化没找到模型类Common\Model\ChapterModel
NOTIC: D方法实例化没找到模型类Common\Model\AnswerModel

[ 2017-04-27T19:36:12+08:00 ] 127.0.0.1 /index.php?g=Admin&m=Question&a=mater
NOTIC: D方法实例化没找到模型类Common\Model\SubjectsModel
NOTIC: D方法实例化没找到模型类Common\Model\ChapterModel
NOTIC: D方法实例化没找到模型类Common\Model\AnswerModel

[ 2017-04-27T19:36:45+08:00 ] 127.0.0.1 /index.php?g=Admin&m=Question&a=itembank
NOTIC: D方法实例化没找到模型类Common\Model\SubjectsModel
NOTIC: D方法实例化没找到模型类Common\Model\ChapterModel
NOTIC: D方法实例化没找到模型类Common\Model\AnswerModel

[ 2017-04-27T19:36:47+08:00 ] 127.0.0.1 /index.php?g=Admin&m=Question&a=itembankadd
NOTIC: D方法实例化没找到模型类Common\Model\SubjectsModel
NOTIC: D方法实例化没找到模型类Common\Model\ChapterModel
NOTIC: D方法实例化没找到模型类Common\Model\AnswerModel

[ 2017-04-27T19:36:48+08:00 ] 127.0.0.1 /index.php?g=Admin&m=Question&a=itembankadd
NOTIC: D方法实例化没找到模型类Common\Model\SubjectsModel
NOTIC: D方法实例化没找到模型类Common\Model\ChapterModel
NOTIC: D方法实例化没找到模型类Common\Model\AnswerModel

[ 2017-04-27T19:36:48+08:00 ] 127.0.0.1 /index.php?g=Admin&m=Question&a=mater
NOTIC: D方法实例化没找到模型类Common\Model\SubjectsModel
NOTIC: D方法实例化没找到模型类Common\Model\ChapterModel
NOTIC: D方法实例化没找到模型类Common\Model\AnswerModel

[ 2017-04-27T19:39:28+08:00 ] 127.0.0.1 /index.php?g=Admin&m=Question&a=itembank
NOTIC: D方法实例化没找到模型类Common\Model\SubjectsModel
NOTIC: D方法实例化没找到模型类Common\Model\ChapterModel
NOTIC: D方法实例化没找到模型类Common\Model\AnswerModel

[ 2017-04-27T19:39:29+08:00 ] 127.0.0.1 /index.php?g=Admin&m=Question&a=itembankadd
NOTIC: D方法实例化没找到模型类Common\Model\SubjectsModel
NOTIC: D方法实例化没找到模型类Common\Model\ChapterModel
NOTIC: D方法实例化没找到模型类Common\Model\AnswerModel

[ 2017-04-27T19:39:30+08:00 ] 127.0.0.1 /index.php?g=Admin&m=Question&a=mater
NOTIC: D方法实例化没找到模型类Common\Model\SubjectsModel
NOTIC: D方法实例化没找到模型类Common\Model\ChapterModel
NOTIC: D方法实例化没找到模型类Common\Model\AnswerModel

[ 2017-04-27T19:41:47+08:00 ] 127.0.0.1 /index.php?g=Admin&m=Question&a=itembank
NOTIC: D方法实例化没找到模型类Common\Model\SubjectsModel
NOTIC: D方法实例化没找到模型类Common\Model\ChapterModel
NOTIC: D方法实例化没找到模型类Common\Model\AnswerModel

[ 2017-04-27T19:41:49+08:00 ] 127.0.0.1 /index.php?g=Admin&m=Question&a=itembankadd
NOTIC: D方法实例化没找到模型类Common\Model\SubjectsModel
NOTIC: D方法实例化没找到模型类Common\Model\ChapterModel
NOTIC: D方法实例化没找到模型类Common\Model\AnswerModel

[ 2017-04-27T19:41:50+08:00 ] 127.0.0.1 /index.php?g=Admin&m=Question&a=mater
NOTIC: D方法实例化没找到模型类Common\Model\SubjectsModel
NOTIC: D方法实例化没找到模型类Common\Model\ChapterModel
NOTIC: D方法实例化没找到模型类Common\Model\AnswerModel

[ 2017-04-27T19:43:12+08:00 ] 127.0.0.1 /index.php?g=Admin&m=Question&a=mater
NOTIC: D方法实例化没找到模型类Common\Model\SubjectsModel
NOTIC: D方法实例化没找到模型类Common\Model\ChapterModel
NOTIC: D方法实例化没找到模型类Common\Model\AnswerModel

[ 2017-04-27T19:43:13+08:00 ] 127.0.0.1 /index.php?g=Admin&m=Question&a=mater
NOTIC: D方法实例化没找到模型类Common\Model\SubjectsModel
NOTIC: D方法实例化没找到模型类Common\Model\ChapterModel
NOTIC: D方法实例化没找到模型类Common\Model\AnswerModel

[ 2017-04-27T19:43:18+08:00 ] 127.0.0.1 /index.php?g=Admin&m=Question&a=itembank
NOTIC: D方法实例化没找到模型类Common\Model\SubjectsModel
NOTIC: D方法实例化没找到模型类Common\Model\ChapterModel
NOTIC: D方法实例化没找到模型类Common\Model\AnswerModel

[ 2017-04-27T19:43:19+08:00 ] 127.0.0.1 /index.php?g=Admin&m=Question&a=itembankadd
NOTIC: D方法实例化没找到模型类Common\Model\SubjectsModel
NOTIC: D方法实例化没找到模型类Common\Model\ChapterModel
NOTIC: D方法实例化没找到模型类Common\Model\AnswerModel

[ 2017-04-27T19:43:21+08:00 ] 127.0.0.1 /index.php?g=Admin&m=Question&a=mater
NOTIC: D方法实例化没找到模型类Common\Model\SubjectsModel
NOTIC: D方法实例化没找到模型类Common\Model\ChapterModel
NOTIC: D方法实例化没找到模型类Common\Model\AnswerModel

[ 2017-04-27T19:43:53+08:00 ] 127.0.0.1 /index.php?g=Admin&m=Types&a=index
NOTIC: D方法实例化没找到模型类Common\Model\TypesModel
NOTIC: D方法实例化没找到模型类Common\Model\SubjectsModel
NOTIC: D方法实例化没找到模型类Common\Model\ChapterModel

[ 2017-04-27T19:43:55+08:00 ] 127.0.0.1 /index.php?g=Admin&m=Types&a=add
NOTIC: D方法实例化没找到模型类Common\Model\TypesModel
NOTIC: D方法实例化没找到模型类Common\Model\SubjectsModel
NOTIC: D方法实例化没找到模型类Common\Model\ChapterModel

[ 2017-04-27T19:44:02+08:00 ] 127.0.0.1 /index.php?g=Admin&m=Question&a=itembank
NOTIC: D方法实例化没找到模型类Common\Model\SubjectsModel
NOTIC: D方法实例化没找到模型类Common\Model\ChapterModel
NOTIC: D方法实例化没找到模型类Common\Model\AnswerModel

[ 2017-04-27T19:44:03+08:00 ] 127.0.0.1 /index.php?g=Admin&m=Question&a=itembankadd
NOTIC: D方法实例化没找到模型类Common\Model\SubjectsModel
NOTIC: D方法实例化没找到模型类Common\Model\ChapterModel
NOTIC: D方法实例化没找到模型类Common\Model\AnswerModel

[ 2017-04-27T19:44:04+08:00 ] 127.0.0.1 /index.php?g=Admin&m=Question&a=mater
NOTIC: D方法实例化没找到模型类Common\Model\SubjectsModel
NOTIC: D方法实例化没找到模型类Common\Model\ChapterModel
NOTIC: D方法实例化没找到模型类Common\Model\AnswerModel

[ 2017-04-27T19:45:37+08:00 ] 127.0.0.1 /index.php?g=Admin&m=Question&a=itembank
NOTIC: D方法实例化没找到模型类Common\Model\SubjectsModel
NOTIC: D方法实例化没找到模型类Common\Model\ChapterModel
NOTIC: D方法实例化没找到模型类Common\Model\AnswerModel

[ 2017-04-27T19:45:38+08:00 ] 127.0.0.1 /index.php?g=Admin&m=Question&a=itembankadd
NOTIC: D方法实例化没找到模型类Common\Model\SubjectsModel
NOTIC: D方法实例化没找到模型类Common\Model\ChapterModel
NOTIC: D方法实例化没找到模型类Common\Model\AnswerModel

[ 2017-04-27T19:45:39+08:00 ] 127.0.0.1 /index.php?g=Admin&m=Question&a=mater
NOTIC: D方法实例化没找到模型类Common\Model\SubjectsModel
NOTIC: D方法实例化没找到模型类Common\Model\ChapterModel
NOTIC: D方法实例化没找到模型类Common\Model\AnswerModel

[ 2017-04-27T19:47:42+08:00 ] 127.0.0.1 /index.php?g=Admin&m=Question&a=itembank
NOTIC: D方法实例化没找到模型类Common\Model\SubjectsModel
NOTIC: D方法实例化没找到模型类Common\Model\ChapterModel
NOTIC: D方法实例化没找到模型类Common\Model\AnswerModel

[ 2017-04-27T19:47:44+08:00 ] 127.0.0.1 /index.php?g=Admin&m=Question&a=itembankadd
NOTIC: D方法实例化没找到模型类Common\Model\SubjectsModel
NOTIC: D方法实例化没找到模型类Common\Model\ChapterModel
NOTIC: D方法实例化没找到模型类Common\Model\AnswerModel

[ 2017-04-27T19:47:45+08:00 ] 127.0.0.1 /index.php?g=Admin&m=Question&a=mater
NOTIC: D方法实例化没找到模型类Common\Model\SubjectsModel
NOTIC: D方法实例化没找到模型类Common\Model\ChapterModel
NOTIC: D方法实例化没找到模型类Common\Model\AnswerModel

[ 2017-04-27T19:48:55+08:00 ] 127.0.0.1 /index.php?g=Admin&m=Question&a=itembank
NOTIC: D方法实例化没找到模型类Common\Model\SubjectsModel
NOTIC: D方法实例化没找到模型类Common\Model\ChapterModel
NOTIC: D方法实例化没找到模型类Common\Model\AnswerModel

[ 2017-04-27T19:48:56+08:00 ] 127.0.0.1 /index.php?g=Admin&m=Question&a=itembankadd
NOTIC: D方法实例化没找到模型类Common\Model\SubjectsModel
NOTIC: D方法实例化没找到模型类Common\Model\ChapterModel
NOTIC: D方法实例化没找到模型类Common\Model\AnswerModel

[ 2017-04-27T19:48:57+08:00 ] 127.0.0.1 /index.php?g=Admin&m=Question&a=mater
NOTIC: D方法实例化没找到模型类Common\Model\SubjectsModel
NOTIC: D方法实例化没找到模型类Common\Model\ChapterModel
NOTIC: D方法实例化没找到模型类Common\Model\AnswerModel

[ 2017-04-27T19:50:16+08:00 ] 127.0.0.1 /index.php?g=Admin&m=Question&a=itembank
NOTIC: D方法实例化没找到模型类Common\Model\SubjectsModel
NOTIC: D方法实例化没找到模型类Common\Model\ChapterModel
NOTIC: D方法实例化没找到模型类Common\Model\AnswerModel

[ 2017-04-27T19:50:17+08:00 ] 127.0.0.1 /index.php?g=Admin&m=Question&a=itembankadd
NOTIC: D方法实例化没找到模型类Common\Model\SubjectsModel
NOTIC: D方法实例化没找到模型类Common\Model\ChapterModel
NOTIC: D方法实例化没找到模型类Common\Model\AnswerModel

[ 2017-04-27T19:50:19+08:00 ] 127.0.0.1 /index.php?g=Admin&m=Question&a=mater
NOTIC: D方法实例化没找到模型类Common\Model\SubjectsModel
NOTIC: D方法实例化没找到模型类Common\Model\ChapterModel
NOTIC: D方法实例化没找到模型类Common\Model\AnswerModel

[ 2017-04-27T19:52:08+08:00 ] 127.0.0.1 /index.php?g=Admin&m=Question&a=itembank
NOTIC: D方法实例化没找到模型类Common\Model\SubjectsModel
NOTIC: D方法实例化没找到模型类Common\Model\ChapterModel
NOTIC: D方法实例化没找到模型类Common\Model\AnswerModel

[ 2017-04-27T19:52:10+08:00 ] 127.0.0.1 /index.php?g=Admin&m=Question&a=itembankadd
NOTIC: D方法实例化没找到模型类Common\Model\SubjectsModel
NOTIC: D方法实例化没找到模型类Common\Model\ChapterModel
NOTIC: D方法实例化没找到模型类Common\Model\AnswerModel

[ 2017-04-27T19:52:11+08:00 ] 127.0.0.1 /index.php?g=Admin&m=Question&a=mater
NOTIC: D方法实例化没找到模型类Common\Model\SubjectsModel
NOTIC: D方法实例化没找到模型类Common\Model\ChapterModel
NOTIC: D方法实例化没找到模型类Common\Model\AnswerModel

[ 2017-04-27T19:52:49+08:00 ] 127.0.0.1 /index.php?g=Admin&m=Question&a=itembank
NOTIC: D方法实例化没找到模型类Common\Model\SubjectsModel
NOTIC: D方法实例化没找到模型类Common\Model\ChapterModel
NOTIC: D方法实例化没找到模型类Common\Model\AnswerModel

[ 2017-04-27T19:52:50+08:00 ] 127.0.0.1 /index.php?g=Admin&m=Question&a=itembankadd
NOTIC: D方法实例化没找到模型类Common\Model\SubjectsModel
NOTIC: D方法实例化没找到模型类Common\Model\ChapterModel
NOTIC: D方法实例化没找到模型类Common\Model\AnswerModel

[ 2017-04-27T19:52:51+08:00 ] 127.0.0.1 /index.php?g=Admin&m=Question&a=mater
NOTIC: D方法实例化没找到模型类Common\Model\SubjectsModel
NOTIC: D方法实例化没找到模型类Common\Model\ChapterModel
NOTIC: D方法实例化没找到模型类Common\Model\AnswerModel

[ 2017-04-27T19:56:52+08:00 ] 127.0.0.1 /index.php?g=Admin&m=Question&a=itembank
NOTIC: D方法实例化没找到模型类Common\Model\SubjectsModel
NOTIC: D方法实例化没找到模型类Common\Model\ChapterModel
NOTIC: D方法实例化没找到模型类Common\Model\AnswerModel

[ 2017-04-27T19:56:53+08:00 ] 127.0.0.1 /index.php?g=Admin&m=Question&a=itembankadd
NOTIC: D方法实例化没找到模型类Common\Model\SubjectsModel
NOTIC: D方法实例化没找到模型类Common\Model\ChapterModel
NOTIC: D方法实例化没找到模型类Common\Model\AnswerModel

[ 2017-04-27T19:56:54+08:00 ] 127.0.0.1 /index.php?g=Admin&m=Question&a=mater
NOTIC: D方法实例化没找到模型类Common\Model\SubjectsModel
NOTIC: D方法实例化没找到模型类Common\Model\ChapterModel
NOTIC: D方法实例化没找到模型类Common\Model\AnswerModel

[ 2017-04-27T19:58:31+08:00 ] 127.0.0.1 /index.php?g=Admin&m=Question&a=itembank
NOTIC: D方法实例化没找到模型类Common\Model\SubjectsModel
NOTIC: D方法实例化没找到模型类Common\Model\ChapterModel
NOTIC: D方法实例化没找到模型类Common\Model\AnswerModel

[ 2017-04-27T19:58:33+08:00 ] 127.0.0.1 /index.php?g=Admin&m=Question&a=itembankadd
NOTIC: D方法实例化没找到模型类Common\Model\SubjectsModel
NOTIC: D方法实例化没找到模型类Common\Model\ChapterModel
NOTIC: D方法实例化没找到模型类Common\Model\AnswerModel

[ 2017-04-27T19:58:34+08:00 ] 127.0.0.1 /index.php?g=Admin&m=Question&a=mater
NOTIC: D方法实例化没找到模型类Common\Model\SubjectsModel
NOTIC: D方法实例化没找到模型类Common\Model\ChapterModel
NOTIC: D方法实例化没找到模型类Common\Model\AnswerModel

[ 2017-04-27T20:05:51+08:00 ] 127.0.0.1 /index.php?g=Admin&m=Types&a=index
NOTIC: D方法实例化没找到模型类Common\Model\TypesModel
NOTIC: D方法实例化没找到模型类Common\Model\SubjectsModel
NOTIC: D方法实例化没找到模型类Common\Model\ChapterModel

[ 2017-04-27T20:05:59+08:00 ] 127.0.0.1 /index.php?g=Admin&m=Types&a=index
NOTIC: D方法实例化没找到模型类Common\Model\TypesModel
NOTIC: D方法实例化没找到模型类Common\Model\SubjectsModel
NOTIC: D方法实例化没找到模型类Common\Model\ChapterModel

[ 2017-04-27T21:58:38+08:00 ] 127.0.0.1 /index.php?g=Admin&m=public&a=dologin
INFO: [ app_begin ] --START--
INFO: Run Behavior\ReadHtmlCacheBehavior [ RunTime:0.000452s ]
INFO: Run Behavior\CheckLangBehavior [ RunTime:0.001549s ]
INFO: Run Common\Behavior\UrldecodeGetBehavior [ RunTime:0.000709s ]
INFO: [ app_begin ] --END-- [ RunTime:0.003343s ]
INFO: [ admin_begin ] --START--
INFO: Run Common\Behavior\AdminDefaultLangBehavior [ RunTime:0.001961s ]
INFO: [ admin_begin ] --END-- [ RunTime:0.002039s ]
SQL: SHOW COLUMNS FROM `cmf_users` [ RunTime:0.0295s ]
SQL: SELECT * FROM `cmf_users` WHERE `user_login` = 'admin' LIMIT 1   [ RunTime:0.0004s ]
SQL: SHOW COLUMNS FROM `cmf_role_user` [ RunTime:0.0381s ]
SQL: SELECT `role_id` FROM cmf_role_user a INNER JOIN cmf_role as b on a.role_id =b.id  WHERE `user_id` = '1' AND `status` = 1  [ RunTime:0.0214s ]
SQL: UPDATE `cmf_users` SET `user_login`='admin',`user_pass`='###e9a6a1b2c468c852c57c0d86674e1f9b',`user_nicename`='admin',`user_email`='1348779449@qq.com',`user_url`='',`avatar`=NULL,`sex`='0',`birthday`='2000-01-01',`signature`=NULL,`last_login_ip`='127.0.0.1',`last_login_time`='2017-04-27 21:58:38',`create_time`='2017-04-17 01:37:17',`user_activation_key`='',`user_status`='1',`score`='0',`user_type`='1',`coin`='0',`mobile`='' WHERE `id` = '1' [ RunTime:0.0008s ]

[ 2017-04-27T21:58:44+08:00 ] 127.0.0.1 /index.php?g=Admin&m=Question&a=itembank
NOTIC: D方法实例化没找到模型类Common\Model\SubjectsModel
NOTIC: D方法实例化没找到模型类Common\Model\ChapterModel
NOTIC: D方法实例化没找到模型类Common\Model\AnswerModel

[ 2017-04-27T21:58:45+08:00 ] 127.0.0.1 /index.php?g=Admin&m=Question&a=itembankadd
NOTIC: D方法实例化没找到模型类Common\Model\SubjectsModel
NOTIC: D方法实例化没找到模型类Common\Model\ChapterModel
NOTIC: D方法实例化没找到模型类Common\Model\AnswerModel

[ 2017-04-27T21:58:46+08:00 ] 127.0.0.1 /index.php?g=Admin&m=Question&a=mater
NOTIC: D方法实例化没找到模型类Common\Model\SubjectsModel
NOTIC: D方法实例化没找到模型类Common\Model\ChapterModel
NOTIC: D方法实例化没找到模型类Common\Model\AnswerModel

[ 2017-04-27T21:59:38+08:00 ] 127.0.0.1 /index.php?g=Admin&m=Question&a=itembank
NOTIC: D方法实例化没找到模型类Common\Model\SubjectsModel
NOTIC: D方法实例化没找到模型类Common\Model\ChapterModel
NOTIC: D方法实例化没找到模型类Common\Model\AnswerModel

[ 2017-04-27T21:59:39+08:00 ] 127.0.0.1 /index.php?g=Admin&m=Question&a=itembankadd
NOTIC: D方法实例化没找到模型类Common\Model\SubjectsModel
NOTIC: D方法实例化没找到模型类Common\Model\ChapterModel
NOTIC: D方法实例化没找到模型类Common\Model\AnswerModel

[ 2017-04-27T21:59:40+08:00 ] 127.0.0.1 /index.php?g=Admin&m=Question&a=mater
NOTIC: D方法实例化没找到模型类Common\Model\SubjectsModel
NOTIC: D方法实例化没找到模型类Common\Model\ChapterModel
NOTIC: D方法实例化没找到模型类Common\Model\AnswerModel

[ 2017-04-27T22:01:28+08:00 ] 127.0.0.1 /index.php?g=Admin&m=Question&a=itembank
NOTIC: D方法实例化没找到模型类Common\Model\SubjectsModel
NOTIC: D方法实例化没找到模型类Common\Model\ChapterModel
NOTIC: D方法实例化没找到模型类Common\Model\AnswerModel

[ 2017-04-27T22:01:29+08:00 ] 127.0.0.1 /index.php?g=Admin&m=Question&a=itembankadd
NOTIC: D方法实例化没找到模型类Common\Model\SubjectsModel
NOTIC: D方法实例化没找到模型类Common\Model\ChapterModel
NOTIC: D方法实例化没找到模型类Common\Model\AnswerModel

[ 2017-04-27T22:01:30+08:00 ] 127.0.0.1 /index.php?g=Admin&m=Question&a=mater
NOTIC: D方法实例化没找到模型类Common\Model\SubjectsModel
NOTIC: D方法实例化没找到模型类Common\Model\ChapterModel
NOTIC: D方法实例化没找到模型类Common\Model\AnswerModel

[ 2017-04-27T22:02:10+08:00 ] 127.0.0.1 /index.php?g=Admin&m=Question&a=itembank
NOTIC: D方法实例化没找到模型类Common\Model\SubjectsModel
NOTIC: D方法实例化没找到模型类Common\Model\ChapterModel
NOTIC: D方法实例化没找到模型类Common\Model\AnswerModel

[ 2017-04-27T22:02:11+08:00 ] 127.0.0.1 /index.php?g=Admin&m=Question&a=itembankadd
NOTIC: D方法实例化没找到模型类Common\Model\SubjectsModel
NOTIC: D方法实例化没找到模型类Common\Model\ChapterModel
NOTIC: D方法实例化没找到模型类Common\Model\AnswerModel

[ 2017-04-27T22:02:12+08:00 ] 127.0.0.1 /index.php?g=Admin&m=Question&a=mater
NOTIC: D方法实例化没找到模型类Common\Model\SubjectsModel
NOTIC: D方法实例化没找到模型类Common\Model\ChapterModel
NOTIC: D方法实例化没找到模型类Common\Model\AnswerModel

[ 2017-04-27T22:07:52+08:00 ] 127.0.0.1 /index.php?g=Admin&m=Question&a=itembank
NOTIC: D方法实例化没找到模型类Common\Model\SubjectsModel
NOTIC: D方法实例化没找到模型类Common\Model\ChapterModel
NOTIC: D方法实例化没找到模型类Common\Model\AnswerModel

[ 2017-04-27T22:07:54+08:00 ] 127.0.0.1 /index.php?g=Admin&m=Question&a=itembankadd
NOTIC: D方法实例化没找到模型类Common\Model\SubjectsModel
NOTIC: D方法实例化没找到模型类Common\Model\ChapterModel
NOTIC: D方法实例化没找到模型类Common\Model\AnswerModel

[ 2017-04-27T22:07:55+08:00 ] 127.0.0.1 /index.php?g=Admin&m=Question&a=mater
NOTIC: D方法实例化没找到模型类Common\Model\SubjectsModel
NOTIC: D方法实例化没找到模型类Common\Model\ChapterModel
NOTIC: D方法实例化没找到模型类Common\Model\AnswerModel

[ 2017-04-27T22:07:58+08:00 ] 127.0.0.1 /index.php?g=Admin&m=Question&a=itembankadd_post
NOTIC: D方法实例化没找到模型类Common\Model\SubjectsModel
NOTIC: D方法实例化没找到模型类Common\Model\ChapterModel
NOTIC: D方法实例化没找到模型类Common\Model\AnswerModel
ERR: Cannot unset string offsets

[ 2017-04-27T22:09:35+08:00 ] 127.0.0.1 /index.php?g=Admin&m=Question&a=itembank
NOTIC: D方法实例化没找到模型类Common\Model\SubjectsModel
NOTIC: D方法实例化没找到模型类Common\Model\ChapterModel
NOTIC: D方法实例化没找到模型类Common\Model\AnswerModel

[ 2017-04-27T22:09:35+08:00 ] 127.0.0.1 /index.php?g=Admin&m=Question&a=itembankadd
NOTIC: D方法实例化没找到模型类Common\Model\SubjectsModel
NOTIC: D方法实例化没找到模型类Common\Model\ChapterModel
NOTIC: D方法实例化没找到模型类Common\Model\AnswerModel

[ 2017-04-27T22:09:37+08:00 ] 127.0.0.1 /index.php?g=Admin&m=Question&a=mater
NOTIC: D方法实例化没找到模型类Common\Model\SubjectsModel
NOTIC: D方法实例化没找到模型类Common\Model\ChapterModel
NOTIC: D方法实例化没找到模型类Common\Model\AnswerModel

[ 2017-04-27T22:09:38+08:00 ] 127.0.0.1 /index.php?g=Admin&m=Question&a=materadd_post
NOTIC: D方法实例化没找到模型类Common\Model\SubjectsModel
NOTIC: D方法实例化没找到模型类Common\Model\ChapterModel
NOTIC: D方法实例化没找到模型类Common\Model\AnswerModel

[ 2017-04-27T22:10:59+08:00 ] 127.0.0.1 /index.php?g=Admin&m=Question&a=itembank
NOTIC: D方法实例化没找到模型类Common\Model\SubjectsModel
NOTIC: D方法实例化没找到模型类Common\Model\ChapterModel
NOTIC: D方法实例化没找到模型类Common\Model\AnswerModel

[ 2017-04-27T22:11:03+08:00 ] 127.0.0.1 /index.php?g=Admin&m=Question&a=itembankadd
NOTIC: D方法实例化没找到模型类Common\Model\SubjectsModel
NOTIC: D方法实例化没找到模型类Common\Model\ChapterModel
NOTIC: D方法实例化没找到模型类Common\Model\AnswerModel

[ 2017-04-27T22:11:04+08:00 ] 127.0.0.1 /index.php?g=Admin&m=Question&a=mater
NOTIC: D方法实例化没找到模型类Common\Model\SubjectsModel
NOTIC: D方法实例化没找到模型类Common\Model\ChapterModel
NOTIC: D方法实例化没找到模型类Common\Model\AnswerModel

[ 2017-04-27T22:17:27+08:00 ] 127.0.0.1 /index.php?g=Admin&m=Question&a=itembank
NOTIC: D方法实例化没找到模型类Common\Model\SubjectsModel
NOTIC: D方法实例化没找到模型类Common\Model\ChapterModel
NOTIC: D方法实例化没找到模型类Common\Model\AnswerModel

[ 2017-04-27T22:17:29+08:00 ] 127.0.0.1 /index.php?g=Admin&m=Question&a=itembankadd
NOTIC: D方法实例化没找到模型类Common\Model\SubjectsModel
NOTIC: D方法实例化没找到模型类Common\Model\ChapterModel
NOTIC: D方法实例化没找到模型类Common\Model\AnswerModel

[ 2017-04-27T22:17:31+08:00 ] 127.0.0.1 /index.php?g=Admin&m=Question&a=mater
NOTIC: D方法实例化没找到模型类Common\Model\SubjectsModel
NOTIC: D方法实例化没找到模型类Common\Model\ChapterModel
NOTIC: D方法实例化没找到模型类Common\Model\AnswerModel

[ 2017-04-27T22:20:13+08:00 ] 127.0.0.1 /index.php?g=Admin&m=Question&a=itembank
NOTIC: D方法实例化没找到模型类Common\Model\SubjectsModel
NOTIC: D方法实例化没找到模型类Common\Model\ChapterModel
NOTIC: D方法实例化没找到模型类Common\Model\AnswerModel

[ 2017-04-27T22:20:15+08:00 ] 127.0.0.1 /index.php?g=Admin&m=Question&a=itembankadd
NOTIC: D方法实例化没找到模型类Common\Model\SubjectsModel
NOTIC: D方法实例化没找到模型类Common\Model\ChapterModel
NOTIC: D方法实例化没找到模型类Common\Model\AnswerModel

[ 2017-04-27T22:20:16+08:00 ] 127.0.0.1 /index.php?g=Admin&m=Question&a=mater
NOTIC: D方法实例化没找到模型类Common\Model\SubjectsModel
NOTIC: D方法实例化没找到模型类Common\Model\ChapterModel
NOTIC: D方法实例化没找到模型类Common\Model\AnswerModel

[ 2017-04-27T22:22:02+08:00 ] 127.0.0.1 /index.php?g=Admin&m=public&a=dologin
INFO: [ app_begin ] --START--
INFO: Run Behavior\ReadHtmlCacheBehavior [ RunTime:0.000382s ]
INFO: Run Behavior\CheckLangBehavior [ RunTime:0.001158s ]
INFO: Run Common\Behavior\UrldecodeGetBehavior [ RunTime:0.000444s ]
INFO: [ app_begin ] --END-- [ RunTime:0.002461s ]
INFO: [ admin_begin ] --START--
INFO: Run Common\Behavior\AdminDefaultLangBehavior [ RunTime:0.001419s ]
INFO: [ admin_begin ] --END-- [ RunTime:0.001492s ]
SQL: SHOW COLUMNS FROM `cmf_users` [ RunTime:0.0007s ]
SQL: SELECT * FROM `cmf_users` WHERE `user_login` = 'admin' LIMIT 1   [ RunTime:0.0003s ]
SQL: SHOW COLUMNS FROM `cmf_role_user` [ RunTime:0.0007s ]
SQL: SELECT `role_id` FROM cmf_role_user a INNER JOIN cmf_role as b on a.role_id =b.id  WHERE `user_id` = '1' AND `status` = 1  [ RunTime:0.0004s ]
SQL: UPDATE `cmf_users` SET `user_login`='admin',`user_pass`='###e9a6a1b2c468c852c57c0d86674e1f9b',`user_nicename`='admin',`user_email`='1348779449@qq.com',`user_url`='',`avatar`=NULL,`sex`='0',`birthday`='2000-01-01',`signature`=NULL,`last_login_ip`='127.0.0.1',`last_login_time`='2017-04-27 22:22:02',`create_time`='2017-04-17 01:37:17',`user_activation_key`='',`user_status`='1',`score`='0',`user_type`='1',`coin`='0',`mobile`='' WHERE `id` = '1' [ RunTime:0.0003s ]

[ 2017-04-27T22:22:15+08:00 ] 127.0.0.1 /index.php?g=Admin&m=Question&a=itembank
NOTIC: D方法实例化没找到模型类Common\Model\SubjectsModel
NOTIC: D方法实例化没找到模型类Common\Model\ChapterModel
NOTIC: D方法实例化没找到模型类Common\Model\AnswerModel

[ 2017-04-27T22:22:23+08:00 ] 127.0.0.1 /index.php?g=Admin&m=Question&a=itembankadd
NOTIC: D方法实例化没找到模型类Common\Model\SubjectsModel
NOTIC: D方法实例化没找到模型类Common\Model\ChapterModel
NOTIC: D方法实例化没找到模型类Common\Model\AnswerModel

[ 2017-04-27T22:22:26+08:00 ] 127.0.0.1 /index.php?g=Admin&m=Question&a=mater
NOTIC: D方法实例化没找到模型类Common\Model\SubjectsModel
NOTIC: D方法实例化没找到模型类Common\Model\ChapterModel
NOTIC: D方法实例化没找到模型类Common\Model\AnswerModel

[ 2017-04-27T22:27:08+08:00 ] 127.0.0.1 /index.php?g=Admin&m=Question&a=itembank
NOTIC: D方法实例化没找到模型类Common\Model\SubjectsModel
NOTIC: D方法实例化没找到模型类Common\Model\ChapterModel
NOTIC: D方法实例化没找到模型类Common\Model\AnswerModel

[ 2017-04-27T22:27:09+08:00 ] 127.0.0.1 /index.php?g=Admin&m=Question&a=itembankadd
NOTIC: D方法实例化没找到模型类Common\Model\SubjectsModel
NOTIC: D方法实例化没找到模型类Common\Model\ChapterModel
NOTIC: D方法实例化没找到模型类Common\Model\AnswerModel

[ 2017-04-27T22:27:12+08:00 ] 127.0.0.1 /index.php?g=Admin&m=Question&a=mater
NOTIC: D方法实例化没找到模型类Common\Model\SubjectsModel
NOTIC: D方法实例化没找到模型类Common\Model\ChapterModel
NOTIC: D方法实例化没找到模型类Common\Model\AnswerModel

[ 2017-04-27T22:29:11+08:00 ] 127.0.0.1 /index.php?g=Admin&m=Question&a=itembank
NOTIC: D方法实例化没找到模型类Common\Model\SubjectsModel
NOTIC: D方法实例化没找到模型类Common\Model\ChapterModel
NOTIC: D方法实例化没找到模型类Common\Model\AnswerModel

[ 2017-04-27T22:29:13+08:00 ] 127.0.0.1 /index.php?g=Admin&m=Question&a=itembankadd
NOTIC: D方法实例化没找到模型类Common\Model\SubjectsModel
NOTIC: D方法实例化没找到模型类Common\Model\ChapterModel
NOTIC: D方法实例化没找到模型类Common\Model\AnswerModel

[ 2017-04-27T22:29:14+08:00 ] 127.0.0.1 /index.php?g=Admin&m=Question&a=mater
NOTIC: D方法实例化没找到模型类Common\Model\SubjectsModel
NOTIC: D方法实例化没找到模型类Common\Model\ChapterModel
NOTIC: D方法实例化没找到模型类Common\Model\AnswerModel

[ 2017-04-27T22:30:22+08:00 ] 127.0.0.1 /index.php?g=Admin&m=Question&a=itembank
NOTIC: D方法实例化没找到模型类Common\Model\SubjectsModel
NOTIC: D方法实例化没找到模型类Common\Model\ChapterModel
NOTIC: D方法实例化没找到模型类Common\Model\AnswerModel

[ 2017-04-27T22:30:23+08:00 ] 127.0.0.1 /index.php?g=Admin&m=Question&a=itembankadd
NOTIC: D方法实例化没找到模型类Common\Model\SubjectsModel
NOTIC: D方法实例化没找到模型类Common\Model\ChapterModel
NOTIC: D方法实例化没找到模型类Common\Model\AnswerModel

[ 2017-04-27T22:30:24+08:00 ] 127.0.0.1 /index.php?g=Admin&m=Question&a=mater
NOTIC: D方法实例化没找到模型类Common\Model\SubjectsModel
NOTIC: D方法实例化没找到模型类Common\Model\ChapterModel
NOTIC: D方法实例化没找到模型类Common\Model\AnswerModel

[ 2017-04-27T22:32:08+08:00 ] 127.0.0.1 /index.php?g=Admin&m=Question&a=itembank
NOTIC: D方法实例化没找到模型类Common\Model\SubjectsModel
NOTIC: D方法实例化没找到模型类Common\Model\ChapterModel
NOTIC: D方法实例化没找到模型类Common\Model\AnswerModel

[ 2017-04-27T22:32:09+08:00 ] 127.0.0.1 /index.php?g=Admin&m=Question&a=itembankadd
NOTIC: D方法实例化没找到模型类Common\Model\SubjectsModel
NOTIC: D方法实例化没找到模型类Common\Model\ChapterModel
NOTIC: D方法实例化没找到模型类Common\Model\AnswerModel

[ 2017-04-27T22:32:10+08:00 ] 127.0.0.1 /index.php?g=Admin&m=Question&a=mater
NOTIC: D方法实例化没找到模型类Common\Model\SubjectsModel
NOTIC: D方法实例化没找到模型类Common\Model\ChapterModel
NOTIC: D方法实例化没找到模型类Common\Model\AnswerModel

[ 2017-04-27T22:33:05+08:00 ] 127.0.0.1 /index.php?g=Admin&m=Question&a=itembank
NOTIC: D方法实例化没找到模型类Common\Model\SubjectsModel
NOTIC: D方法实例化没找到模型类Common\Model\ChapterModel
NOTIC: D方法实例化没找到模型类Common\Model\AnswerModel

[ 2017-04-27T22:33:06+08:00 ] 127.0.0.1 /index.php?g=Admin&m=Question&a=itembankadd
NOTIC: D方法实例化没找到模型类Common\Model\SubjectsModel
NOTIC: D方法实例化没找到模型类Common\Model\ChapterModel
NOTIC: D方法实例化没找到模型类Common\Model\AnswerModel

[ 2017-04-27T22:33:08+08:00 ] 127.0.0.1 /index.php?g=Admin&m=Question&a=mater
NOTIC: D方法实例化没找到模型类Common\Model\SubjectsModel
NOTIC: D方法实例化没找到模型类Common\Model\ChapterModel
NOTIC: D方法实例化没找到模型类Common\Model\AnswerModel

[ 2017-04-27T22:34:11+08:00 ] 127.0.0.1 /index.php?g=Admin&m=Question&a=itembank
NOTIC: D方法实例化没找到模型类Common\Model\SubjectsModel
NOTIC: D方法实例化没找到模型类Common\Model\ChapterModel
NOTIC: D方法实例化没找到模型类Common\Model\AnswerModel

[ 2017-04-27T22:34:12+08:00 ] 127.0.0.1 /index.php?g=Admin&m=Question&a=itembankadd
NOTIC: D方法实例化没找到模型类Common\Model\SubjectsModel
NOTIC: D方法实例化没找到模型类Common\Model\ChapterModel
NOTIC: D方法实例化没找到模型类Common\Model\AnswerModel

[ 2017-04-27T22:34:12+08:00 ] 127.0.0.1 /index.php?g=Admin&m=Question&a=mater
NOTIC: D方法实例化没找到模型类Common\Model\SubjectsModel
NOTIC: D方法实例化没找到模型类Common\Model\ChapterModel
NOTIC: D方法实例化没找到模型类Common\Model\AnswerModel

[ 2017-04-27T22:34:50+08:00 ] 127.0.0.1 /index.php?g=Admin&m=Question&a=itembank
NOTIC: D方法实例化没找到模型类Common\Model\SubjectsModel
NOTIC: D方法实例化没找到模型类Common\Model\ChapterModel
NOTIC: D方法实例化没找到模型类Common\Model\AnswerModel

[ 2017-04-27T22:34:50+08:00 ] 127.0.0.1 /index.php?g=Admin&m=Question&a=itembankadd
NOTIC: D方法实例化没找到模型类Common\Model\SubjectsModel
NOTIC: D方法实例化没找到模型类Common\Model\ChapterModel
NOTIC: D方法实例化没找到模型类Common\Model\AnswerModel

[ 2017-04-27T22:34:51+08:00 ] 127.0.0.1 /index.php?g=Admin&m=Question&a=mater
NOTIC: D方法实例化没找到模型类Common\Model\SubjectsModel
NOTIC: D方法实例化没找到模型类Common\Model\ChapterModel
NOTIC: D方法实例化没找到模型类Common\Model\AnswerModel

[ 2017-04-27T23:20:07+08:00 ] 127.0.0.1 /index.php?g=Admin&m=Question&a=itembank
NOTIC: D方法实例化没找到模型类Common\Model\SubjectsModel
NOTIC: D方法实例化没找到模型类Common\Model\ChapterModel
NOTIC: D方法实例化没找到模型类Common\Model\AnswerModel

[ 2017-04-27T23:20:08+08:00 ] 127.0.0.1 /index.php?g=Admin&m=Question&a=itembankadd
NOTIC: D方法实例化没找到模型类Common\Model\SubjectsModel
NOTIC: D方法实例化没找到模型类Common\Model\ChapterModel
NOTIC: D方法实例化没找到模型类Common\Model\AnswerModel

[ 2017-04-27T23:20:10+08:00 ] 127.0.0.1 /index.php?g=Admin&m=Question&a=mater
NOTIC: D方法实例化没找到模型类Common\Model\SubjectsModel
NOTIC: D方法实例化没找到模型类Common\Model\ChapterModel
NOTIC: D方法实例化没找到模型类Common\Model\AnswerModel

[ 2017-04-27T23:20:17+08:00 ] 127.0.0.1 /index.php?g=Admin&m=Question&a=itembank
NOTIC: D方法实例化没找到模型类Common\Model\SubjectsModel
NOTIC: D方法实例化没找到模型类Common\Model\ChapterModel
NOTIC: D方法实例化没找到模型类Common\Model\AnswerModel

[ 2017-04-27T23:20:18+08:00 ] 127.0.0.1 /index.php?g=Admin&m=Question&a=itembankadd
NOTIC: D方法实例化没找到模型类Common\Model\SubjectsModel
NOTIC: D方法实例化没找到模型类Common\Model\ChapterModel
NOTIC: D方法实例化没找到模型类Common\Model\AnswerModel

[ 2017-04-27T23:20:19+08:00 ] 127.0.0.1 /index.php?g=Admin&m=Question&a=mater
NOTIC: D方法实例化没找到模型类Common\Model\SubjectsModel
NOTIC: D方法实例化没找到模型类Common\Model\ChapterModel
NOTIC: D方法实例化没找到模型类Common\Model\AnswerModel

[ 2017-04-27T23:20:25+08:00 ] 127.0.0.1 /index.php?g=Admin&m=Question&a=itembank
NOTIC: D方法实例化没找到模型类Common\Model\SubjectsModel
NOTIC: D方法实例化没找到模型类Common\Model\ChapterModel
NOTIC: D方法实例化没找到模型类Common\Model\AnswerModel

[ 2017-04-27T23:20:27+08:00 ] 127.0.0.1 /index.php?g=Admin&m=Question&a=itembankadd
NOTIC: D方法实例化没找到模型类Common\Model\SubjectsModel
NOTIC: D方法实例化没找到模型类Common\Model\ChapterModel
NOTIC: D方法实例化没找到模型类Common\Model\AnswerModel

[ 2017-04-27T23:20:28+08:00 ] 127.0.0.1 /index.php?g=Admin&m=Question&a=mater
NOTIC: D方法实例化没找到模型类Common\Model\SubjectsModel
NOTIC: D方法实例化没找到模型类Common\Model\ChapterModel
NOTIC: D方法实例化没找到模型类Common\Model\AnswerModel

[ 2017-04-27T23:20:53+08:00 ] 127.0.0.1 /index.php?g=Admin&m=Question&a=itembank
NOTIC: D方法实例化没找到模型类Common\Model\SubjectsModel
NOTIC: D方法实例化没找到模型类Common\Model\ChapterModel
NOTIC: D方法实例化没找到模型类Common\Model\AnswerModel

[ 2017-04-27T23:20:54+08:00 ] 127.0.0.1 /index.php?g=Admin&m=Question&a=itembankadd
NOTIC: D方法实例化没找到模型类Common\Model\SubjectsModel
NOTIC: D方法实例化没找到模型类Common\Model\ChapterModel
NOTIC: D方法实例化没找到模型类Common\Model\AnswerModel

[ 2017-04-27T23:20:56+08:00 ] 127.0.0.1 /index.php?g=Admin&m=Question&a=mater
NOTIC: D方法实例化没找到模型类Common\Model\SubjectsModel
NOTIC: D方法实例化没找到模型类Common\Model\ChapterModel
NOTIC: D方法实例化没找到模型类Common\Model\AnswerModel

[ 2017-04-27T23:22:09+08:00 ] 127.0.0.1 /index.php?g=Admin&m=Question&a=materadd_post
NOTIC: D方法实例化没找到模型类Common\Model\SubjectsModel
NOTIC: D方法实例化没找到模型类Common\Model\ChapterModel
NOTIC: D方法实例化没找到模型类Common\Model\AnswerModel

[ 2017-04-27T23:25:03+08:00 ] 127.0.0.1 /index.php?g=Admin&m=Question&a=itembank
NOTIC: D方法实例化没找到模型类Common\Model\SubjectsModel
NOTIC: D方法实例化没找到模型类Common\Model\ChapterModel
NOTIC: D方法实例化没找到模型类Common\Model\AnswerModel

[ 2017-04-27T23:25:04+08:00 ] 127.0.0.1 /index.php?g=Admin&m=Question&a=itembankadd
NOTIC: D方法实例化没找到模型类Common\Model\SubjectsModel
NOTIC: D方法实例化没找到模型类Common\Model\ChapterModel
NOTIC: D方法实例化没找到模型类Common\Model\AnswerModel

[ 2017-04-27T23:25:05+08:00 ] 127.0.0.1 /index.php?g=Admin&m=Question&a=mater
NOTIC: D方法实例化没找到模型类Common\Model\SubjectsModel
NOTIC: D方法实例化没找到模型类Common\Model\ChapterModel
NOTIC: D方法实例化没找到模型类Common\Model\AnswerModel

[ 2017-04-27T23:25:56+08:00 ] 127.0.0.1 /index.php?g=Admin&m=Question&a=materadd_post
NOTIC: D方法实例化没找到模型类Common\Model\SubjectsModel
NOTIC: D方法实例化没找到模型类Common\Model\ChapterModel
NOTIC: D方法实例化没找到模型类Common\Model\AnswerModel

[ 2017-04-27T23:42:41+08:00 ] 127.0.0.1 /index.php?g=Admin&m=Question&a=itembank
NOTIC: D方法实例化没找到模型类Common\Model\SubjectsModel
NOTIC: D方法实例化没找到模型类Common\Model\ChapterModel
NOTIC: D方法实例化没找到模型类Common\Model\AnswerModel

[ 2017-04-27T23:42:43+08:00 ] 127.0.0.1 /index.php?g=Admin&m=Question&a=itembankadd
NOTIC: D方法实例化没找到模型类Common\Model\SubjectsModel
NOTIC: D方法实例化没找到模型类Common\Model\ChapterModel
NOTIC: D方法实例化没找到模型类Common\Model\AnswerModel

[ 2017-04-27T23:42:44+08:00 ] 127.0.0.1 /index.php?g=Admin&m=Question&a=mater
NOTIC: D方法实例化没找到模型类Common\Model\SubjectsModel
NOTIC: D方法实例化没找到模型类Common\Model\ChapterModel
NOTIC: D方法实例化没找到模型类Common\Model\AnswerModel

[ 2017-04-27T23:43:26+08:00 ] 127.0.0.1 /index.php?g=Admin&m=Question&a=materadd_post
NOTIC: D方法实例化没找到模型类Common\Model\SubjectsModel
NOTIC: D方法实例化没找到模型类Common\Model\ChapterModel
NOTIC: D方法实例化没找到模型类Common\Model\AnswerModel

[ 2017-04-27T23:45:52+08:00 ] 127.0.0.1 /index.php?g=Admin&m=Question&a=materadd_post
ERR: syntax error, unexpected '{', expecting '('

[ 2017-04-27T23:46:23+08:00 ] 127.0.0.1 /index.php?g=Admin&m=Question&a=materadd_post
NOTIC: D方法实例化没找到模型类Common\Model\SubjectsModel
NOTIC: D方法实例化没找到模型类Common\Model\ChapterModel
NOTIC: D方法实例化没找到模型类Common\Model\AnswerModel
ERR: 1364:Field 'te_type' doesn't have a default value
 [ SQL语句 ] : INSERT INTO `cmf_itembank` (`itime`) VALUES ('1493307983')

[ 2017-04-27T23:46:58+08:00 ] 127.0.0.1 /index.php?g=Admin&m=Question&a=materadd_post
ERR: syntax error, unexpected end of file, expecting function (T_FUNCTION)

[ 2017-04-27T23:47:20+08:00 ] 127.0.0.1 /index.php?g=Admin&m=Question&a=materadd_post
NOTIC: D方法实例化没找到模型类Common\Model\SubjectsModel
NOTIC: D方法实例化没找到模型类Common\Model\ChapterModel
NOTIC: D方法实例化没找到模型类Common\Model\AnswerModel

[ 2017-04-27T23:48:01+08:00 ] 127.0.0.1 /index.php?g=Admin&m=Question&a=materadd_post
NOTIC: D方法实例化没找到模型类Common\Model\SubjectsModel
NOTIC: D方法实例化没找到模型类Common\Model\ChapterModel
NOTIC: D方法实例化没找到模型类Common\Model\AnswerModel

[ 2017-04-27T23:48:29+08:00 ] 127.0.0.1 /index.php?g=Admin&m=Question&a=materadd_post
NOTIC: D方法实例化没找到模型类Common\Model\SubjectsModel
NOTIC: D方法实例化没找到模型类Common\Model\ChapterModel
NOTIC: D方法实例化没找到模型类Common\Model\AnswerModel

[ 2017-04-27T23:49:57+08:00 ] 127.0.0.1 /index.php?g=Admin&m=Question&a=materadd_post
NOTIC: D方法实例化没找到模型类Common\Model\SubjectsModel
NOTIC: D方法实例化没找到模型类Common\Model\ChapterModel
NOTIC: D方法实例化没找到模型类Common\Model\AnswerModel

[ 2017-04-27T23:50:12+08:00 ] 127.0.0.1 /index.php?g=Admin&m=Question&a=materadd_post
NOTIC: D方法实例化没找到模型类Common\Model\SubjectsModel
NOTIC: D方法实例化没找到模型类Common\Model\ChapterModel
NOTIC: D方法实例化没找到模型类Common\Model\AnswerModel

[ 2017-04-27T23:51:46+08:00 ] 127.0.0.1 /index.php?g=Admin&m=Question&a=materadd_post
NOTIC: D方法实例化没找到模型类Common\Model\SubjectsModel
NOTIC: D方法实例化没找到模型类Common\Model\ChapterModel
NOTIC: D方法实例化没找到模型类Common\Model\AnswerModel

[ 2017-04-27T23:56:39+08:00 ] 127.0.0.1 /index.php?g=Admin&m=Question&a=materadd_post
NOTIC: D方法实例化没找到模型类Common\Model\SubjectsModel
NOTIC: D方法实例化没找到模型类Common\Model\ChapterModel
NOTIC: D方法实例化没找到模型类Common\Model\AnswerModel

[ 2017-04-27T23:57:52+08:00 ] 127.0.0.1 /index.php?g=Admin&m=Question&a=materadd_post
NOTIC: D方法实例化没找到模型类Common\Model\SubjectsModel
NOTIC: D方法实例化没找到模型类Common\Model\ChapterModel
NOTIC: D方法实例化没找到模型类Common\Model\AnswerModel

[ 2017-04-27T23:57:57+08:00 ] 127.0.0.1 /index.php?g=Admin&m=Question&a=materadd_post
NOTIC: D方法实例化没找到模型类Common\Model\SubjectsModel
NOTIC: D方法实例化没找到模型类Common\Model\ChapterModel
NOTIC: D方法实例化没找到模型类Common\Model\AnswerModel

[ 2017-04-27T23:58:23+08:00 ] 127.0.0.1 /index.php?g=Admin&m=Question&a=materadd_post
NOTIC: D方法实例化没找到模型类Common\Model\SubjectsModel
NOTIC: D方法实例化没找到模型类Common\Model\ChapterModel
NOTIC: D方法实例化没找到模型类Common\Model\AnswerModel

[ 2017-04-27T23:58:33+08:00 ] 127.0.0.1 /index.php?g=Admin&m=Question&a=materadd_post
NOTIC: D方法实例化没找到模型类Common\Model\SubjectsModel
NOTIC: D方法实例化没找到模型类Common\Model\ChapterModel
NOTIC: D方法实例化没找到模型类Common\Model\AnswerModel

[ 2017-04-27T23:58:55+08:00 ] 127.0.0.1 /index.php?g=Admin&m=Question&a=materadd_post
NOTIC: D方法实例化没找到模型类Common\Model\SubjectsModel
NOTIC: D方法实例化没找到模型类Common\Model\ChapterModel
NOTIC: D方法实例化没找到模型类Common\Model\AnswerModel

[ 2017-04-27T23:59:20+08:00 ] 127.0.0.1 /index.php?g=Admin&m=Question&a=materadd_post
NOTIC: D方法实例化没找到模型类Common\Model\SubjectsModel
NOTIC: D方法实例化没找到模型类Common\Model\ChapterModel
NOTIC: D方法实例化没找到模型类Common\Model\AnswerModel

