[ 2017-06-14T10:48:22+08:00 ] 220.194.42.178 /junwei/index.php?g=houtai&m=itembank&a=kzjk&callback=successCallback&_=1497408503632
INFO: [ app_begin ] --START--
INFO: Run Behavior\ReadHtmlCacheBehavior [ RunTime:0.000020s ]
INFO: Run Behavior\CheckLangBehavior [ RunTime:0.000085s ]
INFO: Run Common\Behavior\UrldecodeGetBehavior [ RunTime:0.000035s ]
INFO: [ app_begin ] --END-- [ RunTime:0.000184s ]
SQL: SHOW COLUMNS FROM `cmf_subjects` [ RunTime:0.0011s ]
SQL: SHOW COLUMNS FROM `cmf_chapter` [ RunTime:0.0007s ]
SQL: SELECT `sid`,`stitle` FROM `cmf_subjects` ORDER BY sid asc  [ RunTime:0.0006s ]
SQL: SELECT `cid`,`ctitle` FROM `cmf_chapter` WHERE ( sid='7' ) ORDER BY cid asc  [ RunTime:0.0006s ]
SQL: SELECT `cid`,`ctitle` FROM `cmf_chapter` WHERE ( sid='8' ) ORDER BY cid asc  [ RunTime:0.0006s ]
SQL: SELECT `cid`,`ctitle` FROM `cmf_chapter` WHERE ( sid='9' ) ORDER BY cid asc  [ RunTime:0.0006s ]
SQL: SELECT `cid`,`ctitle` FROM `cmf_chapter` WHERE ( sid='10' ) ORDER BY cid asc  [ RunTime:0.0005s ]
SQL: SELECT `cid`,`ctitle` FROM `cmf_chapter` WHERE ( sid='11' ) ORDER BY cid asc  [ RunTime:0.0005s ]
SQL: SELECT `cid`,`ctitle` FROM `cmf_chapter` WHERE ( sid='12' ) ORDER BY cid asc  [ RunTime:0.0005s ]
SQL: SELECT `cid`,`ctitle` FROM `cmf_chapter` WHERE ( sid='13' ) ORDER BY cid asc  [ RunTime:0.0006s ]
SQL: SELECT `cid`,`ctitle` FROM `cmf_chapter` WHERE ( sid='14' ) ORDER BY cid asc  [ RunTime:0.0005s ]
SQL: SELECT `cid`,`ctitle` FROM `cmf_chapter` WHERE ( sid='15' ) ORDER BY cid asc  [ RunTime:0.0006s ]
SQL: SELECT `cid`,`ctitle` FROM `cmf_chapter` WHERE ( sid='16' ) ORDER BY cid asc  [ RunTime:0.0006s ]
SQL: SELECT `cid`,`ctitle` FROM `cmf_chapter` WHERE ( sid='18' ) ORDER BY cid asc  [ RunTime:0.0006s ]
SQL: SELECT `cid`,`ctitle` FROM `cmf_chapter` WHERE ( sid='19' ) ORDER BY cid asc  [ RunTime:0.0006s ]
SQL: SELECT `cid`,`ctitle` FROM `cmf_chapter` WHERE ( sid='21' ) ORDER BY cid asc  [ RunTime:0.0006s ]
SQL: SELECT `cid`,`ctitle` FROM `cmf_chapter` WHERE ( sid='22' ) ORDER BY cid asc  [ RunTime:0.0006s ]
SQL: SELECT `cid`,`ctitle` FROM `cmf_chapter` WHERE ( sid='23' ) ORDER BY cid asc  [ RunTime:0.0006s ]

[ 2017-06-14T10:48:30+08:00 ] 220.194.42.178 /junwei/index.php?g=houtai&m=itembank&a=kzjk&callback=successCallback&_=1497408512488
INFO: [ app_begin ] --START--
INFO: Run Behavior\ReadHtmlCacheBehavior [ RunTime:0.000015s ]
INFO: Run Behavior\CheckLangBehavior [ RunTime:0.000059s ]
INFO: Run Common\Behavior\UrldecodeGetBehavior [ RunTime:0.000020s ]
INFO: [ app_begin ] --END-- [ RunTime:0.000126s ]
SQL: SHOW COLUMNS FROM `cmf_subjects` [ RunTime:0.0007s ]
SQL: SHOW COLUMNS FROM `cmf_chapter` [ RunTime:0.0006s ]
SQL: SELECT `sid`,`stitle` FROM `cmf_subjects` ORDER BY sid asc  [ RunTime:0.0004s ]
SQL: SELECT `cid`,`ctitle` FROM `cmf_chapter` WHERE ( sid='7' ) ORDER BY cid asc  [ RunTime:0.0005s ]
SQL: SELECT `cid`,`ctitle` FROM `cmf_chapter` WHERE ( sid='8' ) ORDER BY cid asc  [ RunTime:0.0005s ]
SQL: SELECT `cid`,`ctitle` FROM `cmf_chapter` WHERE ( sid='9' ) ORDER BY cid asc  [ RunTime:0.0005s ]
SQL: SELECT `cid`,`ctitle` FROM `cmf_chapter` WHERE ( sid='10' ) ORDER BY cid asc  [ RunTime:0.0004s ]
SQL: SELECT `cid`,`ctitle` FROM `cmf_chapter` WHERE ( sid='11' ) ORDER BY cid asc  [ RunTime:0.0005s ]
SQL: SELECT `cid`,`ctitle` FROM `cmf_chapter` WHERE ( sid='12' ) ORDER BY cid asc  [ RunTime:0.0004s ]
SQL: SELECT `cid`,`ctitle` FROM `cmf_chapter` WHERE ( sid='13' ) ORDER BY cid asc  [ RunTime:0.0004s ]
SQL: SELECT `cid`,`ctitle` FROM `cmf_chapter` WHERE ( sid='14' ) ORDER BY cid asc  [ RunTime:0.0004s ]
SQL: SELECT `cid`,`ctitle` FROM `cmf_chapter` WHERE ( sid='15' ) ORDER BY cid asc  [ RunTime:0.0005s ]
SQL: SELECT `cid`,`ctitle` FROM `cmf_chapter` WHERE ( sid='16' ) ORDER BY cid asc  [ RunTime:0.0005s ]
SQL: SELECT `cid`,`ctitle` FROM `cmf_chapter` WHERE ( sid='18' ) ORDER BY cid asc  [ RunTime:0.0005s ]
SQL: SELECT `cid`,`ctitle` FROM `cmf_chapter` WHERE ( sid='19' ) ORDER BY cid asc  [ RunTime:0.0006s ]
SQL: SELECT `cid`,`ctitle` FROM `cmf_chapter` WHERE ( sid='21' ) ORDER BY cid asc  [ RunTime:0.0004s ]
SQL: SELECT `cid`,`ctitle` FROM `cmf_chapter` WHERE ( sid='22' ) ORDER BY cid asc  [ RunTime:0.0005s ]
SQL: SELECT `cid`,`ctitle` FROM `cmf_chapter` WHERE ( sid='23' ) ORDER BY cid asc  [ RunTime:0.0005s ]

[ 2017-06-14T10:48:36+08:00 ] 220.194.42.178 /junwei/index.php?g=houtai&m=itembank&a=kzjk&callback=successCallback&_=1497408518200
INFO: [ app_begin ] --START--
INFO: Run Behavior\ReadHtmlCacheBehavior [ RunTime:0.000016s ]
INFO: Run Behavior\CheckLangBehavior [ RunTime:0.000048s ]
INFO: Run Common\Behavior\UrldecodeGetBehavior [ RunTime:0.000029s ]
INFO: [ app_begin ] --END-- [ RunTime:0.000130s ]
SQL: SHOW COLUMNS FROM `cmf_subjects` [ RunTime:0.0008s ]
SQL: SHOW COLUMNS FROM `cmf_chapter` [ RunTime:0.0006s ]
SQL: SELECT `sid`,`stitle` FROM `cmf_subjects` ORDER BY sid asc  [ RunTime:0.0005s ]
SQL: SELECT `cid`,`ctitle` FROM `cmf_chapter` WHERE ( sid='7' ) ORDER BY cid asc  [ RunTime:0.0005s ]
SQL: SELECT `cid`,`ctitle` FROM `cmf_chapter` WHERE ( sid='8' ) ORDER BY cid asc  [ RunTime:0.0005s ]
SQL: SELECT `cid`,`ctitle` FROM `cmf_chapter` WHERE ( sid='9' ) ORDER BY cid asc  [ RunTime:0.0004s ]
SQL: SELECT `cid`,`ctitle` FROM `cmf_chapter` WHERE ( sid='10' ) ORDER BY cid asc  [ RunTime:0.0005s ]
SQL: SELECT `cid`,`ctitle` FROM `cmf_chapter` WHERE ( sid='11' ) ORDER BY cid asc  [ RunTime:0.0005s ]
SQL: SELECT `cid`,`ctitle` FROM `cmf_chapter` WHERE ( sid='12' ) ORDER BY cid asc  [ RunTime:0.0005s ]
SQL: SELECT `cid`,`ctitle` FROM `cmf_chapter` WHERE ( sid='13' ) ORDER BY cid asc  [ RunTime:0.0005s ]
SQL: SELECT `cid`,`ctitle` FROM `cmf_chapter` WHERE ( sid='14' ) ORDER BY cid asc  [ RunTime:0.0005s ]
SQL: SELECT `cid`,`ctitle` FROM `cmf_chapter` WHERE ( sid='15' ) ORDER BY cid asc  [ RunTime:0.0005s ]
SQL: SELECT `cid`,`ctitle` FROM `cmf_chapter` WHERE ( sid='16' ) ORDER BY cid asc  [ RunTime:0.0005s ]
SQL: SELECT `cid`,`ctitle` FROM `cmf_chapter` WHERE ( sid='18' ) ORDER BY cid asc  [ RunTime:0.0005s ]
SQL: SELECT `cid`,`ctitle` FROM `cmf_chapter` WHERE ( sid='19' ) ORDER BY cid asc  [ RunTime:0.0005s ]
SQL: SELECT `cid`,`ctitle` FROM `cmf_chapter` WHERE ( sid='21' ) ORDER BY cid asc  [ RunTime:0.0005s ]
SQL: SELECT `cid`,`ctitle` FROM `cmf_chapter` WHERE ( sid='22' ) ORDER BY cid asc  [ RunTime:0.0005s ]
SQL: SELECT `cid`,`ctitle` FROM `cmf_chapter` WHERE ( sid='23' ) ORDER BY cid asc  [ RunTime:0.0005s ]

[ 2017-06-14T10:48:52+08:00 ] 220.194.42.178 /junwei/index.php?g=houtai&m=itembank&a=kzjk&callback=successCallback&_=1497408534459
INFO: [ app_begin ] --START--
INFO: Run Behavior\ReadHtmlCacheBehavior [ RunTime:0.000018s ]
INFO: Run Behavior\CheckLangBehavior [ RunTime:0.000050s ]
INFO: Run Common\Behavior\UrldecodeGetBehavior [ RunTime:0.000030s ]
INFO: [ app_begin ] --END-- [ RunTime:0.000131s ]
SQL: SHOW COLUMNS FROM `cmf_subjects` [ RunTime:0.0008s ]
SQL: SHOW COLUMNS FROM `cmf_chapter` [ RunTime:0.0007s ]
SQL: SELECT `sid`,`stitle` FROM `cmf_subjects` ORDER BY sid asc  [ RunTime:0.0005s ]
SQL: SELECT `cid`,`ctitle` FROM `cmf_chapter` WHERE ( sid='7' ) ORDER BY cid asc  [ RunTime:0.0006s ]
SQL: SELECT `cid`,`ctitle` FROM `cmf_chapter` WHERE ( sid='8' ) ORDER BY cid asc  [ RunTime:0.0005s ]
SQL: SELECT `cid`,`ctitle` FROM `cmf_chapter` WHERE ( sid='9' ) ORDER BY cid asc  [ RunTime:0.0005s ]
SQL: SELECT `cid`,`ctitle` FROM `cmf_chapter` WHERE ( sid='10' ) ORDER BY cid asc  [ RunTime:0.0005s ]
SQL: SELECT `cid`,`ctitle` FROM `cmf_chapter` WHERE ( sid='11' ) ORDER BY cid asc  [ RunTime:0.0005s ]
SQL: SELECT `cid`,`ctitle` FROM `cmf_chapter` WHERE ( sid='12' ) ORDER BY cid asc  [ RunTime:0.0007s ]
SQL: SELECT `cid`,`ctitle` FROM `cmf_chapter` WHERE ( sid='13' ) ORDER BY cid asc  [ RunTime:0.0005s ]
SQL: SELECT `cid`,`ctitle` FROM `cmf_chapter` WHERE ( sid='14' ) ORDER BY cid asc  [ RunTime:0.0005s ]
SQL: SELECT `cid`,`ctitle` FROM `cmf_chapter` WHERE ( sid='15' ) ORDER BY cid asc  [ RunTime:0.0005s ]
SQL: SELECT `cid`,`ctitle` FROM `cmf_chapter` WHERE ( sid='16' ) ORDER BY cid asc  [ RunTime:0.0011s ]
SQL: SELECT `cid`,`ctitle` FROM `cmf_chapter` WHERE ( sid='18' ) ORDER BY cid asc  [ RunTime:0.0005s ]
SQL: SELECT `cid`,`ctitle` FROM `cmf_chapter` WHERE ( sid='19' ) ORDER BY cid asc  [ RunTime:0.0007s ]
SQL: SELECT `cid`,`ctitle` FROM `cmf_chapter` WHERE ( sid='21' ) ORDER BY cid asc  [ RunTime:0.0005s ]
SQL: SELECT `cid`,`ctitle` FROM `cmf_chapter` WHERE ( sid='22' ) ORDER BY cid asc  [ RunTime:0.0005s ]
SQL: SELECT `cid`,`ctitle` FROM `cmf_chapter` WHERE ( sid='23' ) ORDER BY cid asc  [ RunTime:0.0006s ]

[ 2017-06-14T14:10:31+08:00 ] 115.33.48.151 /junwei/index.php?g=houtai&m=itembank&a=kzjk&callback=successCallback&_=1497420762339
INFO: [ app_begin ] --START--
INFO: Run Behavior\ReadHtmlCacheBehavior [ RunTime:0.000017s ]
INFO: Run Behavior\CheckLangBehavior [ RunTime:0.000050s ]
INFO: Run Common\Behavior\UrldecodeGetBehavior [ RunTime:0.000021s ]
INFO: [ app_begin ] --END-- [ RunTime:0.000122s ]
SQL: SHOW COLUMNS FROM `cmf_subjects` [ RunTime:0.0009s ]
SQL: SHOW COLUMNS FROM `cmf_chapter` [ RunTime:0.0011s ]
SQL: SELECT `sid`,`stitle` FROM `cmf_subjects` ORDER BY sid asc  [ RunTime:0.0005s ]
SQL: SELECT `cid`,`ctitle` FROM `cmf_chapter` WHERE ( sid='7' ) ORDER BY cid asc  [ RunTime:0.0006s ]
SQL: SELECT `cid`,`ctitle` FROM `cmf_chapter` WHERE ( sid='8' ) ORDER BY cid asc  [ RunTime:0.0008s ]
SQL: SELECT `cid`,`ctitle` FROM `cmf_chapter` WHERE ( sid='9' ) ORDER BY cid asc  [ RunTime:0.0005s ]
SQL: SELECT `cid`,`ctitle` FROM `cmf_chapter` WHERE ( sid='10' ) ORDER BY cid asc  [ RunTime:0.0005s ]
SQL: SELECT `cid`,`ctitle` FROM `cmf_chapter` WHERE ( sid='11' ) ORDER BY cid asc  [ RunTime:0.0005s ]
SQL: SELECT `cid`,`ctitle` FROM `cmf_chapter` WHERE ( sid='12' ) ORDER BY cid asc  [ RunTime:0.0009s ]
SQL: SELECT `cid`,`ctitle` FROM `cmf_chapter` WHERE ( sid='13' ) ORDER BY cid asc  [ RunTime:0.0006s ]
SQL: SELECT `cid`,`ctitle` FROM `cmf_chapter` WHERE ( sid='14' ) ORDER BY cid asc  [ RunTime:0.0005s ]
SQL: SELECT `cid`,`ctitle` FROM `cmf_chapter` WHERE ( sid='15' ) ORDER BY cid asc  [ RunTime:0.0005s ]
SQL: SELECT `cid`,`ctitle` FROM `cmf_chapter` WHERE ( sid='16' ) ORDER BY cid asc  [ RunTime:0.0014s ]
SQL: SELECT `cid`,`ctitle` FROM `cmf_chapter` WHERE ( sid='18' ) ORDER BY cid asc  [ RunTime:0.0005s ]
SQL: SELECT `cid`,`ctitle` FROM `cmf_chapter` WHERE ( sid='19' ) ORDER BY cid asc  [ RunTime:0.0006s ]
SQL: SELECT `cid`,`ctitle` FROM `cmf_chapter` WHERE ( sid='21' ) ORDER BY cid asc  [ RunTime:0.0009s ]
SQL: SELECT `cid`,`ctitle` FROM `cmf_chapter` WHERE ( sid='22' ) ORDER BY cid asc  [ RunTime:0.0005s ]
SQL: SELECT `cid`,`ctitle` FROM `cmf_chapter` WHERE ( sid='23' ) ORDER BY cid asc  [ RunTime:0.0006s ]

[ 2017-06-14T14:18:04+08:00 ] 115.33.48.151 /junwei/index.php?g=houtai&m=itembank&a=kzjk&callback=successCallback&_=1497421215493
INFO: [ app_begin ] --START--
INFO: Run Behavior\ReadHtmlCacheBehavior [ RunTime:0.000020s ]
INFO: Run Behavior\CheckLangBehavior [ RunTime:0.000062s ]
INFO: Run Common\Behavior\UrldecodeGetBehavior [ RunTime:0.000026s ]
INFO: [ app_begin ] --END-- [ RunTime:0.000150s ]
SQL: SHOW COLUMNS FROM `cmf_subjects` [ RunTime:0.0008s ]
SQL: SHOW COLUMNS FROM `cmf_chapter` [ RunTime:0.0006s ]
SQL: SELECT `sid`,`stitle` FROM `cmf_subjects` ORDER BY sid asc  [ RunTime:0.0005s ]
SQL: SELECT `cid`,`ctitle` FROM `cmf_chapter` WHERE ( sid='7' ) ORDER BY cid asc  [ RunTime:0.0005s ]
SQL: SELECT `cid`,`ctitle` FROM `cmf_chapter` WHERE ( sid='8' ) ORDER BY cid asc  [ RunTime:0.0006s ]
SQL: SELECT `cid`,`ctitle` FROM `cmf_chapter` WHERE ( sid='9' ) ORDER BY cid asc  [ RunTime:0.0005s ]
SQL: SELECT `cid`,`ctitle` FROM `cmf_chapter` WHERE ( sid='10' ) ORDER BY cid asc  [ RunTime:0.0005s ]
SQL: SELECT `cid`,`ctitle` FROM `cmf_chapter` WHERE ( sid='11' ) ORDER BY cid asc  [ RunTime:0.0005s ]
SQL: SELECT `cid`,`ctitle` FROM `cmf_chapter` WHERE ( sid='12' ) ORDER BY cid asc  [ RunTime:0.0005s ]
SQL: SELECT `cid`,`ctitle` FROM `cmf_chapter` WHERE ( sid='13' ) ORDER BY cid asc  [ RunTime:0.0005s ]
SQL: SELECT `cid`,`ctitle` FROM `cmf_chapter` WHERE ( sid='14' ) ORDER BY cid asc  [ RunTime:0.0005s ]
SQL: SELECT `cid`,`ctitle` FROM `cmf_chapter` WHERE ( sid='15' ) ORDER BY cid asc  [ RunTime:0.0005s ]
SQL: SELECT `cid`,`ctitle` FROM `cmf_chapter` WHERE ( sid='16' ) ORDER BY cid asc  [ RunTime:0.0005s ]
SQL: SELECT `cid`,`ctitle` FROM `cmf_chapter` WHERE ( sid='18' ) ORDER BY cid asc  [ RunTime:0.0005s ]
SQL: SELECT `cid`,`ctitle` FROM `cmf_chapter` WHERE ( sid='19' ) ORDER BY cid asc  [ RunTime:0.0005s ]
SQL: SELECT `cid`,`ctitle` FROM `cmf_chapter` WHERE ( sid='21' ) ORDER BY cid asc  [ RunTime:0.0005s ]
SQL: SELECT `cid`,`ctitle` FROM `cmf_chapter` WHERE ( sid='22' ) ORDER BY cid asc  [ RunTime:0.0004s ]
SQL: SELECT `cid`,`ctitle` FROM `cmf_chapter` WHERE ( sid='23' ) ORDER BY cid asc  [ RunTime:0.0005s ]

