[ 2017-06-13T14:19:12+08:00 ] 115.33.48.151 /junwei/index.php?g=houtai&m=itembank&a=kzjk&callback=successCallback&_=1497334883340
INFO: [ app_begin ] --START--
INFO: Run Behavior\ReadHtmlCacheBehavior [ RunTime:0.000018s ]
INFO: Run Behavior\CheckLangBehavior [ RunTime:0.000054s ]
INFO: Run Common\Behavior\UrldecodeGetBehavior [ RunTime:0.000025s ]
INFO: [ app_begin ] --END-- [ RunTime:0.000135s ]
SQL: SHOW COLUMNS FROM `cmf_subjects` [ RunTime:0.0009s ]
SQL: SHOW COLUMNS FROM `cmf_chapter` [ RunTime:0.0007s ]
SQL: SELECT `sid`,`stitle` FROM `cmf_subjects` ORDER BY sid asc  [ RunTime:0.0006s ]
SQL: SELECT `cid`,`ctitle` FROM `cmf_chapter` WHERE ( sid='7' ) ORDER BY cid asc  [ RunTime:0.0007s ]
SQL: SELECT `cid`,`ctitle` FROM `cmf_chapter` WHERE ( sid='8' ) ORDER BY cid asc  [ RunTime:0.0006s ]
SQL: SELECT `cid`,`ctitle` FROM `cmf_chapter` WHERE ( sid='9' ) ORDER BY cid asc  [ RunTime:0.0006s ]
SQL: SELECT `cid`,`ctitle` FROM `cmf_chapter` WHERE ( sid='10' ) ORDER BY cid asc  [ RunTime:0.0007s ]
SQL: SELECT `cid`,`ctitle` FROM `cmf_chapter` WHERE ( sid='11' ) ORDER BY cid asc  [ RunTime:0.0006s ]
SQL: SELECT `cid`,`ctitle` FROM `cmf_chapter` WHERE ( sid='12' ) ORDER BY cid asc  [ RunTime:0.0006s ]
SQL: SELECT `cid`,`ctitle` FROM `cmf_chapter` WHERE ( sid='13' ) ORDER BY cid asc  [ RunTime:0.0006s ]
SQL: SELECT `cid`,`ctitle` FROM `cmf_chapter` WHERE ( sid='14' ) ORDER BY cid asc  [ RunTime:0.0006s ]
SQL: SELECT `cid`,`ctitle` FROM `cmf_chapter` WHERE ( sid='15' ) ORDER BY cid asc  [ RunTime:0.0006s ]
SQL: SELECT `cid`,`ctitle` FROM `cmf_chapter` WHERE ( sid='16' ) ORDER BY cid asc  [ RunTime:0.0007s ]
SQL: SELECT `cid`,`ctitle` FROM `cmf_chapter` WHERE ( sid='18' ) ORDER BY cid asc  [ RunTime:0.0006s ]
SQL: SELECT `cid`,`ctitle` FROM `cmf_chapter` WHERE ( sid='19' ) ORDER BY cid asc  [ RunTime:0.0006s ]
SQL: SELECT `cid`,`ctitle` FROM `cmf_chapter` WHERE ( sid='21' ) ORDER BY cid asc  [ RunTime:0.0006s ]
SQL: SELECT `cid`,`ctitle` FROM `cmf_chapter` WHERE ( sid='22' ) ORDER BY cid asc  [ RunTime:0.0006s ]
SQL: SELECT `cid`,`ctitle` FROM `cmf_chapter` WHERE ( sid='23' ) ORDER BY cid asc  [ RunTime:0.0006s ]

[ 2017-06-13T14:19:13+08:00 ] 115.33.48.151 /junwei/index.php?g=houtai&m=itembank&a=kzjk&callback=successCallback&_=1497334885075
INFO: [ app_begin ] --START--
INFO: Run Behavior\ReadHtmlCacheBehavior [ RunTime:0.000016s ]
INFO: Run Behavior\CheckLangBehavior [ RunTime:0.000050s ]
INFO: Run Common\Behavior\UrldecodeGetBehavior [ RunTime:0.000023s ]
INFO: [ app_begin ] --END-- [ RunTime:0.000123s ]
SQL: SHOW COLUMNS FROM `cmf_subjects` [ RunTime:0.0009s ]
SQL: SHOW COLUMNS FROM `cmf_chapter` [ RunTime:0.0007s ]
SQL: SELECT `sid`,`stitle` FROM `cmf_subjects` ORDER BY sid asc  [ RunTime:0.0006s ]
SQL: SELECT `cid`,`ctitle` FROM `cmf_chapter` WHERE ( sid='7' ) ORDER BY cid asc  [ RunTime:0.0006s ]
SQL: SELECT `cid`,`ctitle` FROM `cmf_chapter` WHERE ( sid='8' ) ORDER BY cid asc  [ RunTime:0.0005s ]
SQL: SELECT `cid`,`ctitle` FROM `cmf_chapter` WHERE ( sid='9' ) ORDER BY cid asc  [ RunTime:0.0006s ]
SQL: SELECT `cid`,`ctitle` FROM `cmf_chapter` WHERE ( sid='10' ) ORDER BY cid asc  [ RunTime:0.0005s ]
SQL: SELECT `cid`,`ctitle` FROM `cmf_chapter` WHERE ( sid='11' ) ORDER BY cid asc  [ RunTime:0.0006s ]
SQL: SELECT `cid`,`ctitle` FROM `cmf_chapter` WHERE ( sid='12' ) ORDER BY cid asc  [ RunTime:0.0006s ]
SQL: SELECT `cid`,`ctitle` FROM `cmf_chapter` WHERE ( sid='13' ) ORDER BY cid asc  [ RunTime:0.0005s ]
SQL: SELECT `cid`,`ctitle` FROM `cmf_chapter` WHERE ( sid='14' ) ORDER BY cid asc  [ RunTime:0.0006s ]
SQL: SELECT `cid`,`ctitle` FROM `cmf_chapter` WHERE ( sid='15' ) ORDER BY cid asc  [ RunTime:0.0005s ]
SQL: SELECT `cid`,`ctitle` FROM `cmf_chapter` WHERE ( sid='16' ) ORDER BY cid asc  [ RunTime:0.0006s ]
SQL: SELECT `cid`,`ctitle` FROM `cmf_chapter` WHERE ( sid='18' ) ORDER BY cid asc  [ RunTime:0.0005s ]
SQL: SELECT `cid`,`ctitle` FROM `cmf_chapter` WHERE ( sid='19' ) ORDER BY cid asc  [ RunTime:0.0005s ]
SQL: SELECT `cid`,`ctitle` FROM `cmf_chapter` WHERE ( sid='21' ) ORDER BY cid asc  [ RunTime:0.0005s ]
SQL: SELECT `cid`,`ctitle` FROM `cmf_chapter` WHERE ( sid='22' ) ORDER BY cid asc  [ RunTime:0.0006s ]
SQL: SELECT `cid`,`ctitle` FROM `cmf_chapter` WHERE ( sid='23' ) ORDER BY cid asc  [ RunTime:0.0006s ]

[ 2017-06-13T14:19:16+08:00 ] 115.33.48.151 /junwei/index.php?g=houtai&m=itembank&a=kzjk&callback=successCallback&_=1497334887703
INFO: [ app_begin ] --START--
INFO: Run Behavior\ReadHtmlCacheBehavior [ RunTime:0.000019s ]
INFO: Run Behavior\CheckLangBehavior [ RunTime:0.000058s ]
INFO: Run Common\Behavior\UrldecodeGetBehavior [ RunTime:0.000026s ]
INFO: [ app_begin ] --END-- [ RunTime:0.000145s ]
SQL: SHOW COLUMNS FROM `cmf_subjects` [ RunTime:0.0010s ]
SQL: SHOW COLUMNS FROM `cmf_chapter` [ RunTime:0.0007s ]
SQL: SELECT `sid`,`stitle` FROM `cmf_subjects` ORDER BY sid asc  [ RunTime:0.0006s ]
SQL: SELECT `cid`,`ctitle` FROM `cmf_chapter` WHERE ( sid='7' ) ORDER BY cid asc  [ RunTime:0.0007s ]
SQL: SELECT `cid`,`ctitle` FROM `cmf_chapter` WHERE ( sid='8' ) ORDER BY cid asc  [ RunTime:0.0006s ]
SQL: SELECT `cid`,`ctitle` FROM `cmf_chapter` WHERE ( sid='9' ) ORDER BY cid asc  [ RunTime:0.0006s ]
SQL: SELECT `cid`,`ctitle` FROM `cmf_chapter` WHERE ( sid='10' ) ORDER BY cid asc  [ RunTime:0.0006s ]
SQL: SELECT `cid`,`ctitle` FROM `cmf_chapter` WHERE ( sid='11' ) ORDER BY cid asc  [ RunTime:0.0006s ]
SQL: SELECT `cid`,`ctitle` FROM `cmf_chapter` WHERE ( sid='12' ) ORDER BY cid asc  [ RunTime:0.0006s ]
SQL: SELECT `cid`,`ctitle` FROM `cmf_chapter` WHERE ( sid='13' ) ORDER BY cid asc  [ RunTime:0.0006s ]
SQL: SELECT `cid`,`ctitle` FROM `cmf_chapter` WHERE ( sid='14' ) ORDER BY cid asc  [ RunTime:0.0006s ]
SQL: SELECT `cid`,`ctitle` FROM `cmf_chapter` WHERE ( sid='15' ) ORDER BY cid asc  [ RunTime:0.0006s ]
SQL: SELECT `cid`,`ctitle` FROM `cmf_chapter` WHERE ( sid='16' ) ORDER BY cid asc  [ RunTime:0.0006s ]
SQL: SELECT `cid`,`ctitle` FROM `cmf_chapter` WHERE ( sid='18' ) ORDER BY cid asc  [ RunTime:0.0006s ]
SQL: SELECT `cid`,`ctitle` FROM `cmf_chapter` WHERE ( sid='19' ) ORDER BY cid asc  [ RunTime:0.0006s ]
SQL: SELECT `cid`,`ctitle` FROM `cmf_chapter` WHERE ( sid='21' ) ORDER BY cid asc  [ RunTime:0.0006s ]
SQL: SELECT `cid`,`ctitle` FROM `cmf_chapter` WHERE ( sid='22' ) ORDER BY cid asc  [ RunTime:0.0006s ]
SQL: SELECT `cid`,`ctitle` FROM `cmf_chapter` WHERE ( sid='23' ) ORDER BY cid asc  [ RunTime:0.0006s ]

[ 2017-06-13T14:19:16+08:00 ] 115.33.48.151 /junwei/index.php?g=houtai&m=itembank&a=itembank&sid=7&cid=20&callback=jQuery18009602548841860444_1497334883247&_=1497334887816
INFO: [ app_begin ] --START--
INFO: Run Behavior\ReadHtmlCacheBehavior [ RunTime:0.000018s ]
INFO: Run Behavior\CheckLangBehavior [ RunTime:0.000071s ]
INFO: Run Common\Behavior\UrldecodeGetBehavior [ RunTime:0.000025s ]
INFO: [ app_begin ] --END-- [ RunTime:0.000154s ]
SQL: SHOW COLUMNS FROM `cmf_itembank` [ RunTime:0.0010s ]
SQL: SHOW COLUMNS FROM `cmf_subjects` [ RunTime:0.0007s ]
SQL: SHOW COLUMNS FROM `cmf_chapter` [ RunTime:0.0008s ]
SQL: SELECT * FROM `cmf_itembank` INNER JOIN cmf_chapter on cmf_itembank.cid = cmf_chapter.cid INNER JOIN cmf_subjects on cmf_itembank.sid = cmf_subjects.sid  WHERE ( cmf_itembank.sid='7' and cmf_itembank.cid='20' ) ORDER BY itime asc  [ RunTime:0.0038s ]

[ 2017-06-13T15:10:05+08:00 ] 115.33.48.151 /junwei/index.php?g=houtai&m=itembank&a=kzjk&callback=successCallback&_=1497337936460
INFO: [ app_begin ] --START--
INFO: Run Behavior\ReadHtmlCacheBehavior [ RunTime:0.000016s ]
INFO: Run Behavior\CheckLangBehavior [ RunTime:0.000049s ]
INFO: Run Common\Behavior\UrldecodeGetBehavior [ RunTime:0.000029s ]
INFO: [ app_begin ] --END-- [ RunTime:0.000129s ]
SQL: SHOW COLUMNS FROM `cmf_subjects` [ RunTime:0.0010s ]
SQL: SHOW COLUMNS FROM `cmf_chapter` [ RunTime:0.0008s ]
SQL: SELECT `sid`,`stitle` FROM `cmf_subjects` ORDER BY sid asc  [ RunTime:0.0006s ]
SQL: SELECT `cid`,`ctitle` FROM `cmf_chapter` WHERE ( sid='7' ) ORDER BY cid asc  [ RunTime:0.0007s ]
SQL: SELECT `cid`,`ctitle` FROM `cmf_chapter` WHERE ( sid='8' ) ORDER BY cid asc  [ RunTime:0.0006s ]
SQL: SELECT `cid`,`ctitle` FROM `cmf_chapter` WHERE ( sid='9' ) ORDER BY cid asc  [ RunTime:0.0006s ]
SQL: SELECT `cid`,`ctitle` FROM `cmf_chapter` WHERE ( sid='10' ) ORDER BY cid asc  [ RunTime:0.0006s ]
SQL: SELECT `cid`,`ctitle` FROM `cmf_chapter` WHERE ( sid='11' ) ORDER BY cid asc  [ RunTime:0.0006s ]
SQL: SELECT `cid`,`ctitle` FROM `cmf_chapter` WHERE ( sid='12' ) ORDER BY cid asc  [ RunTime:0.0006s ]
SQL: SELECT `cid`,`ctitle` FROM `cmf_chapter` WHERE ( sid='13' ) ORDER BY cid asc  [ RunTime:0.0006s ]
SQL: SELECT `cid`,`ctitle` FROM `cmf_chapter` WHERE ( sid='14' ) ORDER BY cid asc  [ RunTime:0.0006s ]
SQL: SELECT `cid`,`ctitle` FROM `cmf_chapter` WHERE ( sid='15' ) ORDER BY cid asc  [ RunTime:0.0006s ]
SQL: SELECT `cid`,`ctitle` FROM `cmf_chapter` WHERE ( sid='16' ) ORDER BY cid asc  [ RunTime:0.0007s ]
SQL: SELECT `cid`,`ctitle` FROM `cmf_chapter` WHERE ( sid='18' ) ORDER BY cid asc  [ RunTime:0.0006s ]
SQL: SELECT `cid`,`ctitle` FROM `cmf_chapter` WHERE ( sid='19' ) ORDER BY cid asc  [ RunTime:0.0006s ]
SQL: SELECT `cid`,`ctitle` FROM `cmf_chapter` WHERE ( sid='21' ) ORDER BY cid asc  [ RunTime:0.0006s ]
SQL: SELECT `cid`,`ctitle` FROM `cmf_chapter` WHERE ( sid='22' ) ORDER BY cid asc  [ RunTime:0.0006s ]
SQL: SELECT `cid`,`ctitle` FROM `cmf_chapter` WHERE ( sid='23' ) ORDER BY cid asc  [ RunTime:0.0007s ]

[ 2017-06-13T15:10:06+08:00 ] 115.33.48.151 /junwei/index.php?g=houtai&m=itembank&a=kzjk&callback=successCallback&_=1497337937761
INFO: [ app_begin ] --START--
INFO: Run Behavior\ReadHtmlCacheBehavior [ RunTime:0.000017s ]
INFO: Run Behavior\CheckLangBehavior [ RunTime:0.000054s ]
INFO: Run Common\Behavior\UrldecodeGetBehavior [ RunTime:0.000022s ]
INFO: [ app_begin ] --END-- [ RunTime:0.000128s ]
SQL: SHOW COLUMNS FROM `cmf_subjects` [ RunTime:0.0009s ]
SQL: SHOW COLUMNS FROM `cmf_chapter` [ RunTime:0.0007s ]
SQL: SELECT `sid`,`stitle` FROM `cmf_subjects` ORDER BY sid asc  [ RunTime:0.0007s ]
SQL: SELECT `cid`,`ctitle` FROM `cmf_chapter` WHERE ( sid='7' ) ORDER BY cid asc  [ RunTime:0.0006s ]
SQL: SELECT `cid`,`ctitle` FROM `cmf_chapter` WHERE ( sid='8' ) ORDER BY cid asc  [ RunTime:0.0006s ]
SQL: SELECT `cid`,`ctitle` FROM `cmf_chapter` WHERE ( sid='9' ) ORDER BY cid asc  [ RunTime:0.0005s ]
SQL: SELECT `cid`,`ctitle` FROM `cmf_chapter` WHERE ( sid='10' ) ORDER BY cid asc  [ RunTime:0.0005s ]
SQL: SELECT `cid`,`ctitle` FROM `cmf_chapter` WHERE ( sid='11' ) ORDER BY cid asc  [ RunTime:0.0005s ]
SQL: SELECT `cid`,`ctitle` FROM `cmf_chapter` WHERE ( sid='12' ) ORDER BY cid asc  [ RunTime:0.0005s ]
SQL: SELECT `cid`,`ctitle` FROM `cmf_chapter` WHERE ( sid='13' ) ORDER BY cid asc  [ RunTime:0.0005s ]
SQL: SELECT `cid`,`ctitle` FROM `cmf_chapter` WHERE ( sid='14' ) ORDER BY cid asc  [ RunTime:0.0005s ]
SQL: SELECT `cid`,`ctitle` FROM `cmf_chapter` WHERE ( sid='15' ) ORDER BY cid asc  [ RunTime:0.0005s ]
SQL: SELECT `cid`,`ctitle` FROM `cmf_chapter` WHERE ( sid='16' ) ORDER BY cid asc  [ RunTime:0.0005s ]
SQL: SELECT `cid`,`ctitle` FROM `cmf_chapter` WHERE ( sid='18' ) ORDER BY cid asc  [ RunTime:0.0005s ]
SQL: SELECT `cid`,`ctitle` FROM `cmf_chapter` WHERE ( sid='19' ) ORDER BY cid asc  [ RunTime:0.0005s ]
SQL: SELECT `cid`,`ctitle` FROM `cmf_chapter` WHERE ( sid='21' ) ORDER BY cid asc  [ RunTime:0.0005s ]
SQL: SELECT `cid`,`ctitle` FROM `cmf_chapter` WHERE ( sid='22' ) ORDER BY cid asc  [ RunTime:0.0005s ]
SQL: SELECT `cid`,`ctitle` FROM `cmf_chapter` WHERE ( sid='23' ) ORDER BY cid asc  [ RunTime:0.0005s ]

[ 2017-06-13T15:10:08+08:00 ] 115.33.48.151 /junwei/index.php?g=houtai&m=itembank&a=kzjk&callback=successCallback&_=1497337939424
INFO: [ app_begin ] --START--
INFO: Run Behavior\ReadHtmlCacheBehavior [ RunTime:0.000017s ]
INFO: Run Behavior\CheckLangBehavior [ RunTime:0.000054s ]
INFO: Run Common\Behavior\UrldecodeGetBehavior [ RunTime:0.000022s ]
INFO: [ app_begin ] --END-- [ RunTime:0.000133s ]
SQL: SHOW COLUMNS FROM `cmf_subjects` [ RunTime:0.0009s ]
SQL: SHOW COLUMNS FROM `cmf_chapter` [ RunTime:0.0007s ]
SQL: SELECT `sid`,`stitle` FROM `cmf_subjects` ORDER BY sid asc  [ RunTime:0.0006s ]
SQL: SELECT `cid`,`ctitle` FROM `cmf_chapter` WHERE ( sid='7' ) ORDER BY cid asc  [ RunTime:0.0008s ]
SQL: SELECT `cid`,`ctitle` FROM `cmf_chapter` WHERE ( sid='8' ) ORDER BY cid asc  [ RunTime:0.0006s ]
SQL: SELECT `cid`,`ctitle` FROM `cmf_chapter` WHERE ( sid='9' ) ORDER BY cid asc  [ RunTime:0.0007s ]
SQL: SELECT `cid`,`ctitle` FROM `cmf_chapter` WHERE ( sid='10' ) ORDER BY cid asc  [ RunTime:0.0006s ]
SQL: SELECT `cid`,`ctitle` FROM `cmf_chapter` WHERE ( sid='11' ) ORDER BY cid asc  [ RunTime:0.0008s ]
SQL: SELECT `cid`,`ctitle` FROM `cmf_chapter` WHERE ( sid='12' ) ORDER BY cid asc  [ RunTime:0.0005s ]
SQL: SELECT `cid`,`ctitle` FROM `cmf_chapter` WHERE ( sid='13' ) ORDER BY cid asc  [ RunTime:0.0005s ]
SQL: SELECT `cid`,`ctitle` FROM `cmf_chapter` WHERE ( sid='14' ) ORDER BY cid asc  [ RunTime:0.0005s ]
SQL: SELECT `cid`,`ctitle` FROM `cmf_chapter` WHERE ( sid='15' ) ORDER BY cid asc  [ RunTime:0.0005s ]
SQL: SELECT `cid`,`ctitle` FROM `cmf_chapter` WHERE ( sid='16' ) ORDER BY cid asc  [ RunTime:0.0007s ]
SQL: SELECT `cid`,`ctitle` FROM `cmf_chapter` WHERE ( sid='18' ) ORDER BY cid asc  [ RunTime:0.0006s ]
SQL: SELECT `cid`,`ctitle` FROM `cmf_chapter` WHERE ( sid='19' ) ORDER BY cid asc  [ RunTime:0.0007s ]
SQL: SELECT `cid`,`ctitle` FROM `cmf_chapter` WHERE ( sid='21' ) ORDER BY cid asc  [ RunTime:0.0006s ]
SQL: SELECT `cid`,`ctitle` FROM `cmf_chapter` WHERE ( sid='22' ) ORDER BY cid asc  [ RunTime:0.0007s ]
SQL: SELECT `cid`,`ctitle` FROM `cmf_chapter` WHERE ( sid='23' ) ORDER BY cid asc  [ RunTime:0.0006s ]

[ 2017-06-13T15:10:08+08:00 ] 115.33.48.151 /junwei/index.php?g=houtai&m=itembank&a=itembank&sid=7&cid=11&callback=jQuery18008912212469019287_1497337936332&_=1497337939631
INFO: [ app_begin ] --START--
INFO: Run Behavior\ReadHtmlCacheBehavior [ RunTime:0.000019s ]
INFO: Run Behavior\CheckLangBehavior [ RunTime:0.000049s ]
INFO: Run Common\Behavior\UrldecodeGetBehavior [ RunTime:0.000021s ]
INFO: [ app_begin ] --END-- [ RunTime:0.000152s ]
SQL: SHOW COLUMNS FROM `cmf_itembank` [ RunTime:0.0009s ]
SQL: SHOW COLUMNS FROM `cmf_subjects` [ RunTime:0.0006s ]
SQL: SHOW COLUMNS FROM `cmf_chapter` [ RunTime:0.0006s ]
SQL: SELECT * FROM `cmf_itembank` INNER JOIN cmf_chapter on cmf_itembank.cid = cmf_chapter.cid INNER JOIN cmf_subjects on cmf_itembank.sid = cmf_subjects.sid  WHERE ( cmf_itembank.sid='7' and cmf_itembank.cid='11' ) ORDER BY itime asc  [ RunTime:0.0035s ]

[ 2017-06-13T15:10:11+08:00 ] 115.33.48.151 /junwei/index.php?g=houtai&m=itembank&a=kzjk&callback=successCallback&_=1497337942621
INFO: [ app_begin ] --START--
INFO: Run Behavior\ReadHtmlCacheBehavior [ RunTime:0.000017s ]
INFO: Run Behavior\CheckLangBehavior [ RunTime:0.000072s ]
INFO: Run Common\Behavior\UrldecodeGetBehavior [ RunTime:0.000024s ]
INFO: [ app_begin ] --END-- [ RunTime:0.000149s ]
SQL: SHOW COLUMNS FROM `cmf_subjects` [ RunTime:0.0009s ]
SQL: SHOW COLUMNS FROM `cmf_chapter` [ RunTime:0.0007s ]
SQL: SELECT `sid`,`stitle` FROM `cmf_subjects` ORDER BY sid asc  [ RunTime:0.0006s ]
SQL: SELECT `cid`,`ctitle` FROM `cmf_chapter` WHERE ( sid='7' ) ORDER BY cid asc  [ RunTime:0.0007s ]
SQL: SELECT `cid`,`ctitle` FROM `cmf_chapter` WHERE ( sid='8' ) ORDER BY cid asc  [ RunTime:0.0006s ]
SQL: SELECT `cid`,`ctitle` FROM `cmf_chapter` WHERE ( sid='9' ) ORDER BY cid asc  [ RunTime:0.0006s ]
SQL: SELECT `cid`,`ctitle` FROM `cmf_chapter` WHERE ( sid='10' ) ORDER BY cid asc  [ RunTime:0.0006s ]
SQL: SELECT `cid`,`ctitle` FROM `cmf_chapter` WHERE ( sid='11' ) ORDER BY cid asc  [ RunTime:0.0006s ]
SQL: SELECT `cid`,`ctitle` FROM `cmf_chapter` WHERE ( sid='12' ) ORDER BY cid asc  [ RunTime:0.0006s ]
SQL: SELECT `cid`,`ctitle` FROM `cmf_chapter` WHERE ( sid='13' ) ORDER BY cid asc  [ RunTime:0.0008s ]
SQL: SELECT `cid`,`ctitle` FROM `cmf_chapter` WHERE ( sid='14' ) ORDER BY cid asc  [ RunTime:0.0006s ]
SQL: SELECT `cid`,`ctitle` FROM `cmf_chapter` WHERE ( sid='15' ) ORDER BY cid asc  [ RunTime:0.0007s ]
SQL: SELECT `cid`,`ctitle` FROM `cmf_chapter` WHERE ( sid='16' ) ORDER BY cid asc  [ RunTime:0.0007s ]
SQL: SELECT `cid`,`ctitle` FROM `cmf_chapter` WHERE ( sid='18' ) ORDER BY cid asc  [ RunTime:0.0006s ]
SQL: SELECT `cid`,`ctitle` FROM `cmf_chapter` WHERE ( sid='19' ) ORDER BY cid asc  [ RunTime:0.0007s ]
SQL: SELECT `cid`,`ctitle` FROM `cmf_chapter` WHERE ( sid='21' ) ORDER BY cid asc  [ RunTime:0.0007s ]
SQL: SELECT `cid`,`ctitle` FROM `cmf_chapter` WHERE ( sid='22' ) ORDER BY cid asc  [ RunTime:0.0006s ]
SQL: SELECT `cid`,`ctitle` FROM `cmf_chapter` WHERE ( sid='23' ) ORDER BY cid asc  [ RunTime:0.0006s ]

[ 2017-06-13T15:10:11+08:00 ] 115.33.48.151 /junwei/index.php?g=houtai&m=itembank&a=itembank&sid=7&cid=20&callback=jQuery18008912212469019287_1497337936332&_=1497337942764
INFO: [ app_begin ] --START--
INFO: Run Behavior\ReadHtmlCacheBehavior [ RunTime:0.000015s ]
INFO: Run Behavior\CheckLangBehavior [ RunTime:0.000049s ]
INFO: Run Common\Behavior\UrldecodeGetBehavior [ RunTime:0.000020s ]
INFO: [ app_begin ] --END-- [ RunTime:0.000114s ]
SQL: SHOW COLUMNS FROM `cmf_itembank` [ RunTime:0.0009s ]
SQL: SHOW COLUMNS FROM `cmf_subjects` [ RunTime:0.0007s ]
SQL: SHOW COLUMNS FROM `cmf_chapter` [ RunTime:0.0007s ]
SQL: SELECT * FROM `cmf_itembank` INNER JOIN cmf_chapter on cmf_itembank.cid = cmf_chapter.cid INNER JOIN cmf_subjects on cmf_itembank.sid = cmf_subjects.sid  WHERE ( cmf_itembank.sid='7' and cmf_itembank.cid='20' ) ORDER BY itime asc  [ RunTime:0.0035s ]

[ 2017-06-13T15:10:30+08:00 ] 115.33.48.151 /junwei/index.php?g=houtai&m=itembank&a=kzjk&callback=successCallback&_=1497337961821
INFO: [ app_begin ] --START--
INFO: Run Behavior\ReadHtmlCacheBehavior [ RunTime:0.000017s ]
INFO: Run Behavior\CheckLangBehavior [ RunTime:0.000048s ]
INFO: Run Common\Behavior\UrldecodeGetBehavior [ RunTime:0.000020s ]
INFO: [ app_begin ] --END-- [ RunTime:0.000119s ]
SQL: SHOW COLUMNS FROM `cmf_subjects` [ RunTime:0.0008s ]
SQL: SHOW COLUMNS FROM `cmf_chapter` [ RunTime:0.0007s ]
SQL: SELECT `sid`,`stitle` FROM `cmf_subjects` ORDER BY sid asc  [ RunTime:0.0005s ]
SQL: SELECT `cid`,`ctitle` FROM `cmf_chapter` WHERE ( sid='7' ) ORDER BY cid asc  [ RunTime:0.0006s ]
SQL: SELECT `cid`,`ctitle` FROM `cmf_chapter` WHERE ( sid='8' ) ORDER BY cid asc  [ RunTime:0.0005s ]
SQL: SELECT `cid`,`ctitle` FROM `cmf_chapter` WHERE ( sid='9' ) ORDER BY cid asc  [ RunTime:0.0005s ]
SQL: SELECT `cid`,`ctitle` FROM `cmf_chapter` WHERE ( sid='10' ) ORDER BY cid asc  [ RunTime:0.0005s ]
SQL: SELECT `cid`,`ctitle` FROM `cmf_chapter` WHERE ( sid='11' ) ORDER BY cid asc  [ RunTime:0.0005s ]
SQL: SELECT `cid`,`ctitle` FROM `cmf_chapter` WHERE ( sid='12' ) ORDER BY cid asc  [ RunTime:0.0005s ]
SQL: SELECT `cid`,`ctitle` FROM `cmf_chapter` WHERE ( sid='13' ) ORDER BY cid asc  [ RunTime:0.0005s ]
SQL: SELECT `cid`,`ctitle` FROM `cmf_chapter` WHERE ( sid='14' ) ORDER BY cid asc  [ RunTime:0.0005s ]
SQL: SELECT `cid`,`ctitle` FROM `cmf_chapter` WHERE ( sid='15' ) ORDER BY cid asc  [ RunTime:0.0005s ]
SQL: SELECT `cid`,`ctitle` FROM `cmf_chapter` WHERE ( sid='16' ) ORDER BY cid asc  [ RunTime:0.0006s ]
SQL: SELECT `cid`,`ctitle` FROM `cmf_chapter` WHERE ( sid='18' ) ORDER BY cid asc  [ RunTime:0.0005s ]
SQL: SELECT `cid`,`ctitle` FROM `cmf_chapter` WHERE ( sid='19' ) ORDER BY cid asc  [ RunTime:0.0006s ]
SQL: SELECT `cid`,`ctitle` FROM `cmf_chapter` WHERE ( sid='21' ) ORDER BY cid asc  [ RunTime:0.0006s ]
SQL: SELECT `cid`,`ctitle` FROM `cmf_chapter` WHERE ( sid='22' ) ORDER BY cid asc  [ RunTime:0.0005s ]
SQL: SELECT `cid`,`ctitle` FROM `cmf_chapter` WHERE ( sid='23' ) ORDER BY cid asc  [ RunTime:0.0006s ]

[ 2017-06-13T15:10:32+08:00 ] 115.33.48.151 /junwei/index.php?g=houtai&m=itembank&a=kzjk&callback=successCallback&_=1497337963476
INFO: [ app_begin ] --START--
INFO: Run Behavior\ReadHtmlCacheBehavior [ RunTime:0.000019s ]
INFO: Run Behavior\CheckLangBehavior [ RunTime:0.000055s ]
INFO: Run Common\Behavior\UrldecodeGetBehavior [ RunTime:0.000023s ]
INFO: [ app_begin ] --END-- [ RunTime:0.000146s ]
SQL: SHOW COLUMNS FROM `cmf_subjects` [ RunTime:0.0008s ]
SQL: SHOW COLUMNS FROM `cmf_chapter` [ RunTime:0.0006s ]
SQL: SELECT `sid`,`stitle` FROM `cmf_subjects` ORDER BY sid asc  [ RunTime:0.0005s ]
SQL: SELECT `cid`,`ctitle` FROM `cmf_chapter` WHERE ( sid='7' ) ORDER BY cid asc  [ RunTime:0.0006s ]
SQL: SELECT `cid`,`ctitle` FROM `cmf_chapter` WHERE ( sid='8' ) ORDER BY cid asc  [ RunTime:0.0004s ]
SQL: SELECT `cid`,`ctitle` FROM `cmf_chapter` WHERE ( sid='9' ) ORDER BY cid asc  [ RunTime:0.0004s ]
SQL: SELECT `cid`,`ctitle` FROM `cmf_chapter` WHERE ( sid='10' ) ORDER BY cid asc  [ RunTime:0.0004s ]
SQL: SELECT `cid`,`ctitle` FROM `cmf_chapter` WHERE ( sid='11' ) ORDER BY cid asc  [ RunTime:0.0004s ]
SQL: SELECT `cid`,`ctitle` FROM `cmf_chapter` WHERE ( sid='12' ) ORDER BY cid asc  [ RunTime:0.0004s ]
SQL: SELECT `cid`,`ctitle` FROM `cmf_chapter` WHERE ( sid='13' ) ORDER BY cid asc  [ RunTime:0.0004s ]
SQL: SELECT `cid`,`ctitle` FROM `cmf_chapter` WHERE ( sid='14' ) ORDER BY cid asc  [ RunTime:0.0004s ]
SQL: SELECT `cid`,`ctitle` FROM `cmf_chapter` WHERE ( sid='15' ) ORDER BY cid asc  [ RunTime:0.0005s ]
SQL: SELECT `cid`,`ctitle` FROM `cmf_chapter` WHERE ( sid='16' ) ORDER BY cid asc  [ RunTime:0.0005s ]
SQL: SELECT `cid`,`ctitle` FROM `cmf_chapter` WHERE ( sid='18' ) ORDER BY cid asc  [ RunTime:0.0004s ]
SQL: SELECT `cid`,`ctitle` FROM `cmf_chapter` WHERE ( sid='19' ) ORDER BY cid asc  [ RunTime:0.0005s ]
SQL: SELECT `cid`,`ctitle` FROM `cmf_chapter` WHERE ( sid='21' ) ORDER BY cid asc  [ RunTime:0.0004s ]
SQL: SELECT `cid`,`ctitle` FROM `cmf_chapter` WHERE ( sid='22' ) ORDER BY cid asc  [ RunTime:0.0004s ]
SQL: SELECT `cid`,`ctitle` FROM `cmf_chapter` WHERE ( sid='23' ) ORDER BY cid asc  [ RunTime:0.0005s ]

[ 2017-06-13T15:10:34+08:00 ] 115.33.48.151 /junwei/index.php?g=houtai&m=itembank&a=kzjk&callback=successCallback&_=1497337965749
INFO: [ app_begin ] --START--
INFO: Run Behavior\ReadHtmlCacheBehavior [ RunTime:0.000017s ]
INFO: Run Behavior\CheckLangBehavior [ RunTime:0.000064s ]
INFO: Run Common\Behavior\UrldecodeGetBehavior [ RunTime:0.000023s ]
INFO: [ app_begin ] --END-- [ RunTime:0.000140s ]
SQL: SHOW COLUMNS FROM `cmf_subjects` [ RunTime:0.0009s ]
SQL: SHOW COLUMNS FROM `cmf_chapter` [ RunTime:0.0007s ]
SQL: SELECT `sid`,`stitle` FROM `cmf_subjects` ORDER BY sid asc  [ RunTime:0.0006s ]
SQL: SELECT `cid`,`ctitle` FROM `cmf_chapter` WHERE ( sid='7' ) ORDER BY cid asc  [ RunTime:0.0006s ]
SQL: SELECT `cid`,`ctitle` FROM `cmf_chapter` WHERE ( sid='8' ) ORDER BY cid asc  [ RunTime:0.0006s ]
SQL: SELECT `cid`,`ctitle` FROM `cmf_chapter` WHERE ( sid='9' ) ORDER BY cid asc  [ RunTime:0.0006s ]
SQL: SELECT `cid`,`ctitle` FROM `cmf_chapter` WHERE ( sid='10' ) ORDER BY cid asc  [ RunTime:0.0006s ]
SQL: SELECT `cid`,`ctitle` FROM `cmf_chapter` WHERE ( sid='11' ) ORDER BY cid asc  [ RunTime:0.0006s ]
SQL: SELECT `cid`,`ctitle` FROM `cmf_chapter` WHERE ( sid='12' ) ORDER BY cid asc  [ RunTime:0.0006s ]
SQL: SELECT `cid`,`ctitle` FROM `cmf_chapter` WHERE ( sid='13' ) ORDER BY cid asc  [ RunTime:0.0006s ]
SQL: SELECT `cid`,`ctitle` FROM `cmf_chapter` WHERE ( sid='14' ) ORDER BY cid asc  [ RunTime:0.0006s ]
SQL: SELECT `cid`,`ctitle` FROM `cmf_chapter` WHERE ( sid='15' ) ORDER BY cid asc  [ RunTime:0.0006s ]
SQL: SELECT `cid`,`ctitle` FROM `cmf_chapter` WHERE ( sid='16' ) ORDER BY cid asc  [ RunTime:0.0006s ]
SQL: SELECT `cid`,`ctitle` FROM `cmf_chapter` WHERE ( sid='18' ) ORDER BY cid asc  [ RunTime:0.0006s ]
SQL: SELECT `cid`,`ctitle` FROM `cmf_chapter` WHERE ( sid='19' ) ORDER BY cid asc  [ RunTime:0.0006s ]
SQL: SELECT `cid`,`ctitle` FROM `cmf_chapter` WHERE ( sid='21' ) ORDER BY cid asc  [ RunTime:0.0006s ]
SQL: SELECT `cid`,`ctitle` FROM `cmf_chapter` WHERE ( sid='22' ) ORDER BY cid asc  [ RunTime:0.0006s ]
SQL: SELECT `cid`,`ctitle` FROM `cmf_chapter` WHERE ( sid='23' ) ORDER BY cid asc  [ RunTime:0.0006s ]

[ 2017-06-13T15:10:34+08:00 ] 115.33.48.151 /junwei/index.php?g=houtai&m=itembank&a=itembank&sid=7&cid=20&callback=jQuery180020605429342906267_1497337961735&_=1497337965896
INFO: [ app_begin ] --START--
INFO: Run Behavior\ReadHtmlCacheBehavior [ RunTime:0.000015s ]
INFO: Run Behavior\CheckLangBehavior [ RunTime:0.000048s ]
INFO: Run Common\Behavior\UrldecodeGetBehavior [ RunTime:0.000020s ]
INFO: [ app_begin ] --END-- [ RunTime:0.000114s ]
SQL: SHOW COLUMNS FROM `cmf_itembank` [ RunTime:0.0009s ]
SQL: SHOW COLUMNS FROM `cmf_subjects` [ RunTime:0.0007s ]
SQL: SHOW COLUMNS FROM `cmf_chapter` [ RunTime:0.0006s ]
SQL: SELECT * FROM `cmf_itembank` INNER JOIN cmf_chapter on cmf_itembank.cid = cmf_chapter.cid INNER JOIN cmf_subjects on cmf_itembank.sid = cmf_subjects.sid  WHERE ( cmf_itembank.sid='7' and cmf_itembank.cid='20' ) ORDER BY itime asc  [ RunTime:0.0035s ]

[ 2017-06-13T15:11:06+08:00 ] 115.33.48.151 /junwei/index.php?g=houtai&m=itembank&a=kzjk&callback=successCallback&_=1497337997534
INFO: [ app_begin ] --START--
INFO: Run Behavior\ReadHtmlCacheBehavior [ RunTime:0.000016s ]
INFO: Run Behavior\CheckLangBehavior [ RunTime:0.000048s ]
INFO: Run Common\Behavior\UrldecodeGetBehavior [ RunTime:0.000021s ]
INFO: [ app_begin ] --END-- [ RunTime:0.000117s ]
SQL: SHOW COLUMNS FROM `cmf_subjects` [ RunTime:0.0009s ]
SQL: SHOW COLUMNS FROM `cmf_chapter` [ RunTime:0.0007s ]
SQL: SELECT `sid`,`stitle` FROM `cmf_subjects` ORDER BY sid asc  [ RunTime:0.0006s ]
SQL: SELECT `cid`,`ctitle` FROM `cmf_chapter` WHERE ( sid='7' ) ORDER BY cid asc  [ RunTime:0.0006s ]
SQL: SELECT `cid`,`ctitle` FROM `cmf_chapter` WHERE ( sid='8' ) ORDER BY cid asc  [ RunTime:0.0006s ]
SQL: SELECT `cid`,`ctitle` FROM `cmf_chapter` WHERE ( sid='9' ) ORDER BY cid asc  [ RunTime:0.0006s ]
SQL: SELECT `cid`,`ctitle` FROM `cmf_chapter` WHERE ( sid='10' ) ORDER BY cid asc  [ RunTime:0.0006s ]
SQL: SELECT `cid`,`ctitle` FROM `cmf_chapter` WHERE ( sid='11' ) ORDER BY cid asc  [ RunTime:0.0006s ]
SQL: SELECT `cid`,`ctitle` FROM `cmf_chapter` WHERE ( sid='12' ) ORDER BY cid asc  [ RunTime:0.0006s ]
SQL: SELECT `cid`,`ctitle` FROM `cmf_chapter` WHERE ( sid='13' ) ORDER BY cid asc  [ RunTime:0.0006s ]
SQL: SELECT `cid`,`ctitle` FROM `cmf_chapter` WHERE ( sid='14' ) ORDER BY cid asc  [ RunTime:0.0006s ]
SQL: SELECT `cid`,`ctitle` FROM `cmf_chapter` WHERE ( sid='15' ) ORDER BY cid asc  [ RunTime:0.0006s ]
SQL: SELECT `cid`,`ctitle` FROM `cmf_chapter` WHERE ( sid='16' ) ORDER BY cid asc  [ RunTime:0.0006s ]
SQL: SELECT `cid`,`ctitle` FROM `cmf_chapter` WHERE ( sid='18' ) ORDER BY cid asc  [ RunTime:0.0006s ]
SQL: SELECT `cid`,`ctitle` FROM `cmf_chapter` WHERE ( sid='19' ) ORDER BY cid asc  [ RunTime:0.0006s ]
SQL: SELECT `cid`,`ctitle` FROM `cmf_chapter` WHERE ( sid='21' ) ORDER BY cid asc  [ RunTime:0.0006s ]
SQL: SELECT `cid`,`ctitle` FROM `cmf_chapter` WHERE ( sid='22' ) ORDER BY cid asc  [ RunTime:0.0006s ]
SQL: SELECT `cid`,`ctitle` FROM `cmf_chapter` WHERE ( sid='23' ) ORDER BY cid asc  [ RunTime:0.0006s ]

[ 2017-06-13T15:12:44+08:00 ] 115.33.48.151 /junwei/index.php?g=houtai&m=itembank&a=kzjk&callback=successCallback&_=1497338096177
INFO: [ app_begin ] --START--
INFO: Run Behavior\ReadHtmlCacheBehavior [ RunTime:0.000021s ]
INFO: Run Behavior\CheckLangBehavior [ RunTime:0.000064s ]
INFO: Run Common\Behavior\UrldecodeGetBehavior [ RunTime:0.000027s ]
INFO: [ app_begin ] --END-- [ RunTime:0.000153s ]
SQL: SHOW COLUMNS FROM `cmf_subjects` [ RunTime:0.0009s ]
SQL: SHOW COLUMNS FROM `cmf_chapter` [ RunTime:0.0006s ]
SQL: SELECT `sid`,`stitle` FROM `cmf_subjects` ORDER BY sid asc  [ RunTime:0.0005s ]
SQL: SELECT `cid`,`ctitle` FROM `cmf_chapter` WHERE ( sid='7' ) ORDER BY cid asc  [ RunTime:0.0006s ]
SQL: SELECT `cid`,`ctitle` FROM `cmf_chapter` WHERE ( sid='8' ) ORDER BY cid asc  [ RunTime:0.0005s ]
SQL: SELECT `cid`,`ctitle` FROM `cmf_chapter` WHERE ( sid='9' ) ORDER BY cid asc  [ RunTime:0.0005s ]
SQL: SELECT `cid`,`ctitle` FROM `cmf_chapter` WHERE ( sid='10' ) ORDER BY cid asc  [ RunTime:0.0005s ]
SQL: SELECT `cid`,`ctitle` FROM `cmf_chapter` WHERE ( sid='11' ) ORDER BY cid asc  [ RunTime:0.0005s ]
SQL: SELECT `cid`,`ctitle` FROM `cmf_chapter` WHERE ( sid='12' ) ORDER BY cid asc  [ RunTime:0.0005s ]
SQL: SELECT `cid`,`ctitle` FROM `cmf_chapter` WHERE ( sid='13' ) ORDER BY cid asc  [ RunTime:0.0005s ]
SQL: SELECT `cid`,`ctitle` FROM `cmf_chapter` WHERE ( sid='14' ) ORDER BY cid asc  [ RunTime:0.0005s ]
SQL: SELECT `cid`,`ctitle` FROM `cmf_chapter` WHERE ( sid='15' ) ORDER BY cid asc  [ RunTime:0.0005s ]
SQL: SELECT `cid`,`ctitle` FROM `cmf_chapter` WHERE ( sid='16' ) ORDER BY cid asc  [ RunTime:0.0005s ]
SQL: SELECT `cid`,`ctitle` FROM `cmf_chapter` WHERE ( sid='18' ) ORDER BY cid asc  [ RunTime:0.0005s ]
SQL: SELECT `cid`,`ctitle` FROM `cmf_chapter` WHERE ( sid='19' ) ORDER BY cid asc  [ RunTime:0.0005s ]
SQL: SELECT `cid`,`ctitle` FROM `cmf_chapter` WHERE ( sid='21' ) ORDER BY cid asc  [ RunTime:0.0005s ]
SQL: SELECT `cid`,`ctitle` FROM `cmf_chapter` WHERE ( sid='22' ) ORDER BY cid asc  [ RunTime:0.0005s ]
SQL: SELECT `cid`,`ctitle` FROM `cmf_chapter` WHERE ( sid='23' ) ORDER BY cid asc  [ RunTime:0.0005s ]

