[ 2017-06-29T14:04:57+08:00 ] 115.33.36.173 /junwei/index.php?g=houtai&m=itembank&a=ztjk&callback=successCallback&_=1498716297607
INFO: [ app_begin ] --START--
INFO: Run Behavior\ReadHtmlCacheBehavior [ RunTime:0.000015s ]
INFO: Run Behavior\CheckLangBehavior [ RunTime:0.000050s ]
INFO: Run Common\Behavior\UrldecodeGetBehavior [ RunTime:0.000020s ]
INFO: [ app_begin ] --END-- [ RunTime:0.000116s ]
SQL: SHOW COLUMNS FROM `cmf_itembank` [ RunTime:0.0009s ]
SQL: SELECT `eid` FROM `cmf_itembank` WHERE ( type=1 ) ORDER BY eid desc  [ RunTime:0.0044s ]
SQL: SELECT `etid` FROM `cmf_itembank` WHERE ( type='1' and eid='2016' ) ORDER BY etid asc  [ RunTime:0.0030s ]
SQL: SELECT COUNT(*) AS tp_count FROM `cmf_itembank` WHERE ( eid='2016' and etid='0' ) LIMIT 1   [ RunTime:0.0027s ]
SQL: SELECT COUNT(*) AS tp_count FROM `cmf_itembank` WHERE ( eid='2016' and etid='1' ) LIMIT 1   [ RunTime:0.0026s ]
SQL: SELECT COUNT(*) AS tp_count FROM `cmf_itembank` WHERE ( eid='2016' and etid='2' ) LIMIT 1   [ RunTime:0.0026s ]
SQL: SELECT `etid` FROM `cmf_itembank` WHERE ( type='1' and eid='2015' ) ORDER BY etid asc  [ RunTime:0.0028s ]
SQL: SELECT COUNT(*) AS tp_count FROM `cmf_itembank` WHERE ( eid='2015' and etid='0' ) LIMIT 1   [ RunTime:0.0026s ]
SQL: SELECT COUNT(*) AS tp_count FROM `cmf_itembank` WHERE ( eid='2015' and etid='1' ) LIMIT 1   [ RunTime:0.0027s ]
SQL: SELECT COUNT(*) AS tp_count FROM `cmf_itembank` WHERE ( eid='2015' and etid='2' ) LIMIT 1   [ RunTime:0.0026s ]
SQL: SELECT `etid` FROM `cmf_itembank` WHERE ( type='1' and eid='2014' ) ORDER BY etid asc  [ RunTime:0.0028s ]
SQL: SELECT COUNT(*) AS tp_count FROM `cmf_itembank` WHERE ( eid='2014' and etid='0' ) LIMIT 1   [ RunTime:0.0027s ]
SQL: SELECT COUNT(*) AS tp_count FROM `cmf_itembank` WHERE ( eid='2014' and etid='1' ) LIMIT 1   [ RunTime:0.0026s ]
SQL: SELECT COUNT(*) AS tp_count FROM `cmf_itembank` WHERE ( eid='2014' and etid='2' ) LIMIT 1   [ RunTime:0.0027s ]
SQL: SELECT `etid` FROM `cmf_itembank` WHERE ( type='1' and eid='2013' ) ORDER BY etid asc  [ RunTime:0.0028s ]
SQL: SELECT COUNT(*) AS tp_count FROM `cmf_itembank` WHERE ( eid='2013' and etid='0' ) LIMIT 1   [ RunTime:0.0026s ]
SQL: SELECT COUNT(*) AS tp_count FROM `cmf_itembank` WHERE ( eid='2013' and etid='1' ) LIMIT 1   [ RunTime:0.0027s ]
SQL: SELECT COUNT(*) AS tp_count FROM `cmf_itembank` WHERE ( eid='2013' and etid='2' ) LIMIT 1   [ RunTime:0.0026s ]
SQL: SELECT `etid` FROM `cmf_itembank` WHERE ( type='1' and eid='2012' ) ORDER BY etid asc  [ RunTime:0.0028s ]
SQL: SELECT COUNT(*) AS tp_count FROM `cmf_itembank` WHERE ( eid='2012' and etid='0' ) LIMIT 1   [ RunTime:0.0026s ]
SQL: SELECT COUNT(*) AS tp_count FROM `cmf_itembank` WHERE ( eid='2012' and etid='1' ) LIMIT 1   [ RunTime:0.0026s ]
SQL: SELECT COUNT(*) AS tp_count FROM `cmf_itembank` WHERE ( eid='2012' and etid='2' ) LIMIT 1   [ RunTime:0.0026s ]
SQL: SELECT `etid` FROM `cmf_itembank` WHERE ( type='1' and eid='2011' ) ORDER BY etid asc  [ RunTime:0.0028s ]
SQL: SELECT COUNT(*) AS tp_count FROM `cmf_itembank` WHERE ( eid='2011' and etid='0' ) LIMIT 1   [ RunTime:0.0026s ]
SQL: SELECT COUNT(*) AS tp_count FROM `cmf_itembank` WHERE ( eid='2011' and etid='1' ) LIMIT 1   [ RunTime:0.0026s ]
SQL: SELECT COUNT(*) AS tp_count FROM `cmf_itembank` WHERE ( eid='2011' and etid='2' ) LIMIT 1   [ RunTime:0.0026s ]
SQL: SELECT `etid` FROM `cmf_itembank` WHERE ( type='1' and eid='2010' ) ORDER BY etid asc  [ RunTime:0.0028s ]
SQL: SELECT COUNT(*) AS tp_count FROM `cmf_itembank` WHERE ( eid='2010' and etid='0' ) LIMIT 1   [ RunTime:0.0026s ]
SQL: SELECT COUNT(*) AS tp_count FROM `cmf_itembank` WHERE ( eid='2010' and etid='1' ) LIMIT 1   [ RunTime:0.0026s ]
SQL: SELECT COUNT(*) AS tp_count FROM `cmf_itembank` WHERE ( eid='2010' and etid='2' ) LIMIT 1   [ RunTime:0.0026s ]

[ 2017-06-29T17:40:32+08:00 ] 115.33.36.173 /junwei/index.php?g=houtai&m=itembank&a=kzjk&callback=successCallback&_=1498729377888
INFO: [ app_begin ] --START--
INFO: Run Behavior\ReadHtmlCacheBehavior [ RunTime:0.000016s ]
INFO: Run Behavior\CheckLangBehavior [ RunTime:0.000055s ]
INFO: Run Common\Behavior\UrldecodeGetBehavior [ RunTime:0.000023s ]
INFO: [ app_begin ] --END-- [ RunTime:0.000126s ]
SQL: SHOW COLUMNS FROM `cmf_subjects` [ RunTime:0.0008s ]
SQL: SHOW COLUMNS FROM `cmf_chapter` [ RunTime:0.0007s ]
SQL: SELECT `sid`,`stitle` FROM `cmf_subjects` ORDER BY sid asc  [ RunTime:0.0005s ]
SQL: SELECT `cid`,`ctitle` FROM `cmf_chapter` WHERE ( sid='7' ) ORDER BY cid asc  [ RunTime:0.0006s ]
SQL: SELECT `cid`,`ctitle` FROM `cmf_chapter` WHERE ( sid='8' ) ORDER BY cid asc  [ RunTime:0.0005s ]
SQL: SELECT `cid`,`ctitle` FROM `cmf_chapter` WHERE ( sid='9' ) ORDER BY cid asc  [ RunTime:0.0005s ]
SQL: SELECT `cid`,`ctitle` FROM `cmf_chapter` WHERE ( sid='10' ) ORDER BY cid asc  [ RunTime:0.0005s ]
SQL: SELECT `cid`,`ctitle` FROM `cmf_chapter` WHERE ( sid='11' ) ORDER BY cid asc  [ RunTime:0.0005s ]
SQL: SELECT `cid`,`ctitle` FROM `cmf_chapter` WHERE ( sid='12' ) ORDER BY cid asc  [ RunTime:0.0005s ]
SQL: SELECT `cid`,`ctitle` FROM `cmf_chapter` WHERE ( sid='13' ) ORDER BY cid asc  [ RunTime:0.0005s ]
SQL: SELECT `cid`,`ctitle` FROM `cmf_chapter` WHERE ( sid='14' ) ORDER BY cid asc  [ RunTime:0.0005s ]
SQL: SELECT `cid`,`ctitle` FROM `cmf_chapter` WHERE ( sid='15' ) ORDER BY cid asc  [ RunTime:0.0005s ]
SQL: SELECT `cid`,`ctitle` FROM `cmf_chapter` WHERE ( sid='16' ) ORDER BY cid asc  [ RunTime:0.0005s ]
SQL: SELECT `cid`,`ctitle` FROM `cmf_chapter` WHERE ( sid='18' ) ORDER BY cid asc  [ RunTime:0.0005s ]
SQL: SELECT `cid`,`ctitle` FROM `cmf_chapter` WHERE ( sid='19' ) ORDER BY cid asc  [ RunTime:0.0005s ]
SQL: SELECT `cid`,`ctitle` FROM `cmf_chapter` WHERE ( sid='21' ) ORDER BY cid asc  [ RunTime:0.0006s ]
SQL: SELECT `cid`,`ctitle` FROM `cmf_chapter` WHERE ( sid='22' ) ORDER BY cid asc  [ RunTime:0.0005s ]
SQL: SELECT `cid`,`ctitle` FROM `cmf_chapter` WHERE ( sid='23' ) ORDER BY cid asc  [ RunTime:0.0005s ]

[ 2017-06-29T17:40:37+08:00 ] 115.33.36.173 /junwei/index.php?g=houtai&m=itembank&a=kzjk&callback=successCallback&_=1498729383040
INFO: [ app_begin ] --START--
INFO: Run Behavior\ReadHtmlCacheBehavior [ RunTime:0.000015s ]
INFO: Run Behavior\CheckLangBehavior [ RunTime:0.000050s ]
INFO: Run Common\Behavior\UrldecodeGetBehavior [ RunTime:0.000022s ]
INFO: [ app_begin ] --END-- [ RunTime:0.000118s ]
SQL: SHOW COLUMNS FROM `cmf_subjects` [ RunTime:0.0009s ]
SQL: SHOW COLUMNS FROM `cmf_chapter` [ RunTime:0.0007s ]
SQL: SELECT `sid`,`stitle` FROM `cmf_subjects` ORDER BY sid asc  [ RunTime:0.0005s ]
SQL: SELECT `cid`,`ctitle` FROM `cmf_chapter` WHERE ( sid='7' ) ORDER BY cid asc  [ RunTime:0.0006s ]
SQL: SELECT `cid`,`ctitle` FROM `cmf_chapter` WHERE ( sid='8' ) ORDER BY cid asc  [ RunTime:0.0005s ]
SQL: SELECT `cid`,`ctitle` FROM `cmf_chapter` WHERE ( sid='9' ) ORDER BY cid asc  [ RunTime:0.0005s ]
SQL: SELECT `cid`,`ctitle` FROM `cmf_chapter` WHERE ( sid='10' ) ORDER BY cid asc  [ RunTime:0.0005s ]
SQL: SELECT `cid`,`ctitle` FROM `cmf_chapter` WHERE ( sid='11' ) ORDER BY cid asc  [ RunTime:0.0005s ]
SQL: SELECT `cid`,`ctitle` FROM `cmf_chapter` WHERE ( sid='12' ) ORDER BY cid asc  [ RunTime:0.0006s ]
SQL: SELECT `cid`,`ctitle` FROM `cmf_chapter` WHERE ( sid='13' ) ORDER BY cid asc  [ RunTime:0.0005s ]
SQL: SELECT `cid`,`ctitle` FROM `cmf_chapter` WHERE ( sid='14' ) ORDER BY cid asc  [ RunTime:0.0005s ]
SQL: SELECT `cid`,`ctitle` FROM `cmf_chapter` WHERE ( sid='15' ) ORDER BY cid asc  [ RunTime:0.0005s ]
SQL: SELECT `cid`,`ctitle` FROM `cmf_chapter` WHERE ( sid='16' ) ORDER BY cid asc  [ RunTime:0.0006s ]
SQL: SELECT `cid`,`ctitle` FROM `cmf_chapter` WHERE ( sid='18' ) ORDER BY cid asc  [ RunTime:0.0006s ]
SQL: SELECT `cid`,`ctitle` FROM `cmf_chapter` WHERE ( sid='19' ) ORDER BY cid asc  [ RunTime:0.0006s ]
SQL: SELECT `cid`,`ctitle` FROM `cmf_chapter` WHERE ( sid='21' ) ORDER BY cid asc  [ RunTime:0.0006s ]
SQL: SELECT `cid`,`ctitle` FROM `cmf_chapter` WHERE ( sid='22' ) ORDER BY cid asc  [ RunTime:0.0006s ]
SQL: SELECT `cid`,`ctitle` FROM `cmf_chapter` WHERE ( sid='23' ) ORDER BY cid asc  [ RunTime:0.0006s ]

[ 2017-06-29T17:42:54+08:00 ] 115.33.36.173 /junwei/index.php?g=houtai&m=itembank&a=kzjk&callback=successCallback&_=1498729519515
INFO: [ app_begin ] --START--
INFO: Run Behavior\ReadHtmlCacheBehavior [ RunTime:0.000016s ]
INFO: Run Behavior\CheckLangBehavior [ RunTime:0.000051s ]
INFO: Run Common\Behavior\UrldecodeGetBehavior [ RunTime:0.000024s ]
INFO: [ app_begin ] --END-- [ RunTime:0.000127s ]
SQL: SHOW COLUMNS FROM `cmf_subjects` [ RunTime:0.0008s ]
SQL: SHOW COLUMNS FROM `cmf_chapter` [ RunTime:0.0006s ]
SQL: SELECT `sid`,`stitle` FROM `cmf_subjects` ORDER BY sid asc  [ RunTime:0.0005s ]
SQL: SELECT `cid`,`ctitle` FROM `cmf_chapter` WHERE ( sid='7' ) ORDER BY cid asc  [ RunTime:0.0006s ]
SQL: SELECT `cid`,`ctitle` FROM `cmf_chapter` WHERE ( sid='8' ) ORDER BY cid asc  [ RunTime:0.0005s ]
SQL: SELECT `cid`,`ctitle` FROM `cmf_chapter` WHERE ( sid='9' ) ORDER BY cid asc  [ RunTime:0.0005s ]
SQL: SELECT `cid`,`ctitle` FROM `cmf_chapter` WHERE ( sid='10' ) ORDER BY cid asc  [ RunTime:0.0005s ]
SQL: SELECT `cid`,`ctitle` FROM `cmf_chapter` WHERE ( sid='11' ) ORDER BY cid asc  [ RunTime:0.0005s ]
SQL: SELECT `cid`,`ctitle` FROM `cmf_chapter` WHERE ( sid='12' ) ORDER BY cid asc  [ RunTime:0.0005s ]
SQL: SELECT `cid`,`ctitle` FROM `cmf_chapter` WHERE ( sid='13' ) ORDER BY cid asc  [ RunTime:0.0005s ]
SQL: SELECT `cid`,`ctitle` FROM `cmf_chapter` WHERE ( sid='14' ) ORDER BY cid asc  [ RunTime:0.0005s ]
SQL: SELECT `cid`,`ctitle` FROM `cmf_chapter` WHERE ( sid='15' ) ORDER BY cid asc  [ RunTime:0.0005s ]
SQL: SELECT `cid`,`ctitle` FROM `cmf_chapter` WHERE ( sid='16' ) ORDER BY cid asc  [ RunTime:0.0006s ]
SQL: SELECT `cid`,`ctitle` FROM `cmf_chapter` WHERE ( sid='18' ) ORDER BY cid asc  [ RunTime:0.0006s ]
SQL: SELECT `cid`,`ctitle` FROM `cmf_chapter` WHERE ( sid='19' ) ORDER BY cid asc  [ RunTime:0.0005s ]
SQL: SELECT `cid`,`ctitle` FROM `cmf_chapter` WHERE ( sid='21' ) ORDER BY cid asc  [ RunTime:0.0005s ]
SQL: SELECT `cid`,`ctitle` FROM `cmf_chapter` WHERE ( sid='22' ) ORDER BY cid asc  [ RunTime:0.0006s ]
SQL: SELECT `cid`,`ctitle` FROM `cmf_chapter` WHERE ( sid='23' ) ORDER BY cid asc  [ RunTime:0.0005s ]

[ 2017-06-29T17:42:58+08:00 ] 115.33.36.173 /junwei/index.php?g=houtai&m=itembank&a=kzjk&callback=successCallback&_=1498729524263
INFO: [ app_begin ] --START--
INFO: Run Behavior\ReadHtmlCacheBehavior [ RunTime:0.000017s ]
INFO: Run Behavior\CheckLangBehavior [ RunTime:0.000054s ]
INFO: Run Common\Behavior\UrldecodeGetBehavior [ RunTime:0.000026s ]
INFO: [ app_begin ] --END-- [ RunTime:0.000134s ]
SQL: SHOW COLUMNS FROM `cmf_subjects` [ RunTime:0.0009s ]
SQL: SHOW COLUMNS FROM `cmf_chapter` [ RunTime:0.0008s ]
SQL: SELECT `sid`,`stitle` FROM `cmf_subjects` ORDER BY sid asc  [ RunTime:0.0006s ]
SQL: SELECT `cid`,`ctitle` FROM `cmf_chapter` WHERE ( sid='7' ) ORDER BY cid asc  [ RunTime:0.0007s ]
SQL: SELECT `cid`,`ctitle` FROM `cmf_chapter` WHERE ( sid='8' ) ORDER BY cid asc  [ RunTime:0.0006s ]
SQL: SELECT `cid`,`ctitle` FROM `cmf_chapter` WHERE ( sid='9' ) ORDER BY cid asc  [ RunTime:0.0006s ]
SQL: SELECT `cid`,`ctitle` FROM `cmf_chapter` WHERE ( sid='10' ) ORDER BY cid asc  [ RunTime:0.0006s ]
SQL: SELECT `cid`,`ctitle` FROM `cmf_chapter` WHERE ( sid='11' ) ORDER BY cid asc  [ RunTime:0.0006s ]
SQL: SELECT `cid`,`ctitle` FROM `cmf_chapter` WHERE ( sid='12' ) ORDER BY cid asc  [ RunTime:0.0006s ]
SQL: SELECT `cid`,`ctitle` FROM `cmf_chapter` WHERE ( sid='13' ) ORDER BY cid asc  [ RunTime:0.0006s ]
SQL: SELECT `cid`,`ctitle` FROM `cmf_chapter` WHERE ( sid='14' ) ORDER BY cid asc  [ RunTime:0.0006s ]
SQL: SELECT `cid`,`ctitle` FROM `cmf_chapter` WHERE ( sid='15' ) ORDER BY cid asc  [ RunTime:0.0006s ]
SQL: SELECT `cid`,`ctitle` FROM `cmf_chapter` WHERE ( sid='16' ) ORDER BY cid asc  [ RunTime:0.0007s ]
SQL: SELECT `cid`,`ctitle` FROM `cmf_chapter` WHERE ( sid='18' ) ORDER BY cid asc  [ RunTime:0.0007s ]
SQL: SELECT `cid`,`ctitle` FROM `cmf_chapter` WHERE ( sid='19' ) ORDER BY cid asc  [ RunTime:0.0006s ]
SQL: SELECT `cid`,`ctitle` FROM `cmf_chapter` WHERE ( sid='21' ) ORDER BY cid asc  [ RunTime:0.0006s ]
SQL: SELECT `cid`,`ctitle` FROM `cmf_chapter` WHERE ( sid='22' ) ORDER BY cid asc  [ RunTime:0.0006s ]
SQL: SELECT `cid`,`ctitle` FROM `cmf_chapter` WHERE ( sid='23' ) ORDER BY cid asc  [ RunTime:0.0007s ]

[ 2017-06-29T17:44:53+08:00 ] 115.33.36.173 /junwei/index.php?g=houtai&m=itembank&a=ztjk&callback=successCallback&_=1498729638936
INFO: [ app_begin ] --START--
INFO: Run Behavior\ReadHtmlCacheBehavior [ RunTime:0.000017s ]
INFO: Run Behavior\CheckLangBehavior [ RunTime:0.000049s ]
INFO: Run Common\Behavior\UrldecodeGetBehavior [ RunTime:0.000022s ]
INFO: [ app_begin ] --END-- [ RunTime:0.000133s ]
SQL: SHOW COLUMNS FROM `cmf_itembank` [ RunTime:0.0009s ]
SQL: SELECT `eid` FROM `cmf_itembank` WHERE ( type=1 ) ORDER BY eid desc  [ RunTime:0.0044s ]
SQL: SELECT `etid` FROM `cmf_itembank` WHERE ( type='1' and eid='2016' ) ORDER BY etid asc  [ RunTime:0.0033s ]
SQL: SELECT COUNT(*) AS tp_count FROM `cmf_itembank` WHERE ( eid='2016' and etid='0' ) LIMIT 1   [ RunTime:0.0030s ]
SQL: SELECT COUNT(*) AS tp_count FROM `cmf_itembank` WHERE ( eid='2016' and etid='1' ) LIMIT 1   [ RunTime:0.0028s ]
SQL: SELECT COUNT(*) AS tp_count FROM `cmf_itembank` WHERE ( eid='2016' and etid='2' ) LIMIT 1   [ RunTime:0.0027s ]
SQL: SELECT `etid` FROM `cmf_itembank` WHERE ( type='1' and eid='2015' ) ORDER BY etid asc  [ RunTime:0.0029s ]
SQL: SELECT COUNT(*) AS tp_count FROM `cmf_itembank` WHERE ( eid='2015' and etid='0' ) LIMIT 1   [ RunTime:0.0027s ]
SQL: SELECT COUNT(*) AS tp_count FROM `cmf_itembank` WHERE ( eid='2015' and etid='1' ) LIMIT 1   [ RunTime:0.0027s ]
SQL: SELECT COUNT(*) AS tp_count FROM `cmf_itembank` WHERE ( eid='2015' and etid='2' ) LIMIT 1   [ RunTime:0.0027s ]
SQL: SELECT `etid` FROM `cmf_itembank` WHERE ( type='1' and eid='2014' ) ORDER BY etid asc  [ RunTime:0.0029s ]
SQL: SELECT COUNT(*) AS tp_count FROM `cmf_itembank` WHERE ( eid='2014' and etid='0' ) LIMIT 1   [ RunTime:0.0028s ]
SQL: SELECT COUNT(*) AS tp_count FROM `cmf_itembank` WHERE ( eid='2014' and etid='1' ) LIMIT 1   [ RunTime:0.0027s ]
SQL: SELECT COUNT(*) AS tp_count FROM `cmf_itembank` WHERE ( eid='2014' and etid='2' ) LIMIT 1   [ RunTime:0.0027s ]
SQL: SELECT `etid` FROM `cmf_itembank` WHERE ( type='1' and eid='2013' ) ORDER BY etid asc  [ RunTime:0.0029s ]
SQL: SELECT COUNT(*) AS tp_count FROM `cmf_itembank` WHERE ( eid='2013' and etid='0' ) LIMIT 1   [ RunTime:0.0027s ]
SQL: SELECT COUNT(*) AS tp_count FROM `cmf_itembank` WHERE ( eid='2013' and etid='1' ) LIMIT 1   [ RunTime:0.0027s ]
SQL: SELECT COUNT(*) AS tp_count FROM `cmf_itembank` WHERE ( eid='2013' and etid='2' ) LIMIT 1   [ RunTime:0.0028s ]
SQL: SELECT `etid` FROM `cmf_itembank` WHERE ( type='1' and eid='2012' ) ORDER BY etid asc  [ RunTime:0.0029s ]
SQL: SELECT COUNT(*) AS tp_count FROM `cmf_itembank` WHERE ( eid='2012' and etid='0' ) LIMIT 1   [ RunTime:0.0027s ]
SQL: SELECT COUNT(*) AS tp_count FROM `cmf_itembank` WHERE ( eid='2012' and etid='1' ) LIMIT 1   [ RunTime:0.0027s ]
SQL: SELECT COUNT(*) AS tp_count FROM `cmf_itembank` WHERE ( eid='2012' and etid='2' ) LIMIT 1   [ RunTime:0.0027s ]
SQL: SELECT `etid` FROM `cmf_itembank` WHERE ( type='1' and eid='2011' ) ORDER BY etid asc  [ RunTime:0.0029s ]
SQL: SELECT COUNT(*) AS tp_count FROM `cmf_itembank` WHERE ( eid='2011' and etid='0' ) LIMIT 1   [ RunTime:0.0027s ]
SQL: SELECT COUNT(*) AS tp_count FROM `cmf_itembank` WHERE ( eid='2011' and etid='1' ) LIMIT 1   [ RunTime:0.0027s ]
SQL: SELECT COUNT(*) AS tp_count FROM `cmf_itembank` WHERE ( eid='2011' and etid='2' ) LIMIT 1   [ RunTime:0.0027s ]
SQL: SELECT `etid` FROM `cmf_itembank` WHERE ( type='1' and eid='2010' ) ORDER BY etid asc  [ RunTime:0.0029s ]
SQL: SELECT COUNT(*) AS tp_count FROM `cmf_itembank` WHERE ( eid='2010' and etid='0' ) LIMIT 1   [ RunTime:0.0028s ]
SQL: SELECT COUNT(*) AS tp_count FROM `cmf_itembank` WHERE ( eid='2010' and etid='1' ) LIMIT 1   [ RunTime:0.0027s ]
SQL: SELECT COUNT(*) AS tp_count FROM `cmf_itembank` WHERE ( eid='2010' and etid='2' ) LIMIT 1   [ RunTime:0.0027s ]

[ 2017-06-29T17:44:55+08:00 ] 115.33.36.173 /junwei/index.php?g=houtai&m=itembank&a=kzjk&callback=successCallback&_=1498729641180
INFO: [ app_begin ] --START--
INFO: Run Behavior\ReadHtmlCacheBehavior [ RunTime:0.000014s ]
INFO: Run Behavior\CheckLangBehavior [ RunTime:0.000048s ]
INFO: Run Common\Behavior\UrldecodeGetBehavior [ RunTime:0.000020s ]
INFO: [ app_begin ] --END-- [ RunTime:0.000113s ]
SQL: SHOW COLUMNS FROM `cmf_subjects` [ RunTime:0.0008s ]
SQL: SHOW COLUMNS FROM `cmf_chapter` [ RunTime:0.0006s ]
SQL: SELECT `sid`,`stitle` FROM `cmf_subjects` ORDER BY sid asc  [ RunTime:0.0005s ]
SQL: SELECT `cid`,`ctitle` FROM `cmf_chapter` WHERE ( sid='7' ) ORDER BY cid asc  [ RunTime:0.0006s ]
SQL: SELECT `cid`,`ctitle` FROM `cmf_chapter` WHERE ( sid='8' ) ORDER BY cid asc  [ RunTime:0.0005s ]
SQL: SELECT `cid`,`ctitle` FROM `cmf_chapter` WHERE ( sid='9' ) ORDER BY cid asc  [ RunTime:0.0005s ]
SQL: SELECT `cid`,`ctitle` FROM `cmf_chapter` WHERE ( sid='10' ) ORDER BY cid asc  [ RunTime:0.0005s ]
SQL: SELECT `cid`,`ctitle` FROM `cmf_chapter` WHERE ( sid='11' ) ORDER BY cid asc  [ RunTime:0.0005s ]
SQL: SELECT `cid`,`ctitle` FROM `cmf_chapter` WHERE ( sid='12' ) ORDER BY cid asc  [ RunTime:0.0005s ]
SQL: SELECT `cid`,`ctitle` FROM `cmf_chapter` WHERE ( sid='13' ) ORDER BY cid asc  [ RunTime:0.0005s ]
SQL: SELECT `cid`,`ctitle` FROM `cmf_chapter` WHERE ( sid='14' ) ORDER BY cid asc  [ RunTime:0.0005s ]
SQL: SELECT `cid`,`ctitle` FROM `cmf_chapter` WHERE ( sid='15' ) ORDER BY cid asc  [ RunTime:0.0005s ]
SQL: SELECT `cid`,`ctitle` FROM `cmf_chapter` WHERE ( sid='16' ) ORDER BY cid asc  [ RunTime:0.0005s ]
SQL: SELECT `cid`,`ctitle` FROM `cmf_chapter` WHERE ( sid='18' ) ORDER BY cid asc  [ RunTime:0.0005s ]
SQL: SELECT `cid`,`ctitle` FROM `cmf_chapter` WHERE ( sid='19' ) ORDER BY cid asc  [ RunTime:0.0005s ]
SQL: SELECT `cid`,`ctitle` FROM `cmf_chapter` WHERE ( sid='21' ) ORDER BY cid asc  [ RunTime:0.0005s ]
SQL: SELECT `cid`,`ctitle` FROM `cmf_chapter` WHERE ( sid='22' ) ORDER BY cid asc  [ RunTime:0.0005s ]
SQL: SELECT `cid`,`ctitle` FROM `cmf_chapter` WHERE ( sid='23' ) ORDER BY cid asc  [ RunTime:0.0005s ]

[ 2017-06-29T18:18:40+08:00 ] 115.33.36.173 /junwei/houtai/itembank/kmjk
ERR: 非法操作:kmjk

[ 2017-06-29T18:21:32+08:00 ] 115.33.36.173 /junwei/houtai/itembank/kmlist
ERR: syntax error, unexpected 'foreach' (T_FOREACH), expecting function (T_FUNCTION)

[ 2017-06-29T18:39:09+08:00 ] 115.33.36.173 /junwei/index.php?g=houtai&m=itembank&a=kzjk&callback=successCallback&_=1498732894583
INFO: [ app_begin ] --START--
INFO: Run Behavior\ReadHtmlCacheBehavior [ RunTime:0.000028s ]
INFO: Run Behavior\CheckLangBehavior [ RunTime:0.000050s ]
INFO: Run Common\Behavior\UrldecodeGetBehavior [ RunTime:0.000022s ]
INFO: [ app_begin ] --END-- [ RunTime:0.000133s ]
SQL: SHOW COLUMNS FROM `cmf_subjects` [ RunTime:0.0009s ]
SQL: SHOW COLUMNS FROM `cmf_chapter` [ RunTime:0.0007s ]
SQL: SELECT `sid`,`stitle` FROM `cmf_subjects` ORDER BY sid asc  [ RunTime:0.0006s ]
SQL: SELECT `cid`,`ctitle` FROM `cmf_chapter` WHERE ( sid='7' ) ORDER BY cid asc  [ RunTime:0.0006s ]
SQL: SELECT `cid`,`ctitle` FROM `cmf_chapter` WHERE ( sid='8' ) ORDER BY cid asc  [ RunTime:0.0006s ]
SQL: SELECT `cid`,`ctitle` FROM `cmf_chapter` WHERE ( sid='9' ) ORDER BY cid asc  [ RunTime:0.0006s ]
SQL: SELECT `cid`,`ctitle` FROM `cmf_chapter` WHERE ( sid='10' ) ORDER BY cid asc  [ RunTime:0.0006s ]
SQL: SELECT `cid`,`ctitle` FROM `cmf_chapter` WHERE ( sid='11' ) ORDER BY cid asc  [ RunTime:0.0006s ]
SQL: SELECT `cid`,`ctitle` FROM `cmf_chapter` WHERE ( sid='12' ) ORDER BY cid asc  [ RunTime:0.0006s ]
SQL: SELECT `cid`,`ctitle` FROM `cmf_chapter` WHERE ( sid='13' ) ORDER BY cid asc  [ RunTime:0.0006s ]
SQL: SELECT `cid`,`ctitle` FROM `cmf_chapter` WHERE ( sid='14' ) ORDER BY cid asc  [ RunTime:0.0006s ]
SQL: SELECT `cid`,`ctitle` FROM `cmf_chapter` WHERE ( sid='15' ) ORDER BY cid asc  [ RunTime:0.0006s ]
SQL: SELECT `cid`,`ctitle` FROM `cmf_chapter` WHERE ( sid='16' ) ORDER BY cid asc  [ RunTime:0.0006s ]
SQL: SELECT `cid`,`ctitle` FROM `cmf_chapter` WHERE ( sid='18' ) ORDER BY cid asc  [ RunTime:0.0006s ]
SQL: SELECT `cid`,`ctitle` FROM `cmf_chapter` WHERE ( sid='19' ) ORDER BY cid asc  [ RunTime:0.0006s ]
SQL: SELECT `cid`,`ctitle` FROM `cmf_chapter` WHERE ( sid='21' ) ORDER BY cid asc  [ RunTime:0.0006s ]
SQL: SELECT `cid`,`ctitle` FROM `cmf_chapter` WHERE ( sid='22' ) ORDER BY cid asc  [ RunTime:0.0006s ]
SQL: SELECT `cid`,`ctitle` FROM `cmf_chapter` WHERE ( sid='23' ) ORDER BY cid asc  [ RunTime:0.0006s ]

[ 2017-06-29T18:39:32+08:00 ] 115.33.36.173 /junwei/index.php?g=houtai&m=itembank&a=kzjk&callback=successCallback&_=1498732917600
INFO: [ app_begin ] --START--
INFO: Run Behavior\ReadHtmlCacheBehavior [ RunTime:0.000017s ]
INFO: Run Behavior\CheckLangBehavior [ RunTime:0.000050s ]
INFO: Run Common\Behavior\UrldecodeGetBehavior [ RunTime:0.000023s ]
INFO: [ app_begin ] --END-- [ RunTime:0.000129s ]
SQL: SHOW COLUMNS FROM `cmf_subjects` [ RunTime:0.0009s ]
SQL: SHOW COLUMNS FROM `cmf_chapter` [ RunTime:0.0007s ]
SQL: SELECT `sid`,`stitle` FROM `cmf_subjects` ORDER BY sid asc  [ RunTime:0.0006s ]
SQL: SELECT `cid`,`ctitle` FROM `cmf_chapter` WHERE ( sid='7' ) ORDER BY cid asc  [ RunTime:0.0010s ]
SQL: SELECT `cid`,`ctitle` FROM `cmf_chapter` WHERE ( sid='8' ) ORDER BY cid asc  [ RunTime:0.0006s ]
SQL: SELECT `cid`,`ctitle` FROM `cmf_chapter` WHERE ( sid='9' ) ORDER BY cid asc  [ RunTime:0.0006s ]
SQL: SELECT `cid`,`ctitle` FROM `cmf_chapter` WHERE ( sid='10' ) ORDER BY cid asc  [ RunTime:0.0006s ]
SQL: SELECT `cid`,`ctitle` FROM `cmf_chapter` WHERE ( sid='11' ) ORDER BY cid asc  [ RunTime:0.0006s ]
SQL: SELECT `cid`,`ctitle` FROM `cmf_chapter` WHERE ( sid='12' ) ORDER BY cid asc  [ RunTime:0.0008s ]
SQL: SELECT `cid`,`ctitle` FROM `cmf_chapter` WHERE ( sid='13' ) ORDER BY cid asc  [ RunTime:0.0007s ]
SQL: SELECT `cid`,`ctitle` FROM `cmf_chapter` WHERE ( sid='14' ) ORDER BY cid asc  [ RunTime:0.0007s ]
SQL: SELECT `cid`,`ctitle` FROM `cmf_chapter` WHERE ( sid='15' ) ORDER BY cid asc  [ RunTime:0.0007s ]
SQL: SELECT `cid`,`ctitle` FROM `cmf_chapter` WHERE ( sid='16' ) ORDER BY cid asc  [ RunTime:0.0006s ]
SQL: SELECT `cid`,`ctitle` FROM `cmf_chapter` WHERE ( sid='18' ) ORDER BY cid asc  [ RunTime:0.0008s ]
SQL: SELECT `cid`,`ctitle` FROM `cmf_chapter` WHERE ( sid='19' ) ORDER BY cid asc  [ RunTime:0.0006s ]
SQL: SELECT `cid`,`ctitle` FROM `cmf_chapter` WHERE ( sid='21' ) ORDER BY cid asc  [ RunTime:0.0006s ]
SQL: SELECT `cid`,`ctitle` FROM `cmf_chapter` WHERE ( sid='22' ) ORDER BY cid asc  [ RunTime:0.0006s ]
SQL: SELECT `cid`,`ctitle` FROM `cmf_chapter` WHERE ( sid='23' ) ORDER BY cid asc  [ RunTime:0.0006s ]

[ 2017-06-29T18:39:34+08:00 ] 115.33.36.173 /junwei/index.php?g=houtai&m=itembank&a=kzjk&callback=successCallback&_=1498732919758
INFO: [ app_begin ] --START--
INFO: Run Behavior\ReadHtmlCacheBehavior [ RunTime:0.000017s ]
INFO: Run Behavior\CheckLangBehavior [ RunTime:0.000051s ]
INFO: Run Common\Behavior\UrldecodeGetBehavior [ RunTime:0.000039s ]
INFO: [ app_begin ] --END-- [ RunTime:0.000143s ]
SQL: SHOW COLUMNS FROM `cmf_subjects` [ RunTime:0.0009s ]
SQL: SHOW COLUMNS FROM `cmf_chapter` [ RunTime:0.0006s ]
SQL: SELECT `sid`,`stitle` FROM `cmf_subjects` ORDER BY sid asc  [ RunTime:0.0005s ]
SQL: SELECT `cid`,`ctitle` FROM `cmf_chapter` WHERE ( sid='7' ) ORDER BY cid asc  [ RunTime:0.0006s ]
SQL: SELECT `cid`,`ctitle` FROM `cmf_chapter` WHERE ( sid='8' ) ORDER BY cid asc  [ RunTime:0.0005s ]
SQL: SELECT `cid`,`ctitle` FROM `cmf_chapter` WHERE ( sid='9' ) ORDER BY cid asc  [ RunTime:0.0005s ]
SQL: SELECT `cid`,`ctitle` FROM `cmf_chapter` WHERE ( sid='10' ) ORDER BY cid asc  [ RunTime:0.0005s ]
SQL: SELECT `cid`,`ctitle` FROM `cmf_chapter` WHERE ( sid='11' ) ORDER BY cid asc  [ RunTime:0.0005s ]
SQL: SELECT `cid`,`ctitle` FROM `cmf_chapter` WHERE ( sid='12' ) ORDER BY cid asc  [ RunTime:0.0005s ]
SQL: SELECT `cid`,`ctitle` FROM `cmf_chapter` WHERE ( sid='13' ) ORDER BY cid asc  [ RunTime:0.0005s ]
SQL: SELECT `cid`,`ctitle` FROM `cmf_chapter` WHERE ( sid='14' ) ORDER BY cid asc  [ RunTime:0.0005s ]
SQL: SELECT `cid`,`ctitle` FROM `cmf_chapter` WHERE ( sid='15' ) ORDER BY cid asc  [ RunTime:0.0005s ]
SQL: SELECT `cid`,`ctitle` FROM `cmf_chapter` WHERE ( sid='16' ) ORDER BY cid asc  [ RunTime:0.0005s ]
SQL: SELECT `cid`,`ctitle` FROM `cmf_chapter` WHERE ( sid='18' ) ORDER BY cid asc  [ RunTime:0.0005s ]
SQL: SELECT `cid`,`ctitle` FROM `cmf_chapter` WHERE ( sid='19' ) ORDER BY cid asc  [ RunTime:0.0005s ]
SQL: SELECT `cid`,`ctitle` FROM `cmf_chapter` WHERE ( sid='21' ) ORDER BY cid asc  [ RunTime:0.0005s ]
SQL: SELECT `cid`,`ctitle` FROM `cmf_chapter` WHERE ( sid='22' ) ORDER BY cid asc  [ RunTime:0.0005s ]
SQL: SELECT `cid`,`ctitle` FROM `cmf_chapter` WHERE ( sid='23' ) ORDER BY cid asc  [ RunTime:0.0005s ]

[ 2017-06-29T18:39:41+08:00 ] 115.33.36.173 /junwei/index.php?g=houtai&m=itembank&a=kzjk&callback=successCallback&_=1498732926760
INFO: [ app_begin ] --START--
INFO: Run Behavior\ReadHtmlCacheBehavior [ RunTime:0.000016s ]
INFO: Run Behavior\CheckLangBehavior [ RunTime:0.000050s ]
INFO: Run Common\Behavior\UrldecodeGetBehavior [ RunTime:0.000022s ]
INFO: [ app_begin ] --END-- [ RunTime:0.000120s ]
SQL: SHOW COLUMNS FROM `cmf_subjects` [ RunTime:0.0010s ]
SQL: SHOW COLUMNS FROM `cmf_chapter` [ RunTime:0.0008s ]
SQL: SELECT `sid`,`stitle` FROM `cmf_subjects` ORDER BY sid asc  [ RunTime:0.0006s ]
SQL: SELECT `cid`,`ctitle` FROM `cmf_chapter` WHERE ( sid='7' ) ORDER BY cid asc  [ RunTime:0.0007s ]
SQL: SELECT `cid`,`ctitle` FROM `cmf_chapter` WHERE ( sid='8' ) ORDER BY cid asc  [ RunTime:0.0006s ]
SQL: SELECT `cid`,`ctitle` FROM `cmf_chapter` WHERE ( sid='9' ) ORDER BY cid asc  [ RunTime:0.0006s ]
SQL: SELECT `cid`,`ctitle` FROM `cmf_chapter` WHERE ( sid='10' ) ORDER BY cid asc  [ RunTime:0.0006s ]
SQL: SELECT `cid`,`ctitle` FROM `cmf_chapter` WHERE ( sid='11' ) ORDER BY cid asc  [ RunTime:0.0006s ]
SQL: SELECT `cid`,`ctitle` FROM `cmf_chapter` WHERE ( sid='12' ) ORDER BY cid asc  [ RunTime:0.0006s ]
SQL: SELECT `cid`,`ctitle` FROM `cmf_chapter` WHERE ( sid='13' ) ORDER BY cid asc  [ RunTime:0.0006s ]
SQL: SELECT `cid`,`ctitle` FROM `cmf_chapter` WHERE ( sid='14' ) ORDER BY cid asc  [ RunTime:0.0006s ]
SQL: SELECT `cid`,`ctitle` FROM `cmf_chapter` WHERE ( sid='15' ) ORDER BY cid asc  [ RunTime:0.0006s ]
SQL: SELECT `cid`,`ctitle` FROM `cmf_chapter` WHERE ( sid='16' ) ORDER BY cid asc  [ RunTime:0.0007s ]
SQL: SELECT `cid`,`ctitle` FROM `cmf_chapter` WHERE ( sid='18' ) ORDER BY cid asc  [ RunTime:0.0006s ]
SQL: SELECT `cid`,`ctitle` FROM `cmf_chapter` WHERE ( sid='19' ) ORDER BY cid asc  [ RunTime:0.0007s ]
SQL: SELECT `cid`,`ctitle` FROM `cmf_chapter` WHERE ( sid='21' ) ORDER BY cid asc  [ RunTime:0.0006s ]
SQL: SELECT `cid`,`ctitle` FROM `cmf_chapter` WHERE ( sid='22' ) ORDER BY cid asc  [ RunTime:0.0006s ]
SQL: SELECT `cid`,`ctitle` FROM `cmf_chapter` WHERE ( sid='23' ) ORDER BY cid asc  [ RunTime:0.0006s ]

[ 2017-06-29T18:39:41+08:00 ] 115.33.36.173 /junwei/index.php?g=houtai&m=itembank&a=itembank&sid=23&cid=131&callback=jQuery18004448485599507942_1498732917535&_=1498732926973
INFO: [ app_begin ] --START--
INFO: Run Behavior\ReadHtmlCacheBehavior [ RunTime:0.000016s ]
INFO: Run Behavior\CheckLangBehavior [ RunTime:0.000049s ]
INFO: Run Common\Behavior\UrldecodeGetBehavior [ RunTime:0.000023s ]
INFO: [ app_begin ] --END-- [ RunTime:0.000119s ]
SQL: SHOW COLUMNS FROM `cmf_itembank` [ RunTime:0.0009s ]
SQL: SHOW COLUMNS FROM `cmf_subjects` [ RunTime:0.0007s ]
SQL: SHOW COLUMNS FROM `cmf_chapter` [ RunTime:0.0007s ]
SQL: SELECT * FROM `cmf_itembank` INNER JOIN cmf_chapter on cmf_itembank.cid = cmf_chapter.cid INNER JOIN cmf_subjects on cmf_itembank.sid = cmf_subjects.sid  WHERE ( cmf_itembank.sid='23' and cmf_itembank.cid='131' ) ORDER BY no asc  [ RunTime:0.0038s ]

[ 2017-06-29T18:39:43+08:00 ] 115.33.36.173 /junwei/index.php?g=houtai&m=itembank&a=kzjk&callback=successCallback&_=1498732929363
INFO: [ app_begin ] --START--
INFO: Run Behavior\ReadHtmlCacheBehavior [ RunTime:0.000016s ]
INFO: Run Behavior\CheckLangBehavior [ RunTime:0.000056s ]
INFO: Run Common\Behavior\UrldecodeGetBehavior [ RunTime:0.000024s ]
INFO: [ app_begin ] --END-- [ RunTime:0.000145s ]
SQL: SHOW COLUMNS FROM `cmf_subjects` [ RunTime:0.0009s ]
SQL: SHOW COLUMNS FROM `cmf_chapter` [ RunTime:0.0007s ]
SQL: SELECT `sid`,`stitle` FROM `cmf_subjects` ORDER BY sid asc  [ RunTime:0.0006s ]
SQL: SELECT `cid`,`ctitle` FROM `cmf_chapter` WHERE ( sid='7' ) ORDER BY cid asc  [ RunTime:0.0006s ]
SQL: SELECT `cid`,`ctitle` FROM `cmf_chapter` WHERE ( sid='8' ) ORDER BY cid asc  [ RunTime:0.0006s ]
SQL: SELECT `cid`,`ctitle` FROM `cmf_chapter` WHERE ( sid='9' ) ORDER BY cid asc  [ RunTime:0.0006s ]
SQL: SELECT `cid`,`ctitle` FROM `cmf_chapter` WHERE ( sid='10' ) ORDER BY cid asc  [ RunTime:0.0006s ]
SQL: SELECT `cid`,`ctitle` FROM `cmf_chapter` WHERE ( sid='11' ) ORDER BY cid asc  [ RunTime:0.0006s ]
SQL: SELECT `cid`,`ctitle` FROM `cmf_chapter` WHERE ( sid='12' ) ORDER BY cid asc  [ RunTime:0.0006s ]
SQL: SELECT `cid`,`ctitle` FROM `cmf_chapter` WHERE ( sid='13' ) ORDER BY cid asc  [ RunTime:0.0006s ]
SQL: SELECT `cid`,`ctitle` FROM `cmf_chapter` WHERE ( sid='14' ) ORDER BY cid asc  [ RunTime:0.0006s ]
SQL: SELECT `cid`,`ctitle` FROM `cmf_chapter` WHERE ( sid='15' ) ORDER BY cid asc  [ RunTime:0.0006s ]
SQL: SELECT `cid`,`ctitle` FROM `cmf_chapter` WHERE ( sid='16' ) ORDER BY cid asc  [ RunTime:0.0006s ]
SQL: SELECT `cid`,`ctitle` FROM `cmf_chapter` WHERE ( sid='18' ) ORDER BY cid asc  [ RunTime:0.0006s ]
SQL: SELECT `cid`,`ctitle` FROM `cmf_chapter` WHERE ( sid='19' ) ORDER BY cid asc  [ RunTime:0.0006s ]
SQL: SELECT `cid`,`ctitle` FROM `cmf_chapter` WHERE ( sid='21' ) ORDER BY cid asc  [ RunTime:0.0006s ]
SQL: SELECT `cid`,`ctitle` FROM `cmf_chapter` WHERE ( sid='22' ) ORDER BY cid asc  [ RunTime:0.0006s ]
SQL: SELECT `cid`,`ctitle` FROM `cmf_chapter` WHERE ( sid='23' ) ORDER BY cid asc  [ RunTime:0.0006s ]

[ 2017-06-29T18:39:44+08:00 ] 115.33.36.173 /junwei/index.php?g=houtai&m=itembank&a=itembank&sid=23&cid=130&callback=jQuery18004448485599507942_1498732917535&_=1498732929509
INFO: [ app_begin ] --START--
INFO: Run Behavior\ReadHtmlCacheBehavior [ RunTime:0.000015s ]
INFO: Run Behavior\CheckLangBehavior [ RunTime:0.000048s ]
INFO: Run Common\Behavior\UrldecodeGetBehavior [ RunTime:0.000021s ]
INFO: [ app_begin ] --END-- [ RunTime:0.000115s ]
SQL: SHOW COLUMNS FROM `cmf_itembank` [ RunTime:0.0009s ]
SQL: SHOW COLUMNS FROM `cmf_subjects` [ RunTime:0.0006s ]
SQL: SHOW COLUMNS FROM `cmf_chapter` [ RunTime:0.0006s ]
SQL: SELECT * FROM `cmf_itembank` INNER JOIN cmf_chapter on cmf_itembank.cid = cmf_chapter.cid INNER JOIN cmf_subjects on cmf_itembank.sid = cmf_subjects.sid  WHERE ( cmf_itembank.sid='23' and cmf_itembank.cid='130' ) ORDER BY no asc  [ RunTime:0.0037s ]

[ 2017-06-29T18:40:00+08:00 ] 115.33.36.173 /junwei/index.php?g=houtai&m=itembank&a=kzjk&callback=successCallback&_=1498732945981
INFO: [ app_begin ] --START--
INFO: Run Behavior\ReadHtmlCacheBehavior [ RunTime:0.000030s ]
INFO: Run Behavior\CheckLangBehavior [ RunTime:0.000054s ]
INFO: Run Common\Behavior\UrldecodeGetBehavior [ RunTime:0.000024s ]
INFO: [ app_begin ] --END-- [ RunTime:0.000146s ]
SQL: SHOW COLUMNS FROM `cmf_subjects` [ RunTime:0.0009s ]
SQL: SHOW COLUMNS FROM `cmf_chapter` [ RunTime:0.0007s ]
SQL: SELECT `sid`,`stitle` FROM `cmf_subjects` ORDER BY sid asc  [ RunTime:0.0006s ]
SQL: SELECT `cid`,`ctitle` FROM `cmf_chapter` WHERE ( sid='7' ) ORDER BY cid asc  [ RunTime:0.0006s ]
SQL: SELECT `cid`,`ctitle` FROM `cmf_chapter` WHERE ( sid='8' ) ORDER BY cid asc  [ RunTime:0.0006s ]
SQL: SELECT `cid`,`ctitle` FROM `cmf_chapter` WHERE ( sid='9' ) ORDER BY cid asc  [ RunTime:0.0006s ]
SQL: SELECT `cid`,`ctitle` FROM `cmf_chapter` WHERE ( sid='10' ) ORDER BY cid asc  [ RunTime:0.0006s ]
SQL: SELECT `cid`,`ctitle` FROM `cmf_chapter` WHERE ( sid='11' ) ORDER BY cid asc  [ RunTime:0.0006s ]
SQL: SELECT `cid`,`ctitle` FROM `cmf_chapter` WHERE ( sid='12' ) ORDER BY cid asc  [ RunTime:0.0006s ]
SQL: SELECT `cid`,`ctitle` FROM `cmf_chapter` WHERE ( sid='13' ) ORDER BY cid asc  [ RunTime:0.0006s ]
SQL: SELECT `cid`,`ctitle` FROM `cmf_chapter` WHERE ( sid='14' ) ORDER BY cid asc  [ RunTime:0.0006s ]
SQL: SELECT `cid`,`ctitle` FROM `cmf_chapter` WHERE ( sid='15' ) ORDER BY cid asc  [ RunTime:0.0006s ]
SQL: SELECT `cid`,`ctitle` FROM `cmf_chapter` WHERE ( sid='16' ) ORDER BY cid asc  [ RunTime:0.0006s ]
SQL: SELECT `cid`,`ctitle` FROM `cmf_chapter` WHERE ( sid='18' ) ORDER BY cid asc  [ RunTime:0.0006s ]
SQL: SELECT `cid`,`ctitle` FROM `cmf_chapter` WHERE ( sid='19' ) ORDER BY cid asc  [ RunTime:0.0006s ]
SQL: SELECT `cid`,`ctitle` FROM `cmf_chapter` WHERE ( sid='21' ) ORDER BY cid asc  [ RunTime:0.0006s ]
SQL: SELECT `cid`,`ctitle` FROM `cmf_chapter` WHERE ( sid='22' ) ORDER BY cid asc  [ RunTime:0.0006s ]
SQL: SELECT `cid`,`ctitle` FROM `cmf_chapter` WHERE ( sid='23' ) ORDER BY cid asc  [ RunTime:0.0006s ]

[ 2017-06-29T18:40:09+08:00 ] 115.33.36.173 /junwei/index.php?g=houtai&m=itembank&a=kzjk&callback=successCallback&_=1498732954477
INFO: [ app_begin ] --START--
INFO: Run Behavior\ReadHtmlCacheBehavior [ RunTime:0.000020s ]
INFO: Run Behavior\CheckLangBehavior [ RunTime:0.000075s ]
INFO: Run Common\Behavior\UrldecodeGetBehavior [ RunTime:0.000028s ]
INFO: [ app_begin ] --END-- [ RunTime:0.000167s ]
SQL: SHOW COLUMNS FROM `cmf_subjects` [ RunTime:0.0009s ]
SQL: SHOW COLUMNS FROM `cmf_chapter` [ RunTime:0.0006s ]
SQL: SELECT `sid`,`stitle` FROM `cmf_subjects` ORDER BY sid asc  [ RunTime:0.0005s ]
SQL: SELECT `cid`,`ctitle` FROM `cmf_chapter` WHERE ( sid='7' ) ORDER BY cid asc  [ RunTime:0.0006s ]
SQL: SELECT `cid`,`ctitle` FROM `cmf_chapter` WHERE ( sid='8' ) ORDER BY cid asc  [ RunTime:0.0005s ]
SQL: SELECT `cid`,`ctitle` FROM `cmf_chapter` WHERE ( sid='9' ) ORDER BY cid asc  [ RunTime:0.0005s ]
SQL: SELECT `cid`,`ctitle` FROM `cmf_chapter` WHERE ( sid='10' ) ORDER BY cid asc  [ RunTime:0.0005s ]
SQL: SELECT `cid`,`ctitle` FROM `cmf_chapter` WHERE ( sid='11' ) ORDER BY cid asc  [ RunTime:0.0005s ]
SQL: SELECT `cid`,`ctitle` FROM `cmf_chapter` WHERE ( sid='12' ) ORDER BY cid asc  [ RunTime:0.0005s ]
SQL: SELECT `cid`,`ctitle` FROM `cmf_chapter` WHERE ( sid='13' ) ORDER BY cid asc  [ RunTime:0.0005s ]
SQL: SELECT `cid`,`ctitle` FROM `cmf_chapter` WHERE ( sid='14' ) ORDER BY cid asc  [ RunTime:0.0005s ]
SQL: SELECT `cid`,`ctitle` FROM `cmf_chapter` WHERE ( sid='15' ) ORDER BY cid asc  [ RunTime:0.0005s ]
SQL: SELECT `cid`,`ctitle` FROM `cmf_chapter` WHERE ( sid='16' ) ORDER BY cid asc  [ RunTime:0.0006s ]
SQL: SELECT `cid`,`ctitle` FROM `cmf_chapter` WHERE ( sid='18' ) ORDER BY cid asc  [ RunTime:0.0005s ]
SQL: SELECT `cid`,`ctitle` FROM `cmf_chapter` WHERE ( sid='19' ) ORDER BY cid asc  [ RunTime:0.0005s ]
SQL: SELECT `cid`,`ctitle` FROM `cmf_chapter` WHERE ( sid='21' ) ORDER BY cid asc  [ RunTime:0.0005s ]
SQL: SELECT `cid`,`ctitle` FROM `cmf_chapter` WHERE ( sid='22' ) ORDER BY cid asc  [ RunTime:0.0005s ]
SQL: SELECT `cid`,`ctitle` FROM `cmf_chapter` WHERE ( sid='23' ) ORDER BY cid asc  [ RunTime:0.0005s ]

[ 2017-06-29T18:40:14+08:00 ] 115.33.36.173 /junwei/index.php?g=houtai&m=itembank&a=kzjk&callback=successCallback&_=1498732959824
INFO: [ app_begin ] --START--
INFO: Run Behavior\ReadHtmlCacheBehavior [ RunTime:0.000020s ]
INFO: Run Behavior\CheckLangBehavior [ RunTime:0.000060s ]
INFO: Run Common\Behavior\UrldecodeGetBehavior [ RunTime:0.000026s ]
INFO: [ app_begin ] --END-- [ RunTime:0.000146s ]
SQL: SHOW COLUMNS FROM `cmf_subjects` [ RunTime:0.0009s ]
SQL: SHOW COLUMNS FROM `cmf_chapter` [ RunTime:0.0007s ]
SQL: SELECT `sid`,`stitle` FROM `cmf_subjects` ORDER BY sid asc  [ RunTime:0.0006s ]
SQL: SELECT `cid`,`ctitle` FROM `cmf_chapter` WHERE ( sid='7' ) ORDER BY cid asc  [ RunTime:0.0006s ]
SQL: SELECT `cid`,`ctitle` FROM `cmf_chapter` WHERE ( sid='8' ) ORDER BY cid asc  [ RunTime:0.0006s ]
SQL: SELECT `cid`,`ctitle` FROM `cmf_chapter` WHERE ( sid='9' ) ORDER BY cid asc  [ RunTime:0.0006s ]
SQL: SELECT `cid`,`ctitle` FROM `cmf_chapter` WHERE ( sid='10' ) ORDER BY cid asc  [ RunTime:0.0005s ]
SQL: SELECT `cid`,`ctitle` FROM `cmf_chapter` WHERE ( sid='11' ) ORDER BY cid asc  [ RunTime:0.0005s ]
SQL: SELECT `cid`,`ctitle` FROM `cmf_chapter` WHERE ( sid='12' ) ORDER BY cid asc  [ RunTime:0.0005s ]
SQL: SELECT `cid`,`ctitle` FROM `cmf_chapter` WHERE ( sid='13' ) ORDER BY cid asc  [ RunTime:0.0005s ]
SQL: SELECT `cid`,`ctitle` FROM `cmf_chapter` WHERE ( sid='14' ) ORDER BY cid asc  [ RunTime:0.0006s ]
SQL: SELECT `cid`,`ctitle` FROM `cmf_chapter` WHERE ( sid='15' ) ORDER BY cid asc  [ RunTime:0.0006s ]
SQL: SELECT `cid`,`ctitle` FROM `cmf_chapter` WHERE ( sid='16' ) ORDER BY cid asc  [ RunTime:0.0006s ]
SQL: SELECT `cid`,`ctitle` FROM `cmf_chapter` WHERE ( sid='18' ) ORDER BY cid asc  [ RunTime:0.0006s ]
SQL: SELECT `cid`,`ctitle` FROM `cmf_chapter` WHERE ( sid='19' ) ORDER BY cid asc  [ RunTime:0.0006s ]
SQL: SELECT `cid`,`ctitle` FROM `cmf_chapter` WHERE ( sid='21' ) ORDER BY cid asc  [ RunTime:0.0006s ]
SQL: SELECT `cid`,`ctitle` FROM `cmf_chapter` WHERE ( sid='22' ) ORDER BY cid asc  [ RunTime:0.0006s ]
SQL: SELECT `cid`,`ctitle` FROM `cmf_chapter` WHERE ( sid='23' ) ORDER BY cid asc  [ RunTime:0.0006s ]

[ 2017-06-29T18:40:15+08:00 ] 115.33.36.173 /junwei/index.php?g=houtai&m=itembank&a=kzjk&callback=successCallback&_=1498732960487
INFO: [ app_begin ] --START--
INFO: Run Behavior\ReadHtmlCacheBehavior [ RunTime:0.000016s ]
INFO: Run Behavior\CheckLangBehavior [ RunTime:0.000047s ]
INFO: Run Common\Behavior\UrldecodeGetBehavior [ RunTime:0.000022s ]
INFO: [ app_begin ] --END-- [ RunTime:0.000117s ]
SQL: SHOW COLUMNS FROM `cmf_subjects` [ RunTime:0.0008s ]
SQL: SHOW COLUMNS FROM `cmf_chapter` [ RunTime:0.0006s ]
SQL: SELECT `sid`,`stitle` FROM `cmf_subjects` ORDER BY sid asc  [ RunTime:0.0005s ]
SQL: SELECT `cid`,`ctitle` FROM `cmf_chapter` WHERE ( sid='7' ) ORDER BY cid asc  [ RunTime:0.0006s ]
SQL: SELECT `cid`,`ctitle` FROM `cmf_chapter` WHERE ( sid='8' ) ORDER BY cid asc  [ RunTime:0.0005s ]
SQL: SELECT `cid`,`ctitle` FROM `cmf_chapter` WHERE ( sid='9' ) ORDER BY cid asc  [ RunTime:0.0005s ]
SQL: SELECT `cid`,`ctitle` FROM `cmf_chapter` WHERE ( sid='10' ) ORDER BY cid asc  [ RunTime:0.0005s ]
SQL: SELECT `cid`,`ctitle` FROM `cmf_chapter` WHERE ( sid='11' ) ORDER BY cid asc  [ RunTime:0.0005s ]
SQL: SELECT `cid`,`ctitle` FROM `cmf_chapter` WHERE ( sid='12' ) ORDER BY cid asc  [ RunTime:0.0005s ]
SQL: SELECT `cid`,`ctitle` FROM `cmf_chapter` WHERE ( sid='13' ) ORDER BY cid asc  [ RunTime:0.0005s ]
SQL: SELECT `cid`,`ctitle` FROM `cmf_chapter` WHERE ( sid='14' ) ORDER BY cid asc  [ RunTime:0.0005s ]
SQL: SELECT `cid`,`ctitle` FROM `cmf_chapter` WHERE ( sid='15' ) ORDER BY cid asc  [ RunTime:0.0005s ]
SQL: SELECT `cid`,`ctitle` FROM `cmf_chapter` WHERE ( sid='16' ) ORDER BY cid asc  [ RunTime:0.0005s ]
SQL: SELECT `cid`,`ctitle` FROM `cmf_chapter` WHERE ( sid='18' ) ORDER BY cid asc  [ RunTime:0.0005s ]
SQL: SELECT `cid`,`ctitle` FROM `cmf_chapter` WHERE ( sid='19' ) ORDER BY cid asc  [ RunTime:0.0005s ]
SQL: SELECT `cid`,`ctitle` FROM `cmf_chapter` WHERE ( sid='21' ) ORDER BY cid asc  [ RunTime:0.0005s ]
SQL: SELECT `cid`,`ctitle` FROM `cmf_chapter` WHERE ( sid='22' ) ORDER BY cid asc  [ RunTime:0.0005s ]
SQL: SELECT `cid`,`ctitle` FROM `cmf_chapter` WHERE ( sid='23' ) ORDER BY cid asc  [ RunTime:0.0005s ]

[ 2017-06-29T18:40:15+08:00 ] 115.33.36.173 /junwei/index.php?g=houtai&m=itembank&a=kzjk&callback=successCallback&_=1498732961076
INFO: [ app_begin ] --START--
INFO: Run Behavior\ReadHtmlCacheBehavior [ RunTime:0.000015s ]
INFO: Run Behavior\CheckLangBehavior [ RunTime:0.000048s ]
INFO: Run Common\Behavior\UrldecodeGetBehavior [ RunTime:0.000022s ]
INFO: [ app_begin ] --END-- [ RunTime:0.000117s ]
SQL: SHOW COLUMNS FROM `cmf_subjects` [ RunTime:0.0008s ]
SQL: SHOW COLUMNS FROM `cmf_chapter` [ RunTime:0.0006s ]
SQL: SELECT `sid`,`stitle` FROM `cmf_subjects` ORDER BY sid asc  [ RunTime:0.0005s ]
SQL: SELECT `cid`,`ctitle` FROM `cmf_chapter` WHERE ( sid='7' ) ORDER BY cid asc  [ RunTime:0.0005s ]
SQL: SELECT `cid`,`ctitle` FROM `cmf_chapter` WHERE ( sid='8' ) ORDER BY cid asc  [ RunTime:0.0005s ]
SQL: SELECT `cid`,`ctitle` FROM `cmf_chapter` WHERE ( sid='9' ) ORDER BY cid asc  [ RunTime:0.0005s ]
SQL: SELECT `cid`,`ctitle` FROM `cmf_chapter` WHERE ( sid='10' ) ORDER BY cid asc  [ RunTime:0.0005s ]
SQL: SELECT `cid`,`ctitle` FROM `cmf_chapter` WHERE ( sid='11' ) ORDER BY cid asc  [ RunTime:0.0005s ]
SQL: SELECT `cid`,`ctitle` FROM `cmf_chapter` WHERE ( sid='12' ) ORDER BY cid asc  [ RunTime:0.0005s ]
SQL: SELECT `cid`,`ctitle` FROM `cmf_chapter` WHERE ( sid='13' ) ORDER BY cid asc  [ RunTime:0.0005s ]
SQL: SELECT `cid`,`ctitle` FROM `cmf_chapter` WHERE ( sid='14' ) ORDER BY cid asc  [ RunTime:0.0005s ]
SQL: SELECT `cid`,`ctitle` FROM `cmf_chapter` WHERE ( sid='15' ) ORDER BY cid asc  [ RunTime:0.0005s ]
SQL: SELECT `cid`,`ctitle` FROM `cmf_chapter` WHERE ( sid='16' ) ORDER BY cid asc  [ RunTime:0.0005s ]
SQL: SELECT `cid`,`ctitle` FROM `cmf_chapter` WHERE ( sid='18' ) ORDER BY cid asc  [ RunTime:0.0005s ]
SQL: SELECT `cid`,`ctitle` FROM `cmf_chapter` WHERE ( sid='19' ) ORDER BY cid asc  [ RunTime:0.0005s ]
SQL: SELECT `cid`,`ctitle` FROM `cmf_chapter` WHERE ( sid='21' ) ORDER BY cid asc  [ RunTime:0.0005s ]
SQL: SELECT `cid`,`ctitle` FROM `cmf_chapter` WHERE ( sid='22' ) ORDER BY cid asc  [ RunTime:0.0005s ]
SQL: SELECT `cid`,`ctitle` FROM `cmf_chapter` WHERE ( sid='23' ) ORDER BY cid asc  [ RunTime:0.0005s ]

[ 2017-06-29T18:40:16+08:00 ] 115.33.36.173 /junwei/index.php?g=houtai&m=itembank&a=kzjk&callback=successCallback&_=1498732961620
INFO: [ app_begin ] --START--
INFO: Run Behavior\ReadHtmlCacheBehavior [ RunTime:0.000015s ]
INFO: Run Behavior\CheckLangBehavior [ RunTime:0.000052s ]
INFO: Run Common\Behavior\UrldecodeGetBehavior [ RunTime:0.000022s ]
INFO: [ app_begin ] --END-- [ RunTime:0.000143s ]
SQL: SHOW COLUMNS FROM `cmf_subjects` [ RunTime:0.0009s ]
SQL: SHOW COLUMNS FROM `cmf_chapter` [ RunTime:0.0007s ]
SQL: SELECT `sid`,`stitle` FROM `cmf_subjects` ORDER BY sid asc  [ RunTime:0.0005s ]
SQL: SELECT `cid`,`ctitle` FROM `cmf_chapter` WHERE ( sid='7' ) ORDER BY cid asc  [ RunTime:0.0006s ]
SQL: SELECT `cid`,`ctitle` FROM `cmf_chapter` WHERE ( sid='8' ) ORDER BY cid asc  [ RunTime:0.0005s ]
SQL: SELECT `cid`,`ctitle` FROM `cmf_chapter` WHERE ( sid='9' ) ORDER BY cid asc  [ RunTime:0.0006s ]
SQL: SELECT `cid`,`ctitle` FROM `cmf_chapter` WHERE ( sid='10' ) ORDER BY cid asc  [ RunTime:0.0005s ]
SQL: SELECT `cid`,`ctitle` FROM `cmf_chapter` WHERE ( sid='11' ) ORDER BY cid asc  [ RunTime:0.0006s ]
SQL: SELECT `cid`,`ctitle` FROM `cmf_chapter` WHERE ( sid='12' ) ORDER BY cid asc  [ RunTime:0.0005s ]
SQL: SELECT `cid`,`ctitle` FROM `cmf_chapter` WHERE ( sid='13' ) ORDER BY cid asc  [ RunTime:0.0005s ]
SQL: SELECT `cid`,`ctitle` FROM `cmf_chapter` WHERE ( sid='14' ) ORDER BY cid asc  [ RunTime:0.0005s ]
SQL: SELECT `cid`,`ctitle` FROM `cmf_chapter` WHERE ( sid='15' ) ORDER BY cid asc  [ RunTime:0.0005s ]
SQL: SELECT `cid`,`ctitle` FROM `cmf_chapter` WHERE ( sid='16' ) ORDER BY cid asc  [ RunTime:0.0006s ]
SQL: SELECT `cid`,`ctitle` FROM `cmf_chapter` WHERE ( sid='18' ) ORDER BY cid asc  [ RunTime:0.0006s ]
SQL: SELECT `cid`,`ctitle` FROM `cmf_chapter` WHERE ( sid='19' ) ORDER BY cid asc  [ RunTime:0.0006s ]
SQL: SELECT `cid`,`ctitle` FROM `cmf_chapter` WHERE ( sid='21' ) ORDER BY cid asc  [ RunTime:0.0005s ]
SQL: SELECT `cid`,`ctitle` FROM `cmf_chapter` WHERE ( sid='22' ) ORDER BY cid asc  [ RunTime:0.0005s ]
SQL: SELECT `cid`,`ctitle` FROM `cmf_chapter` WHERE ( sid='23' ) ORDER BY cid asc  [ RunTime:0.0006s ]

[ 2017-06-29T18:40:17+08:00 ] 115.33.36.173 /junwei/index.php?g=houtai&m=itembank&a=kzjk&callback=successCallback&_=1498732962466
INFO: [ app_begin ] --START--
INFO: Run Behavior\ReadHtmlCacheBehavior [ RunTime:0.000019s ]
INFO: Run Behavior\CheckLangBehavior [ RunTime:0.000055s ]
INFO: Run Common\Behavior\UrldecodeGetBehavior [ RunTime:0.000027s ]
INFO: [ app_begin ] --END-- [ RunTime:0.000156s ]
SQL: SHOW COLUMNS FROM `cmf_subjects` [ RunTime:0.0008s ]
SQL: SHOW COLUMNS FROM `cmf_chapter` [ RunTime:0.0006s ]
SQL: SELECT `sid`,`stitle` FROM `cmf_subjects` ORDER BY sid asc  [ RunTime:0.0005s ]
SQL: SELECT `cid`,`ctitle` FROM `cmf_chapter` WHERE ( sid='7' ) ORDER BY cid asc  [ RunTime:0.0005s ]
SQL: SELECT `cid`,`ctitle` FROM `cmf_chapter` WHERE ( sid='8' ) ORDER BY cid asc  [ RunTime:0.0005s ]
SQL: SELECT `cid`,`ctitle` FROM `cmf_chapter` WHERE ( sid='9' ) ORDER BY cid asc  [ RunTime:0.0005s ]
SQL: SELECT `cid`,`ctitle` FROM `cmf_chapter` WHERE ( sid='10' ) ORDER BY cid asc  [ RunTime:0.0005s ]
SQL: SELECT `cid`,`ctitle` FROM `cmf_chapter` WHERE ( sid='11' ) ORDER BY cid asc  [ RunTime:0.0005s ]
SQL: SELECT `cid`,`ctitle` FROM `cmf_chapter` WHERE ( sid='12' ) ORDER BY cid asc  [ RunTime:0.0005s ]
SQL: SELECT `cid`,`ctitle` FROM `cmf_chapter` WHERE ( sid='13' ) ORDER BY cid asc  [ RunTime:0.0005s ]
SQL: SELECT `cid`,`ctitle` FROM `cmf_chapter` WHERE ( sid='14' ) ORDER BY cid asc  [ RunTime:0.0005s ]
SQL: SELECT `cid`,`ctitle` FROM `cmf_chapter` WHERE ( sid='15' ) ORDER BY cid asc  [ RunTime:0.0005s ]
SQL: SELECT `cid`,`ctitle` FROM `cmf_chapter` WHERE ( sid='16' ) ORDER BY cid asc  [ RunTime:0.0005s ]
SQL: SELECT `cid`,`ctitle` FROM `cmf_chapter` WHERE ( sid='18' ) ORDER BY cid asc  [ RunTime:0.0005s ]
SQL: SELECT `cid`,`ctitle` FROM `cmf_chapter` WHERE ( sid='19' ) ORDER BY cid asc  [ RunTime:0.0005s ]
SQL: SELECT `cid`,`ctitle` FROM `cmf_chapter` WHERE ( sid='21' ) ORDER BY cid asc  [ RunTime:0.0005s ]
SQL: SELECT `cid`,`ctitle` FROM `cmf_chapter` WHERE ( sid='22' ) ORDER BY cid asc  [ RunTime:0.0005s ]
SQL: SELECT `cid`,`ctitle` FROM `cmf_chapter` WHERE ( sid='23' ) ORDER BY cid asc  [ RunTime:0.0005s ]

[ 2017-06-29T18:40:17+08:00 ] 115.33.36.173 /junwei/index.php?g=houtai&m=itembank&a=kzjk&callback=successCallback&_=1498732962937
INFO: [ app_begin ] --START--
INFO: Run Behavior\ReadHtmlCacheBehavior [ RunTime:0.000016s ]
INFO: Run Behavior\CheckLangBehavior [ RunTime:0.000053s ]
INFO: Run Common\Behavior\UrldecodeGetBehavior [ RunTime:0.000023s ]
INFO: [ app_begin ] --END-- [ RunTime:0.000125s ]
SQL: SHOW COLUMNS FROM `cmf_subjects` [ RunTime:0.0009s ]
SQL: SHOW COLUMNS FROM `cmf_chapter` [ RunTime:0.0007s ]
SQL: SELECT `sid`,`stitle` FROM `cmf_subjects` ORDER BY sid asc  [ RunTime:0.0005s ]
SQL: SELECT `cid`,`ctitle` FROM `cmf_chapter` WHERE ( sid='7' ) ORDER BY cid asc  [ RunTime:0.0006s ]
SQL: SELECT `cid`,`ctitle` FROM `cmf_chapter` WHERE ( sid='8' ) ORDER BY cid asc  [ RunTime:0.0005s ]
SQL: SELECT `cid`,`ctitle` FROM `cmf_chapter` WHERE ( sid='9' ) ORDER BY cid asc  [ RunTime:0.0005s ]
SQL: SELECT `cid`,`ctitle` FROM `cmf_chapter` WHERE ( sid='10' ) ORDER BY cid asc  [ RunTime:0.0005s ]
SQL: SELECT `cid`,`ctitle` FROM `cmf_chapter` WHERE ( sid='11' ) ORDER BY cid asc  [ RunTime:0.0005s ]
SQL: SELECT `cid`,`ctitle` FROM `cmf_chapter` WHERE ( sid='12' ) ORDER BY cid asc  [ RunTime:0.0013s ]
SQL: SELECT `cid`,`ctitle` FROM `cmf_chapter` WHERE ( sid='13' ) ORDER BY cid asc  [ RunTime:0.0005s ]
SQL: SELECT `cid`,`ctitle` FROM `cmf_chapter` WHERE ( sid='14' ) ORDER BY cid asc  [ RunTime:0.0005s ]
SQL: SELECT `cid`,`ctitle` FROM `cmf_chapter` WHERE ( sid='15' ) ORDER BY cid asc  [ RunTime:0.0005s ]
SQL: SELECT `cid`,`ctitle` FROM `cmf_chapter` WHERE ( sid='16' ) ORDER BY cid asc  [ RunTime:0.0006s ]
SQL: SELECT `cid`,`ctitle` FROM `cmf_chapter` WHERE ( sid='18' ) ORDER BY cid asc  [ RunTime:0.0005s ]
SQL: SELECT `cid`,`ctitle` FROM `cmf_chapter` WHERE ( sid='19' ) ORDER BY cid asc  [ RunTime:0.0005s ]
SQL: SELECT `cid`,`ctitle` FROM `cmf_chapter` WHERE ( sid='21' ) ORDER BY cid asc  [ RunTime:0.0005s ]
SQL: SELECT `cid`,`ctitle` FROM `cmf_chapter` WHERE ( sid='22' ) ORDER BY cid asc  [ RunTime:0.0005s ]
SQL: SELECT `cid`,`ctitle` FROM `cmf_chapter` WHERE ( sid='23' ) ORDER BY cid asc  [ RunTime:0.0005s ]

[ 2017-06-29T18:40:17+08:00 ] 115.33.36.173 /junwei/index.php?g=houtai&m=itembank&a=kzjk&callback=successCallback&_=1498732963340
INFO: [ app_begin ] --START--
INFO: Run Behavior\ReadHtmlCacheBehavior [ RunTime:0.000015s ]
INFO: Run Behavior\CheckLangBehavior [ RunTime:0.000047s ]
INFO: Run Common\Behavior\UrldecodeGetBehavior [ RunTime:0.000032s ]
INFO: [ app_begin ] --END-- [ RunTime:0.000127s ]
SQL: SHOW COLUMNS FROM `cmf_subjects` [ RunTime:0.0009s ]
SQL: SHOW COLUMNS FROM `cmf_chapter` [ RunTime:0.0008s ]
SQL: SELECT `sid`,`stitle` FROM `cmf_subjects` ORDER BY sid asc  [ RunTime:0.0006s ]
SQL: SELECT `cid`,`ctitle` FROM `cmf_chapter` WHERE ( sid='7' ) ORDER BY cid asc  [ RunTime:0.0007s ]
SQL: SELECT `cid`,`ctitle` FROM `cmf_chapter` WHERE ( sid='8' ) ORDER BY cid asc  [ RunTime:0.0006s ]
SQL: SELECT `cid`,`ctitle` FROM `cmf_chapter` WHERE ( sid='9' ) ORDER BY cid asc  [ RunTime:0.0006s ]
SQL: SELECT `cid`,`ctitle` FROM `cmf_chapter` WHERE ( sid='10' ) ORDER BY cid asc  [ RunTime:0.0006s ]
SQL: SELECT `cid`,`ctitle` FROM `cmf_chapter` WHERE ( sid='11' ) ORDER BY cid asc  [ RunTime:0.0007s ]
SQL: SELECT `cid`,`ctitle` FROM `cmf_chapter` WHERE ( sid='12' ) ORDER BY cid asc  [ RunTime:0.0007s ]
SQL: SELECT `cid`,`ctitle` FROM `cmf_chapter` WHERE ( sid='13' ) ORDER BY cid asc  [ RunTime:0.0007s ]
SQL: SELECT `cid`,`ctitle` FROM `cmf_chapter` WHERE ( sid='14' ) ORDER BY cid asc  [ RunTime:0.0006s ]
SQL: SELECT `cid`,`ctitle` FROM `cmf_chapter` WHERE ( sid='15' ) ORDER BY cid asc  [ RunTime:0.0006s ]
SQL: SELECT `cid`,`ctitle` FROM `cmf_chapter` WHERE ( sid='16' ) ORDER BY cid asc  [ RunTime:0.0006s ]
SQL: SELECT `cid`,`ctitle` FROM `cmf_chapter` WHERE ( sid='18' ) ORDER BY cid asc  [ RunTime:0.0006s ]
SQL: SELECT `cid`,`ctitle` FROM `cmf_chapter` WHERE ( sid='19' ) ORDER BY cid asc  [ RunTime:0.0006s ]
SQL: SELECT `cid`,`ctitle` FROM `cmf_chapter` WHERE ( sid='21' ) ORDER BY cid asc  [ RunTime:0.0006s ]
SQL: SELECT `cid`,`ctitle` FROM `cmf_chapter` WHERE ( sid='22' ) ORDER BY cid asc  [ RunTime:0.0006s ]
SQL: SELECT `cid`,`ctitle` FROM `cmf_chapter` WHERE ( sid='23' ) ORDER BY cid asc  [ RunTime:0.0006s ]

[ 2017-06-29T18:40:18+08:00 ] 115.33.36.173 /junwei/index.php?g=houtai&m=itembank&a=kzjk&callback=successCallback&_=1498732963823
INFO: [ app_begin ] --START--
INFO: Run Behavior\ReadHtmlCacheBehavior [ RunTime:0.000016s ]
INFO: Run Behavior\CheckLangBehavior [ RunTime:0.000050s ]
INFO: Run Common\Behavior\UrldecodeGetBehavior [ RunTime:0.000033s ]
INFO: [ app_begin ] --END-- [ RunTime:0.000136s ]
SQL: SHOW COLUMNS FROM `cmf_subjects` [ RunTime:0.0010s ]
SQL: SHOW COLUMNS FROM `cmf_chapter` [ RunTime:0.0008s ]
SQL: SELECT `sid`,`stitle` FROM `cmf_subjects` ORDER BY sid asc  [ RunTime:0.0006s ]
SQL: SELECT `cid`,`ctitle` FROM `cmf_chapter` WHERE ( sid='7' ) ORDER BY cid asc  [ RunTime:0.0007s ]
SQL: SELECT `cid`,`ctitle` FROM `cmf_chapter` WHERE ( sid='8' ) ORDER BY cid asc  [ RunTime:0.0006s ]
SQL: SELECT `cid`,`ctitle` FROM `cmf_chapter` WHERE ( sid='9' ) ORDER BY cid asc  [ RunTime:0.0006s ]
SQL: SELECT `cid`,`ctitle` FROM `cmf_chapter` WHERE ( sid='10' ) ORDER BY cid asc  [ RunTime:0.0006s ]
SQL: SELECT `cid`,`ctitle` FROM `cmf_chapter` WHERE ( sid='11' ) ORDER BY cid asc  [ RunTime:0.0006s ]
SQL: SELECT `cid`,`ctitle` FROM `cmf_chapter` WHERE ( sid='12' ) ORDER BY cid asc  [ RunTime:0.0006s ]
SQL: SELECT `cid`,`ctitle` FROM `cmf_chapter` WHERE ( sid='13' ) ORDER BY cid asc  [ RunTime:0.0006s ]
SQL: SELECT `cid`,`ctitle` FROM `cmf_chapter` WHERE ( sid='14' ) ORDER BY cid asc  [ RunTime:0.0006s ]
SQL: SELECT `cid`,`ctitle` FROM `cmf_chapter` WHERE ( sid='15' ) ORDER BY cid asc  [ RunTime:0.0006s ]
SQL: SELECT `cid`,`ctitle` FROM `cmf_chapter` WHERE ( sid='16' ) ORDER BY cid asc  [ RunTime:0.0007s ]
SQL: SELECT `cid`,`ctitle` FROM `cmf_chapter` WHERE ( sid='18' ) ORDER BY cid asc  [ RunTime:0.0007s ]
SQL: SELECT `cid`,`ctitle` FROM `cmf_chapter` WHERE ( sid='19' ) ORDER BY cid asc  [ RunTime:0.0007s ]
SQL: SELECT `cid`,`ctitle` FROM `cmf_chapter` WHERE ( sid='21' ) ORDER BY cid asc  [ RunTime:0.0006s ]
SQL: SELECT `cid`,`ctitle` FROM `cmf_chapter` WHERE ( sid='22' ) ORDER BY cid asc  [ RunTime:0.0006s ]
SQL: SELECT `cid`,`ctitle` FROM `cmf_chapter` WHERE ( sid='23' ) ORDER BY cid asc  [ RunTime:0.0007s ]

[ 2017-06-29T18:40:18+08:00 ] 115.33.36.173 /junwei/index.php?g=houtai&m=itembank&a=kzjk&callback=successCallback&_=1498732964232
INFO: [ app_begin ] --START--
INFO: Run Behavior\ReadHtmlCacheBehavior [ RunTime:0.000016s ]
INFO: Run Behavior\CheckLangBehavior [ RunTime:0.000048s ]
INFO: Run Common\Behavior\UrldecodeGetBehavior [ RunTime:0.000021s ]
INFO: [ app_begin ] --END-- [ RunTime:0.000119s ]
SQL: SHOW COLUMNS FROM `cmf_subjects` [ RunTime:0.0008s ]
SQL: SHOW COLUMNS FROM `cmf_chapter` [ RunTime:0.0006s ]
SQL: SELECT `sid`,`stitle` FROM `cmf_subjects` ORDER BY sid asc  [ RunTime:0.0005s ]
SQL: SELECT `cid`,`ctitle` FROM `cmf_chapter` WHERE ( sid='7' ) ORDER BY cid asc  [ RunTime:0.0006s ]
SQL: SELECT `cid`,`ctitle` FROM `cmf_chapter` WHERE ( sid='8' ) ORDER BY cid asc  [ RunTime:0.0005s ]
SQL: SELECT `cid`,`ctitle` FROM `cmf_chapter` WHERE ( sid='9' ) ORDER BY cid asc  [ RunTime:0.0005s ]
SQL: SELECT `cid`,`ctitle` FROM `cmf_chapter` WHERE ( sid='10' ) ORDER BY cid asc  [ RunTime:0.0005s ]
SQL: SELECT `cid`,`ctitle` FROM `cmf_chapter` WHERE ( sid='11' ) ORDER BY cid asc  [ RunTime:0.0005s ]
SQL: SELECT `cid`,`ctitle` FROM `cmf_chapter` WHERE ( sid='12' ) ORDER BY cid asc  [ RunTime:0.0005s ]
SQL: SELECT `cid`,`ctitle` FROM `cmf_chapter` WHERE ( sid='13' ) ORDER BY cid asc  [ RunTime:0.0006s ]
SQL: SELECT `cid`,`ctitle` FROM `cmf_chapter` WHERE ( sid='14' ) ORDER BY cid asc  [ RunTime:0.0005s ]
SQL: SELECT `cid`,`ctitle` FROM `cmf_chapter` WHERE ( sid='15' ) ORDER BY cid asc  [ RunTime:0.0005s ]
SQL: SELECT `cid`,`ctitle` FROM `cmf_chapter` WHERE ( sid='16' ) ORDER BY cid asc  [ RunTime:0.0006s ]
SQL: SELECT `cid`,`ctitle` FROM `cmf_chapter` WHERE ( sid='18' ) ORDER BY cid asc  [ RunTime:0.0006s ]
SQL: SELECT `cid`,`ctitle` FROM `cmf_chapter` WHERE ( sid='19' ) ORDER BY cid asc  [ RunTime:0.0005s ]
SQL: SELECT `cid`,`ctitle` FROM `cmf_chapter` WHERE ( sid='21' ) ORDER BY cid asc  [ RunTime:0.0005s ]
SQL: SELECT `cid`,`ctitle` FROM `cmf_chapter` WHERE ( sid='22' ) ORDER BY cid asc  [ RunTime:0.0005s ]
SQL: SELECT `cid`,`ctitle` FROM `cmf_chapter` WHERE ( sid='23' ) ORDER BY cid asc  [ RunTime:0.0005s ]

[ 2017-06-29T18:40:19+08:00 ] 115.33.36.173 /junwei/index.php?g=houtai&m=itembank&a=kzjk&callback=successCallback&_=1498732964981
INFO: [ app_begin ] --START--
INFO: Run Behavior\ReadHtmlCacheBehavior [ RunTime:0.000019s ]
INFO: Run Behavior\CheckLangBehavior [ RunTime:0.000053s ]
INFO: Run Common\Behavior\UrldecodeGetBehavior [ RunTime:0.000023s ]
INFO: [ app_begin ] --END-- [ RunTime:0.000131s ]
SQL: SHOW COLUMNS FROM `cmf_subjects` [ RunTime:0.0010s ]
SQL: SHOW COLUMNS FROM `cmf_chapter` [ RunTime:0.0007s ]
SQL: SELECT `sid`,`stitle` FROM `cmf_subjects` ORDER BY sid asc  [ RunTime:0.0006s ]
SQL: SELECT `cid`,`ctitle` FROM `cmf_chapter` WHERE ( sid='7' ) ORDER BY cid asc  [ RunTime:0.0007s ]
SQL: SELECT `cid`,`ctitle` FROM `cmf_chapter` WHERE ( sid='8' ) ORDER BY cid asc  [ RunTime:0.0006s ]
SQL: SELECT `cid`,`ctitle` FROM `cmf_chapter` WHERE ( sid='9' ) ORDER BY cid asc  [ RunTime:0.0006s ]
SQL: SELECT `cid`,`ctitle` FROM `cmf_chapter` WHERE ( sid='10' ) ORDER BY cid asc  [ RunTime:0.0006s ]
SQL: SELECT `cid`,`ctitle` FROM `cmf_chapter` WHERE ( sid='11' ) ORDER BY cid asc  [ RunTime:0.0006s ]
SQL: SELECT `cid`,`ctitle` FROM `cmf_chapter` WHERE ( sid='12' ) ORDER BY cid asc  [ RunTime:0.0006s ]
SQL: SELECT `cid`,`ctitle` FROM `cmf_chapter` WHERE ( sid='13' ) ORDER BY cid asc  [ RunTime:0.0006s ]
SQL: SELECT `cid`,`ctitle` FROM `cmf_chapter` WHERE ( sid='14' ) ORDER BY cid asc  [ RunTime:0.0006s ]
SQL: SELECT `cid`,`ctitle` FROM `cmf_chapter` WHERE ( sid='15' ) ORDER BY cid asc  [ RunTime:0.0006s ]
SQL: SELECT `cid`,`ctitle` FROM `cmf_chapter` WHERE ( sid='16' ) ORDER BY cid asc  [ RunTime:0.0006s ]
SQL: SELECT `cid`,`ctitle` FROM `cmf_chapter` WHERE ( sid='18' ) ORDER BY cid asc  [ RunTime:0.0006s ]
SQL: SELECT `cid`,`ctitle` FROM `cmf_chapter` WHERE ( sid='19' ) ORDER BY cid asc  [ RunTime:0.0006s ]
SQL: SELECT `cid`,`ctitle` FROM `cmf_chapter` WHERE ( sid='21' ) ORDER BY cid asc  [ RunTime:0.0006s ]
SQL: SELECT `cid`,`ctitle` FROM `cmf_chapter` WHERE ( sid='22' ) ORDER BY cid asc  [ RunTime:0.0006s ]
SQL: SELECT `cid`,`ctitle` FROM `cmf_chapter` WHERE ( sid='23' ) ORDER BY cid asc  [ RunTime:0.0006s ]

[ 2017-06-29T18:40:20+08:00 ] 115.33.36.173 /junwei/index.php?g=houtai&m=itembank&a=kzjk&callback=successCallback&_=1498732965767
INFO: [ app_begin ] --START--
INFO: Run Behavior\ReadHtmlCacheBehavior [ RunTime:0.000017s ]
INFO: Run Behavior\CheckLangBehavior [ RunTime:0.000053s ]
INFO: Run Common\Behavior\UrldecodeGetBehavior [ RunTime:0.000034s ]
INFO: [ app_begin ] --END-- [ RunTime:0.000143s ]
SQL: SHOW COLUMNS FROM `cmf_subjects` [ RunTime:0.0008s ]
SQL: SHOW COLUMNS FROM `cmf_chapter` [ RunTime:0.0006s ]
SQL: SELECT `sid`,`stitle` FROM `cmf_subjects` ORDER BY sid asc  [ RunTime:0.0005s ]
SQL: SELECT `cid`,`ctitle` FROM `cmf_chapter` WHERE ( sid='7' ) ORDER BY cid asc  [ RunTime:0.0006s ]
SQL: SELECT `cid`,`ctitle` FROM `cmf_chapter` WHERE ( sid='8' ) ORDER BY cid asc  [ RunTime:0.0006s ]
SQL: SELECT `cid`,`ctitle` FROM `cmf_chapter` WHERE ( sid='9' ) ORDER BY cid asc  [ RunTime:0.0005s ]
SQL: SELECT `cid`,`ctitle` FROM `cmf_chapter` WHERE ( sid='10' ) ORDER BY cid asc  [ RunTime:0.0005s ]
SQL: SELECT `cid`,`ctitle` FROM `cmf_chapter` WHERE ( sid='11' ) ORDER BY cid asc  [ RunTime:0.0005s ]
SQL: SELECT `cid`,`ctitle` FROM `cmf_chapter` WHERE ( sid='12' ) ORDER BY cid asc  [ RunTime:0.0005s ]
SQL: SELECT `cid`,`ctitle` FROM `cmf_chapter` WHERE ( sid='13' ) ORDER BY cid asc  [ RunTime:0.0005s ]
SQL: SELECT `cid`,`ctitle` FROM `cmf_chapter` WHERE ( sid='14' ) ORDER BY cid asc  [ RunTime:0.0005s ]
SQL: SELECT `cid`,`ctitle` FROM `cmf_chapter` WHERE ( sid='15' ) ORDER BY cid asc  [ RunTime:0.0005s ]
SQL: SELECT `cid`,`ctitle` FROM `cmf_chapter` WHERE ( sid='16' ) ORDER BY cid asc  [ RunTime:0.0005s ]
SQL: SELECT `cid`,`ctitle` FROM `cmf_chapter` WHERE ( sid='18' ) ORDER BY cid asc  [ RunTime:0.0005s ]
SQL: SELECT `cid`,`ctitle` FROM `cmf_chapter` WHERE ( sid='19' ) ORDER BY cid asc  [ RunTime:0.0005s ]
SQL: SELECT `cid`,`ctitle` FROM `cmf_chapter` WHERE ( sid='21' ) ORDER BY cid asc  [ RunTime:0.0005s ]
SQL: SELECT `cid`,`ctitle` FROM `cmf_chapter` WHERE ( sid='22' ) ORDER BY cid asc  [ RunTime:0.0005s ]
SQL: SELECT `cid`,`ctitle` FROM `cmf_chapter` WHERE ( sid='23' ) ORDER BY cid asc  [ RunTime:0.0005s ]

