[ 2017-07-07T09:31:39+08:00 ] 115.33.73.8 /junwei/index.php?g=houtai&m=itembank&a=ztjk&callback=successCallback&_=1499391253621
INFO: [ app_begin ] --START--
INFO: Run Behavior\ReadHtmlCacheBehavior [ RunTime:0.000017s ]
INFO: Run Behavior\CheckLangBehavior [ RunTime:0.000049s ]
INFO: Run Common\Behavior\UrldecodeGetBehavior [ RunTime:0.000022s ]
INFO: [ app_begin ] --END-- [ RunTime:0.000123s ]
SQL: SHOW COLUMNS FROM `cmf_itembank` [ RunTime:0.0009s ]
SQL: SELECT `eid` FROM `cmf_itembank` WHERE ( type=1 ) ORDER BY eid desc  [ RunTime:0.0038s ]
SQL: SELECT `etid` FROM `cmf_itembank` WHERE ( type='1' and eid='2016' ) ORDER BY etid asc  [ RunTime:0.0027s ]
SQL: SELECT COUNT(*) AS tp_count FROM `cmf_itembank` WHERE ( eid='2016' and etid='0' ) LIMIT 1   [ RunTime:0.0024s ]
SQL: SELECT COUNT(*) AS tp_count FROM `cmf_itembank` WHERE ( eid='2016' and etid='1' ) LIMIT 1   [ RunTime:0.0023s ]
SQL: SELECT COUNT(*) AS tp_count FROM `cmf_itembank` WHERE ( eid='2016' and etid='2' ) LIMIT 1   [ RunTime:0.0023s ]
SQL: SELECT `etid` FROM `cmf_itembank` WHERE ( type='1' and eid='2015' ) ORDER BY etid asc  [ RunTime:0.0024s ]
SQL: SELECT COUNT(*) AS tp_count FROM `cmf_itembank` WHERE ( eid='2015' and etid='0' ) LIMIT 1   [ RunTime:0.0022s ]
SQL: SELECT COUNT(*) AS tp_count FROM `cmf_itembank` WHERE ( eid='2015' and etid='1' ) LIMIT 1   [ RunTime:0.0022s ]
SQL: SELECT COUNT(*) AS tp_count FROM `cmf_itembank` WHERE ( eid='2015' and etid='2' ) LIMIT 1   [ RunTime:0.0022s ]
SQL: SELECT `etid` FROM `cmf_itembank` WHERE ( type='1' and eid='2014' ) ORDER BY etid asc  [ RunTime:0.0024s ]
SQL: SELECT COUNT(*) AS tp_count FROM `cmf_itembank` WHERE ( eid='2014' and etid='0' ) LIMIT 1   [ RunTime:0.0023s ]
SQL: SELECT COUNT(*) AS tp_count FROM `cmf_itembank` WHERE ( eid='2014' and etid='1' ) LIMIT 1   [ RunTime:0.0022s ]
SQL: SELECT COUNT(*) AS tp_count FROM `cmf_itembank` WHERE ( eid='2014' and etid='2' ) LIMIT 1   [ RunTime:0.0022s ]
SQL: SELECT `etid` FROM `cmf_itembank` WHERE ( type='1' and eid='2013' ) ORDER BY etid asc  [ RunTime:0.0024s ]
SQL: SELECT COUNT(*) AS tp_count FROM `cmf_itembank` WHERE ( eid='2013' and etid='0' ) LIMIT 1   [ RunTime:0.0023s ]
SQL: SELECT COUNT(*) AS tp_count FROM `cmf_itembank` WHERE ( eid='2013' and etid='1' ) LIMIT 1   [ RunTime:0.0022s ]
SQL: SELECT COUNT(*) AS tp_count FROM `cmf_itembank` WHERE ( eid='2013' and etid='2' ) LIMIT 1   [ RunTime:0.0023s ]
SQL: SELECT `etid` FROM `cmf_itembank` WHERE ( type='1' and eid='2012' ) ORDER BY etid asc  [ RunTime:0.0025s ]
SQL: SELECT COUNT(*) AS tp_count FROM `cmf_itembank` WHERE ( eid='2012' and etid='0' ) LIMIT 1   [ RunTime:0.0023s ]
SQL: SELECT COUNT(*) AS tp_count FROM `cmf_itembank` WHERE ( eid='2012' and etid='1' ) LIMIT 1   [ RunTime:0.0023s ]
SQL: SELECT COUNT(*) AS tp_count FROM `cmf_itembank` WHERE ( eid='2012' and etid='2' ) LIMIT 1   [ RunTime:0.0022s ]
SQL: SELECT `etid` FROM `cmf_itembank` WHERE ( type='1' and eid='2011' ) ORDER BY etid asc  [ RunTime:0.0024s ]
SQL: SELECT COUNT(*) AS tp_count FROM `cmf_itembank` WHERE ( eid='2011' and etid='0' ) LIMIT 1   [ RunTime:0.0023s ]
SQL: SELECT COUNT(*) AS tp_count FROM `cmf_itembank` WHERE ( eid='2011' and etid='1' ) LIMIT 1   [ RunTime:0.0022s ]
SQL: SELECT COUNT(*) AS tp_count FROM `cmf_itembank` WHERE ( eid='2011' and etid='2' ) LIMIT 1   [ RunTime:0.0023s ]
SQL: SELECT `etid` FROM `cmf_itembank` WHERE ( type='1' and eid='2010' ) ORDER BY etid asc  [ RunTime:0.0024s ]
SQL: SELECT COUNT(*) AS tp_count FROM `cmf_itembank` WHERE ( eid='2010' and etid='0' ) LIMIT 1   [ RunTime:0.0023s ]
SQL: SELECT COUNT(*) AS tp_count FROM `cmf_itembank` WHERE ( eid='2010' and etid='1' ) LIMIT 1   [ RunTime:0.0022s ]
SQL: SELECT COUNT(*) AS tp_count FROM `cmf_itembank` WHERE ( eid='2010' and etid='2' ) LIMIT 1   [ RunTime:0.0022s ]

[ 2017-07-07T09:31:41+08:00 ] 115.33.73.8 /junwei/index.php?g=houtai&m=itembank&a=ztjk&callback=successCallback&_=1499391255618
INFO: [ app_begin ] --START--
INFO: Run Behavior\ReadHtmlCacheBehavior [ RunTime:0.000015s ]
INFO: Run Behavior\CheckLangBehavior [ RunTime:0.000050s ]
INFO: Run Common\Behavior\UrldecodeGetBehavior [ RunTime:0.000021s ]
INFO: [ app_begin ] --END-- [ RunTime:0.000117s ]
SQL: SHOW COLUMNS FROM `cmf_itembank` [ RunTime:0.0010s ]
SQL: SELECT `eid` FROM `cmf_itembank` WHERE ( type=1 ) ORDER BY eid desc  [ RunTime:0.0041s ]
SQL: SELECT `etid` FROM `cmf_itembank` WHERE ( type='1' and eid='2016' ) ORDER BY etid asc  [ RunTime:0.0028s ]
SQL: SELECT COUNT(*) AS tp_count FROM `cmf_itembank` WHERE ( eid='2016' and etid='0' ) LIMIT 1   [ RunTime:0.0025s ]
SQL: SELECT COUNT(*) AS tp_count FROM `cmf_itembank` WHERE ( eid='2016' and etid='1' ) LIMIT 1   [ RunTime:0.0025s ]
SQL: SELECT COUNT(*) AS tp_count FROM `cmf_itembank` WHERE ( eid='2016' and etid='2' ) LIMIT 1   [ RunTime:0.0024s ]
SQL: SELECT `etid` FROM `cmf_itembank` WHERE ( type='1' and eid='2015' ) ORDER BY etid asc  [ RunTime:0.0026s ]
SQL: SELECT COUNT(*) AS tp_count FROM `cmf_itembank` WHERE ( eid='2015' and etid='0' ) LIMIT 1   [ RunTime:0.0024s ]
SQL: SELECT COUNT(*) AS tp_count FROM `cmf_itembank` WHERE ( eid='2015' and etid='1' ) LIMIT 1   [ RunTime:0.0024s ]
SQL: SELECT COUNT(*) AS tp_count FROM `cmf_itembank` WHERE ( eid='2015' and etid='2' ) LIMIT 1   [ RunTime:0.0025s ]
SQL: SELECT `etid` FROM `cmf_itembank` WHERE ( type='1' and eid='2014' ) ORDER BY etid asc  [ RunTime:0.0026s ]
SQL: SELECT COUNT(*) AS tp_count FROM `cmf_itembank` WHERE ( eid='2014' and etid='0' ) LIMIT 1   [ RunTime:0.0024s ]
SQL: SELECT COUNT(*) AS tp_count FROM `cmf_itembank` WHERE ( eid='2014' and etid='1' ) LIMIT 1   [ RunTime:0.0024s ]
SQL: SELECT COUNT(*) AS tp_count FROM `cmf_itembank` WHERE ( eid='2014' and etid='2' ) LIMIT 1   [ RunTime:0.0024s ]
SQL: SELECT `etid` FROM `cmf_itembank` WHERE ( type='1' and eid='2013' ) ORDER BY etid asc  [ RunTime:0.0026s ]
SQL: SELECT COUNT(*) AS tp_count FROM `cmf_itembank` WHERE ( eid='2013' and etid='0' ) LIMIT 1   [ RunTime:0.0024s ]
SQL: SELECT COUNT(*) AS tp_count FROM `cmf_itembank` WHERE ( eid='2013' and etid='1' ) LIMIT 1   [ RunTime:0.0024s ]
SQL: SELECT COUNT(*) AS tp_count FROM `cmf_itembank` WHERE ( eid='2013' and etid='2' ) LIMIT 1   [ RunTime:0.0024s ]
SQL: SELECT `etid` FROM `cmf_itembank` WHERE ( type='1' and eid='2012' ) ORDER BY etid asc  [ RunTime:0.0026s ]
SQL: SELECT COUNT(*) AS tp_count FROM `cmf_itembank` WHERE ( eid='2012' and etid='0' ) LIMIT 1   [ RunTime:0.0024s ]
SQL: SELECT COUNT(*) AS tp_count FROM `cmf_itembank` WHERE ( eid='2012' and etid='1' ) LIMIT 1   [ RunTime:0.0024s ]
SQL: SELECT COUNT(*) AS tp_count FROM `cmf_itembank` WHERE ( eid='2012' and etid='2' ) LIMIT 1   [ RunTime:0.0024s ]
SQL: SELECT `etid` FROM `cmf_itembank` WHERE ( type='1' and eid='2011' ) ORDER BY etid asc  [ RunTime:0.0025s ]
SQL: SELECT COUNT(*) AS tp_count FROM `cmf_itembank` WHERE ( eid='2011' and etid='0' ) LIMIT 1   [ RunTime:0.0024s ]
SQL: SELECT COUNT(*) AS tp_count FROM `cmf_itembank` WHERE ( eid='2011' and etid='1' ) LIMIT 1   [ RunTime:0.0024s ]
SQL: SELECT COUNT(*) AS tp_count FROM `cmf_itembank` WHERE ( eid='2011' and etid='2' ) LIMIT 1   [ RunTime:0.0024s ]
SQL: SELECT `etid` FROM `cmf_itembank` WHERE ( type='1' and eid='2010' ) ORDER BY etid asc  [ RunTime:0.0026s ]
SQL: SELECT COUNT(*) AS tp_count FROM `cmf_itembank` WHERE ( eid='2010' and etid='0' ) LIMIT 1   [ RunTime:0.0024s ]
SQL: SELECT COUNT(*) AS tp_count FROM `cmf_itembank` WHERE ( eid='2010' and etid='1' ) LIMIT 1   [ RunTime:0.0024s ]
SQL: SELECT COUNT(*) AS tp_count FROM `cmf_itembank` WHERE ( eid='2010' and etid='2' ) LIMIT 1   [ RunTime:0.0024s ]

[ 2017-07-07T09:31:42+08:00 ] 115.33.73.8 /junwei/index.php?g=houtai&m=itembank&a=ztjk&callback=successCallback&_=1499391256551
INFO: [ app_begin ] --START--
INFO: Run Behavior\ReadHtmlCacheBehavior [ RunTime:0.000016s ]
INFO: Run Behavior\CheckLangBehavior [ RunTime:0.000053s ]
INFO: Run Common\Behavior\UrldecodeGetBehavior [ RunTime:0.000022s ]
INFO: [ app_begin ] --END-- [ RunTime:0.000123s ]
SQL: SHOW COLUMNS FROM `cmf_itembank` [ RunTime:0.0009s ]
SQL: SELECT `eid` FROM `cmf_itembank` WHERE ( type=1 ) ORDER BY eid desc  [ RunTime:0.0041s ]
SQL: SELECT `etid` FROM `cmf_itembank` WHERE ( type='1' and eid='2016' ) ORDER BY etid asc  [ RunTime:0.0027s ]
SQL: SELECT COUNT(*) AS tp_count FROM `cmf_itembank` WHERE ( eid='2016' and etid='0' ) LIMIT 1   [ RunTime:0.0025s ]
SQL: SELECT COUNT(*) AS tp_count FROM `cmf_itembank` WHERE ( eid='2016' and etid='1' ) LIMIT 1   [ RunTime:0.0024s ]
SQL: SELECT COUNT(*) AS tp_count FROM `cmf_itembank` WHERE ( eid='2016' and etid='2' ) LIMIT 1   [ RunTime:0.0024s ]
SQL: SELECT `etid` FROM `cmf_itembank` WHERE ( type='1' and eid='2015' ) ORDER BY etid asc  [ RunTime:0.0025s ]
SQL: SELECT COUNT(*) AS tp_count FROM `cmf_itembank` WHERE ( eid='2015' and etid='0' ) LIMIT 1   [ RunTime:0.0024s ]
SQL: SELECT COUNT(*) AS tp_count FROM `cmf_itembank` WHERE ( eid='2015' and etid='1' ) LIMIT 1   [ RunTime:0.0024s ]
SQL: SELECT COUNT(*) AS tp_count FROM `cmf_itembank` WHERE ( eid='2015' and etid='2' ) LIMIT 1   [ RunTime:0.0024s ]
SQL: SELECT `etid` FROM `cmf_itembank` WHERE ( type='1' and eid='2014' ) ORDER BY etid asc  [ RunTime:0.0025s ]
SQL: SELECT COUNT(*) AS tp_count FROM `cmf_itembank` WHERE ( eid='2014' and etid='0' ) LIMIT 1   [ RunTime:0.0024s ]
SQL: SELECT COUNT(*) AS tp_count FROM `cmf_itembank` WHERE ( eid='2014' and etid='1' ) LIMIT 1   [ RunTime:0.0024s ]
SQL: SELECT COUNT(*) AS tp_count FROM `cmf_itembank` WHERE ( eid='2014' and etid='2' ) LIMIT 1   [ RunTime:0.0025s ]
SQL: SELECT `etid` FROM `cmf_itembank` WHERE ( type='1' and eid='2013' ) ORDER BY etid asc  [ RunTime:0.0026s ]
SQL: SELECT COUNT(*) AS tp_count FROM `cmf_itembank` WHERE ( eid='2013' and etid='0' ) LIMIT 1   [ RunTime:0.0024s ]
SQL: SELECT COUNT(*) AS tp_count FROM `cmf_itembank` WHERE ( eid='2013' and etid='1' ) LIMIT 1   [ RunTime:0.0025s ]
SQL: SELECT COUNT(*) AS tp_count FROM `cmf_itembank` WHERE ( eid='2013' and etid='2' ) LIMIT 1   [ RunTime:0.0024s ]
SQL: SELECT `etid` FROM `cmf_itembank` WHERE ( type='1' and eid='2012' ) ORDER BY etid asc  [ RunTime:0.0026s ]
SQL: SELECT COUNT(*) AS tp_count FROM `cmf_itembank` WHERE ( eid='2012' and etid='0' ) LIMIT 1   [ RunTime:0.0024s ]
SQL: SELECT COUNT(*) AS tp_count FROM `cmf_itembank` WHERE ( eid='2012' and etid='1' ) LIMIT 1   [ RunTime:0.0024s ]
SQL: SELECT COUNT(*) AS tp_count FROM `cmf_itembank` WHERE ( eid='2012' and etid='2' ) LIMIT 1   [ RunTime:0.0025s ]
SQL: SELECT `etid` FROM `cmf_itembank` WHERE ( type='1' and eid='2011' ) ORDER BY etid asc  [ RunTime:0.0026s ]
SQL: SELECT COUNT(*) AS tp_count FROM `cmf_itembank` WHERE ( eid='2011' and etid='0' ) LIMIT 1   [ RunTime:0.0024s ]
SQL: SELECT COUNT(*) AS tp_count FROM `cmf_itembank` WHERE ( eid='2011' and etid='1' ) LIMIT 1   [ RunTime:0.0025s ]
SQL: SELECT COUNT(*) AS tp_count FROM `cmf_itembank` WHERE ( eid='2011' and etid='2' ) LIMIT 1   [ RunTime:0.0024s ]
SQL: SELECT `etid` FROM `cmf_itembank` WHERE ( type='1' and eid='2010' ) ORDER BY etid asc  [ RunTime:0.0026s ]
SQL: SELECT COUNT(*) AS tp_count FROM `cmf_itembank` WHERE ( eid='2010' and etid='0' ) LIMIT 1   [ RunTime:0.0025s ]
SQL: SELECT COUNT(*) AS tp_count FROM `cmf_itembank` WHERE ( eid='2010' and etid='1' ) LIMIT 1   [ RunTime:0.0024s ]
SQL: SELECT COUNT(*) AS tp_count FROM `cmf_itembank` WHERE ( eid='2010' and etid='2' ) LIMIT 1   [ RunTime:0.0025s ]

[ 2017-07-07T09:31:43+08:00 ] 115.33.73.8 /junwei/index.php?g=houtai&m=itembank&a=trueitembank&eid=2016&etid=0&callback=jQuery1800655644190439442_1499391253558&_=1499391256713
INFO: [ app_begin ] --START--
INFO: Run Behavior\ReadHtmlCacheBehavior [ RunTime:0.000016s ]
INFO: Run Behavior\CheckLangBehavior [ RunTime:0.000051s ]
INFO: Run Common\Behavior\UrldecodeGetBehavior [ RunTime:0.000045s ]
INFO: [ app_begin ] --END-- [ RunTime:0.000148s ]
SQL: SHOW COLUMNS FROM `cmf_itembank` [ RunTime:0.0010s ]
SQL: SELECT * FROM `cmf_itembank` WHERE ( eid='2016' and etid='0' ) ORDER BY no asc  [ RunTime:0.0055s ]

[ 2017-07-07T09:31:44+08:00 ] 115.33.73.8 /junwei/index.php?g=houtai&m=itembank&a=trueitembank&eid=2016&etid=0&callback=jQuery1800655644190439442_1499391253560&_=1499391256725
INFO: [ app_begin ] --START--
INFO: Run Behavior\ReadHtmlCacheBehavior [ RunTime:0.000013s ]
INFO: Run Behavior\CheckLangBehavior [ RunTime:0.000039s ]
INFO: Run Common\Behavior\UrldecodeGetBehavior [ RunTime:0.000018s ]
INFO: [ app_begin ] --END-- [ RunTime:0.000100s ]
SQL: SHOW COLUMNS FROM `cmf_itembank` [ RunTime:0.0010s ]
SQL: SELECT * FROM `cmf_itembank` WHERE ( eid='2016' and etid='0' ) ORDER BY no asc  [ RunTime:0.0054s ]

[ 2017-07-07T09:31:44+08:00 ] 115.33.73.8 /junwei/index.php?g=houtai&m=itembank&a=trueitembank&eid=2016&etid=0&callback=jQuery1800655644190439442_1499391253559&_=1499391256721
INFO: [ app_begin ] --START--
INFO: Run Behavior\ReadHtmlCacheBehavior [ RunTime:0.000014s ]
INFO: Run Behavior\CheckLangBehavior [ RunTime:0.000040s ]
INFO: Run Common\Behavior\UrldecodeGetBehavior [ RunTime:0.000026s ]
INFO: [ app_begin ] --END-- [ RunTime:0.000117s ]
SQL: SHOW COLUMNS FROM `cmf_itembank` [ RunTime:0.0009s ]
SQL: SELECT * FROM `cmf_itembank` WHERE ( eid='2016' and etid='0' ) ORDER BY no asc  [ RunTime:0.0052s ]

[ 2017-07-07T09:31:45+08:00 ] 115.33.73.8 /junwei/index.php?g=houtai&m=itembank&a=trueitembank&eid=2016&etid=0&callback=jQuery1800655644190439442_1499391253563&_=1499391256734
INFO: [ app_begin ] --START--
INFO: Run Behavior\ReadHtmlCacheBehavior [ RunTime:0.000015s ]
INFO: Run Behavior\CheckLangBehavior [ RunTime:0.000041s ]
INFO: Run Common\Behavior\UrldecodeGetBehavior [ RunTime:0.000025s ]
INFO: [ app_begin ] --END-- [ RunTime:0.000111s ]
SQL: SHOW COLUMNS FROM `cmf_itembank` [ RunTime:0.0009s ]
SQL: SELECT * FROM `cmf_itembank` WHERE ( eid='2016' and etid='0' ) ORDER BY no asc  [ RunTime:0.0055s ]

[ 2017-07-07T09:31:46+08:00 ] 115.33.73.8 /junwei/index.php?g=houtai&m=itembank&a=trueitembank&eid=2016&etid=0&callback=jQuery1800655644190439442_1499391253564&_=1499391256736
INFO: [ app_begin ] --START--
INFO: Run Behavior\ReadHtmlCacheBehavior [ RunTime:0.000017s ]
INFO: Run Behavior\CheckLangBehavior [ RunTime:0.000051s ]
INFO: Run Common\Behavior\UrldecodeGetBehavior [ RunTime:0.000022s ]
INFO: [ app_begin ] --END-- [ RunTime:0.000121s ]
SQL: SHOW COLUMNS FROM `cmf_itembank` [ RunTime:0.0008s ]
SQL: SELECT * FROM `cmf_itembank` WHERE ( eid='2016' and etid='0' ) ORDER BY no asc  [ RunTime:0.0046s ]

[ 2017-07-07T09:31:46+08:00 ] 115.33.73.8 /junwei/index.php?g=houtai&m=itembank&a=trueitembank&eid=2016&etid=0&callback=jQuery1800655644190439442_1499391253561&_=1499391256730
INFO: [ app_begin ] --START--
INFO: Run Behavior\ReadHtmlCacheBehavior [ RunTime:0.000024s ]
INFO: Run Behavior\CheckLangBehavior [ RunTime:0.000049s ]
INFO: Run Common\Behavior\UrldecodeGetBehavior [ RunTime:0.000024s ]
INFO: [ app_begin ] --END-- [ RunTime:0.000152s ]
SQL: SHOW COLUMNS FROM `cmf_itembank` [ RunTime:0.0010s ]
SQL: SELECT * FROM `cmf_itembank` WHERE ( eid='2016' and etid='0' ) ORDER BY no asc  [ RunTime:0.0057s ]

[ 2017-07-07T09:31:47+08:00 ] 115.33.73.8 /junwei/index.php?g=houtai&m=itembank&a=trueitembank&eid=2016&etid=0&callback=jQuery1800655644190439442_1499391253562&_=1499391256732
INFO: [ app_begin ] --START--
INFO: Run Behavior\ReadHtmlCacheBehavior [ RunTime:0.000018s ]
INFO: Run Behavior\CheckLangBehavior [ RunTime:0.000072s ]
INFO: Run Common\Behavior\UrldecodeGetBehavior [ RunTime:0.000044s ]
INFO: [ app_begin ] --END-- [ RunTime:0.000180s ]
SQL: SHOW COLUMNS FROM `cmf_itembank` [ RunTime:0.0009s ]
SQL: SELECT * FROM `cmf_itembank` WHERE ( eid='2016' and etid='0' ) ORDER BY no asc  [ RunTime:0.0053s ]

[ 2017-07-07T09:31:56+08:00 ] 115.33.73.8 /junwei/index.php?g=houtai&m=itembank&a=ztjk&callback=successCallback&_=1499391270365
INFO: [ app_begin ] --START--
INFO: Run Behavior\ReadHtmlCacheBehavior [ RunTime:0.000017s ]
INFO: Run Behavior\CheckLangBehavior [ RunTime:0.000069s ]
INFO: Run Common\Behavior\UrldecodeGetBehavior [ RunTime:0.000025s ]
INFO: [ app_begin ] --END-- [ RunTime:0.000150s ]
SQL: SHOW COLUMNS FROM `cmf_itembank` [ RunTime:0.0010s ]
SQL: SELECT `eid` FROM `cmf_itembank` WHERE ( type=1 ) ORDER BY eid desc  [ RunTime:0.0041s ]
SQL: SELECT `etid` FROM `cmf_itembank` WHERE ( type='1' and eid='2016' ) ORDER BY etid asc  [ RunTime:0.0029s ]
SQL: SELECT COUNT(*) AS tp_count FROM `cmf_itembank` WHERE ( eid='2016' and etid='0' ) LIMIT 1   [ RunTime:0.0025s ]
SQL: SELECT COUNT(*) AS tp_count FROM `cmf_itembank` WHERE ( eid='2016' and etid='1' ) LIMIT 1   [ RunTime:0.0024s ]
SQL: SELECT COUNT(*) AS tp_count FROM `cmf_itembank` WHERE ( eid='2016' and etid='2' ) LIMIT 1   [ RunTime:0.0026s ]
SQL: SELECT `etid` FROM `cmf_itembank` WHERE ( type='1' and eid='2015' ) ORDER BY etid asc  [ RunTime:0.0028s ]
SQL: SELECT COUNT(*) AS tp_count FROM `cmf_itembank` WHERE ( eid='2015' and etid='0' ) LIMIT 1   [ RunTime:0.0025s ]
SQL: SELECT COUNT(*) AS tp_count FROM `cmf_itembank` WHERE ( eid='2015' and etid='1' ) LIMIT 1   [ RunTime:0.0024s ]
SQL: SELECT COUNT(*) AS tp_count FROM `cmf_itembank` WHERE ( eid='2015' and etid='2' ) LIMIT 1   [ RunTime:0.0024s ]
SQL: SELECT `etid` FROM `cmf_itembank` WHERE ( type='1' and eid='2014' ) ORDER BY etid asc  [ RunTime:0.0026s ]
SQL: SELECT COUNT(*) AS tp_count FROM `cmf_itembank` WHERE ( eid='2014' and etid='0' ) LIMIT 1   [ RunTime:0.0025s ]
SQL: SELECT COUNT(*) AS tp_count FROM `cmf_itembank` WHERE ( eid='2014' and etid='1' ) LIMIT 1   [ RunTime:0.0024s ]
SQL: SELECT COUNT(*) AS tp_count FROM `cmf_itembank` WHERE ( eid='2014' and etid='2' ) LIMIT 1   [ RunTime:0.0024s ]
SQL: SELECT `etid` FROM `cmf_itembank` WHERE ( type='1' and eid='2013' ) ORDER BY etid asc  [ RunTime:0.0027s ]
SQL: SELECT COUNT(*) AS tp_count FROM `cmf_itembank` WHERE ( eid='2013' and etid='0' ) LIMIT 1   [ RunTime:0.0025s ]
SQL: SELECT COUNT(*) AS tp_count FROM `cmf_itembank` WHERE ( eid='2013' and etid='1' ) LIMIT 1   [ RunTime:0.0025s ]
SQL: SELECT COUNT(*) AS tp_count FROM `cmf_itembank` WHERE ( eid='2013' and etid='2' ) LIMIT 1   [ RunTime:0.0025s ]
SQL: SELECT `etid` FROM `cmf_itembank` WHERE ( type='1' and eid='2012' ) ORDER BY etid asc  [ RunTime:0.0027s ]
SQL: SELECT COUNT(*) AS tp_count FROM `cmf_itembank` WHERE ( eid='2012' and etid='0' ) LIMIT 1   [ RunTime:0.0025s ]
SQL: SELECT COUNT(*) AS tp_count FROM `cmf_itembank` WHERE ( eid='2012' and etid='1' ) LIMIT 1   [ RunTime:0.0025s ]
SQL: SELECT COUNT(*) AS tp_count FROM `cmf_itembank` WHERE ( eid='2012' and etid='2' ) LIMIT 1   [ RunTime:0.0025s ]
SQL: SELECT `etid` FROM `cmf_itembank` WHERE ( type='1' and eid='2011' ) ORDER BY etid asc  [ RunTime:0.0027s ]
SQL: SELECT COUNT(*) AS tp_count FROM `cmf_itembank` WHERE ( eid='2011' and etid='0' ) LIMIT 1   [ RunTime:0.0025s ]
SQL: SELECT COUNT(*) AS tp_count FROM `cmf_itembank` WHERE ( eid='2011' and etid='1' ) LIMIT 1   [ RunTime:0.0025s ]
SQL: SELECT COUNT(*) AS tp_count FROM `cmf_itembank` WHERE ( eid='2011' and etid='2' ) LIMIT 1   [ RunTime:0.0024s ]
SQL: SELECT `etid` FROM `cmf_itembank` WHERE ( type='1' and eid='2010' ) ORDER BY etid asc  [ RunTime:0.0027s ]
SQL: SELECT COUNT(*) AS tp_count FROM `cmf_itembank` WHERE ( eid='2010' and etid='0' ) LIMIT 1   [ RunTime:0.0024s ]
SQL: SELECT COUNT(*) AS tp_count FROM `cmf_itembank` WHERE ( eid='2010' and etid='1' ) LIMIT 1   [ RunTime:0.0024s ]
SQL: SELECT COUNT(*) AS tp_count FROM `cmf_itembank` WHERE ( eid='2010' and etid='2' ) LIMIT 1   [ RunTime:0.0024s ]

[ 2017-07-07T09:31:58+08:00 ] 115.33.73.8 /junwei/index.php?g=houtai&m=itembank&a=ztjk&callback=successCallback&_=1499391272328
INFO: [ app_begin ] --START--
INFO: Run Behavior\ReadHtmlCacheBehavior [ RunTime:0.000015s ]
INFO: Run Behavior\CheckLangBehavior [ RunTime:0.000049s ]
INFO: Run Common\Behavior\UrldecodeGetBehavior [ RunTime:0.000021s ]
INFO: [ app_begin ] --END-- [ RunTime:0.000115s ]
SQL: SHOW COLUMNS FROM `cmf_itembank` [ RunTime:0.0011s ]
SQL: SELECT `eid` FROM `cmf_itembank` WHERE ( type=1 ) ORDER BY eid desc  [ RunTime:0.0044s ]
SQL: SELECT `etid` FROM `cmf_itembank` WHERE ( type='1' and eid='2016' ) ORDER BY etid asc  [ RunTime:0.0030s ]
SQL: SELECT COUNT(*) AS tp_count FROM `cmf_itembank` WHERE ( eid='2016' and etid='0' ) LIMIT 1   [ RunTime:0.0026s ]
SQL: SELECT COUNT(*) AS tp_count FROM `cmf_itembank` WHERE ( eid='2016' and etid='1' ) LIMIT 1   [ RunTime:0.0026s ]
SQL: SELECT COUNT(*) AS tp_count FROM `cmf_itembank` WHERE ( eid='2016' and etid='2' ) LIMIT 1   [ RunTime:0.0027s ]
SQL: SELECT `etid` FROM `cmf_itembank` WHERE ( type='1' and eid='2015' ) ORDER BY etid asc  [ RunTime:0.0027s ]
SQL: SELECT COUNT(*) AS tp_count FROM `cmf_itembank` WHERE ( eid='2015' and etid='0' ) LIMIT 1   [ RunTime:0.0025s ]
SQL: SELECT COUNT(*) AS tp_count FROM `cmf_itembank` WHERE ( eid='2015' and etid='1' ) LIMIT 1   [ RunTime:0.0025s ]
SQL: SELECT COUNT(*) AS tp_count FROM `cmf_itembank` WHERE ( eid='2015' and etid='2' ) LIMIT 1   [ RunTime:0.0025s ]
SQL: SELECT `etid` FROM `cmf_itembank` WHERE ( type='1' and eid='2014' ) ORDER BY etid asc  [ RunTime:0.0026s ]
SQL: SELECT COUNT(*) AS tp_count FROM `cmf_itembank` WHERE ( eid='2014' and etid='0' ) LIMIT 1   [ RunTime:0.0025s ]
SQL: SELECT COUNT(*) AS tp_count FROM `cmf_itembank` WHERE ( eid='2014' and etid='1' ) LIMIT 1   [ RunTime:0.0025s ]
SQL: SELECT COUNT(*) AS tp_count FROM `cmf_itembank` WHERE ( eid='2014' and etid='2' ) LIMIT 1   [ RunTime:0.0024s ]
SQL: SELECT `etid` FROM `cmf_itembank` WHERE ( type='1' and eid='2013' ) ORDER BY etid asc  [ RunTime:0.0026s ]
SQL: SELECT COUNT(*) AS tp_count FROM `cmf_itembank` WHERE ( eid='2013' and etid='0' ) LIMIT 1   [ RunTime:0.0025s ]
SQL: SELECT COUNT(*) AS tp_count FROM `cmf_itembank` WHERE ( eid='2013' and etid='1' ) LIMIT 1   [ RunTime:0.0025s ]
SQL: SELECT COUNT(*) AS tp_count FROM `cmf_itembank` WHERE ( eid='2013' and etid='2' ) LIMIT 1   [ RunTime:0.0024s ]
SQL: SELECT `etid` FROM `cmf_itembank` WHERE ( type='1' and eid='2012' ) ORDER BY etid asc  [ RunTime:0.0026s ]
SQL: SELECT COUNT(*) AS tp_count FROM `cmf_itembank` WHERE ( eid='2012' and etid='0' ) LIMIT 1   [ RunTime:0.0025s ]
SQL: SELECT COUNT(*) AS tp_count FROM `cmf_itembank` WHERE ( eid='2012' and etid='1' ) LIMIT 1   [ RunTime:0.0025s ]
SQL: SELECT COUNT(*) AS tp_count FROM `cmf_itembank` WHERE ( eid='2012' and etid='2' ) LIMIT 1   [ RunTime:0.0025s ]
SQL: SELECT `etid` FROM `cmf_itembank` WHERE ( type='1' and eid='2011' ) ORDER BY etid asc  [ RunTime:0.0026s ]
SQL: SELECT COUNT(*) AS tp_count FROM `cmf_itembank` WHERE ( eid='2011' and etid='0' ) LIMIT 1   [ RunTime:0.0025s ]
SQL: SELECT COUNT(*) AS tp_count FROM `cmf_itembank` WHERE ( eid='2011' and etid='1' ) LIMIT 1   [ RunTime:0.0025s ]
SQL: SELECT COUNT(*) AS tp_count FROM `cmf_itembank` WHERE ( eid='2011' and etid='2' ) LIMIT 1   [ RunTime:0.0025s ]
SQL: SELECT `etid` FROM `cmf_itembank` WHERE ( type='1' and eid='2010' ) ORDER BY etid asc  [ RunTime:0.0026s ]
SQL: SELECT COUNT(*) AS tp_count FROM `cmf_itembank` WHERE ( eid='2010' and etid='0' ) LIMIT 1   [ RunTime:0.0025s ]
SQL: SELECT COUNT(*) AS tp_count FROM `cmf_itembank` WHERE ( eid='2010' and etid='1' ) LIMIT 1   [ RunTime:0.0025s ]
SQL: SELECT COUNT(*) AS tp_count FROM `cmf_itembank` WHERE ( eid='2010' and etid='2' ) LIMIT 1   [ RunTime:0.0025s ]

[ 2017-07-07T09:31:59+08:00 ] 115.33.73.8 /junwei/index.php?g=houtai&m=itembank&a=ztjk&callback=successCallback&_=1499391273325
INFO: [ app_begin ] --START--
INFO: Run Behavior\ReadHtmlCacheBehavior [ RunTime:0.000017s ]
INFO: Run Behavior\CheckLangBehavior [ RunTime:0.000065s ]
INFO: Run Common\Behavior\UrldecodeGetBehavior [ RunTime:0.000035s ]
INFO: [ app_begin ] --END-- [ RunTime:0.000162s ]
SQL: SHOW COLUMNS FROM `cmf_itembank` [ RunTime:0.0010s ]
SQL: SELECT `eid` FROM `cmf_itembank` WHERE ( type=1 ) ORDER BY eid desc  [ RunTime:0.0041s ]
SQL: SELECT `etid` FROM `cmf_itembank` WHERE ( type='1' and eid='2016' ) ORDER BY etid asc  [ RunTime:0.0028s ]
SQL: SELECT COUNT(*) AS tp_count FROM `cmf_itembank` WHERE ( eid='2016' and etid='0' ) LIMIT 1   [ RunTime:0.0025s ]
SQL: SELECT COUNT(*) AS tp_count FROM `cmf_itembank` WHERE ( eid='2016' and etid='1' ) LIMIT 1   [ RunTime:0.0024s ]
SQL: SELECT COUNT(*) AS tp_count FROM `cmf_itembank` WHERE ( eid='2016' and etid='2' ) LIMIT 1   [ RunTime:0.0024s ]
SQL: SELECT `etid` FROM `cmf_itembank` WHERE ( type='1' and eid='2015' ) ORDER BY etid asc  [ RunTime:0.0026s ]
SQL: SELECT COUNT(*) AS tp_count FROM `cmf_itembank` WHERE ( eid='2015' and etid='0' ) LIMIT 1   [ RunTime:0.0024s ]
SQL: SELECT COUNT(*) AS tp_count FROM `cmf_itembank` WHERE ( eid='2015' and etid='1' ) LIMIT 1   [ RunTime:0.0024s ]
SQL: SELECT COUNT(*) AS tp_count FROM `cmf_itembank` WHERE ( eid='2015' and etid='2' ) LIMIT 1   [ RunTime:0.0024s ]
SQL: SELECT `etid` FROM `cmf_itembank` WHERE ( type='1' and eid='2014' ) ORDER BY etid asc  [ RunTime:0.0026s ]
SQL: SELECT COUNT(*) AS tp_count FROM `cmf_itembank` WHERE ( eid='2014' and etid='0' ) LIMIT 1   [ RunTime:0.0024s ]
SQL: SELECT COUNT(*) AS tp_count FROM `cmf_itembank` WHERE ( eid='2014' and etid='1' ) LIMIT 1   [ RunTime:0.0024s ]
SQL: SELECT COUNT(*) AS tp_count FROM `cmf_itembank` WHERE ( eid='2014' and etid='2' ) LIMIT 1   [ RunTime:0.0025s ]
SQL: SELECT `etid` FROM `cmf_itembank` WHERE ( type='1' and eid='2013' ) ORDER BY etid asc  [ RunTime:0.0026s ]
SQL: SELECT COUNT(*) AS tp_count FROM `cmf_itembank` WHERE ( eid='2013' and etid='0' ) LIMIT 1   [ RunTime:0.0024s ]
SQL: SELECT COUNT(*) AS tp_count FROM `cmf_itembank` WHERE ( eid='2013' and etid='1' ) LIMIT 1   [ RunTime:0.0024s ]
SQL: SELECT COUNT(*) AS tp_count FROM `cmf_itembank` WHERE ( eid='2013' and etid='2' ) LIMIT 1   [ RunTime:0.0024s ]
SQL: SELECT `etid` FROM `cmf_itembank` WHERE ( type='1' and eid='2012' ) ORDER BY etid asc  [ RunTime:0.0027s ]
SQL: SELECT COUNT(*) AS tp_count FROM `cmf_itembank` WHERE ( eid='2012' and etid='0' ) LIMIT 1   [ RunTime:0.0024s ]
SQL: SELECT COUNT(*) AS tp_count FROM `cmf_itembank` WHERE ( eid='2012' and etid='1' ) LIMIT 1   [ RunTime:0.0024s ]
SQL: SELECT COUNT(*) AS tp_count FROM `cmf_itembank` WHERE ( eid='2012' and etid='2' ) LIMIT 1   [ RunTime:0.0024s ]
SQL: SELECT `etid` FROM `cmf_itembank` WHERE ( type='1' and eid='2011' ) ORDER BY etid asc  [ RunTime:0.0026s ]
SQL: SELECT COUNT(*) AS tp_count FROM `cmf_itembank` WHERE ( eid='2011' and etid='0' ) LIMIT 1   [ RunTime:0.0024s ]
SQL: SELECT COUNT(*) AS tp_count FROM `cmf_itembank` WHERE ( eid='2011' and etid='1' ) LIMIT 1   [ RunTime:0.0024s ]
SQL: SELECT COUNT(*) AS tp_count FROM `cmf_itembank` WHERE ( eid='2011' and etid='2' ) LIMIT 1   [ RunTime:0.0024s ]
SQL: SELECT `etid` FROM `cmf_itembank` WHERE ( type='1' and eid='2010' ) ORDER BY etid asc  [ RunTime:0.0026s ]
SQL: SELECT COUNT(*) AS tp_count FROM `cmf_itembank` WHERE ( eid='2010' and etid='0' ) LIMIT 1   [ RunTime:0.0024s ]
SQL: SELECT COUNT(*) AS tp_count FROM `cmf_itembank` WHERE ( eid='2010' and etid='1' ) LIMIT 1   [ RunTime:0.0025s ]
SQL: SELECT COUNT(*) AS tp_count FROM `cmf_itembank` WHERE ( eid='2010' and etid='2' ) LIMIT 1   [ RunTime:0.0023s ]

[ 2017-07-07T09:31:59+08:00 ] 115.33.73.8 /junwei/index.php?g=houtai&m=itembank&a=trueitembank&eid=2016&etid=0&callback=jQuery18005184010400108429_1499391270300&_=1499391273465
INFO: [ app_begin ] --START--
INFO: Run Behavior\ReadHtmlCacheBehavior [ RunTime:0.000017s ]
INFO: Run Behavior\CheckLangBehavior [ RunTime:0.000049s ]
INFO: Run Common\Behavior\UrldecodeGetBehavior [ RunTime:0.000024s ]
INFO: [ app_begin ] --END-- [ RunTime:0.000124s ]
SQL: SHOW COLUMNS FROM `cmf_itembank` [ RunTime:0.0009s ]
SQL: SELECT * FROM `cmf_itembank` WHERE ( eid='2016' and etid='0' ) ORDER BY no asc  [ RunTime:0.0050s ]

[ 2017-07-07T09:32:00+08:00 ] 115.33.73.8 /junwei/index.php?g=houtai&m=itembank&a=trueitembank&eid=2016&etid=0&callback=jQuery18005184010400108429_1499391270302&_=1499391273469
INFO: [ app_begin ] --START--
INFO: Run Behavior\ReadHtmlCacheBehavior [ RunTime:0.000013s ]
INFO: Run Behavior\CheckLangBehavior [ RunTime:0.000043s ]
INFO: Run Common\Behavior\UrldecodeGetBehavior [ RunTime:0.000018s ]
INFO: [ app_begin ] --END-- [ RunTime:0.000106s ]
SQL: SHOW COLUMNS FROM `cmf_itembank` [ RunTime:0.0009s ]
SQL: SELECT * FROM `cmf_itembank` WHERE ( eid='2016' and etid='0' ) ORDER BY no asc  [ RunTime:0.0053s ]

[ 2017-07-07T09:32:00+08:00 ] 115.33.73.8 /junwei/index.php?g=houtai&m=itembank&a=trueitembank&eid=2016&etid=0&callback=jQuery18005184010400108429_1499391270305&_=1499391273472
INFO: [ app_begin ] --START--
INFO: Run Behavior\ReadHtmlCacheBehavior [ RunTime:0.000014s ]
INFO: Run Behavior\CheckLangBehavior [ RunTime:0.000038s ]
INFO: Run Common\Behavior\UrldecodeGetBehavior [ RunTime:0.000028s ]
INFO: [ app_begin ] --END-- [ RunTime:0.000110s ]
SQL: SHOW COLUMNS FROM `cmf_itembank` [ RunTime:0.0010s ]
SQL: SELECT * FROM `cmf_itembank` WHERE ( eid='2016' and etid='0' ) ORDER BY no asc  [ RunTime:0.0062s ]

[ 2017-07-07T09:32:01+08:00 ] 115.33.73.8 /junwei/index.php?g=houtai&m=itembank&a=trueitembank&eid=2016&etid=0&callback=jQuery18005184010400108429_1499391270304&_=1499391273471
INFO: [ app_begin ] --START--
INFO: Run Behavior\ReadHtmlCacheBehavior [ RunTime:0.000025s ]
INFO: Run Behavior\CheckLangBehavior [ RunTime:0.000056s ]
INFO: Run Common\Behavior\UrldecodeGetBehavior [ RunTime:0.000019s ]
INFO: [ app_begin ] --END-- [ RunTime:0.000133s ]
SQL: SHOW COLUMNS FROM `cmf_itembank` [ RunTime:0.0010s ]
SQL: SELECT * FROM `cmf_itembank` WHERE ( eid='2016' and etid='0' ) ORDER BY no asc  [ RunTime:0.0052s ]

[ 2017-07-07T09:32:02+08:00 ] 115.33.73.8 /junwei/index.php?g=houtai&m=itembank&a=trueitembank&eid=2016&etid=0&callback=jQuery18005184010400108429_1499391270306&_=1499391273474
INFO: [ app_begin ] --START--
INFO: Run Behavior\ReadHtmlCacheBehavior [ RunTime:0.000018s ]
INFO: Run Behavior\CheckLangBehavior [ RunTime:0.000054s ]
INFO: Run Common\Behavior\UrldecodeGetBehavior [ RunTime:0.000023s ]
INFO: [ app_begin ] --END-- [ RunTime:0.000137s ]
SQL: SHOW COLUMNS FROM `cmf_itembank` [ RunTime:0.0009s ]
SQL: SELECT * FROM `cmf_itembank` WHERE ( eid='2016' and etid='0' ) ORDER BY no asc  [ RunTime:0.0055s ]

[ 2017-07-07T09:32:02+08:00 ] 115.33.73.8 /junwei/index.php?g=houtai&m=itembank&a=trueitembank&eid=2016&etid=0&callback=jQuery18005184010400108429_1499391270301&_=1499391273467
INFO: [ app_begin ] --START--
INFO: Run Behavior\ReadHtmlCacheBehavior [ RunTime:0.000024s ]
INFO: Run Behavior\CheckLangBehavior [ RunTime:0.000108s ]
INFO: Run Common\Behavior\UrldecodeGetBehavior [ RunTime:0.000027s ]
INFO: [ app_begin ] --END-- [ RunTime:0.000215s ]
SQL: SHOW COLUMNS FROM `cmf_itembank` [ RunTime:0.0009s ]
SQL: SELECT * FROM `cmf_itembank` WHERE ( eid='2016' and etid='0' ) ORDER BY no asc  [ RunTime:0.0053s ]

[ 2017-07-07T09:32:03+08:00 ] 115.33.73.8 /junwei/index.php?g=houtai&m=itembank&a=trueitembank&eid=2016&etid=0&callback=jQuery18005184010400108429_1499391270303&_=1499391273470
INFO: [ app_begin ] --START--
INFO: Run Behavior\ReadHtmlCacheBehavior [ RunTime:0.000017s ]
INFO: Run Behavior\CheckLangBehavior [ RunTime:0.000051s ]
INFO: Run Common\Behavior\UrldecodeGetBehavior [ RunTime:0.000022s ]
INFO: [ app_begin ] --END-- [ RunTime:0.000123s ]
SQL: SHOW COLUMNS FROM `cmf_itembank` [ RunTime:0.0009s ]
SQL: SELECT * FROM `cmf_itembank` WHERE ( eid='2016' and etid='0' ) ORDER BY no asc  [ RunTime:0.0050s ]

