[ 2017-06-12T08:54:49+08:00 ] 115.33.48.151 /junwei/index.php?g=houtai&m=itembank&a=kzjk&callback=successCallback&_=1497228874639
INFO: [ app_begin ] --START--
INFO: Run Behavior\ReadHtmlCacheBehavior [ RunTime:0.000019s ]
INFO: Run Behavior\CheckLangBehavior [ RunTime:0.000055s ]
INFO: Run Common\Behavior\UrldecodeGetBehavior [ RunTime:0.000032s ]
INFO: [ app_begin ] --END-- [ RunTime:0.000145s ]
SQL: SHOW COLUMNS FROM `cmf_subjects` [ RunTime:0.0009s ]
SQL: SHOW COLUMNS FROM `cmf_chapter` [ RunTime:0.0007s ]
SQL: SELECT `sid`,`stitle` FROM `cmf_subjects` ORDER BY sid asc  [ RunTime:0.0005s ]
SQL: SELECT `cid`,`ctitle` FROM `cmf_chapter` WHERE ( sid='7' ) ORDER BY cid asc  [ RunTime:0.0006s ]
SQL: SELECT `cid`,`ctitle` FROM `cmf_chapter` WHERE ( sid='8' ) ORDER BY cid asc  [ RunTime:0.0005s ]
SQL: SELECT `cid`,`ctitle` FROM `cmf_chapter` WHERE ( sid='9' ) ORDER BY cid asc  [ RunTime:0.0006s ]
SQL: SELECT `cid`,`ctitle` FROM `cmf_chapter` WHERE ( sid='10' ) ORDER BY cid asc  [ RunTime:0.0007s ]
SQL: SELECT `cid`,`ctitle` FROM `cmf_chapter` WHERE ( sid='11' ) ORDER BY cid asc  [ RunTime:0.0006s ]
SQL: SELECT `cid`,`ctitle` FROM `cmf_chapter` WHERE ( sid='12' ) ORDER BY cid asc  [ RunTime:0.0008s ]
SQL: SELECT `cid`,`ctitle` FROM `cmf_chapter` WHERE ( sid='13' ) ORDER BY cid asc  [ RunTime:0.0009s ]
SQL: SELECT `cid`,`ctitle` FROM `cmf_chapter` WHERE ( sid='14' ) ORDER BY cid asc  [ RunTime:0.0006s ]
SQL: SELECT `cid`,`ctitle` FROM `cmf_chapter` WHERE ( sid='15' ) ORDER BY cid asc  [ RunTime:0.0005s ]
SQL: SELECT `cid`,`ctitle` FROM `cmf_chapter` WHERE ( sid='16' ) ORDER BY cid asc  [ RunTime:0.0006s ]
SQL: SELECT `cid`,`ctitle` FROM `cmf_chapter` WHERE ( sid='18' ) ORDER BY cid asc  [ RunTime:0.0006s ]
SQL: SELECT `cid`,`ctitle` FROM `cmf_chapter` WHERE ( sid='19' ) ORDER BY cid asc  [ RunTime:0.0006s ]
SQL: SELECT `cid`,`ctitle` FROM `cmf_chapter` WHERE ( sid='21' ) ORDER BY cid asc  [ RunTime:0.0005s ]
SQL: SELECT `cid`,`ctitle` FROM `cmf_chapter` WHERE ( sid='22' ) ORDER BY cid asc  [ RunTime:0.0006s ]
SQL: SELECT `cid`,`ctitle` FROM `cmf_chapter` WHERE ( sid='23' ) ORDER BY cid asc  [ RunTime:0.0006s ]

[ 2017-06-12T09:41:09+08:00 ] 115.33.48.151 /junwei/index.php?g=houtai&m=itembank&a=kzjk&callback=successCallback&_=1497231799954
INFO: [ app_begin ] --START--
INFO: Run Behavior\ReadHtmlCacheBehavior [ RunTime:0.000020s ]
INFO: Run Behavior\CheckLangBehavior [ RunTime:0.000056s ]
INFO: Run Common\Behavior\UrldecodeGetBehavior [ RunTime:0.000034s ]
INFO: [ app_begin ] --END-- [ RunTime:0.000149s ]
SQL: SHOW COLUMNS FROM `cmf_subjects` [ RunTime:0.0009s ]
SQL: SHOW COLUMNS FROM `cmf_chapter` [ RunTime:0.0007s ]
SQL: SELECT `sid`,`stitle` FROM `cmf_subjects` ORDER BY sid asc  [ RunTime:0.0005s ]
SQL: SELECT `cid`,`ctitle` FROM `cmf_chapter` WHERE ( sid='7' ) ORDER BY cid asc  [ RunTime:0.0006s ]
SQL: SELECT `cid`,`ctitle` FROM `cmf_chapter` WHERE ( sid='8' ) ORDER BY cid asc  [ RunTime:0.0006s ]
SQL: SELECT `cid`,`ctitle` FROM `cmf_chapter` WHERE ( sid='9' ) ORDER BY cid asc  [ RunTime:0.0005s ]
SQL: SELECT `cid`,`ctitle` FROM `cmf_chapter` WHERE ( sid='10' ) ORDER BY cid asc  [ RunTime:0.0006s ]
SQL: SELECT `cid`,`ctitle` FROM `cmf_chapter` WHERE ( sid='11' ) ORDER BY cid asc  [ RunTime:0.0005s ]
SQL: SELECT `cid`,`ctitle` FROM `cmf_chapter` WHERE ( sid='12' ) ORDER BY cid asc  [ RunTime:0.0005s ]
SQL: SELECT `cid`,`ctitle` FROM `cmf_chapter` WHERE ( sid='13' ) ORDER BY cid asc  [ RunTime:0.0005s ]
SQL: SELECT `cid`,`ctitle` FROM `cmf_chapter` WHERE ( sid='14' ) ORDER BY cid asc  [ RunTime:0.0005s ]
SQL: SELECT `cid`,`ctitle` FROM `cmf_chapter` WHERE ( sid='15' ) ORDER BY cid asc  [ RunTime:0.0005s ]
SQL: SELECT `cid`,`ctitle` FROM `cmf_chapter` WHERE ( sid='16' ) ORDER BY cid asc  [ RunTime:0.0006s ]
SQL: SELECT `cid`,`ctitle` FROM `cmf_chapter` WHERE ( sid='18' ) ORDER BY cid asc  [ RunTime:0.0005s ]
SQL: SELECT `cid`,`ctitle` FROM `cmf_chapter` WHERE ( sid='19' ) ORDER BY cid asc  [ RunTime:0.0005s ]
SQL: SELECT `cid`,`ctitle` FROM `cmf_chapter` WHERE ( sid='21' ) ORDER BY cid asc  [ RunTime:0.0005s ]
SQL: SELECT `cid`,`ctitle` FROM `cmf_chapter` WHERE ( sid='22' ) ORDER BY cid asc  [ RunTime:0.0005s ]
SQL: SELECT `cid`,`ctitle` FROM `cmf_chapter` WHERE ( sid='23' ) ORDER BY cid asc  [ RunTime:0.0005s ]

[ 2017-06-12T09:41:11+08:00 ] 115.33.48.151 /junwei/index.php?g=houtai&m=itembank&a=kzjk&callback=successCallback&_=1497231801345
INFO: [ app_begin ] --START--
INFO: Run Behavior\ReadHtmlCacheBehavior [ RunTime:0.000016s ]
INFO: Run Behavior\CheckLangBehavior [ RunTime:0.000050s ]
INFO: Run Common\Behavior\UrldecodeGetBehavior [ RunTime:0.000022s ]
INFO: [ app_begin ] --END-- [ RunTime:0.000121s ]
SQL: SHOW COLUMNS FROM `cmf_subjects` [ RunTime:0.0009s ]
SQL: SHOW COLUMNS FROM `cmf_chapter` [ RunTime:0.0007s ]
SQL: SELECT `sid`,`stitle` FROM `cmf_subjects` ORDER BY sid asc  [ RunTime:0.0006s ]
SQL: SELECT `cid`,`ctitle` FROM `cmf_chapter` WHERE ( sid='7' ) ORDER BY cid asc  [ RunTime:0.0007s ]
SQL: SELECT `cid`,`ctitle` FROM `cmf_chapter` WHERE ( sid='8' ) ORDER BY cid asc  [ RunTime:0.0006s ]
SQL: SELECT `cid`,`ctitle` FROM `cmf_chapter` WHERE ( sid='9' ) ORDER BY cid asc  [ RunTime:0.0006s ]
SQL: SELECT `cid`,`ctitle` FROM `cmf_chapter` WHERE ( sid='10' ) ORDER BY cid asc  [ RunTime:0.0006s ]
SQL: SELECT `cid`,`ctitle` FROM `cmf_chapter` WHERE ( sid='11' ) ORDER BY cid asc  [ RunTime:0.0006s ]
SQL: SELECT `cid`,`ctitle` FROM `cmf_chapter` WHERE ( sid='12' ) ORDER BY cid asc  [ RunTime:0.0006s ]
SQL: SELECT `cid`,`ctitle` FROM `cmf_chapter` WHERE ( sid='13' ) ORDER BY cid asc  [ RunTime:0.0006s ]
SQL: SELECT `cid`,`ctitle` FROM `cmf_chapter` WHERE ( sid='14' ) ORDER BY cid asc  [ RunTime:0.0006s ]
SQL: SELECT `cid`,`ctitle` FROM `cmf_chapter` WHERE ( sid='15' ) ORDER BY cid asc  [ RunTime:0.0006s ]
SQL: SELECT `cid`,`ctitle` FROM `cmf_chapter` WHERE ( sid='16' ) ORDER BY cid asc  [ RunTime:0.0007s ]
SQL: SELECT `cid`,`ctitle` FROM `cmf_chapter` WHERE ( sid='18' ) ORDER BY cid asc  [ RunTime:0.0006s ]
SQL: SELECT `cid`,`ctitle` FROM `cmf_chapter` WHERE ( sid='19' ) ORDER BY cid asc  [ RunTime:0.0006s ]
SQL: SELECT `cid`,`ctitle` FROM `cmf_chapter` WHERE ( sid='21' ) ORDER BY cid asc  [ RunTime:0.0006s ]
SQL: SELECT `cid`,`ctitle` FROM `cmf_chapter` WHERE ( sid='22' ) ORDER BY cid asc  [ RunTime:0.0006s ]
SQL: SELECT `cid`,`ctitle` FROM `cmf_chapter` WHERE ( sid='23' ) ORDER BY cid asc  [ RunTime:0.0006s ]

[ 2017-06-12T09:41:20+08:00 ] 115.33.48.151 /junwei/index.php?g=houtai&m=itembank&a=kzjk&callback=successCallback&_=1497231811106
INFO: [ app_begin ] --START--
INFO: Run Behavior\ReadHtmlCacheBehavior [ RunTime:0.000031s ]
INFO: Run Behavior\CheckLangBehavior [ RunTime:0.000107s ]
INFO: Run Common\Behavior\UrldecodeGetBehavior [ RunTime:0.000036s ]
INFO: [ app_begin ] --END-- [ RunTime:0.000231s ]
SQL: SHOW COLUMNS FROM `cmf_subjects` [ RunTime:0.0010s ]
SQL: SHOW COLUMNS FROM `cmf_chapter` [ RunTime:0.0008s ]
SQL: SELECT `sid`,`stitle` FROM `cmf_subjects` ORDER BY sid asc  [ RunTime:0.0006s ]
SQL: SELECT `cid`,`ctitle` FROM `cmf_chapter` WHERE ( sid='7' ) ORDER BY cid asc  [ RunTime:0.0007s ]
SQL: SELECT `cid`,`ctitle` FROM `cmf_chapter` WHERE ( sid='8' ) ORDER BY cid asc  [ RunTime:0.0006s ]
SQL: SELECT `cid`,`ctitle` FROM `cmf_chapter` WHERE ( sid='9' ) ORDER BY cid asc  [ RunTime:0.0006s ]
SQL: SELECT `cid`,`ctitle` FROM `cmf_chapter` WHERE ( sid='10' ) ORDER BY cid asc  [ RunTime:0.0006s ]
SQL: SELECT `cid`,`ctitle` FROM `cmf_chapter` WHERE ( sid='11' ) ORDER BY cid asc  [ RunTime:0.0006s ]
SQL: SELECT `cid`,`ctitle` FROM `cmf_chapter` WHERE ( sid='12' ) ORDER BY cid asc  [ RunTime:0.0006s ]
SQL: SELECT `cid`,`ctitle` FROM `cmf_chapter` WHERE ( sid='13' ) ORDER BY cid asc  [ RunTime:0.0006s ]
SQL: SELECT `cid`,`ctitle` FROM `cmf_chapter` WHERE ( sid='14' ) ORDER BY cid asc  [ RunTime:0.0006s ]
SQL: SELECT `cid`,`ctitle` FROM `cmf_chapter` WHERE ( sid='15' ) ORDER BY cid asc  [ RunTime:0.0006s ]
SQL: SELECT `cid`,`ctitle` FROM `cmf_chapter` WHERE ( sid='16' ) ORDER BY cid asc  [ RunTime:0.0006s ]
SQL: SELECT `cid`,`ctitle` FROM `cmf_chapter` WHERE ( sid='18' ) ORDER BY cid asc  [ RunTime:0.0006s ]
SQL: SELECT `cid`,`ctitle` FROM `cmf_chapter` WHERE ( sid='19' ) ORDER BY cid asc  [ RunTime:0.0006s ]
SQL: SELECT `cid`,`ctitle` FROM `cmf_chapter` WHERE ( sid='21' ) ORDER BY cid asc  [ RunTime:0.0006s ]
SQL: SELECT `cid`,`ctitle` FROM `cmf_chapter` WHERE ( sid='22' ) ORDER BY cid asc  [ RunTime:0.0006s ]
SQL: SELECT `cid`,`ctitle` FROM `cmf_chapter` WHERE ( sid='23' ) ORDER BY cid asc  [ RunTime:0.0007s ]

[ 2017-06-12T09:41:21+08:00 ] 115.33.48.151 /junwei/index.php?g=houtai&m=itembank&a=itembank&sid=7&cid=20&callback=jQuery180023712500075247323_1497231799670&_=1497231811446
INFO: [ app_begin ] --START--
INFO: Run Behavior\ReadHtmlCacheBehavior [ RunTime:0.000018s ]
INFO: Run Behavior\CheckLangBehavior [ RunTime:0.000055s ]
INFO: Run Common\Behavior\UrldecodeGetBehavior [ RunTime:0.000024s ]
INFO: [ app_begin ] --END-- [ RunTime:0.000133s ]
SQL: SHOW COLUMNS FROM `cmf_itembank` [ RunTime:0.0009s ]
SQL: SHOW COLUMNS FROM `cmf_subjects` [ RunTime:0.0007s ]
SQL: SHOW COLUMNS FROM `cmf_chapter` [ RunTime:0.0007s ]
SQL: SELECT * FROM `cmf_itembank` INNER JOIN cmf_chapter on cmf_itembank.cid = cmf_chapter.cid INNER JOIN cmf_subjects on cmf_itembank.sid = cmf_subjects.sid  WHERE ( cmf_itembank.sid='7' and cmf_itembank.cid='20' ) ORDER BY itime asc  [ RunTime:0.0037s ]

[ 2017-06-12T14:18:40+08:00 ] 115.33.48.151 /junwei/index.php?g=houtai&m=itembank&a=kzjk&callback=successCallback&_=1497248329380
INFO: [ app_begin ] --START--
INFO: Run Behavior\ReadHtmlCacheBehavior [ RunTime:0.000019s ]
INFO: Run Behavior\CheckLangBehavior [ RunTime:0.000146s ]
INFO: Run Common\Behavior\UrldecodeGetBehavior [ RunTime:0.000031s ]
INFO: [ app_begin ] --END-- [ RunTime:0.000239s ]
SQL: SHOW COLUMNS FROM `cmf_subjects` [ RunTime:0.0008s ]
SQL: SHOW COLUMNS FROM `cmf_chapter` [ RunTime:0.0006s ]
SQL: SELECT `sid`,`stitle` FROM `cmf_subjects` ORDER BY sid asc  [ RunTime:0.0005s ]
SQL: SELECT `cid`,`ctitle` FROM `cmf_chapter` WHERE ( sid='7' ) ORDER BY cid asc  [ RunTime:0.0006s ]
SQL: SELECT `cid`,`ctitle` FROM `cmf_chapter` WHERE ( sid='8' ) ORDER BY cid asc  [ RunTime:0.0005s ]
SQL: SELECT `cid`,`ctitle` FROM `cmf_chapter` WHERE ( sid='9' ) ORDER BY cid asc  [ RunTime:0.0005s ]
SQL: SELECT `cid`,`ctitle` FROM `cmf_chapter` WHERE ( sid='10' ) ORDER BY cid asc  [ RunTime:0.0005s ]
SQL: SELECT `cid`,`ctitle` FROM `cmf_chapter` WHERE ( sid='11' ) ORDER BY cid asc  [ RunTime:0.0005s ]
SQL: SELECT `cid`,`ctitle` FROM `cmf_chapter` WHERE ( sid='12' ) ORDER BY cid asc  [ RunTime:0.0005s ]
SQL: SELECT `cid`,`ctitle` FROM `cmf_chapter` WHERE ( sid='13' ) ORDER BY cid asc  [ RunTime:0.0005s ]
SQL: SELECT `cid`,`ctitle` FROM `cmf_chapter` WHERE ( sid='14' ) ORDER BY cid asc  [ RunTime:0.0005s ]
SQL: SELECT `cid`,`ctitle` FROM `cmf_chapter` WHERE ( sid='15' ) ORDER BY cid asc  [ RunTime:0.0005s ]
SQL: SELECT `cid`,`ctitle` FROM `cmf_chapter` WHERE ( sid='16' ) ORDER BY cid asc  [ RunTime:0.0005s ]
SQL: SELECT `cid`,`ctitle` FROM `cmf_chapter` WHERE ( sid='18' ) ORDER BY cid asc  [ RunTime:0.0005s ]
SQL: SELECT `cid`,`ctitle` FROM `cmf_chapter` WHERE ( sid='19' ) ORDER BY cid asc  [ RunTime:0.0005s ]
SQL: SELECT `cid`,`ctitle` FROM `cmf_chapter` WHERE ( sid='21' ) ORDER BY cid asc  [ RunTime:0.0005s ]
SQL: SELECT `cid`,`ctitle` FROM `cmf_chapter` WHERE ( sid='22' ) ORDER BY cid asc  [ RunTime:0.0005s ]
SQL: SELECT `cid`,`ctitle` FROM `cmf_chapter` WHERE ( sid='23' ) ORDER BY cid asc  [ RunTime:0.0005s ]

[ 2017-06-12T14:19:20+08:00 ] 115.33.48.151 /junwei/index.php?g=houtai&m=itembank&a=kzjk&callback=successCallback&_=1497248369180
INFO: [ app_begin ] --START--
INFO: Run Behavior\ReadHtmlCacheBehavior [ RunTime:0.000022s ]
INFO: Run Behavior\CheckLangBehavior [ RunTime:0.000072s ]
INFO: Run Common\Behavior\UrldecodeGetBehavior [ RunTime:0.000030s ]
INFO: [ app_begin ] --END-- [ RunTime:0.000169s ]
SQL: SHOW COLUMNS FROM `cmf_subjects` [ RunTime:0.0008s ]
SQL: SHOW COLUMNS FROM `cmf_chapter` [ RunTime:0.0006s ]
SQL: SELECT `sid`,`stitle` FROM `cmf_subjects` ORDER BY sid asc  [ RunTime:0.0005s ]
SQL: SELECT `cid`,`ctitle` FROM `cmf_chapter` WHERE ( sid='7' ) ORDER BY cid asc  [ RunTime:0.0005s ]
SQL: SELECT `cid`,`ctitle` FROM `cmf_chapter` WHERE ( sid='8' ) ORDER BY cid asc  [ RunTime:0.0005s ]
SQL: SELECT `cid`,`ctitle` FROM `cmf_chapter` WHERE ( sid='9' ) ORDER BY cid asc  [ RunTime:0.0005s ]
SQL: SELECT `cid`,`ctitle` FROM `cmf_chapter` WHERE ( sid='10' ) ORDER BY cid asc  [ RunTime:0.0005s ]
SQL: SELECT `cid`,`ctitle` FROM `cmf_chapter` WHERE ( sid='11' ) ORDER BY cid asc  [ RunTime:0.0005s ]
SQL: SELECT `cid`,`ctitle` FROM `cmf_chapter` WHERE ( sid='12' ) ORDER BY cid asc  [ RunTime:0.0005s ]
SQL: SELECT `cid`,`ctitle` FROM `cmf_chapter` WHERE ( sid='13' ) ORDER BY cid asc  [ RunTime:0.0005s ]
SQL: SELECT `cid`,`ctitle` FROM `cmf_chapter` WHERE ( sid='14' ) ORDER BY cid asc  [ RunTime:0.0005s ]
SQL: SELECT `cid`,`ctitle` FROM `cmf_chapter` WHERE ( sid='15' ) ORDER BY cid asc  [ RunTime:0.0005s ]
SQL: SELECT `cid`,`ctitle` FROM `cmf_chapter` WHERE ( sid='16' ) ORDER BY cid asc  [ RunTime:0.0005s ]
SQL: SELECT `cid`,`ctitle` FROM `cmf_chapter` WHERE ( sid='18' ) ORDER BY cid asc  [ RunTime:0.0005s ]
SQL: SELECT `cid`,`ctitle` FROM `cmf_chapter` WHERE ( sid='19' ) ORDER BY cid asc  [ RunTime:0.0005s ]
SQL: SELECT `cid`,`ctitle` FROM `cmf_chapter` WHERE ( sid='21' ) ORDER BY cid asc  [ RunTime:0.0005s ]
SQL: SELECT `cid`,`ctitle` FROM `cmf_chapter` WHERE ( sid='22' ) ORDER BY cid asc  [ RunTime:0.0005s ]
SQL: SELECT `cid`,`ctitle` FROM `cmf_chapter` WHERE ( sid='23' ) ORDER BY cid asc  [ RunTime:0.0005s ]

[ 2017-06-12T14:19:21+08:00 ] 115.33.48.151 /junwei/index.php?g=houtai&m=itembank&a=itembank&sid=21&cid=162&callback=jQuery1800881470587208127_1497080533618&_=1497248369396
INFO: [ app_begin ] --START--
INFO: Run Behavior\ReadHtmlCacheBehavior [ RunTime:0.000017s ]
INFO: Run Behavior\CheckLangBehavior [ RunTime:0.000055s ]
INFO: Run Common\Behavior\UrldecodeGetBehavior [ RunTime:0.000024s ]
INFO: [ app_begin ] --END-- [ RunTime:0.000132s ]
SQL: SHOW COLUMNS FROM `cmf_itembank` [ RunTime:0.0009s ]
SQL: SHOW COLUMNS FROM `cmf_subjects` [ RunTime:0.0007s ]
SQL: SHOW COLUMNS FROM `cmf_chapter` [ RunTime:0.0007s ]
SQL: SELECT * FROM `cmf_itembank` INNER JOIN cmf_chapter on cmf_itembank.cid = cmf_chapter.cid INNER JOIN cmf_subjects on cmf_itembank.sid = cmf_subjects.sid  WHERE ( cmf_itembank.sid='21' and cmf_itembank.cid='162' ) ORDER BY itime asc  [ RunTime:0.0050s ]

