[ 2017-05-02T10:01:46+08:00 ] 192.168.50.149 /ThinkCMFX/index.php?g=user&m=index&a=is_login
INFO: [ app_begin ] --START--
INFO: Run Behavior\ReadHtmlCacheBehavior [ RunTime:0.000946s ]
INFO: Run Behavior\CheckLangBehavior [ RunTime:0.001561s ]
INFO: Run Common\Behavior\UrldecodeGetBehavior [ RunTime:0.000643s ]
INFO: [ app_begin ] --END-- [ RunTime:0.003921s ]
NOTIC: [8] Undefined index: url D:\laragon\www\ThinkCMFX\application\Common\Controller\AppframeController.class.php 第 22 行.

[ 2017-05-02T10:20:15+08:00 ] 192.168.50.69 /ThinkCMFX/index.php?g=user&m=index&a=is_login
INFO: [ app_begin ] --START--
INFO: Run Behavior\ReadHtmlCacheBehavior [ RunTime:0.002078s ]
INFO: Run Behavior\CheckLangBehavior [ RunTime:0.003186s ]
INFO: Run Common\Behavior\UrldecodeGetBehavior [ RunTime:0.001314s ]
INFO: [ app_begin ] --END-- [ RunTime:0.008300s ]
NOTIC: [8] Undefined index: url D:\laragon\www\ThinkCMFX\application\Common\Controller\AppframeController.class.php 第 22 行.

[ 2017-05-02T10:33:04+08:00 ] 192.168.50.173 /ThinkCMFX/index.php?g=user&m=index&a=is_login
INFO: [ app_begin ] --START--
INFO: Run Behavior\ReadHtmlCacheBehavior [ RunTime:0.002174s ]
INFO: Run Behavior\CheckLangBehavior [ RunTime:0.002007s ]
INFO: Run Common\Behavior\UrldecodeGetBehavior [ RunTime:0.000543s ]
INFO: [ app_begin ] --END-- [ RunTime:0.006060s ]
NOTIC: [8] Undefined index: url D:\laragon\www\ThinkCMFX\application\Common\Controller\AppframeController.class.php 第 22 行.

[ 2017-05-02T11:08:56+08:00 ] 127.0.0.1 /index.php?g=user&m=index&a=is_login
INFO: [ app_begin ] --START--
INFO: Run Behavior\ReadHtmlCacheBehavior [ RunTime:0.009672s ]
INFO: Run Behavior\CheckLangBehavior [ RunTime:0.001908s ]
INFO: Run Common\Behavior\UrldecodeGetBehavior [ RunTime:0.000616s ]
INFO: [ app_begin ] --END-- [ RunTime:0.013003s ]
NOTIC: [8] Undefined index: url D:\laragon\www\ThinkCMFX\application\Common\Controller\AppframeController.class.php 第 22 行.

[ 2017-05-02T11:08:59+08:00 ] 127.0.0.1 /index.php?g=user&m=index&a=is_login
INFO: [ app_begin ] --START--
INFO: Run Behavior\ReadHtmlCacheBehavior [ RunTime:0.000695s ]
INFO: Run Behavior\CheckLangBehavior [ RunTime:0.001114s ]
INFO: Run Common\Behavior\UrldecodeGetBehavior [ RunTime:0.000411s ]
INFO: [ app_begin ] --END-- [ RunTime:0.002729s ]
NOTIC: [8] Undefined index: url D:\laragon\www\ThinkCMFX\application\Common\Controller\AppframeController.class.php 第 22 行.

