[ 2017-04-23T16:08:07+08:00 ] 127.0.0.1 /index.php?g=user&m=index&a=is_login
INFO: [ app_begin ] --START--
INFO: Run Behavior\ReadHtmlCacheBehavior [ RunTime:0.001297s ]
INFO: Run Behavior\CheckLangBehavior [ RunTime:0.002055s ]
INFO: Run Common\Behavior\UrldecodeGetBehavior [ RunTime:0.000869s ]
INFO: [ app_begin ] --END-- [ RunTime:0.005278s ]
NOTIC: [8] Undefined index: url D:\laragon\www\ThinkCMFX\application\Common\Controller\AppframeController.class.php 第 22 行.

[ 2017-04-23T16:13:08+08:00 ] 127.0.0.1 /index.php?g=user&m=index&a=is_login
INFO: [ app_begin ] --START--
INFO: Run Behavior\ReadHtmlCacheBehavior [ RunTime:0.000591s ]
INFO: Run Behavior\CheckLangBehavior [ RunTime:0.001100s ]
INFO: Run Common\Behavior\UrldecodeGetBehavior [ RunTime:0.000418s ]
INFO: [ app_begin ] --END-- [ RunTime:0.002743s ]
NOTIC: [8] Undefined index: url D:\laragon\www\ThinkCMFX\application\Common\Controller\AppframeController.class.php 第 22 行.

[ 2017-04-23T16:13:11+08:00 ] 127.0.0.1 /index.php?g=user&m=index&a=is_login
INFO: [ app_begin ] --START--
INFO: Run Behavior\ReadHtmlCacheBehavior [ RunTime:0.001830s ]
INFO: Run Behavior\CheckLangBehavior [ RunTime:0.001191s ]
INFO: Run Common\Behavior\UrldecodeGetBehavior [ RunTime:0.000518s ]
INFO: [ app_begin ] --END-- [ RunTime:0.004316s ]
NOTIC: [8] Undefined index: url D:\laragon\www\ThinkCMFX\application\Common\Controller\AppframeController.class.php 第 22 行.

[ 2017-04-23T16:13:13+08:00 ] 127.0.0.1 /index.php?g=user&m=index&a=is_login
INFO: [ app_begin ] --START--
INFO: Run Behavior\ReadHtmlCacheBehavior [ RunTime:0.000702s ]
INFO: Run Behavior\CheckLangBehavior [ RunTime:0.001465s ]
INFO: Run Common\Behavior\UrldecodeGetBehavior [ RunTime:0.000589s ]
INFO: [ app_begin ] --END-- [ RunTime:0.003343s ]
NOTIC: [8] Undefined index: url D:\laragon\www\ThinkCMFX\application\Common\Controller\AppframeController.class.php 第 22 行.

